[1720251053.346024] [INFO]:
round_1:
    concurrency-covr: 0
    concurrency-covr-up: 0

[1720251124.498284] [INFO]:
round_2:
    concurrency-covr: 0
    concurrency-covr-up: 0

[1720251179.211013] [INFO]:
round_3:
    concurrency-covr: 0
    concurrency-covr-up: 0

[1720251250.497009] [INFO]:
round_4:
    concurrency-covr: 0
    concurrency-covr-up: 0

[1720251303.405675] [INFO]:
round_5:
    concurrency-covr: 93
    concurrency-covr-up: 93

[1720251375.283306] [INFO]:
round_6:
    concurrency-covr: 93
    concurrency-covr-up: 0

[1720251433.275578] [INFO]:
round_7:
    concurrency-covr: 93
    concurrency-covr-up: 0

[1720251485.17781] [INFO]:
round_8:
    concurrency-covr: 93
    concurrency-covr-up: 0

[1720251556.788293] [INFO]:
round_9:
    concurrency-covr: 676
    concurrency-covr-up: 583

[1720251617.962698] [INFO]:
round_10:
    concurrency-covr: 1240
    concurrency-covr-up: 564

[1720251671.359093] [INFO]:
round_11:
    concurrency-covr: 1240
    concurrency-covr-up: 0

[1720251717.566785] [INFO]:
round_12:
    concurrency-covr: 1240
    concurrency-covr-up: 0

[1720251774.686885] [INFO]:
round_13:
    concurrency-covr: 1240
    concurrency-covr-up: 0

[1720251826.760701] [INFO]:
round_14:
    concurrency-covr: 1240
    concurrency-covr-up: 0

[1720251898.810411] [INFO]:
round_15:
    concurrency-covr: 1240
    concurrency-covr-up: 0

[1720251951.239453] [INFO]:
round_16:
    concurrency-covr: 1240
    concurrency-covr-up: 0

[1720252022.882603] [INFO]:
round_17:
    concurrency-covr: 1240
    concurrency-covr-up: 0

[1720252075.47146] [INFO]:
round_18:
    concurrency-covr: 1240
    concurrency-covr-up: 0

[1720252146.913317] [INFO]:
round_19:
    concurrency-covr: 1336
    concurrency-covr-up: 96

[1720252218.487652] [INFO]:
round_20:
    concurrency-covr: 1404
    concurrency-covr-up: 68

[1720252294.952824] [INFO]:
round_21:
    concurrency-covr: 1404
    concurrency-covr-up: 0

[1720252372.639276] [INFO]:
round_22:
    concurrency-covr: 1404
    concurrency-covr-up: 0

[1720252444.484762] [INFO]:
round_23:
    concurrency-covr: 1404
    concurrency-covr-up: 0

[1720252497.505113] [INFO]:
round_24:
    concurrency-covr: 1404
    concurrency-covr-up: 0

[1720252569.194353] [INFO]:
round_25:
    concurrency-covr: 1404
    concurrency-covr-up: 0

[1720252640.80993] [INFO]:
round_26:
    concurrency-covr: 1404
    concurrency-covr-up: 0

[1720252692.99708] [INFO]:
round_27:
    concurrency-covr: 1404
    concurrency-covr-up: 0

[1720252764.777199] [INFO]:
round_28:
    concurrency-covr: 1404
    concurrency-covr-up: 0

[1720252816.746528] [INFO]:
round_29:
    concurrency-covr: 1416
    concurrency-covr-up: 12

[1720252888.241461] [INFO]:
round_30:
    concurrency-covr: 1523
    concurrency-covr-up: 107

[1720252964.745563] [INFO]:
round_31:
    concurrency-covr: 1523
    concurrency-covr-up: 0

[1720253025.835471] [INFO]:
round_32:
    concurrency-covr: 1741
    concurrency-covr-up: 218

[1720253085.289063] [INFO]:
round_33:
    concurrency-covr: 1741
    concurrency-covr-up: 0

[1720253137.923821] [INFO]:
round_34:
    concurrency-covr: 1741
    concurrency-covr-up: 0

[1720253209.796606] [INFO]:
round_35:
    concurrency-covr: 1741
    concurrency-covr-up: 0

[1720253262.89465] [INFO]:
round_36:
    concurrency-covr: 1741
    concurrency-covr-up: 0

[1720253334.781204] [INFO]:
round_37:
    concurrency-covr: 1741
    concurrency-covr-up: 0

[1720253406.736689] [INFO]:
round_38:
    concurrency-covr: 1741
    concurrency-covr-up: 0

[1720253459.814572] [INFO]:
round_39:
    concurrency-covr: 1741
    concurrency-covr-up: 0

[1720253513.003296] [INFO]:
round_40:
    concurrency-covr: 1741
    concurrency-covr-up: 0

[1720253585.841564] [INFO]:
round_41:
    concurrency-covr: 1741
    concurrency-covr-up: 0

[1720253657.834192] [INFO]:
round_42:
    concurrency-covr: 1741
    concurrency-covr-up: 0

[1720253729.755043] [INFO]:
round_43:
    concurrency-covr: 1741
    concurrency-covr-up: 0

[1720253782.064036] [INFO]:
round_44:
    concurrency-covr: 1741
    concurrency-covr-up: 0

[1720253834.91898] [INFO]:
round_45:
    concurrency-covr: 1741
    concurrency-covr-up: 0

[1720253907.409678] [INFO]:
round_46:
    concurrency-covr: 1741
    concurrency-covr-up: 0

[1720253979.514744] [INFO]:
round_47:
    concurrency-covr: 1741
    concurrency-covr-up: 0

[1720254052.118918] [INFO]:
round_48:
    concurrency-covr: 1787
    concurrency-covr-up: 46

[1720254123.995313] [INFO]:
round_49:
    concurrency-covr: 1787
    concurrency-covr-up: 0

[1720254183.427659] [INFO]:
round_50:
    concurrency-covr: 1787
    concurrency-covr-up: 0

[1720254255.499505] [INFO]:
round_51:
    concurrency-covr: 1882
    concurrency-covr-up: 95

[1720254328.148267] [INFO]:
round_52:
    concurrency-covr: 1882
    concurrency-covr-up: 0

[1720254379.84944] [INFO]:
round_53:
    concurrency-covr: 2079
    concurrency-covr-up: 197

[1720254454.102018] [INFO]:
round_54:
    concurrency-covr: 2079
    concurrency-covr-up: 0

[1720254512.121756] [INFO]:
round_55:
    concurrency-covr: 2079
    concurrency-covr-up: 0

[1720254564.529677] [INFO]:
round_56:
    concurrency-covr: 2079
    concurrency-covr-up: 0

[1720254636.678695] [INFO]:
round_57:
    concurrency-covr: 2079
    concurrency-covr-up: 0

[1720254709.07611] [INFO]:
round_58:
    concurrency-covr: 2079
    concurrency-covr-up: 0

[1720254781.608758] [INFO]:
round_59:
    concurrency-covr: 2079
    concurrency-covr-up: 0

[1720254834.577434] [INFO]:
round_60:
    concurrency-covr: 2079
    concurrency-covr-up: 0

[1720254888.072683] [INFO]:
round_61:
    concurrency-covr: 2079
    concurrency-covr-up: 0

[1720254940.828774] [INFO]:
round_62:
    concurrency-covr: 2079
    concurrency-covr-up: 0

[1720254993.50727] [INFO]:
round_63:
    concurrency-covr: 2225
    concurrency-covr-up: 146

[1720255067.416494] [INFO]:
round_64:
    concurrency-covr: 2225
    concurrency-covr-up: 0

[1720255144.210746] [INFO]:
round_65:
    concurrency-covr: 2225
    concurrency-covr-up: 0

[1720255216.761349] [INFO]:
round_66:
    concurrency-covr: 2225
    concurrency-covr-up: 0

[1720255270.028169] [INFO]:
round_67:
    concurrency-covr: 2225
    concurrency-covr-up: 0

[1720255342.72564] [INFO]:
round_68:
    concurrency-covr: 2231
    concurrency-covr-up: 6

[1720255414.777654] [INFO]:
round_69:
    concurrency-covr: 2231
    concurrency-covr-up: 0

[1720255493.060096] [INFO]:
round_70:
    concurrency-covr: 2231
    concurrency-covr-up: 0

[1720255565.422377] [INFO]:
round_71:
    concurrency-covr: 2231
    concurrency-covr-up: 0

[1720255638.353816] [INFO]:
round_72:
    concurrency-covr: 2564
    concurrency-covr-up: 333

[1720255710.128177] [INFO]:
round_73:
    concurrency-covr: 2564
    concurrency-covr-up: 0

[1720255783.179364] [INFO]:
round_74:
    concurrency-covr: 2564
    concurrency-covr-up: 0

[1720255855.812105] [INFO]:
round_75:
    concurrency-covr: 2663
    concurrency-covr-up: 99

[1720255927.892857] [INFO]:
round_76:
    concurrency-covr: 2663
    concurrency-covr-up: 0

[1720255989.809887] [INFO]:
round_77:
    concurrency-covr: 2691
    concurrency-covr-up: 28

[1720256061.921083] [INFO]:
round_78:
    concurrency-covr: 2727
    concurrency-covr-up: 36

[1720256139.038269] [INFO]:
round_79:
    concurrency-covr: 2727
    concurrency-covr-up: 0

[1720256223.509042] [INFO]:
round_80:
    concurrency-covr: 2727
    concurrency-covr-up: 0

[1720256296.226376] [INFO]:
round_81:
    concurrency-covr: 2727
    concurrency-covr-up: 0

[1720256369.114258] [INFO]:
round_82:
    concurrency-covr: 2898
    concurrency-covr-up: 171

[1720256441.234503] [INFO]:
round_83:
    concurrency-covr: 2898
    concurrency-covr-up: 0

[1720256522.674597] [INFO]:
round_84:
    concurrency-covr: 2898
    concurrency-covr-up: 0

[1720256576.759654] [INFO]:
round_85:
    concurrency-covr: 2943
    concurrency-covr-up: 45

[1720256649.456708] [INFO]:
round_86:
    concurrency-covr: 2943
    concurrency-covr-up: 0

[1720256740.053531] [INFO]:
round_87:
    concurrency-covr: 2943
    concurrency-covr-up: 0

[1720256813.143101] [INFO]:
round_88:
    concurrency-covr: 2943
    concurrency-covr-up: 0

[1720256886.134586] [INFO]:
round_89:
    concurrency-covr: 2943
    concurrency-covr-up: 0

[1720256959.282134] [INFO]:
round_90:
    concurrency-covr: 3069
    concurrency-covr-up: 126

[1720257031.800575] [INFO]:
round_91:
    concurrency-covr: 3069
    concurrency-covr-up: 0

[1720257106.027541] [INFO]:
round_92:
    concurrency-covr: 3069
    concurrency-covr-up: 0

[1720257159.670462] [INFO]:
round_93:
    concurrency-covr: 3069
    concurrency-covr-up: 0

[1720257214.009193] [INFO]:
round_94:
    concurrency-covr: 3069
    concurrency-covr-up: 0

[1720257287.121385] [INFO]:
round_95:
    concurrency-covr: 3069
    concurrency-covr-up: 0

[1720257360.606457] [INFO]:
round_96:
    concurrency-covr: 3069
    concurrency-covr-up: 0

[1720257434.449848] [INFO]:
round_97:
    concurrency-covr: 3100
    concurrency-covr-up: 31

[1720257507.760279] [INFO]:
round_98:
    concurrency-covr: 3100
    concurrency-covr-up: 0

[1720257584.927827] [INFO]:
round_99:
    concurrency-covr: 3112
    concurrency-covr-up: 12

[1720257657.333084] [INFO]:
round_100:
    concurrency-covr: 3112
    concurrency-covr-up: 0

[1720257736.409732] [INFO]:
round_101:
    concurrency-covr: 3121
    concurrency-covr-up: 9

[1720257808.909055] [INFO]:
round_102:
    concurrency-covr: 3135
    concurrency-covr-up: 14

[1720257886.386139] [INFO]:
round_103:
    concurrency-covr: 3257
    concurrency-covr-up: 122

[1720257964.786305] [INFO]:
round_104:
    concurrency-covr: 3257
    concurrency-covr-up: 0

[1720258022.239526] [INFO]:
round_105:
    concurrency-covr: 3257
    concurrency-covr-up: 0

[1720258095.62063] [INFO]:
round_106:
    concurrency-covr: 3257
    concurrency-covr-up: 0

[1720258150.222727] [INFO]:
round_107:
    concurrency-covr: 3257
    concurrency-covr-up: 0

[1720258204.052127] [INFO]:
round_108:
    concurrency-covr: 3257
    concurrency-covr-up: 0

[1720258277.272538] [INFO]:
round_109:
    concurrency-covr: 3257
    concurrency-covr-up: 0

[1720258351.302257] [INFO]:
round_110:
    concurrency-covr: 3257
    concurrency-covr-up: 0

[1720258405.564018] [INFO]:
round_111:
    concurrency-covr: 3257
    concurrency-covr-up: 0

[1720258460.131425] [INFO]:
round_112:
    concurrency-covr: 3277
    concurrency-covr-up: 20

[1720258533.042928] [INFO]:
round_113:
    concurrency-covr: 3282
    concurrency-covr-up: 5

[1720258614.614542] [INFO]:
round_114:
    concurrency-covr: 3282
    concurrency-covr-up: 0

[1720258673.462508] [INFO]:
round_115:
    concurrency-covr: 3282
    concurrency-covr-up: 0

[1720258721.057933] [INFO]:
round_116:
    concurrency-covr: 3282
    concurrency-covr-up: 0

[1720258800.540121] [INFO]:
round_117:
    concurrency-covr: 3287
    concurrency-covr-up: 5

[1720258873.343479] [INFO]:
round_118:
    concurrency-covr: 3287
    concurrency-covr-up: 0

[1720258952.000307] [INFO]:
round_119:
    concurrency-covr: 3287
    concurrency-covr-up: 0

[1720259006.239793] [INFO]:
round_120:
    concurrency-covr: 3290
    concurrency-covr-up: 3

[1720259078.437227] [INFO]:
round_121:
    concurrency-covr: 3290
    concurrency-covr-up: 0

[1720259137.593319] [INFO]:
round_122:
    concurrency-covr: 3290
    concurrency-covr-up: 0

[1720259211.711321] [INFO]:
round_123:
    concurrency-covr: 3290
    concurrency-covr-up: 0

[1720259285.239999] [INFO]:
round_124:
    concurrency-covr: 3290
    concurrency-covr-up: 0

[1720259339.215254] [INFO]:
round_125:
    concurrency-covr: 3290
    concurrency-covr-up: 0

[1720259413.294986] [INFO]:
round_126:
    concurrency-covr: 3290
    concurrency-covr-up: 0

[1720259467.605842] [INFO]:
round_127:
    concurrency-covr: 3290
    concurrency-covr-up: 0

[1720259542.393116] [INFO]:
round_128:
    concurrency-covr: 3290
    concurrency-covr-up: 0

[1720259597.027589] [INFO]:
round_129:
    concurrency-covr: 3290
    concurrency-covr-up: 0

[1720259670.635956] [INFO]:
round_130:
    concurrency-covr: 3290
    concurrency-covr-up: 0

[1720259724.816635] [INFO]:
round_131:
    concurrency-covr: 3290
    concurrency-covr-up: 0

[1720259798.486056] [INFO]:
round_132:
    concurrency-covr: 3290
    concurrency-covr-up: 0

[1720259872.362866] [INFO]:
round_133:
    concurrency-covr: 3290
    concurrency-covr-up: 0

[1720259945.820703] [INFO]:
round_134:
    concurrency-covr: 3290
    concurrency-covr-up: 0

[1720260020.564266] [INFO]:
round_135:
    concurrency-covr: 3290
    concurrency-covr-up: 0

[1720260075.094935] [INFO]:
round_136:
    concurrency-covr: 3290
    concurrency-covr-up: 0

[1720260148.986809] [INFO]:
round_137:
    concurrency-covr: 3290
    concurrency-covr-up: 0

[1720260223.483352] [INFO]:
round_138:
    concurrency-covr: 3290
    concurrency-covr-up: 0

[1720260297.275538] [INFO]:
round_139:
    concurrency-covr: 3291
    concurrency-covr-up: 1

[1720260370.5695] [INFO]:
round_140:
    concurrency-covr: 3291
    concurrency-covr-up: 0

[1720260448.934425] [INFO]:
round_141:
    concurrency-covr: 3291
    concurrency-covr-up: 0

[1720260524.105438] [INFO]:
round_142:
    concurrency-covr: 3291
    concurrency-covr-up: 0

[1720260597.759601] [INFO]:
round_143:
    concurrency-covr: 3291
    concurrency-covr-up: 0

[1720260671.602585] [INFO]:
round_144:
    concurrency-covr: 3291
    concurrency-covr-up: 0

[1720260745.896653] [INFO]:
round_145:
    concurrency-covr: 3291
    concurrency-covr-up: 0

[1720260818.669223] [INFO]:
round_146:
    concurrency-covr: 3407
    concurrency-covr-up: 116

[1720260894.281208] [INFO]:
round_147:
    concurrency-covr: 3407
    concurrency-covr-up: 0

[1720260970.25878] [INFO]:
round_148:
    concurrency-covr: 3407
    concurrency-covr-up: 0

[1720261045.205767] [INFO]:
round_149:
    concurrency-covr: 3407
    concurrency-covr-up: 0

[1720261119.358707] [INFO]:
round_150:
    concurrency-covr: 3407
    concurrency-covr-up: 0

[1720261194.033634] [INFO]:
round_151:
    concurrency-covr: 3407
    concurrency-covr-up: 0

[1720261249.057984] [INFO]:
round_152:
    concurrency-covr: 3407
    concurrency-covr-up: 0

[1720261323.96251] [INFO]:
round_153:
    concurrency-covr: 3407
    concurrency-covr-up: 0

[1720261398.318882] [INFO]:
round_154:
    concurrency-covr: 3407
    concurrency-covr-up: 0

[1720261457.589163] [INFO]:
round_155:
    concurrency-covr: 3407
    concurrency-covr-up: 0

[1720261515.758816] [INFO]:
round_156:
    concurrency-covr: 3407
    concurrency-covr-up: 0

[1720261589.920219] [INFO]:
round_157:
    concurrency-covr: 3448
    concurrency-covr-up: 41

[1720261663.110799] [INFO]:
round_158:
    concurrency-covr: 3448
    concurrency-covr-up: 0

[1720261751.603329] [INFO]:
round_159:
    concurrency-covr: 3448
    concurrency-covr-up: 0

[1720261826.010349] [INFO]:
round_160:
    concurrency-covr: 3448
    concurrency-covr-up: 0

[1720261900.725447] [INFO]:
round_161:
    concurrency-covr: 3484
    concurrency-covr-up: 36

[1720261974.647539] [INFO]:
round_162:
    concurrency-covr: 3484
    concurrency-covr-up: 0

[1720262049.781839] [INFO]:
round_163:
    concurrency-covr: 3484
    concurrency-covr-up: 0

[1720262104.687405] [INFO]:
round_164:
    concurrency-covr: 3484
    concurrency-covr-up: 0

[1720262179.244128] [INFO]:
round_165:
    concurrency-covr: 3484
    concurrency-covr-up: 0

[1720262253.856] [INFO]:
round_166:
    concurrency-covr: 3484
    concurrency-covr-up: 0

[1720262328.288798] [INFO]:
round_167:
    concurrency-covr: 3595
    concurrency-covr-up: 111

[1720262402.42952] [INFO]:
round_168:
    concurrency-covr: 3595
    concurrency-covr-up: 0

[1720262481.514785] [INFO]:
round_169:
    concurrency-covr: 3595
    concurrency-covr-up: 0

[1720262536.99025] [INFO]:
round_170:
    concurrency-covr: 3595
    concurrency-covr-up: 0

[1720262611.841358] [INFO]:
round_171:
    concurrency-covr: 3595
    concurrency-covr-up: 0

[1720262687.220618] [INFO]:
round_172:
    concurrency-covr: 3636
    concurrency-covr-up: 41

[1720262761.562747] [INFO]:
round_173:
    concurrency-covr: 3636
    concurrency-covr-up: 0

[1720262840.888404] [INFO]:
round_174:
    concurrency-covr: 3636
    concurrency-covr-up: 0

[1720262896.588376] [INFO]:
round_175:
    concurrency-covr: 3636
    concurrency-covr-up: 0

[1720262971.383603] [INFO]:
round_176:
    concurrency-covr: 3636
    concurrency-covr-up: 0

[1720263046.519253] [INFO]:
round_177:
    concurrency-covr: 3636
    concurrency-covr-up: 0

[1720263102.697888] [INFO]:
round_178:
    concurrency-covr: 3636
    concurrency-covr-up: 0

[1720263177.799235] [INFO]:
round_179:
    concurrency-covr: 3638
    concurrency-covr-up: 2

[1720263251.519475] [INFO]:
round_180:
    concurrency-covr: 3650
    concurrency-covr-up: 12

[1720263330.142541] [INFO]:
round_181:
    concurrency-covr: 3650
    concurrency-covr-up: 0

[1720263409.83592] [INFO]:
round_182:
    concurrency-covr: 3667
    concurrency-covr-up: 17

[1720263483.76802] [INFO]:
round_183:
    concurrency-covr: 3667
    concurrency-covr-up: 0

[1720263574.673672] [INFO]:
round_184:
    concurrency-covr: 3667
    concurrency-covr-up: 0

[1720263630.77844] [INFO]:
round_185:
    concurrency-covr: 3667
    concurrency-covr-up: 0

[1720263706.329716] [INFO]:
round_186:
    concurrency-covr: 3667
    concurrency-covr-up: 0

[1720263781.511268] [INFO]:
round_187:
    concurrency-covr: 3667
    concurrency-covr-up: 0

[1720263856.815358] [INFO]:
round_188:
    concurrency-covr: 3667
    concurrency-covr-up: 0

[1720263932.064666] [INFO]:
round_189:
    concurrency-covr: 3667
    concurrency-covr-up: 0

[1720264007.4015] [INFO]:
round_190:
    concurrency-covr: 3667
    concurrency-covr-up: 0

[1720279669.962012] [INFO]:
round_191:
    concurrency-covr: 3699
    concurrency-covr-up: 32

[1720279748.40891] [INFO]:
round_192:
    concurrency-covr: 3767
    concurrency-covr-up: 68

[1720279812.425188] [INFO]:
round_193:
    concurrency-covr: 3892
    concurrency-covr-up: 125

[1720279872.893218] [INFO]:
round_194:
    concurrency-covr: 3904
    concurrency-covr-up: 12

[1720279947.31419] [INFO]:
round_195:
    concurrency-covr: 3945
    concurrency-covr-up: 41

[1720280024.075584] [INFO]:
round_196:
    concurrency-covr: 4134
    concurrency-covr-up: 189

[1720280082.797229] [INFO]:
round_197:
    concurrency-covr: 4148
    concurrency-covr-up: 14

[1720280154.151717] [INFO]:
round_198:
    concurrency-covr: 4153
    concurrency-covr-up: 5

[1720280230.778418] [INFO]:
round_199:
    concurrency-covr: 4153
    concurrency-covr-up: 0

[1720280307.16291] [INFO]:
round_200:
    concurrency-covr: 4170
    concurrency-covr-up: 17

[1720280384.454572] [INFO]:
round_201:
    concurrency-covr: 4190
    concurrency-covr-up: 20

[1720280460.935778] [INFO]:
round_202:
    concurrency-covr: 4868
    concurrency-covr-up: 678

[1720280520.409889] [INFO]:
round_203:
    concurrency-covr: 4868
    concurrency-covr-up: 0

[1720280573.1678] [INFO]:
round_204:
    concurrency-covr: 4894
    concurrency-covr-up: 26

[1720280644.487289] [INFO]:
round_205:
    concurrency-covr: 4894
    concurrency-covr-up: 0

[1720280721.660325] [INFO]:
round_206:
    concurrency-covr: 4954
    concurrency-covr-up: 60

[1720280802.931504] [INFO]:
round_207:
    concurrency-covr: 4961
    concurrency-covr-up: 7

[1720280874.454567] [INFO]:
round_208:
    concurrency-covr: 5273
    concurrency-covr-up: 312

[1720280937.641334] [INFO]:
round_209:
    concurrency-covr: 5273
    concurrency-covr-up: 0

[1720281009.912683] [INFO]:
round_210:
    concurrency-covr: 5273
    concurrency-covr-up: 0

[1720281066.919861] [INFO]:
round_211:
    concurrency-covr: 5708
    concurrency-covr-up: 435

[1720281122.157381] [INFO]:
round_212:
    concurrency-covr: 5708
    concurrency-covr-up: 0

[1720281194.127922] [INFO]:
round_213:
    concurrency-covr: 5711
    concurrency-covr-up: 3

[1720281271.1278] [INFO]:
round_214:
    concurrency-covr: 6103
    concurrency-covr-up: 392

[1720281331.906663] [INFO]:
round_215:
    concurrency-covr: 6228
    concurrency-covr-up: 125

[1720281405.480319] [INFO]:
round_216:
    concurrency-covr: 6228
    concurrency-covr-up: 0

[1720281458.009045] [INFO]:
round_217:
    concurrency-covr: 6228
    concurrency-covr-up: 0

[1720281511.014267] [INFO]:
round_218:
    concurrency-covr: 6229
    concurrency-covr-up: 1

[1720281582.41716] [INFO]:
round_219:
    concurrency-covr: 6254
    concurrency-covr-up: 25

[1720281659.835168] [INFO]:
round_220:
    concurrency-covr: 6254
    concurrency-covr-up: 0

[1720281717.511345] [INFO]:
round_221:
    concurrency-covr: 6270
    concurrency-covr-up: 16

[1720281789.645463] [INFO]:
round_222:
    concurrency-covr: 6342
    concurrency-covr-up: 72

[1720281850.956682] [INFO]:
round_223:
    concurrency-covr: 6342
    concurrency-covr-up: 0

[1720281922.570884] [INFO]:
round_224:
    concurrency-covr: 6347
    concurrency-covr-up: 5

[1720281983.264834] [INFO]:
round_225:
    concurrency-covr: 6347
    concurrency-covr-up: 0

[1720282054.965536] [INFO]:
round_226:
    concurrency-covr: 6354
    concurrency-covr-up: 7

[1720282126.380303] [INFO]:
round_227:
    concurrency-covr: 6570
    concurrency-covr-up: 216

[1720282188.591844] [INFO]:
round_228:
    concurrency-covr: 6570
    concurrency-covr-up: 0

[1720282260.960514] [INFO]:
round_229:
    concurrency-covr: 7119
    concurrency-covr-up: 549

[1720282322.477686] [INFO]:
round_230:
    concurrency-covr: 7241
    concurrency-covr-up: 122

[1720282501.476964] [INFO]:
round_231:
    concurrency-covr: 7289
    concurrency-covr-up: 48

[1720282559.130382] [INFO]:
round_232:
    concurrency-covr: 7400
    concurrency-covr-up: 111

[1720282616.565766] [INFO]:
round_233:
    concurrency-covr: 7499
    concurrency-covr-up: 99

[1720282672.925102] [INFO]:
round_234:
    concurrency-covr: 7499
    concurrency-covr-up: 0

[1720282725.885942] [INFO]:
round_235:
    concurrency-covr: 7499
    concurrency-covr-up: 0

[1720282798.73052] [INFO]:
round_236:
    concurrency-covr: 7511
    concurrency-covr-up: 12

[1720282871.455481] [INFO]:
round_237:
    concurrency-covr: 7631
    concurrency-covr-up: 120

[1720282935.329644] [INFO]:
round_238:
    concurrency-covr: 7631
    concurrency-covr-up: 0

[1720282989.368241] [INFO]:
round_239:
    concurrency-covr: 7679
    concurrency-covr-up: 48

[1720283061.083005] [INFO]:
round_240:
    concurrency-covr: 7945
    concurrency-covr-up: 266

[1720283123.014373] [INFO]:
round_241:
    concurrency-covr: 7963
    concurrency-covr-up: 18

[1720283195.113389] [INFO]:
round_242:
    concurrency-covr: 8024
    concurrency-covr-up: 61

[1720283253.98598] [INFO]:
round_243:
    concurrency-covr: 8119
    concurrency-covr-up: 95

[1720283309.38126] [INFO]:
round_244:
    concurrency-covr: 8119
    concurrency-covr-up: 0

[1720283381.310096] [INFO]:
round_245:
    concurrency-covr: 8119
    concurrency-covr-up: 0

[1720283439.146195] [INFO]:
round_246:
    concurrency-covr: 8119
    concurrency-covr-up: 0

[1720283492.109435] [INFO]:
round_247:
    concurrency-covr: 8119
    concurrency-covr-up: 0

[1720283564.1202] [INFO]:
round_248:
    concurrency-covr: 8119
    concurrency-covr-up: 0

[1720283622.366704] [INFO]:
round_249:
    concurrency-covr: 8119
    concurrency-covr-up: 0

[1720283695.128055] [INFO]:
round_250:
    concurrency-covr: 8119
    concurrency-covr-up: 0

[1720283767.085467] [INFO]:
round_251:
    concurrency-covr: 8119
    concurrency-covr-up: 0

[1720283843.868756] [INFO]:
round_252:
    concurrency-covr: 8669
    concurrency-covr-up: 550

[1720283957.548313] [INFO]:
round_253:
    concurrency-covr: 8669
    concurrency-covr-up: 0

[1720284029.566021] [INFO]:
round_254:
    concurrency-covr: 8669
    concurrency-covr-up: 0

[1720284089.50154] [INFO]:
round_255:
    concurrency-covr: 8669
    concurrency-covr-up: 0

[1720284163.140145] [INFO]:
round_256:
    concurrency-covr: 8726
    concurrency-covr-up: 57

[1720284222.627798] [INFO]:
round_257:
    concurrency-covr: 8747
    concurrency-covr-up: 21

[1720284283.610126] [INFO]:
round_258:
    concurrency-covr: 8749
    concurrency-covr-up: 2

[1720284357.167218] [INFO]:
round_259:
    concurrency-covr: 8758
    concurrency-covr-up: 9

[1720284433.337339] [INFO]:
round_260:
    concurrency-covr: 8758
    concurrency-covr-up: 0

[1720284511.362071] [INFO]:
round_261:
    concurrency-covr: 8927
    concurrency-covr-up: 169

[1720284572.647805] [INFO]:
round_262:
    concurrency-covr: 8927
    concurrency-covr-up: 0

[1720284645.489318] [INFO]:
round_263:
    concurrency-covr: 8933
    concurrency-covr-up: 6

[1720284709.936174] [INFO]:
round_264:
    concurrency-covr: 8933
    concurrency-covr-up: 0

[1720284782.750511] [INFO]:
round_265:
    concurrency-covr: 8983
    concurrency-covr-up: 50

[1720284855.681824] [INFO]:
round_266:
    concurrency-covr: 8994
    concurrency-covr-up: 11

[1720284932.979539] [INFO]:
round_267:
    concurrency-covr: 9018
    concurrency-covr-up: 24

[1720285011.53727] [INFO]:
round_268:
    concurrency-covr: 9019
    concurrency-covr-up: 1

[1720285084.034586] [INFO]:
round_269:
    concurrency-covr: 9019
    concurrency-covr-up: 0

[1720285136.150772] [INFO]:
round_270:
    concurrency-covr: 9074
    concurrency-covr-up: 55

[1720285199.867418] [INFO]:
round_271:
    concurrency-covr: 9078
    concurrency-covr-up: 4

[1720285272.832621] [INFO]:
round_272:
    concurrency-covr: 9078
    concurrency-covr-up: 0

[1720285350.149204] [INFO]:
round_273:
    concurrency-covr: 9078
    concurrency-covr-up: 0

[1720285422.480164] [INFO]:
round_274:
    concurrency-covr: 9078
    concurrency-covr-up: 0

[1720285500.032089] [INFO]:
round_275:
    concurrency-covr: 9107
    concurrency-covr-up: 29

[1720285578.544088] [INFO]:
round_276:
    concurrency-covr: 9114
    concurrency-covr-up: 7

[1720285655.173796] [INFO]:
round_277:
    concurrency-covr: 9114
    concurrency-covr-up: 0

[1720285733.512667] [INFO]:
round_278:
    concurrency-covr: 9114
    concurrency-covr-up: 0

[1720285811.147442] [INFO]:
round_279:
    concurrency-covr: 9131
    concurrency-covr-up: 17

[1720285890.154918] [INFO]:
round_280:
    concurrency-covr: 9131
    concurrency-covr-up: 0

[1720285965.93135] [INFO]:
round_281:
    concurrency-covr: 9205
    concurrency-covr-up: 74

[1720286029.746076] [INFO]:
round_282:
    concurrency-covr: 9215
    concurrency-covr-up: 10

[1720286102.493252] [INFO]:
round_283:
    concurrency-covr: 9244
    concurrency-covr-up: 29

[1720286163.815079] [INFO]:
round_284:
    concurrency-covr: 9270
    concurrency-covr-up: 26

[1720286221.488925] [INFO]:
round_285:
    concurrency-covr: 9328
    concurrency-covr-up: 58

[1720286282.011796] [INFO]:
round_286:
    concurrency-covr: 9437
    concurrency-covr-up: 109

[1720286336.640419] [INFO]:
round_287:
    concurrency-covr: 9437
    concurrency-covr-up: 0

[1720286391.101432] [INFO]:
round_288:
    concurrency-covr: 9437
    concurrency-covr-up: 0

[1720286444.629043] [INFO]:
round_289:
    concurrency-covr: 9467
    concurrency-covr-up: 30

[1720286520.160719] [INFO]:
round_290:
    concurrency-covr: 9467
    concurrency-covr-up: 0

[1720286594.200879] [INFO]:
round_291:
    concurrency-covr: 9467
    concurrency-covr-up: 0

[1720286653.1941] [INFO]:
round_292:
    concurrency-covr: 9479
    concurrency-covr-up: 12

[1720286711.415543] [INFO]:
round_293:
    concurrency-covr: 9495
    concurrency-covr-up: 16

[1720286768.696508] [INFO]:
round_294:
    concurrency-covr: 9495
    concurrency-covr-up: 0

[1720286822.527871] [INFO]:
round_295:
    concurrency-covr: 9525
    concurrency-covr-up: 30

[1720286896.381496] [INFO]:
round_296:
    concurrency-covr: 9525
    concurrency-covr-up: 0

[1720286951.272256] [INFO]:
round_297:
    concurrency-covr: 9605
    concurrency-covr-up: 80

[1720287009.124426] [INFO]:
round_298:
    concurrency-covr: 9646
    concurrency-covr-up: 41

[1720287066.772427] [INFO]:
round_299:
    concurrency-covr: 9646
    concurrency-covr-up: 0

[1720287140.04792] [INFO]:
round_300:
    concurrency-covr: 9695
    concurrency-covr-up: 49

[1720287200.028086] [INFO]:
round_301:
    concurrency-covr: 9695
    concurrency-covr-up: 0

[1720287273.806166] [INFO]:
round_302:
    concurrency-covr: 9708
    concurrency-covr-up: 13

[1720287350.135612] [INFO]:
round_303:
    concurrency-covr: 9708
    concurrency-covr-up: 0

[1720287430.65541] [INFO]:
round_304:
    concurrency-covr: 9708
    concurrency-covr-up: 0

[1720287508.218703] [INFO]:
round_305:
    concurrency-covr: 9710
    concurrency-covr-up: 2

[1720287586.298101] [INFO]:
round_306:
    concurrency-covr: 9710
    concurrency-covr-up: 0

[1720287663.287958] [INFO]:
round_307:
    concurrency-covr: 9710
    concurrency-covr-up: 0

[1720287731.027549] [INFO]:
round_308:
    concurrency-covr: 9722
    concurrency-covr-up: 12

[1720287793.72468] [INFO]:
round_309:
    concurrency-covr: 9765
    concurrency-covr-up: 43

[1720287852.544457] [INFO]:
round_310:
    concurrency-covr: 9855
    concurrency-covr-up: 90

[1720287911.190918] [INFO]:
round_311:
    concurrency-covr: 10348
    concurrency-covr-up: 493

[1720288043.781151] [INFO]:
round_312:
    concurrency-covr: 10379
    concurrency-covr-up: 31

[1720288103.40472] [INFO]:
round_313:
    concurrency-covr: 10387
    concurrency-covr-up: 8

[1720288171.741587] [INFO]:
round_314:
    concurrency-covr: 10436
    concurrency-covr-up: 49

[1720288233.266324] [INFO]:
round_315:
    concurrency-covr: 10640
    concurrency-covr-up: 204

[1720288308.082958] [INFO]:
round_316:
    concurrency-covr: 10640
    concurrency-covr-up: 0

[1720288362.588023] [INFO]:
round_317:
    concurrency-covr: 10640
    concurrency-covr-up: 0

[1720288417.246122] [INFO]:
round_318:
    concurrency-covr: 10640
    concurrency-covr-up: 0

[1720288490.202377] [INFO]:
round_319:
    concurrency-covr: 10640
    concurrency-covr-up: 0

[1720288567.618923] [INFO]:
round_320:
    concurrency-covr: 10649
    concurrency-covr-up: 9

[1720288645.133875] [INFO]:
round_321:
    concurrency-covr: 10779
    concurrency-covr-up: 130

[1720288708.907955] [INFO]:
round_322:
    concurrency-covr: 10779
    concurrency-covr-up: 0

[1720288763.395869] [INFO]:
round_323:
    concurrency-covr: 10779
    concurrency-covr-up: 0

[1720288836.740488] [INFO]:
round_324:
    concurrency-covr: 10979
    concurrency-covr-up: 200

[1720288919.755718] [INFO]:
round_325:
    concurrency-covr: 11090
    concurrency-covr-up: 111

[1720288977.079409] [INFO]:
round_326:
    concurrency-covr: 11118
    concurrency-covr-up: 28

[1720289050.57724] [INFO]:
round_327:
    concurrency-covr: 11128
    concurrency-covr-up: 10

[1720289117.052367] [INFO]:
round_328:
    concurrency-covr: 11134
    concurrency-covr-up: 6

[1720289175.063621] [INFO]:
round_329:
    concurrency-covr: 11141
    concurrency-covr-up: 7

[1720289232.39096] [INFO]:
round_330:
    concurrency-covr: 11141
    concurrency-covr-up: 0

[1720289306.472309] [INFO]:
round_331:
    concurrency-covr: 11157
    concurrency-covr-up: 16

[1720289373.529753] [INFO]:
round_332:
    concurrency-covr: 11157
    concurrency-covr-up: 0

[1720289446.963519] [INFO]:
round_333:
    concurrency-covr: 11157
    concurrency-covr-up: 0

[1720289524.828705] [INFO]:
round_334:
    concurrency-covr: 11236
    concurrency-covr-up: 79

[1720289603.775091] [INFO]:
round_335:
    concurrency-covr: 11240
    concurrency-covr-up: 4

[1720289680.021186] [INFO]:
round_336:
    concurrency-covr: 11299
    concurrency-covr-up: 59

[1720289763.82812] [INFO]:
round_337:
    concurrency-covr: 11301
    concurrency-covr-up: 2

[1720289837.420457] [INFO]:
round_338:
    concurrency-covr: 11418
    concurrency-covr-up: 117

[1720289921.00293] [INFO]:
round_339:
    concurrency-covr: 11471
    concurrency-covr-up: 53

[1720289995.465227] [INFO]:
round_340:
    concurrency-covr: 11471
    concurrency-covr-up: 0

[1720290050.611062] [INFO]:
round_341:
    concurrency-covr: 11471
    concurrency-covr-up: 0

[1720290123.718222] [INFO]:
round_342:
    concurrency-covr: 11471
    concurrency-covr-up: 0

[1720290178.82122] [INFO]:
round_343:
    concurrency-covr: 11491
    concurrency-covr-up: 20

[1720290238.625423] [INFO]:
round_344:
    concurrency-covr: 11499
    concurrency-covr-up: 8

[1720290318.293505] [INFO]:
round_345:
    concurrency-covr: 11499
    concurrency-covr-up: 0

[1720290374.056286] [INFO]:
round_346:
    concurrency-covr: 11499
    concurrency-covr-up: 0

[1720290447.106988] [INFO]:
round_347:
    concurrency-covr: 11660
    concurrency-covr-up: 161

[1720290513.86041] [INFO]:
round_348:
    concurrency-covr: 11660
    concurrency-covr-up: 0

[1720290587.572722] [INFO]:
round_349:
    concurrency-covr: 11661
    concurrency-covr-up: 1

[1720290665.078405] [INFO]:
round_350:
    concurrency-covr: 11755
    concurrency-covr-up: 94

[1720290727.898172] [INFO]:
round_351:
    concurrency-covr: 11907
    concurrency-covr-up: 152

[1720290782.98565] [INFO]:
round_352:
    concurrency-covr: 11946
    concurrency-covr-up: 39

[1720290844.635123] [INFO]:
round_353:
    concurrency-covr: 11946
    concurrency-covr-up: 0

[1720290899.664187] [INFO]:
round_354:
    concurrency-covr: 11946
    concurrency-covr-up: 0

[1720290973.857012] [INFO]:
round_355:
    concurrency-covr: 11968
    concurrency-covr-up: 22

[1720291030.499998] [INFO]:
round_356:
    concurrency-covr: 11968
    concurrency-covr-up: 0

[1720291105.126971] [INFO]:
round_357:
    concurrency-covr: 12029
    concurrency-covr-up: 61

[1720291165.606039] [INFO]:
round_358:
    concurrency-covr: 12029
    concurrency-covr-up: 0

[1720291227.037337] [INFO]:
round_359:
    concurrency-covr: 12029
    concurrency-covr-up: 0

[1720291304.278702] [INFO]:
round_360:
    concurrency-covr: 12029
    concurrency-covr-up: 0

[1720291364.451062] [INFO]:
round_361:
    concurrency-covr: 12850
    concurrency-covr-up: 821

[1720291516.880529] [INFO]:
round_362:
    concurrency-covr: 12850
    concurrency-covr-up: 0

[1720291590.33684] [INFO]:
round_363:
    concurrency-covr: 12853
    concurrency-covr-up: 3

[1720291669.643987] [INFO]:
round_364:
    concurrency-covr: 12853
    concurrency-covr-up: 0

[1720291728.676223] [INFO]:
round_365:
    concurrency-covr: 12853
    concurrency-covr-up: 0

[1720291802.258765] [INFO]:
round_366:
    concurrency-covr: 12853
    concurrency-covr-up: 0

[1720291861.57461] [INFO]:
round_367:
    concurrency-covr: 12853
    concurrency-covr-up: 0

[1720291917.75479] [INFO]:
round_368:
    concurrency-covr: 12853
    concurrency-covr-up: 0

[1720291991.202115] [INFO]:
round_369:
    concurrency-covr: 12854
    concurrency-covr-up: 1

[1720292069.042885] [INFO]:
round_370:
    concurrency-covr: 12854
    concurrency-covr-up: 0

[1720292147.310836] [INFO]:
round_371:
    concurrency-covr: 12868
    concurrency-covr-up: 14

[1720292208.488119] [INFO]:
round_372:
    concurrency-covr: 12979
    concurrency-covr-up: 111

[1720292284.15717] [INFO]:
round_373:
    concurrency-covr: 12983
    concurrency-covr-up: 4

[1720292358.006599] [INFO]:
round_374:
    concurrency-covr: 12983
    concurrency-covr-up: 0

[1720292435.631536] [INFO]:
round_375:
    concurrency-covr: 12984
    concurrency-covr-up: 1

[1720292513.62585] [INFO]:
round_376:
    concurrency-covr: 12993
    concurrency-covr-up: 9

[1720292591.895443] [INFO]:
round_377:
    concurrency-covr: 12993
    concurrency-covr-up: 0

[1720292670.421596] [INFO]:
round_378:
    concurrency-covr: 13004
    concurrency-covr-up: 11

[1720292748.7185] [INFO]:
round_379:
    concurrency-covr: 13005
    concurrency-covr-up: 1

[1720292817.619607] [INFO]:
round_380:
    concurrency-covr: 13005
    concurrency-covr-up: 0

[1720292893.709251] [INFO]:
round_381:
    concurrency-covr: 13017
    concurrency-covr-up: 12

[1720292968.497551] [INFO]:
round_382:
    concurrency-covr: 13020
    concurrency-covr-up: 3

[1720293028.507203] [INFO]:
round_383:
    concurrency-covr: 13064
    concurrency-covr-up: 44

[1720293106.198348] [INFO]:
round_384:
    concurrency-covr: 13087
    concurrency-covr-up: 23

[1720293170.751722] [INFO]:
round_385:
    concurrency-covr: 13087
    concurrency-covr-up: 0

[1720293244.270813] [INFO]:
round_386:
    concurrency-covr: 13108
    concurrency-covr-up: 21

[1720293311.545288] [INFO]:
round_387:
    concurrency-covr: 13108
    concurrency-covr-up: 0

[1720293385.196942] [INFO]:
round_388:
    concurrency-covr: 13108
    concurrency-covr-up: 0

[1720293464.245948] [INFO]:
round_389:
    concurrency-covr: 13108
    concurrency-covr-up: 0

[1720293537.91576] [INFO]:
round_390:
    concurrency-covr: 13108
    concurrency-covr-up: 0

[1720293616.154401] [INFO]:
round_391:
    concurrency-covr: 13140
    concurrency-covr-up: 32

[1720293693.688169] [INFO]:
round_392:
    concurrency-covr: 13140
    concurrency-covr-up: 0

[1720293772.623883] [INFO]:
round_393:
    concurrency-covr: 13140
    concurrency-covr-up: 0

[1720293850.199272] [INFO]:
round_394:
    concurrency-covr: 13232
    concurrency-covr-up: 92

[1720293916.314144] [INFO]:
round_395:
    concurrency-covr: 13232
    concurrency-covr-up: 0

[1720293973.375889] [INFO]:
round_396:
    concurrency-covr: 13232
    concurrency-covr-up: 0

[1720294048.222592] [INFO]:
round_397:
    concurrency-covr: 13232
    concurrency-covr-up: 0

[1720294126.423973] [INFO]:
round_398:
    concurrency-covr: 13245
    concurrency-covr-up: 13

[1720294185.653115] [INFO]:
round_399:
    concurrency-covr: 13245
    concurrency-covr-up: 0

[1720294259.755283] [INFO]:
round_400:
    concurrency-covr: 13284
    concurrency-covr-up: 39

[1720294337.960478] [INFO]:
round_401:
    concurrency-covr: 13284
    concurrency-covr-up: 0

[1720294398.394037] [INFO]:
round_402:
    concurrency-covr: 13284
    concurrency-covr-up: 0

[1720294473.322377] [INFO]:
round_403:
    concurrency-covr: 13284
    concurrency-covr-up: 0

[1720294551.933165] [INFO]:
round_404:
    concurrency-covr: 13284
    concurrency-covr-up: 0

[1720294607.974617] [INFO]:
round_405:
    concurrency-covr: 13292
    concurrency-covr-up: 8

[1720294673.714476] [INFO]:
round_406:
    concurrency-covr: 13292
    concurrency-covr-up: 0

[1720294748.891127] [INFO]:
round_407:
    concurrency-covr: 13294
    concurrency-covr-up: 2

[1720294822.428607] [INFO]:
round_408:
    concurrency-covr: 13294
    concurrency-covr-up: 0

[1720294900.822033] [INFO]:
round_409:
    concurrency-covr: 13319
    concurrency-covr-up: 25

[1720294979.50964] [INFO]:
round_410:
    concurrency-covr: 13384
    concurrency-covr-up: 65

[1720295059.424567] [INFO]:
round_411:
    concurrency-covr: 13384
    concurrency-covr-up: 0

[1720295133.709585] [INFO]:
round_412:
    concurrency-covr: 13412
    concurrency-covr-up: 28

[1720295216.149942] [INFO]:
round_413:
    concurrency-covr: 13421
    concurrency-covr-up: 9

[1720295278.046933] [INFO]:
round_414:
    concurrency-covr: 13432
    concurrency-covr-up: 11

[1720295340.659933] [INFO]:
round_415:
    concurrency-covr: 13498
    concurrency-covr-up: 66

[1720295415.919732] [INFO]:
round_416:
    concurrency-covr: 13498
    concurrency-covr-up: 0

[1720295493.578025] [INFO]:
round_417:
    concurrency-covr: 13498
    concurrency-covr-up: 0

[1720295552.808291] [INFO]:
round_418:
    concurrency-covr: 13498
    concurrency-covr-up: 0

[1720295604.141733] [INFO]:
round_419:
    concurrency-covr: 13667
    concurrency-covr-up: 169

[1720295666.703327] [INFO]:
round_420:
    concurrency-covr: 13667
    concurrency-covr-up: 0

[1720295740.603295] [INFO]:
round_421:
    concurrency-covr: 13667
    concurrency-covr-up: 0

[1720295820.844092] [INFO]:
round_422:
    concurrency-covr: 13757
    concurrency-covr-up: 90

[1720295895.81195] [INFO]:
round_423:
    concurrency-covr: 13885
    concurrency-covr-up: 128

[1720295957.694786] [INFO]:
round_424:
    concurrency-covr: 13885
    concurrency-covr-up: 0

[1720296013.856906] [INFO]:
round_425:
    concurrency-covr: 13909
    concurrency-covr-up: 24

[1720296076.873244] [INFO]:
round_426:
    concurrency-covr: 13910
    concurrency-covr-up: 1

[1720296136.851981] [INFO]:
round_427:
    concurrency-covr: 13912
    concurrency-covr-up: 2

[1720296210.613034] [INFO]:
round_428:
    concurrency-covr: 13912
    concurrency-covr-up: 0

[1720296272.037088] [INFO]:
round_429:
    concurrency-covr: 13920
    concurrency-covr-up: 8

[1720296345.707158] [INFO]:
round_430:
    concurrency-covr: 13920
    concurrency-covr-up: 0

[1720296426.934934] [INFO]:
round_431:
    concurrency-covr: 13920
    concurrency-covr-up: 0

[1720296501.804948] [INFO]:
round_432:
    concurrency-covr: 13920
    concurrency-covr-up: 0

[1720296579.697067] [INFO]:
round_433:
    concurrency-covr: 13920
    concurrency-covr-up: 0

[1720296642.025338] [INFO]:
round_434:
    concurrency-covr: 13927
    concurrency-covr-up: 7

[1720296703.773652] [INFO]:
round_435:
    concurrency-covr: 13927
    concurrency-covr-up: 0

[1720296760.596751] [INFO]:
round_436:
    concurrency-covr: 13927
    concurrency-covr-up: 0

[1720296818.131343] [INFO]:
round_437:
    concurrency-covr: 13942
    concurrency-covr-up: 15

[1720296892.2947] [INFO]:
round_438:
    concurrency-covr: 13958
    concurrency-covr-up: 16

[1720296961.170388] [INFO]:
round_439:
    concurrency-covr: 13958
    concurrency-covr-up: 0

[1720297036.941284] [INFO]:
round_440:
    concurrency-covr: 13991
    concurrency-covr-up: 33

[1720297111.806034] [INFO]:
round_441:
    concurrency-covr: 14013
    concurrency-covr-up: 22

[1720297177.081588] [INFO]:
round_442:
    concurrency-covr: 14056
    concurrency-covr-up: 43

[1720297252.298476] [INFO]:
round_443:
    concurrency-covr: 14064
    concurrency-covr-up: 8

[1720297328.665805] [INFO]:
round_444:
    concurrency-covr: 14078
    concurrency-covr-up: 14

[1720297397.243615] [INFO]:
round_445:
    concurrency-covr: 14078
    concurrency-covr-up: 0

[1720297454.762132] [INFO]:
round_446:
    concurrency-covr: 14097
    concurrency-covr-up: 19

[1720297533.703605] [INFO]:
round_447:
    concurrency-covr: 14099
    concurrency-covr-up: 2

[1720297599.040452] [INFO]:
round_448:
    concurrency-covr: 14183
    concurrency-covr-up: 84

[1720297672.05705] [INFO]:
round_449:
    concurrency-covr: 14192
    concurrency-covr-up: 9

[1720297731.535733] [INFO]:
round_450:
    concurrency-covr: 14195
    concurrency-covr-up: 3

[1720297802.47214] [INFO]:
round_451:
    concurrency-covr: 14195
    concurrency-covr-up: 0

[1720297877.454515] [INFO]:
round_452:
    concurrency-covr: 14282
    concurrency-covr-up: 87

[1720297947.570758] [INFO]:
round_453:
    concurrency-covr: 14298
    concurrency-covr-up: 16

[1720298009.921954] [INFO]:
round_454:
    concurrency-covr: 14298
    concurrency-covr-up: 0

[1720298085.354454] [INFO]:
round_455:
    concurrency-covr: 14298
    concurrency-covr-up: 0

[1720298163.742114] [INFO]:
round_456:
    concurrency-covr: 14298
    concurrency-covr-up: 0

[1720298224.800842] [INFO]:
round_457:
    concurrency-covr: 14298
    concurrency-covr-up: 0

[1720298282.13128] [INFO]:
round_458:
    concurrency-covr: 14298
    concurrency-covr-up: 0

[1720298339.332731] [INFO]:
round_459:
    concurrency-covr: 14298
    concurrency-covr-up: 0

[1720298396.215193] [INFO]:
round_460:
    concurrency-covr: 14298
    concurrency-covr-up: 0

[1720298470.449802] [INFO]:
round_461:
    concurrency-covr: 14301
    concurrency-covr-up: 3

[1720298558.666296] [INFO]:
round_462:
    concurrency-covr: 14301
    concurrency-covr-up: 0

[1720298617.794044] [INFO]:
round_463:
    concurrency-covr: 14304
    concurrency-covr-up: 3

[1720298693.433986] [INFO]:
round_464:
    concurrency-covr: 14304
    concurrency-covr-up: 0

[1720298771.420648] [INFO]:
round_465:
    concurrency-covr: 14304
    concurrency-covr-up: 0

[1720298850.229942] [INFO]:
round_466:
    concurrency-covr: 14312
    concurrency-covr-up: 8

[1720298919.17663] [INFO]:
round_467:
    concurrency-covr: 14313
    concurrency-covr-up: 1

[1720298989.007897] [INFO]:
round_468:
    concurrency-covr: 14327
    concurrency-covr-up: 14

[1720299064.528068] [INFO]:
round_469:
    concurrency-covr: 14332
    concurrency-covr-up: 5

[1720299142.516144] [INFO]:
round_470:
    concurrency-covr: 14630
    concurrency-covr-up: 298

[1720299211.857363] [INFO]:
round_471:
    concurrency-covr: 14630
    concurrency-covr-up: 0

[1720299278.882618] [INFO]:
round_472:
    concurrency-covr: 14630
    concurrency-covr-up: 0

[1720299353.936663] [INFO]:
round_473:
    concurrency-covr: 14630
    concurrency-covr-up: 0

[1720299433.321372] [INFO]:
round_474:
    concurrency-covr: 14630
    concurrency-covr-up: 0

[1720299511.009331] [INFO]:
round_475:
    concurrency-covr: 14630
    concurrency-covr-up: 0

[1720299590.005414] [INFO]:
round_476:
    concurrency-covr: 14645
    concurrency-covr-up: 15

[1720299674.968431] [INFO]:
round_477:
    concurrency-covr: 14652
    concurrency-covr-up: 7

[1720299739.713683] [INFO]:
round_478:
    concurrency-covr: 14662
    concurrency-covr-up: 10

[1720299798.894613] [INFO]:
round_479:
    concurrency-covr: 14662
    concurrency-covr-up: 0

[1720299874.199149] [INFO]:
round_480:
    concurrency-covr: 14665
    concurrency-covr-up: 3

[1720299953.265281] [INFO]:
round_481:
    concurrency-covr: 14678
    concurrency-covr-up: 13

[1720300017.20031] [INFO]:
round_482:
    concurrency-covr: 14680
    concurrency-covr-up: 2

[1720300076.805353] [INFO]:
round_483:
    concurrency-covr: 14680
    concurrency-covr-up: 0

[1720300134.351515] [INFO]:
round_484:
    concurrency-covr: 14680
    concurrency-covr-up: 0

[1720300209.461714] [INFO]:
round_485:
    concurrency-covr: 14680
    concurrency-covr-up: 0

[1720300288.087886] [INFO]:
round_486:
    concurrency-covr: 14680
    concurrency-covr-up: 0

[1720300371.411674] [INFO]:
round_487:
    concurrency-covr: 14696
    concurrency-covr-up: 16

[1720300453.558717] [INFO]:
round_488:
    concurrency-covr: 14696
    concurrency-covr-up: 0

[1720300530.643957] [INFO]:
round_489:
    concurrency-covr: 14696
    concurrency-covr-up: 0

[1720300589.122928] [INFO]:
round_490:
    concurrency-covr: 14696
    concurrency-covr-up: 0

[1720300664.092251] [INFO]:
round_491:
    concurrency-covr: 14696
    concurrency-covr-up: 0

[1720300741.723884] [INFO]:
round_492:
    concurrency-covr: 14696
    concurrency-covr-up: 0

[1720300821.680734] [INFO]:
round_493:
    concurrency-covr: 14696
    concurrency-covr-up: 0

[1720300902.10357] [INFO]:
round_494:
    concurrency-covr: 14696
    concurrency-covr-up: 0

[1720300978.45777] [INFO]:
round_495:
    concurrency-covr: 14697
    concurrency-covr-up: 1

[1720301054.565234] [INFO]:
round_496:
    concurrency-covr: 14697
    concurrency-covr-up: 0

[1720301116.575698] [INFO]:
round_497:
    concurrency-covr: 14697
    concurrency-covr-up: 0

[1720301174.199563] [INFO]:
round_498:
    concurrency-covr: 14697
    concurrency-covr-up: 0

[1720301249.832734] [INFO]:
round_499:
    concurrency-covr: 14711
    concurrency-covr-up: 14

[1720301312.344103] [INFO]:
round_500:
    concurrency-covr: 14711
    concurrency-covr-up: 0

[1720301370.348318] [INFO]:
round_501:
    concurrency-covr: 14711
    concurrency-covr-up: 0

[1720301445.559081] [INFO]:
round_502:
    concurrency-covr: 14720
    concurrency-covr-up: 9

[1720301525.309956] [INFO]:
round_503:
    concurrency-covr: 14720
    concurrency-covr-up: 0

[1720301605.762651] [INFO]:
round_504:
    concurrency-covr: 14720
    concurrency-covr-up: 0

[1720301680.878756] [INFO]:
round_505:
    concurrency-covr: 14720
    concurrency-covr-up: 0

[1720301743.766808] [INFO]:
round_506:
    concurrency-covr: 14720
    concurrency-covr-up: 0

[1720301818.76318] [INFO]:
round_507:
    concurrency-covr: 14724
    concurrency-covr-up: 4

[1720301902.493477] [INFO]:
round_508:
    concurrency-covr: 14797
    concurrency-covr-up: 73

[1720301968.638234] [INFO]:
round_509:
    concurrency-covr: 14801
    concurrency-covr-up: 4

[1720302044.213464] [INFO]:
round_510:
    concurrency-covr: 14802
    concurrency-covr-up: 1

[1720302123.056269] [INFO]:
round_511:
    concurrency-covr: 14802
    concurrency-covr-up: 0

[1720302208.258253] [INFO]:
round_512:
    concurrency-covr: 14802
    concurrency-covr-up: 0

[1720302284.058088] [INFO]:
round_513:
    concurrency-covr: 14804
    concurrency-covr-up: 2

[1720302362.534504] [INFO]:
round_514:
    concurrency-covr: 14805
    concurrency-covr-up: 1

[1720302443.721215] [INFO]:
round_515:
    concurrency-covr: 14805
    concurrency-covr-up: 0

[1720302511.071398] [INFO]:
round_516:
    concurrency-covr: 14814
    concurrency-covr-up: 9

[1720302591.518862] [INFO]:
round_517:
    concurrency-covr: 14907
    concurrency-covr-up: 93

[1720302657.947138] [INFO]:
round_518:
    concurrency-covr: 14916
    concurrency-covr-up: 9

[1720302734.24139] [INFO]:
round_519:
    concurrency-covr: 14918
    concurrency-covr-up: 2

[1720302813.042111] [INFO]:
round_520:
    concurrency-covr: 14918
    concurrency-covr-up: 0

[1720302893.787012] [INFO]:
round_521:
    concurrency-covr: 14918
    concurrency-covr-up: 0

[1720302969.400035] [INFO]:
round_522:
    concurrency-covr: 14918
    concurrency-covr-up: 0

[1720303048.367216] [INFO]:
round_523:
    concurrency-covr: 14962
    concurrency-covr-up: 44

[1720303126.886446] [INFO]:
round_524:
    concurrency-covr: 14970
    concurrency-covr-up: 8

[1720303204.057028] [INFO]:
round_525:
    concurrency-covr: 14970
    concurrency-covr-up: 0

[1720303266.277693] [INFO]:
round_526:
    concurrency-covr: 14971
    concurrency-covr-up: 1

[1720303346.883844] [INFO]:
round_527:
    concurrency-covr: 14971
    concurrency-covr-up: 0

[1720303425.058579] [INFO]:
round_528:
    concurrency-covr: 14974
    concurrency-covr-up: 3

[1720303500.241639] [INFO]:
round_529:
    concurrency-covr: 15003
    concurrency-covr-up: 29

[1720303583.533818] [INFO]:
round_530:
    concurrency-covr: 15250
    concurrency-covr-up: 247

[1720303655.207079] [INFO]:
round_531:
    concurrency-covr: 15256
    concurrency-covr-up: 6

[1720303731.29488] [INFO]:
round_532:
    concurrency-covr: 15258
    concurrency-covr-up: 2

[1720303800.520662] [INFO]:
round_533:
    concurrency-covr: 15258
    concurrency-covr-up: 0

[1720303879.180331] [INFO]:
round_534:
    concurrency-covr: 15258
    concurrency-covr-up: 0

[1720303941.074102] [INFO]:
round_535:
    concurrency-covr: 15258
    concurrency-covr-up: 0

[1720304016.543272] [INFO]:
round_536:
    concurrency-covr: 15329
    concurrency-covr-up: 71

[1720304081.420257] [INFO]:
round_537:
    concurrency-covr: 15344
    concurrency-covr-up: 15

[1720304149.408611] [INFO]:
round_538:
    concurrency-covr: 15374
    concurrency-covr-up: 30

[1720304228.168426] [INFO]:
round_539:
    concurrency-covr: 15374
    concurrency-covr-up: 0

[1720304287.608405] [INFO]:
round_540:
    concurrency-covr: 15374
    concurrency-covr-up: 0

[1720304362.798453] [INFO]:
round_541:
    concurrency-covr: 15374
    concurrency-covr-up: 0

[1720304444.958605] [INFO]:
round_542:
    concurrency-covr: 15374
    concurrency-covr-up: 0

[1720304525.012279] [INFO]:
round_543:
    concurrency-covr: 15374
    concurrency-covr-up: 0

[1720304602.937536] [INFO]:
round_544:
    concurrency-covr: 15385
    concurrency-covr-up: 11

[1720304668.419602] [INFO]:
round_545:
    concurrency-covr: 15385
    concurrency-covr-up: 0

[1720304743.730694] [INFO]:
round_546:
    concurrency-covr: 15385
    concurrency-covr-up: 0

[1720304824.687969] [INFO]:
round_547:
    concurrency-covr: 15406
    concurrency-covr-up: 21

[1720304904.085376] [INFO]:
round_548:
    concurrency-covr: 15408
    concurrency-covr-up: 2

[1720304968.74993] [INFO]:
round_549:
    concurrency-covr: 15410
    concurrency-covr-up: 2

[1720305043.729175] [INFO]:
round_550:
    concurrency-covr: 15410
    concurrency-covr-up: 0

[1720305123.581377] [INFO]:
round_551:
    concurrency-covr: 15412
    concurrency-covr-up: 2

[1720305203.958615] [INFO]:
round_552:
    concurrency-covr: 15412
    concurrency-covr-up: 0

[1720305283.161513] [INFO]:
round_553:
    concurrency-covr: 15412
    concurrency-covr-up: 0

[1720305365.068017] [INFO]:
round_554:
    concurrency-covr: 15412
    concurrency-covr-up: 0

[1720305440.956348] [INFO]:
round_555:
    concurrency-covr: 15414
    concurrency-covr-up: 2

[1720305521.242424] [INFO]:
round_556:
    concurrency-covr: 15415
    concurrency-covr-up: 1

[1720305600.80348] [INFO]:
round_557:
    concurrency-covr: 15415
    concurrency-covr-up: 0

[1720305679.307421] [INFO]:
round_558:
    concurrency-covr: 15415
    concurrency-covr-up: 0

[1720305742.007912] [INFO]:
round_559:
    concurrency-covr: 15415
    concurrency-covr-up: 0

[1720330885.51874] [INFO]:
round_560:
    concurrency-covr: 15415
    concurrency-covr-up: 0

[1720330954.74461] [INFO]:
round_561:
    concurrency-covr: 15415
    concurrency-covr-up: 0

[1720331023.928439] [INFO]:
round_562:
    concurrency-covr: 15415
    concurrency-covr-up: 0

[1720331093.07968] [INFO]:
round_563:
    concurrency-covr: 15415
    concurrency-covr-up: 0

[1720331162.31711] [INFO]:
round_564:
    concurrency-covr: 15415
    concurrency-covr-up: 0

[1720331231.747365] [INFO]:
round_565:
    concurrency-covr: 15415
    concurrency-covr-up: 0

[1720331301.134759] [INFO]:
round_566:
    concurrency-covr: 15415
    concurrency-covr-up: 0

[1720331370.41218] [INFO]:
round_567:
    concurrency-covr: 15415
    concurrency-covr-up: 0

[1720331439.876793] [INFO]:
round_568:
    concurrency-covr: 15415
    concurrency-covr-up: 0

[1720331509.425731] [INFO]:
round_569:
    concurrency-covr: 15415
    concurrency-covr-up: 0

[1720331578.890442] [INFO]:
round_570:
    concurrency-covr: 15415
    concurrency-covr-up: 0

[1720331648.415013] [INFO]:
round_571:
    concurrency-covr: 15415
    concurrency-covr-up: 0

[1720331717.789693] [INFO]:
round_572:
    concurrency-covr: 15415
    concurrency-covr-up: 0

[1720331787.283744] [INFO]:
round_573:
    concurrency-covr: 15415
    concurrency-covr-up: 0

[1720331856.581224] [INFO]:
round_574:
    concurrency-covr: 15415
    concurrency-covr-up: 0

[1720331926.071888] [INFO]:
round_575:
    concurrency-covr: 15415
    concurrency-covr-up: 0

[1720331995.163705] [INFO]:
round_576:
    concurrency-covr: 15415
    concurrency-covr-up: 0

[1720332064.5976] [INFO]:
round_577:
    concurrency-covr: 15415
    concurrency-covr-up: 0

[1720332134.234955] [INFO]:
round_578:
    concurrency-covr: 15415
    concurrency-covr-up: 0

[1720332203.785522] [INFO]:
round_579:
    concurrency-covr: 15415
    concurrency-covr-up: 0

[1720332273.07209] [INFO]:
round_580:
    concurrency-covr: 15415
    concurrency-covr-up: 0

[1720332342.538424] [INFO]:
round_581:
    concurrency-covr: 15415
    concurrency-covr-up: 0

[1720332412.114966] [INFO]:
round_582:
    concurrency-covr: 15415
    concurrency-covr-up: 0

[1720332481.920735] [INFO]:
round_583:
    concurrency-covr: 15415
    concurrency-covr-up: 0

[1720332551.014479] [INFO]:
round_584:
    concurrency-covr: 15415
    concurrency-covr-up: 0

[1720332621.136761] [INFO]:
round_585:
    concurrency-covr: 15415
    concurrency-covr-up: 0

[1720332697.44821] [INFO]:
round_586:
    concurrency-covr: 15415
    concurrency-covr-up: 0

[1720332773.455096] [INFO]:
round_587:
    concurrency-covr: 15415
    concurrency-covr-up: 0

[1720332851.248594] [INFO]:
round_588:
    concurrency-covr: 15415
    concurrency-covr-up: 0

[1720332921.286208] [INFO]:
round_589:
    concurrency-covr: 15415
    concurrency-covr-up: 0

[1720332991.135591] [INFO]:
round_590:
    concurrency-covr: 15415
    concurrency-covr-up: 0

[1720333061.295088] [INFO]:
round_591:
    concurrency-covr: 15415
    concurrency-covr-up: 0

[1720333131.307469] [INFO]:
round_592:
    concurrency-covr: 15415
    concurrency-covr-up: 0

[1720333201.078131] [INFO]:
round_593:
    concurrency-covr: 15415
    concurrency-covr-up: 0

[1720333270.843094] [INFO]:
round_594:
    concurrency-covr: 15415
    concurrency-covr-up: 0

[1720333340.560419] [INFO]:
round_595:
    concurrency-covr: 15415
    concurrency-covr-up: 0

[1720333410.475453] [INFO]:
round_596:
    concurrency-covr: 15415
    concurrency-covr-up: 0

[1720333480.506691] [INFO]:
round_597:
    concurrency-covr: 15415
    concurrency-covr-up: 0

[1720333549.960121] [INFO]:
round_598:
    concurrency-covr: 15415
    concurrency-covr-up: 0

[1720333619.900733] [INFO]:
round_599:
    concurrency-covr: 15415
    concurrency-covr-up: 0

[1720333690.566459] [INFO]:
round_600:
    concurrency-covr: 15415
    concurrency-covr-up: 0

[1720333760.578049] [INFO]:
round_601:
    concurrency-covr: 15415
    concurrency-covr-up: 0

[1720333830.646273] [INFO]:
round_602:
    concurrency-covr: 15415
    concurrency-covr-up: 0

[1720333900.12049] [INFO]:
round_603:
    concurrency-covr: 15415
    concurrency-covr-up: 0

[1720333945.909461] [INFO]:
round_604:
    concurrency-covr: 15415
    concurrency-covr-up: 0

[1720333995.582206] [INFO]:
round_605:
    concurrency-covr: 15415
    concurrency-covr-up: 0

[1720334040.416071] [INFO]:
round_606:
    concurrency-covr: 15415
    concurrency-covr-up: 0

[1720334088.021366] [INFO]:
round_607:
    concurrency-covr: 15415
    concurrency-covr-up: 0

[1720334132.113494] [INFO]:
round_608:
    concurrency-covr: 15415
    concurrency-covr-up: 0

[1720334176.661897] [INFO]:
round_609:
    concurrency-covr: 15415
    concurrency-covr-up: 0

[1720334221.528226] [INFO]:
round_610:
    concurrency-covr: 15415
    concurrency-covr-up: 0

[1720334267.061273] [INFO]:
round_611:
    concurrency-covr: 15415
    concurrency-covr-up: 0

[1720334318.359075] [INFO]:
round_612:
    concurrency-covr: 15415
    concurrency-covr-up: 0

[1720334362.635836] [INFO]:
round_613:
    concurrency-covr: 15415
    concurrency-covr-up: 0

[1720334406.650088] [INFO]:
round_614:
    concurrency-covr: 15415
    concurrency-covr-up: 0

[1720334450.503599] [INFO]:
round_615:
    concurrency-covr: 15415
    concurrency-covr-up: 0

[1720334494.824055] [INFO]:
round_616:
    concurrency-covr: 15415
    concurrency-covr-up: 0

[1720334539.235314] [INFO]:
round_617:
    concurrency-covr: 15415
    concurrency-covr-up: 0

[1720334583.077732] [INFO]:
round_618:
    concurrency-covr: 15415
    concurrency-covr-up: 0

[1720334627.182346] [INFO]:
round_619:
    concurrency-covr: 15415
    concurrency-covr-up: 0

[1720334671.104547] [INFO]:
round_620:
    concurrency-covr: 15415
    concurrency-covr-up: 0

[1720334715.423633] [INFO]:
round_621:
    concurrency-covr: 15415
    concurrency-covr-up: 0

[1720334760.648568] [INFO]:
round_622:
    concurrency-covr: 15415
    concurrency-covr-up: 0

[1720334804.53538] [INFO]:
round_623:
    concurrency-covr: 15415
    concurrency-covr-up: 0

[1720334848.689791] [INFO]:
round_624:
    concurrency-covr: 15415
    concurrency-covr-up: 0

[1720334894.816847] [INFO]:
round_625:
    concurrency-covr: 15415
    concurrency-covr-up: 0

[1720334939.121621] [INFO]:
round_626:
    concurrency-covr: 15415
    concurrency-covr-up: 0

[1720334990.815357] [INFO]:
round_627:
    concurrency-covr: 15415
    concurrency-covr-up: 0

[1720335041.938475] [INFO]:
round_628:
    concurrency-covr: 15415
    concurrency-covr-up: 0

[1720335086.6139] [INFO]:
round_629:
    concurrency-covr: 15415
    concurrency-covr-up: 0

[1720335131.01194] [INFO]:
round_630:
    concurrency-covr: 15415
    concurrency-covr-up: 0

[1720335175.499298] [INFO]:
round_631:
    concurrency-covr: 15415
    concurrency-covr-up: 0

[1720335220.85447] [INFO]:
round_632:
    concurrency-covr: 15415
    concurrency-covr-up: 0

[1720335265.496978] [INFO]:
round_633:
    concurrency-covr: 15415
    concurrency-covr-up: 0

[1720335310.121624] [INFO]:
round_634:
    concurrency-covr: 15415
    concurrency-covr-up: 0

[1720335355.094374] [INFO]:
round_635:
    concurrency-covr: 15415
    concurrency-covr-up: 0

[1720335403.260066] [INFO]:
round_636:
    concurrency-covr: 15415
    concurrency-covr-up: 0

[1720335450.244274] [INFO]:
round_637:
    concurrency-covr: 15415
    concurrency-covr-up: 0

[1720335495.746237] [INFO]:
round_638:
    concurrency-covr: 15415
    concurrency-covr-up: 0

[1720335540.662827] [INFO]:
round_639:
    concurrency-covr: 15415
    concurrency-covr-up: 0

[1720335587.708675] [INFO]:
round_640:
    concurrency-covr: 15415
    concurrency-covr-up: 0

[1720335632.377714] [INFO]:
round_641:
    concurrency-covr: 15415
    concurrency-covr-up: 0

[1720335677.124034] [INFO]:
round_642:
    concurrency-covr: 15415
    concurrency-covr-up: 0

[1720335721.691022] [INFO]:
round_643:
    concurrency-covr: 15415
    concurrency-covr-up: 0

[1720335766.360589] [INFO]:
round_644:
    concurrency-covr: 15415
    concurrency-covr-up: 0

[1720335811.060151] [INFO]:
round_645:
    concurrency-covr: 15415
    concurrency-covr-up: 0

[1720335856.24993] [INFO]:
round_646:
    concurrency-covr: 15415
    concurrency-covr-up: 0

[1720335900.965855] [INFO]:
round_647:
    concurrency-covr: 15415
    concurrency-covr-up: 0

[1720335945.628554] [INFO]:
round_648:
    concurrency-covr: 15415
    concurrency-covr-up: 0

[1720335990.18698] [INFO]:
round_649:
    concurrency-covr: 15415
    concurrency-covr-up: 0

[1720336034.844904] [INFO]:
round_650:
    concurrency-covr: 15415
    concurrency-covr-up: 0

[1720336079.777938] [INFO]:
round_651:
    concurrency-covr: 15415
    concurrency-covr-up: 0

[1720336124.313732] [INFO]:
round_652:
    concurrency-covr: 15415
    concurrency-covr-up: 0

[1720336169.497347] [INFO]:
round_653:
    concurrency-covr: 15415
    concurrency-covr-up: 0

[1720336214.276144] [INFO]:
round_654:
    concurrency-covr: 15415
    concurrency-covr-up: 0

[1720336259.759574] [INFO]:
round_655:
    concurrency-covr: 15415
    concurrency-covr-up: 0

[1720336305.481339] [INFO]:
round_656:
    concurrency-covr: 15415
    concurrency-covr-up: 0

[1720336350.532146] [INFO]:
round_657:
    concurrency-covr: 15415
    concurrency-covr-up: 0

[1720336395.734706] [INFO]:
round_658:
    concurrency-covr: 15415
    concurrency-covr-up: 0

[1720336441.342861] [INFO]:
round_659:
    concurrency-covr: 15415
    concurrency-covr-up: 0

[1720336487.290242] [INFO]:
round_660:
    concurrency-covr: 15415
    concurrency-covr-up: 0

[1720336532.441109] [INFO]:
round_661:
    concurrency-covr: 15415
    concurrency-covr-up: 0

[1720336577.882334] [INFO]:
round_662:
    concurrency-covr: 15415
    concurrency-covr-up: 0

[1720336622.669942] [INFO]:
round_663:
    concurrency-covr: 15415
    concurrency-covr-up: 0

[1720336667.402264] [INFO]:
round_664:
    concurrency-covr: 15415
    concurrency-covr-up: 0

[1720336712.494799] [INFO]:
round_665:
    concurrency-covr: 15415
    concurrency-covr-up: 0

[1720336764.321476] [INFO]:
round_666:
    concurrency-covr: 15415
    concurrency-covr-up: 0

[1720336809.339743] [INFO]:
round_667:
    concurrency-covr: 15415
    concurrency-covr-up: 0

[1720336854.39031] [INFO]:
round_668:
    concurrency-covr: 15415
    concurrency-covr-up: 0

[1720336899.623511] [INFO]:
round_669:
    concurrency-covr: 15415
    concurrency-covr-up: 0

[1720336946.875727] [INFO]:
round_670:
    concurrency-covr: 15415
    concurrency-covr-up: 0

[1720336995.725156] [INFO]:
round_671:
    concurrency-covr: 15415
    concurrency-covr-up: 0

[1720337041.824668] [INFO]:
round_672:
    concurrency-covr: 15415
    concurrency-covr-up: 0

[1720337088.545236] [INFO]:
round_673:
    concurrency-covr: 15415
    concurrency-covr-up: 0

[1720337133.590302] [INFO]:
round_674:
    concurrency-covr: 15415
    concurrency-covr-up: 0

[1720337178.759843] [INFO]:
round_675:
    concurrency-covr: 15415
    concurrency-covr-up: 0

[1720337224.49298] [INFO]:
round_676:
    concurrency-covr: 15415
    concurrency-covr-up: 0

[1720337270.980199] [INFO]:
round_677:
    concurrency-covr: 15415
    concurrency-covr-up: 0

[1720337316.206501] [INFO]:
round_678:
    concurrency-covr: 15415
    concurrency-covr-up: 0

[1720337361.566267] [INFO]:
round_679:
    concurrency-covr: 15415
    concurrency-covr-up: 0

[1720337406.887478] [INFO]:
round_680:
    concurrency-covr: 15415
    concurrency-covr-up: 0

[1720337452.464499] [INFO]:
round_681:
    concurrency-covr: 15415
    concurrency-covr-up: 0

[1720337498.062057] [INFO]:
round_682:
    concurrency-covr: 15415
    concurrency-covr-up: 0

[1720337544.876138] [INFO]:
round_683:
    concurrency-covr: 15415
    concurrency-covr-up: 0

[1720337597.106443] [INFO]:
round_684:
    concurrency-covr: 15415
    concurrency-covr-up: 0

[1720337642.900187] [INFO]:
round_685:
    concurrency-covr: 15415
    concurrency-covr-up: 0

[1720337688.802615] [INFO]:
round_686:
    concurrency-covr: 15415
    concurrency-covr-up: 0

[1720337734.251426] [INFO]:
round_687:
    concurrency-covr: 15415
    concurrency-covr-up: 0

[1720337781.539229] [INFO]:
round_688:
    concurrency-covr: 15415
    concurrency-covr-up: 0

[1720337826.753867] [INFO]:
round_689:
    concurrency-covr: 15415
    concurrency-covr-up: 0

[1720337871.365542] [INFO]:
round_690:
    concurrency-covr: 15415
    concurrency-covr-up: 0

[1720337919.819333] [INFO]:
round_691:
    concurrency-covr: 15415
    concurrency-covr-up: 0

[1720337965.059322] [INFO]:
round_692:
    concurrency-covr: 15415
    concurrency-covr-up: 0

[1720338010.527399] [INFO]:
round_693:
    concurrency-covr: 15415
    concurrency-covr-up: 0

[1720338056.446152] [INFO]:
round_694:
    concurrency-covr: 15415
    concurrency-covr-up: 0

[1720338102.59442] [INFO]:
round_695:
    concurrency-covr: 15415
    concurrency-covr-up: 0

[1720338148.272248] [INFO]:
round_696:
    concurrency-covr: 15415
    concurrency-covr-up: 0

[1720338194.402083] [INFO]:
round_697:
    concurrency-covr: 15415
    concurrency-covr-up: 0

[1720338241.713241] [INFO]:
round_698:
    concurrency-covr: 15415
    concurrency-covr-up: 0

[1720338288.020626] [INFO]:
round_699:
    concurrency-covr: 15415
    concurrency-covr-up: 0

[1720338339.412674] [INFO]:
round_700:
    concurrency-covr: 15415
    concurrency-covr-up: 0

[1720338384.96468] [INFO]:
round_701:
    concurrency-covr: 15415
    concurrency-covr-up: 0

[1720338436.718191] [INFO]:
round_702:
    concurrency-covr: 15415
    concurrency-covr-up: 0

[1720338482.395604] [INFO]:
round_703:
    concurrency-covr: 15415
    concurrency-covr-up: 0

[1720338528.84548] [INFO]:
round_704:
    concurrency-covr: 15415
    concurrency-covr-up: 0

[1720338574.41658] [INFO]:
round_705:
    concurrency-covr: 15415
    concurrency-covr-up: 0

[1720338620.201506] [INFO]:
round_706:
    concurrency-covr: 15415
    concurrency-covr-up: 0

[1720338665.551302] [INFO]:
round_707:
    concurrency-covr: 15415
    concurrency-covr-up: 0

[1720338711.509006] [INFO]:
round_708:
    concurrency-covr: 15415
    concurrency-covr-up: 0

[1720338757.791171] [INFO]:
round_709:
    concurrency-covr: 15415
    concurrency-covr-up: 0

[1720338804.134741] [INFO]:
round_710:
    concurrency-covr: 15415
    concurrency-covr-up: 0

[1720338849.914091] [INFO]:
round_711:
    concurrency-covr: 15415
    concurrency-covr-up: 0

[1720338895.791196] [INFO]:
round_712:
    concurrency-covr: 15415
    concurrency-covr-up: 0

[1720338941.525075] [INFO]:
round_713:
    concurrency-covr: 15415
    concurrency-covr-up: 0

[1720338988.170168] [INFO]:
round_714:
    concurrency-covr: 15415
    concurrency-covr-up: 0

[1720339034.500438] [INFO]:
round_715:
    concurrency-covr: 15415
    concurrency-covr-up: 0

[1720339080.967107] [INFO]:
round_716:
    concurrency-covr: 15415
    concurrency-covr-up: 0

[1720339126.943722] [INFO]:
round_717:
    concurrency-covr: 15415
    concurrency-covr-up: 0

[1720339172.791758] [INFO]:
round_718:
    concurrency-covr: 15415
    concurrency-covr-up: 0

[1720339218.595687] [INFO]:
round_719:
    concurrency-covr: 15415
    concurrency-covr-up: 0

[1720339264.022281] [INFO]:
round_720:
    concurrency-covr: 15415
    concurrency-covr-up: 0

[1720339311.367922] [INFO]:
round_721:
    concurrency-covr: 15415
    concurrency-covr-up: 0

[1720339357.904607] [INFO]:
round_722:
    concurrency-covr: 15415
    concurrency-covr-up: 0

[1720339404.46019] [INFO]:
round_723:
    concurrency-covr: 15415
    concurrency-covr-up: 0

[1720339450.74053] [INFO]:
round_724:
    concurrency-covr: 15415
    concurrency-covr-up: 0

[1720339496.573041] [INFO]:
round_725:
    concurrency-covr: 15415
    concurrency-covr-up: 0

[1720339543.152922] [INFO]:
round_726:
    concurrency-covr: 15415
    concurrency-covr-up: 0

[1720339588.999703] [INFO]:
round_727:
    concurrency-covr: 15415
    concurrency-covr-up: 0

[1720339634.467372] [INFO]:
round_728:
    concurrency-covr: 15415
    concurrency-covr-up: 0

[1720339690.117339] [INFO]:
round_729:
    concurrency-covr: 15415
    concurrency-covr-up: 0

[1720339736.051031] [INFO]:
round_730:
    concurrency-covr: 15415
    concurrency-covr-up: 0

[1720339782.078158] [INFO]:
round_731:
    concurrency-covr: 15415
    concurrency-covr-up: 0

[1720339828.532857] [INFO]:
round_732:
    concurrency-covr: 15415
    concurrency-covr-up: 0

[1720339876.017437] [INFO]:
round_733:
    concurrency-covr: 15415
    concurrency-covr-up: 0

[1720339922.527953] [INFO]:
round_734:
    concurrency-covr: 15415
    concurrency-covr-up: 0

[1720339968.490874] [INFO]:
round_735:
    concurrency-covr: 15415
    concurrency-covr-up: 0

[1720340014.493773] [INFO]:
round_736:
    concurrency-covr: 15415
    concurrency-covr-up: 0

[1720340061.503211] [INFO]:
round_737:
    concurrency-covr: 15415
    concurrency-covr-up: 0

[1720340107.137075] [INFO]:
round_738:
    concurrency-covr: 15415
    concurrency-covr-up: 0

[1720340154.0247] [INFO]:
round_739:
    concurrency-covr: 15415
    concurrency-covr-up: 0

[1720340201.02199] [INFO]:
round_740:
    concurrency-covr: 15415
    concurrency-covr-up: 0

[1720340247.913677] [INFO]:
round_741:
    concurrency-covr: 15415
    concurrency-covr-up: 0

[1720340293.933331] [INFO]:
round_742:
    concurrency-covr: 15415
    concurrency-covr-up: 0

[1720340340.181866] [INFO]:
round_743:
    concurrency-covr: 15415
    concurrency-covr-up: 0

[1720340396.417883] [INFO]:
round_744:
    concurrency-covr: 15415
    concurrency-covr-up: 0

[1720340442.503869] [INFO]:
round_745:
    concurrency-covr: 15415
    concurrency-covr-up: 0

[1720340503.051363] [INFO]:
round_746:
    concurrency-covr: 15415
    concurrency-covr-up: 0

[1720340549.846989] [INFO]:
round_747:
    concurrency-covr: 15415
    concurrency-covr-up: 0

[1720340595.456614] [INFO]:
round_748:
    concurrency-covr: 15415
    concurrency-covr-up: 0

[1720340643.516524] [INFO]:
round_749:
    concurrency-covr: 15415
    concurrency-covr-up: 0

[1720340690.26737] [INFO]:
round_750:
    concurrency-covr: 15415
    concurrency-covr-up: 0

[1720340737.602632] [INFO]:
round_751:
    concurrency-covr: 15415
    concurrency-covr-up: 0

[1720340785.043492] [INFO]:
round_752:
    concurrency-covr: 15415
    concurrency-covr-up: 0

[1720340838.213959] [INFO]:
round_753:
    concurrency-covr: 15415
    concurrency-covr-up: 0

[1720340884.908866] [INFO]:
round_754:
    concurrency-covr: 15415
    concurrency-covr-up: 0

[1720340931.543204] [INFO]:
round_755:
    concurrency-covr: 15415
    concurrency-covr-up: 0

[1720340985.473008] [INFO]:
round_756:
    concurrency-covr: 15415
    concurrency-covr-up: 0

[1720341031.761839] [INFO]:
round_757:
    concurrency-covr: 15415
    concurrency-covr-up: 0

