[1719068316.965926] [INFO]:
round_1:
    concurrency-covr: 20
    concurrency-covr-up: 20

[1719068373.889094] [INFO]:
round_2:
    concurrency-covr: 20
    concurrency-covr-up: 0

[1719068443.292935] [INFO]:
round_3:
    concurrency-covr: 20
    concurrency-covr-up: 0

[1719068492.91242] [INFO]:
round_4:
    concurrency-covr: 57
    concurrency-covr-up: 37

[1719068542.413297] [INFO]:
round_5:
    concurrency-covr: 78
    concurrency-covr-up: 21

[1719068592.210499] [INFO]:
round_6:
    concurrency-covr: 78
    concurrency-covr-up: 0

[1719068636.179832] [INFO]:
round_7:
    concurrency-covr: 78
    concurrency-covr-up: 0

[1719068691.457008] [INFO]:
round_8:
    concurrency-covr: 111
    concurrency-covr-up: 33

[1719068741.413607] [INFO]:
round_9:
    concurrency-covr: 111
    concurrency-covr-up: 0

[1719068810.960169] [INFO]:
round_10:
    concurrency-covr: 111
    concurrency-covr-up: 0

[1719068855.010045] [INFO]:
round_11:
    concurrency-covr: 219
    concurrency-covr-up: 108

[1719068929.455441] [INFO]:
round_12:
    concurrency-covr: 342
    concurrency-covr-up: 123

[1719068979.99159] [INFO]:
round_13:
    concurrency-covr: 342
    concurrency-covr-up: 0

[1719069030.479249] [INFO]:
round_14:
    concurrency-covr: 342
    concurrency-covr-up: 0

[1719069080.273649] [INFO]:
round_15:
    concurrency-covr: 342
    concurrency-covr-up: 0

[1719069124.259729] [INFO]:
round_16:
    concurrency-covr: 342
    concurrency-covr-up: 0

[1719069179.950958] [INFO]:
round_17:
    concurrency-covr: 359
    concurrency-covr-up: 17

[1719069230.510684] [INFO]:
round_18:
    concurrency-covr: 408
    concurrency-covr-up: 49

[1719069281.09512] [INFO]:
round_19:
    concurrency-covr: 408
    concurrency-covr-up: 0

[1719069330.77] [INFO]:
round_20:
    concurrency-covr: 410
    concurrency-covr-up: 2

[1719069381.046662] [INFO]:
round_21:
    concurrency-covr: 410
    concurrency-covr-up: 0

[1719069431.577305] [INFO]:
round_22:
    concurrency-covr: 410
    concurrency-covr-up: 0

[1719069501.175319] [INFO]:
round_23:
    concurrency-covr: 498
    concurrency-covr-up: 88

[1719069552.14782] [INFO]:
round_24:
    concurrency-covr: 543
    concurrency-covr-up: 45

[1719069602.762723] [INFO]:
round_25:
    concurrency-covr: 543
    concurrency-covr-up: 0

[1719069646.908233] [INFO]:
round_26:
    concurrency-covr: 681
    concurrency-covr-up: 138

[1719069702.179165] [INFO]:
round_27:
    concurrency-covr: 759
    concurrency-covr-up: 78

[1719069753.087554] [INFO]:
round_28:
    concurrency-covr: 759
    concurrency-covr-up: 0

[1719069803.009156] [INFO]:
round_29:
    concurrency-covr: 759
    concurrency-covr-up: 0

[1719069872.604472] [INFO]:
round_30:
    concurrency-covr: 759
    concurrency-covr-up: 0

[1719069916.70799] [INFO]:
round_31:
    concurrency-covr: 759
    concurrency-covr-up: 0

[1719069966.162065] [INFO]:
round_32:
    concurrency-covr: 809
    concurrency-covr-up: 50

[1719070024.255373] [INFO]:
round_33:
    concurrency-covr: 813
    concurrency-covr-up: 4

[1719070075.083868] [INFO]:
round_34:
    concurrency-covr: 830
    concurrency-covr-up: 17

[1719070144.87733] [INFO]:
round_35:
    concurrency-covr: 1050
    concurrency-covr-up: 220

[1719070202.28] [INFO]:
round_36:
    concurrency-covr: 1054
    concurrency-covr-up: 4

[1719070272.203696] [INFO]:
round_37:
    concurrency-covr: 1054
    concurrency-covr-up: 0

[1719070316.305355] [INFO]:
round_38:
    concurrency-covr: 1088
    concurrency-covr-up: 34

[1719070371.653022] [INFO]:
round_39:
    concurrency-covr: 1088
    concurrency-covr-up: 0

[1719070441.47658] [INFO]:
round_40:
    concurrency-covr: 1088
    concurrency-covr-up: 0

[1719070485.741396] [INFO]:
round_41:
    concurrency-covr: 1088
    concurrency-covr-up: 0

[1719070534.773676] [INFO]:
round_42:
    concurrency-covr: 1088
    concurrency-covr-up: 0

[1719070584.328233] [INFO]:
round_43:
    concurrency-covr: 1109
    concurrency-covr-up: 21

[1719070661.773544] [INFO]:
round_44:
    concurrency-covr: 1109
    concurrency-covr-up: 0

[1719070706.356754] [INFO]:
round_45:
    concurrency-covr: 1132
    concurrency-covr-up: 23

[1719070781.413742] [INFO]:
round_46:
    concurrency-covr: 1132
    concurrency-covr-up: 0

[1719070832.609931] [INFO]:
round_47:
    concurrency-covr: 1132
    concurrency-covr-up: 0

[1719070876.610371] [INFO]:
round_48:
    concurrency-covr: 1132
    concurrency-covr-up: 0

[1719070925.434686] [INFO]:
round_49:
    concurrency-covr: 1288
    concurrency-covr-up: 156

[1719070984.616128] [INFO]:
round_50:
    concurrency-covr: 1293
    concurrency-covr-up: 5

[1719071054.867981] [INFO]:
round_51:
    concurrency-covr: 1293
    concurrency-covr-up: 0

[1719071099.488899] [INFO]:
round_52:
    concurrency-covr: 1299
    concurrency-covr-up: 6

[1719071174.10426] [INFO]:
round_53:
    concurrency-covr: 1361
    concurrency-covr-up: 62

[1719071225.200583] [INFO]:
round_54:
    concurrency-covr: 1361
    concurrency-covr-up: 0

[1719071269.441607] [INFO]:
round_55:
    concurrency-covr: 1361
    concurrency-covr-up: 0

[1719071319.29105] [INFO]:
round_56:
    concurrency-covr: 1368
    concurrency-covr-up: 7

[1719071375.273885] [INFO]:
round_57:
    concurrency-covr: 1368
    concurrency-covr-up: 0

[1719071425.908923] [INFO]:
round_58:
    concurrency-covr: 1371
    concurrency-covr-up: 3

[1719071495.922321] [INFO]:
round_59:
    concurrency-covr: 1390
    concurrency-covr-up: 19

[1719071547.03466] [INFO]:
round_60:
    concurrency-covr: 1390
    concurrency-covr-up: 0

[1719071597.454867] [INFO]:
round_61:
    concurrency-covr: 1390
    concurrency-covr-up: 0

[1719071667.506058] [INFO]:
round_62:
    concurrency-covr: 1390
    concurrency-covr-up: 0

[1719071711.905494] [INFO]:
round_63:
    concurrency-covr: 1390
    concurrency-covr-up: 0

[1719071789.865887] [INFO]:
round_64:
    concurrency-covr: 1390
    concurrency-covr-up: 0

[1719071834.219465] [INFO]:
round_65:
    concurrency-covr: 1390
    concurrency-covr-up: 0

[1719071890.163879] [INFO]:
round_66:
    concurrency-covr: 1435
    concurrency-covr-up: 45

[1719071941.631662] [INFO]:
round_67:
    concurrency-covr: 1435
    concurrency-covr-up: 0

[1719071986.241536] [INFO]:
round_68:
    concurrency-covr: 1436
    concurrency-covr-up: 1

[1719072044.797226] [INFO]:
round_69:
    concurrency-covr: 1445
    concurrency-covr-up: 9

[1719072095.992957] [INFO]:
round_70:
    concurrency-covr: 1460
    concurrency-covr-up: 15

[1719072147.374434] [INFO]:
round_71:
    concurrency-covr: 1461
    concurrency-covr-up: 1

[1719072217.640839] [INFO]:
round_72:
    concurrency-covr: 1461
    concurrency-covr-up: 0

[1719072262.846392] [INFO]:
round_73:
    concurrency-covr: 1461
    concurrency-covr-up: 0

[1719072318.105543] [INFO]:
round_74:
    concurrency-covr: 1624
    concurrency-covr-up: 163

[1719072388.433317] [INFO]:
round_75:
    concurrency-covr: 1626
    concurrency-covr-up: 2

[1719072439.347594] [INFO]:
round_76:
    concurrency-covr: 1632
    concurrency-covr-up: 6

[1719072490.119275] [INFO]:
round_77:
    concurrency-covr: 1632
    concurrency-covr-up: 0

[1719072560.333437] [INFO]:
round_78:
    concurrency-covr: 1849
    concurrency-covr-up: 217

[1719072611.960237] [INFO]:
round_79:
    concurrency-covr: 1849
    concurrency-covr-up: 0

[1719072656.636514] [INFO]:
round_80:
    concurrency-covr: 1858
    concurrency-covr-up: 9

[1719072712.290422] [INFO]:
round_81:
    concurrency-covr: 2396
    concurrency-covr-up: 538

[1719072765.642188] [INFO]:
round_82:
    concurrency-covr: 2396
    concurrency-covr-up: 0

[1719072810.364996] [INFO]:
round_83:
    concurrency-covr: 2399
    concurrency-covr-up: 3

[1719072869.546918] [INFO]:
round_84:
    concurrency-covr: 2399
    concurrency-covr-up: 0

[1719072940.155122] [INFO]:
round_85:
    concurrency-covr: 2399
    concurrency-covr-up: 0

[1719072984.928751] [INFO]:
round_86:
    concurrency-covr: 2399
    concurrency-covr-up: 0

[1719073063.147791] [INFO]:
round_87:
    concurrency-covr: 2410
    concurrency-covr-up: 11

[1719073113.973895] [INFO]:
round_88:
    concurrency-covr: 2421
    concurrency-covr-up: 11

[1719073184.707894] [INFO]:
round_89:
    concurrency-covr: 2443
    concurrency-covr-up: 22

[1719073254.496378] [INFO]:
round_90:
    concurrency-covr: 2443
    concurrency-covr-up: 0

[1719073299.761346] [INFO]:
round_91:
    concurrency-covr: 2443
    concurrency-covr-up: 0

[1719073399.114048] [INFO]:
round_92:
    concurrency-covr: 2443
    concurrency-covr-up: 0

[1719073444.794754] [INFO]:
round_93:
    concurrency-covr: 2443
    concurrency-covr-up: 0

[1719073501.546496] [INFO]:
round_94:
    concurrency-covr: 2443
    concurrency-covr-up: 0

[1719073546.332651] [INFO]:
round_95:
    concurrency-covr: 2446
    concurrency-covr-up: 3

[1719073601.584927] [INFO]:
round_96:
    concurrency-covr: 2458
    concurrency-covr-up: 12

[1719073653.114505] [INFO]:
round_97:
    concurrency-covr: 2458
    concurrency-covr-up: 0

[1719073704.38288] [INFO]:
round_98:
    concurrency-covr: 2458
    concurrency-covr-up: 0

[1719073748.9538] [INFO]:
round_99:
    concurrency-covr: 2458
    concurrency-covr-up: 0

[1719073804.47222] [INFO]:
round_100:
    concurrency-covr: 2458
    concurrency-covr-up: 0

[1719073849.471971] [INFO]:
round_101:
    concurrency-covr: 2458
    concurrency-covr-up: 0

[1719073908.05245] [INFO]:
round_102:
    concurrency-covr: 2479
    concurrency-covr-up: 21

[1719073978.491149] [INFO]:
round_103:
    concurrency-covr: 2488
    concurrency-covr-up: 9

[1719074030.063287] [INFO]:
round_104:
    concurrency-covr: 2685
    concurrency-covr-up: 197

[1719074081.512988] [INFO]:
round_105:
    concurrency-covr: 2707
    concurrency-covr-up: 22

[1719074152.208133] [INFO]:
round_106:
    concurrency-covr: 2716
    concurrency-covr-up: 9

[1719074222.8726] [INFO]:
round_107:
    concurrency-covr: 2716
    concurrency-covr-up: 0

[1719074293.445725] [INFO]:
round_108:
    concurrency-covr: 2716
    concurrency-covr-up: 0

[1719074363.710383] [INFO]:
round_109:
    concurrency-covr: 2716
    concurrency-covr-up: 0

[1719074434.496128] [INFO]:
round_110:
    concurrency-covr: 2716
    concurrency-covr-up: 0

[1719074504.955904] [INFO]:
round_111:
    concurrency-covr: 2717
    concurrency-covr-up: 1

[1719074575.433213] [INFO]:
round_112:
    concurrency-covr: 2717
    concurrency-covr-up: 0

[1719074626.978054] [INFO]:
round_113:
    concurrency-covr: 2717
    concurrency-covr-up: 0

[1719074697.751612] [INFO]:
round_114:
    concurrency-covr: 2717
    concurrency-covr-up: 0

[1719074742.421577] [INFO]:
round_115:
    concurrency-covr: 2717
    concurrency-covr-up: 0

[1719074792.333552] [INFO]:
round_116:
    concurrency-covr: 2717
    concurrency-covr-up: 0

[1719074870.700205] [INFO]:
round_117:
    concurrency-covr: 2717
    concurrency-covr-up: 0

[1719074940.912691] [INFO]:
round_118:
    concurrency-covr: 2719
    concurrency-covr-up: 2

[1719074992.046208] [INFO]:
round_119:
    concurrency-covr: 2719
    concurrency-covr-up: 0

[1719075062.81112] [INFO]:
round_120:
    concurrency-covr: 2719
    concurrency-covr-up: 0

[1719075107.625597] [INFO]:
round_121:
    concurrency-covr: 2719
    concurrency-covr-up: 0

[1719075163.851857] [INFO]:
round_122:
    concurrency-covr: 2719
    concurrency-covr-up: 0

[1719075214.945956] [INFO]:
round_123:
    concurrency-covr: 2719
    concurrency-covr-up: 0

[1719075259.947208] [INFO]:
round_124:
    concurrency-covr: 2719
    concurrency-covr-up: 0

[1719075316.729329] [INFO]:
round_125:
    concurrency-covr: 2740
    concurrency-covr-up: 21

[1719075368.607797] [INFO]:
round_126:
    concurrency-covr: 2740
    concurrency-covr-up: 0

[1719075439.64039] [INFO]:
round_127:
    concurrency-covr: 2740
    concurrency-covr-up: 0

[1719075510.270883] [INFO]:
round_128:
    concurrency-covr: 2745
    concurrency-covr-up: 5

[1719075561.762218] [INFO]:
round_129:
    concurrency-covr: 2787
    concurrency-covr-up: 42

[1719075631.921986] [INFO]:
round_130:
    concurrency-covr: 2787
    concurrency-covr-up: 0

[1719075683.615971] [INFO]:
round_131:
    concurrency-covr: 2788
    concurrency-covr-up: 1

[1719075754.85452] [INFO]:
round_132:
    concurrency-covr: 2788
    concurrency-covr-up: 0

[1719075807.012621] [INFO]:
round_133:
    concurrency-covr: 2824
    concurrency-covr-up: 36

[1719075859.12078] [INFO]:
round_134:
    concurrency-covr: 2824
    concurrency-covr-up: 0

[1719075904.404405] [INFO]:
round_135:
    concurrency-covr: 2873
    concurrency-covr-up: 49

[1719075962.162329] [INFO]:
round_136:
    concurrency-covr: 2873
    concurrency-covr-up: 0

[1719076033.060834] [INFO]:
round_137:
    concurrency-covr: 2873
    concurrency-covr-up: 0

[1719076077.923402] [INFO]:
round_138:
    concurrency-covr: 2873
    concurrency-covr-up: 0

[1719076153.494381] [INFO]:
round_139:
    concurrency-covr: 2901
    concurrency-covr-up: 28

[1719076205.212768] [INFO]:
round_140:
    concurrency-covr: 2902
    concurrency-covr-up: 1

[1719076275.350211] [INFO]:
round_141:
    concurrency-covr: 2915
    concurrency-covr-up: 13

[1719076327.02421] [INFO]:
round_142:
    concurrency-covr: 2915
    concurrency-covr-up: 0

[1719076379.412536] [INFO]:
round_143:
    concurrency-covr: 2915
    concurrency-covr-up: 0

[1719076450.45589] [INFO]:
round_144:
    concurrency-covr: 2915
    concurrency-covr-up: 0

[1719076502.700207] [INFO]:
round_145:
    concurrency-covr: 2915
    concurrency-covr-up: 0

[1719076554.442223] [INFO]:
round_146:
    concurrency-covr: 2915
    concurrency-covr-up: 0

[1719076598.738931] [INFO]:
round_147:
    concurrency-covr: 2915
    concurrency-covr-up: 0

[1719076659.274517] [INFO]:
round_148:
    concurrency-covr: 2915
    concurrency-covr-up: 0

[1719076712.234573] [INFO]:
round_149:
    concurrency-covr: 2915
    concurrency-covr-up: 0

[1719076783.037081] [INFO]:
round_150:
    concurrency-covr: 2915
    concurrency-covr-up: 0

[1719076862.423156] [INFO]:
round_151:
    concurrency-covr: 2915
    concurrency-covr-up: 0

[1719076933.757729] [INFO]:
round_152:
    concurrency-covr: 3032
    concurrency-covr-up: 117

[1719076986.205714] [INFO]:
round_153:
    concurrency-covr: 3032
    concurrency-covr-up: 0

[1719077030.92888] [INFO]:
round_154:
    concurrency-covr: 3032
    concurrency-covr-up: 0

[1719077081.537592] [INFO]:
round_155:
    concurrency-covr: 3033
    concurrency-covr-up: 1

[1719077160.949421] [INFO]:
round_156:
    concurrency-covr: 3033
    concurrency-covr-up: 0

[1719077232.619206] [INFO]:
round_157:
    concurrency-covr: 3033
    concurrency-covr-up: 0

[1719077278.297084] [INFO]:
round_158:
    concurrency-covr: 3033
    concurrency-covr-up: 0

[1719077335.806564] [INFO]:
round_159:
    concurrency-covr: 3033
    concurrency-covr-up: 0

[1719077389.75945] [INFO]:
round_160:
    concurrency-covr: 3033
    concurrency-covr-up: 0

[1719077468.267352] [INFO]:
round_161:
    concurrency-covr: 3033
    concurrency-covr-up: 0

[1719077520.003175] [INFO]:
round_162:
    concurrency-covr: 3033
    concurrency-covr-up: 0

[1719077591.251815] [INFO]:
round_163:
    concurrency-covr: 3033
    concurrency-covr-up: 0

[1719077636.592857] [INFO]:
round_164:
    concurrency-covr: 3033
    concurrency-covr-up: 0

[1719077686.790345] [INFO]:
round_165:
    concurrency-covr: 3033
    concurrency-covr-up: 0

[1719077739.511746] [INFO]:
round_166:
    concurrency-covr: 3033
    concurrency-covr-up: 0

[1719077790.495945] [INFO]:
round_167:
    concurrency-covr: 3033
    concurrency-covr-up: 0

[1719077866.338601] [INFO]:
round_168:
    concurrency-covr: 3033
    concurrency-covr-up: 0

[1719077937.577815] [INFO]:
round_169:
    concurrency-covr: 3033
    concurrency-covr-up: 0

[1719078008.976819] [INFO]:
round_170:
    concurrency-covr: 3035
    concurrency-covr-up: 2

[1719078061.413225] [INFO]:
round_171:
    concurrency-covr: 3035
    concurrency-covr-up: 0

[1719078133.205827] [INFO]:
round_172:
    concurrency-covr: 3035
    concurrency-covr-up: 0

[1719078178.035505] [INFO]:
round_173:
    concurrency-covr: 3035
    concurrency-covr-up: 0

[1719078255.232535] [INFO]:
round_174:
    concurrency-covr: 3071
    concurrency-covr-up: 36

[1719078307.613376] [INFO]:
round_175:
    concurrency-covr: 3071
    concurrency-covr-up: 0

[1719078378.759976] [INFO]:
round_176:
    concurrency-covr: 3072
    concurrency-covr-up: 1

[1719078430.289593] [INFO]:
round_177:
    concurrency-covr: 3072
    concurrency-covr-up: 0

[1719078501.745669] [INFO]:
round_178:
    concurrency-covr: 3072
    concurrency-covr-up: 0

[1719078553.869201] [INFO]:
round_179:
    concurrency-covr: 3072
    concurrency-covr-up: 0

[1719078598.903941] [INFO]:
round_180:
    concurrency-covr: 3072
    concurrency-covr-up: 0

[1719078653.25028] [INFO]:
round_181:
    concurrency-covr: 3072
    concurrency-covr-up: 0

[1719078743.688465] [INFO]:
round_182:
    concurrency-covr: 3072
    concurrency-covr-up: 0

[1719078789.549708] [INFO]:
round_183:
    concurrency-covr: 3072
    concurrency-covr-up: 0

[1719078841.231943] [INFO]:
round_184:
    concurrency-covr: 3072
    concurrency-covr-up: 0

[1719078918.769108] [INFO]:
round_185:
    concurrency-covr: 3072
    concurrency-covr-up: 0

[1719078990.451938] [INFO]:
round_186:
    concurrency-covr: 3072
    concurrency-covr-up: 0

[1719079042.679027] [INFO]:
round_187:
    concurrency-covr: 3072
    concurrency-covr-up: 0

[1719079088.106261] [INFO]:
round_188:
    concurrency-covr: 3072
    concurrency-covr-up: 0

[1719079168.321492] [INFO]:
round_189:
    concurrency-covr: 3072
    concurrency-covr-up: 0

[1719079214.556041] [INFO]:
round_190:
    concurrency-covr: 3072
    concurrency-covr-up: 0

[1719079273.316192] [INFO]:
round_191:
    concurrency-covr: 3177
    concurrency-covr-up: 105

[1719079330.795912] [INFO]:
round_192:
    concurrency-covr: 3195
    concurrency-covr-up: 18

[1719079384.905144] [INFO]:
round_193:
    concurrency-covr: 3197
    concurrency-covr-up: 2

[1719079456.506615] [INFO]:
round_194:
    concurrency-covr: 3199
    concurrency-covr-up: 2

[1719079509.381457] [INFO]:
round_195:
    concurrency-covr: 3199
    concurrency-covr-up: 0

[1719079561.999355] [INFO]:
round_196:
    concurrency-covr: 3199
    concurrency-covr-up: 0

[1719079633.899623] [INFO]:
round_197:
    concurrency-covr: 3199
    concurrency-covr-up: 0

[1719079705.759682] [INFO]:
round_198:
    concurrency-covr: 3199
    concurrency-covr-up: 0

[1719079777.706057] [INFO]:
round_199:
    concurrency-covr: 3199
    concurrency-covr-up: 0

[1719079830.235165] [INFO]:
round_200:
    concurrency-covr: 3199
    concurrency-covr-up: 0

[1719079902.515323] [INFO]:
round_201:
    concurrency-covr: 3199
    concurrency-covr-up: 0

[1719079948.57675] [INFO]:
round_202:
    concurrency-covr: 3199
    concurrency-covr-up: 0

[1719080024.572028] [INFO]:
round_203:
    concurrency-covr: 3204
    concurrency-covr-up: 5

[1719080096.73012] [INFO]:
round_204:
    concurrency-covr: 3209
    concurrency-covr-up: 5

[1719080172.117529] [INFO]:
round_205:
    concurrency-covr: 3210
    concurrency-covr-up: 1

[1719080225.516073] [INFO]:
round_206:
    concurrency-covr: 3210
    concurrency-covr-up: 0

[1719080298.561082] [INFO]:
round_207:
    concurrency-covr: 3212
    concurrency-covr-up: 2

[1719080370.076141] [INFO]:
round_208:
    concurrency-covr: 3212
    concurrency-covr-up: 0

[1719080442.47809] [INFO]:
round_209:
    concurrency-covr: 3212
    concurrency-covr-up: 0

[1719080514.076054] [INFO]:
round_210:
    concurrency-covr: 3212
    concurrency-covr-up: 0

[1719080586.757123] [INFO]:
round_211:
    concurrency-covr: 3223
    concurrency-covr-up: 11

[1719080659.31009] [INFO]:
round_212:
    concurrency-covr: 3223
    concurrency-covr-up: 0

[1719080731.657106] [INFO]:
round_213:
    concurrency-covr: 3223
    concurrency-covr-up: 0

[1719080777.714367] [INFO]:
round_214:
    concurrency-covr: 3223
    concurrency-covr-up: 0

[1719080856.927529] [INFO]:
round_215:
    concurrency-covr: 3223
    concurrency-covr-up: 0

[1719080929.002016] [INFO]:
round_216:
    concurrency-covr: 3223
    concurrency-covr-up: 0

[1719080982.038388] [INFO]:
round_217:
    concurrency-covr: 3223
    concurrency-covr-up: 0

[1719081054.058519] [INFO]:
round_218:
    concurrency-covr: 3223
    concurrency-covr-up: 0

[1719081107.190499] [INFO]:
round_219:
    concurrency-covr: 3223
    concurrency-covr-up: 0

[1719081179.838437] [INFO]:
round_220:
    concurrency-covr: 3223
    concurrency-covr-up: 0

[1719081252.19634] [INFO]:
round_221:
    concurrency-covr: 3223
    concurrency-covr-up: 0

[1719081322.988147] [INFO]:
round_222:
    concurrency-covr: 3223
    concurrency-covr-up: 0

[1719081402.682156] [INFO]:
round_223:
    concurrency-covr: 3223
    concurrency-covr-up: 0

[1719081449.170279] [INFO]:
round_224:
    concurrency-covr: 3223
    concurrency-covr-up: 0

[1719081531.409049] [INFO]:
round_225:
    concurrency-covr: 3224
    concurrency-covr-up: 1

[1719081603.460038] [INFO]:
round_226:
    concurrency-covr: 3224
    concurrency-covr-up: 0

[1719081649.907495] [INFO]:
round_227:
    concurrency-covr: 3224
    concurrency-covr-up: 0

[1719081730.35675] [INFO]:
round_228:
    concurrency-covr: 3225
    concurrency-covr-up: 1

[1719081808.855778] [INFO]:
round_229:
    concurrency-covr: 3229
    concurrency-covr-up: 4

[1719081881.716991] [INFO]:
round_230:
    concurrency-covr: 3229
    concurrency-covr-up: 0

[1719081953.855598] [INFO]:
round_231:
    concurrency-covr: 3233
    concurrency-covr-up: 4

[1719082026.023872] [INFO]:
round_232:
    concurrency-covr: 3233
    concurrency-covr-up: 0

[1719082098.776096] [INFO]:
round_233:
    concurrency-covr: 3233
    concurrency-covr-up: 0

[1719082170.745216] [INFO]:
round_234:
    concurrency-covr: 3233
    concurrency-covr-up: 0

[1719082243.212247] [INFO]:
round_235:
    concurrency-covr: 3233
    concurrency-covr-up: 0

[1719082289.676597] [INFO]:
round_236:
    concurrency-covr: 3233
    concurrency-covr-up: 0

[1719082369.65957] [INFO]:
round_237:
    concurrency-covr: 3251
    concurrency-covr-up: 18

[1719082423.631264] [INFO]:
round_238:
    concurrency-covr: 3251
    concurrency-covr-up: 0

[1719082496.272898] [INFO]:
round_239:
    concurrency-covr: 3251
    concurrency-covr-up: 0

[1719082569.117994] [INFO]:
round_240:
    concurrency-covr: 3251
    concurrency-covr-up: 0

[1719082641.513945] [INFO]:
round_241:
    concurrency-covr: 3251
    concurrency-covr-up: 0

[1719082713.862] [INFO]:
round_242:
    concurrency-covr: 3251
    concurrency-covr-up: 0

[1719082786.072633] [INFO]:
round_243:
    concurrency-covr: 3251
    concurrency-covr-up: 0

[1719082857.763495] [INFO]:
round_244:
    concurrency-covr: 3251
    concurrency-covr-up: 0

[1719082904.643735] [INFO]:
round_245:
    concurrency-covr: 3251
    concurrency-covr-up: 0

[1719082957.652841] [INFO]:
round_246:
    concurrency-covr: 3251
    concurrency-covr-up: 0

[1719083040.843224] [INFO]:
round_247:
    concurrency-covr: 3263
    concurrency-covr-up: 12

[1719083114.195044] [INFO]:
round_248:
    concurrency-covr: 3277
    concurrency-covr-up: 14

[1719083187.500094] [INFO]:
round_249:
    concurrency-covr: 3299
    concurrency-covr-up: 22

[1719083260.110864] [INFO]:
round_250:
    concurrency-covr: 3299
    concurrency-covr-up: 0

[1719083332.323553] [INFO]:
round_251:
    concurrency-covr: 3299
    concurrency-covr-up: 0

[1719083423.830538] [INFO]:
round_252:
    concurrency-covr: 3299
    concurrency-covr-up: 0

[1719083477.93648] [INFO]:
round_253:
    concurrency-covr: 3299
    concurrency-covr-up: 0

[1719083524.062147] [INFO]:
round_254:
    concurrency-covr: 3299
    concurrency-covr-up: 0

[1719083577.315501] [INFO]:
round_255:
    concurrency-covr: 3299
    concurrency-covr-up: 0

[1719083632.198045] [INFO]:
round_256:
    concurrency-covr: 3299
    concurrency-covr-up: 0

[1719083684.373296] [INFO]:
round_257:
    concurrency-covr: 3299
    concurrency-covr-up: 0

[1719083765.208207] [INFO]:
round_258:
    concurrency-covr: 3299
    concurrency-covr-up: 0

[1719083810.680821] [INFO]:
round_259:
    concurrency-covr: 3299
    concurrency-covr-up: 0

[1719083867.611454] [INFO]:
round_260:
    concurrency-covr: 3383
    concurrency-covr-up: 84

[1719083930.084618] [INFO]:
round_261:
    concurrency-covr: 3383
    concurrency-covr-up: 0

[1719083976.975379] [INFO]:
round_262:
    concurrency-covr: 3384
    concurrency-covr-up: 1

[1719084037.451185] [INFO]:
round_263:
    concurrency-covr: 3384
    concurrency-covr-up: 0

[1719084111.136671] [INFO]:
round_264:
    concurrency-covr: 3385
    concurrency-covr-up: 1

[1719084184.476357] [INFO]:
round_265:
    concurrency-covr: 3385
    concurrency-covr-up: 0

[1719084256.825099] [INFO]:
round_266:
    concurrency-covr: 3385
    concurrency-covr-up: 0

[1719084303.205377] [INFO]:
round_267:
    concurrency-covr: 3385
    concurrency-covr-up: 0

[1719084383.328744] [INFO]:
round_268:
    concurrency-covr: 3406
    concurrency-covr-up: 21

[1719084458.602953] [INFO]:
round_269:
    concurrency-covr: 3406
    concurrency-covr-up: 0

[1719084531.55034] [INFO]:
round_270:
    concurrency-covr: 3406
    concurrency-covr-up: 0

[1719084604.676494] [INFO]:
round_271:
    concurrency-covr: 3406
    concurrency-covr-up: 0

[1719084677.459994] [INFO]:
round_272:
    concurrency-covr: 3411
    concurrency-covr-up: 5

[1719084751.431616] [INFO]:
round_273:
    concurrency-covr: 3414
    concurrency-covr-up: 3

[1719084823.190191] [INFO]:
round_274:
    concurrency-covr: 3414
    concurrency-covr-up: 0

[1719084882.0232] [INFO]:
round_275:
    concurrency-covr: 3419
    concurrency-covr-up: 5

[1719084961.879975] [INFO]:
round_276:
    concurrency-covr: 3419
    concurrency-covr-up: 0

[1719085035.297692] [INFO]:
round_277:
    concurrency-covr: 3419
    concurrency-covr-up: 0

[1719085108.734008] [INFO]:
round_278:
    concurrency-covr: 3419
    concurrency-covr-up: 0

[1719085156.50952] [INFO]:
round_279:
    concurrency-covr: 3419
    concurrency-covr-up: 0

[1719085239.074853] [INFO]:
round_280:
    concurrency-covr: 3419
    concurrency-covr-up: 0

[1719085312.300399] [INFO]:
round_281:
    concurrency-covr: 3421
    concurrency-covr-up: 2

[1719085385.745025] [INFO]:
round_282:
    concurrency-covr: 3421
    concurrency-covr-up: 0

[1719085458.801851] [INFO]:
round_283:
    concurrency-covr: 3421
    concurrency-covr-up: 0

[1719085532.499103] [INFO]:
round_284:
    concurrency-covr: 3421
    concurrency-covr-up: 0

[1719085606.30587] [INFO]:
round_285:
    concurrency-covr: 3421
    concurrency-covr-up: 0

[1719085679.70944] [INFO]:
round_286:
    concurrency-covr: 3421
    concurrency-covr-up: 0

[1719085753.304494] [INFO]:
round_287:
    concurrency-covr: 3421
    concurrency-covr-up: 0

[1719085826.399482] [INFO]:
round_288:
    concurrency-covr: 3422
    concurrency-covr-up: 1

[1719085899.60864] [INFO]:
round_289:
    concurrency-covr: 3425
    concurrency-covr-up: 3

[1719085973.305316] [INFO]:
round_290:
    concurrency-covr: 3425
    concurrency-covr-up: 0

[1719086021.130245] [INFO]:
round_291:
    concurrency-covr: 3425
    concurrency-covr-up: 0

[1719086100.701097] [INFO]:
round_292:
    concurrency-covr: 3425
    concurrency-covr-up: 0

[1719086174.033707] [INFO]:
round_293:
    concurrency-covr: 3425
    concurrency-covr-up: 0

[1719086248.686004] [INFO]:
round_294:
    concurrency-covr: 3425
    concurrency-covr-up: 0

[1719086322.274074] [INFO]:
round_295:
    concurrency-covr: 3425
    concurrency-covr-up: 0

[1719086394.869554] [INFO]:
round_296:
    concurrency-covr: 3425
    concurrency-covr-up: 0

[1719086486.473924] [INFO]:
round_297:
    concurrency-covr: 3425
    concurrency-covr-up: 0

[1719086532.953816] [INFO]:
round_298:
    concurrency-covr: 3425
    concurrency-covr-up: 0

[1719086619.912269] [INFO]:
round_299:
    concurrency-covr: 3504
    concurrency-covr-up: 79

[1719086694.026424] [INFO]:
round_300:
    concurrency-covr: 3504
    concurrency-covr-up: 0

[1719086767.596923] [INFO]:
round_301:
    concurrency-covr: 3505
    concurrency-covr-up: 1

[1719122395.492259] [INFO]:
round_302:
    concurrency-covr: 3507
    concurrency-covr-up: 2

[1719122445.933968] [INFO]:
round_303:
    concurrency-covr: 3507
    concurrency-covr-up: 0

[1719122496.22583] [INFO]:
round_304:
    concurrency-covr: 3507
    concurrency-covr-up: 0

[1719122539.859519] [INFO]:
round_305:
    concurrency-covr: 3507
    concurrency-covr-up: 0

[1719122595.192332] [INFO]:
round_306:
    concurrency-covr: 3507
    concurrency-covr-up: 0

[1719122664.037484] [INFO]:
round_307:
    concurrency-covr: 3507
    concurrency-covr-up: 0

[1719122733.282493] [INFO]:
round_308:
    concurrency-covr: 3507
    concurrency-covr-up: 0

[1719122777.054277] [INFO]:
round_309:
    concurrency-covr: 3507
    concurrency-covr-up: 0

[1719122831.995004] [INFO]:
round_310:
    concurrency-covr: 3507
    concurrency-covr-up: 0

[1719122876.065936] [INFO]:
round_311:
    concurrency-covr: 3507
    concurrency-covr-up: 0

[1719122925.676305] [INFO]:
round_312:
    concurrency-covr: 3507
    concurrency-covr-up: 0

[1719122974.897522] [INFO]:
round_313:
    concurrency-covr: 3507
    concurrency-covr-up: 0

[1719123023.278601] [INFO]:
round_314:
    concurrency-covr: 3531
    concurrency-covr-up: 24

[1719123098.589977] [INFO]:
round_315:
    concurrency-covr: 3531
    concurrency-covr-up: 0

[1719123168.145683] [INFO]:
round_316:
    concurrency-covr: 3531
    concurrency-covr-up: 0

[1719123212.006896] [INFO]:
round_317:
    concurrency-covr: 3531
    concurrency-covr-up: 0

[1719123261.191765] [INFO]:
round_318:
    concurrency-covr: 3531
    concurrency-covr-up: 0

[1719123312.6705] [INFO]:
round_319:
    concurrency-covr: 3531
    concurrency-covr-up: 0

[1719123362.446615] [INFO]:
round_320:
    concurrency-covr: 3531
    concurrency-covr-up: 0

[1719123414.713474] [INFO]:
round_321:
    concurrency-covr: 3531
    concurrency-covr-up: 0

[1719123462.660765] [INFO]:
round_322:
    concurrency-covr: 3625
    concurrency-covr-up: 94

[1719123521.205597] [INFO]:
round_323:
    concurrency-covr: 3625
    concurrency-covr-up: 0

[1719123565.459996] [INFO]:
round_324:
    concurrency-covr: 3625
    concurrency-covr-up: 0

[1719123613.826097] [INFO]:
round_325:
    concurrency-covr: 3625
    concurrency-covr-up: 0

[1719123689.387719] [INFO]:
round_326:
    concurrency-covr: 3625
    concurrency-covr-up: 0

[1719123733.434479] [INFO]:
round_327:
    concurrency-covr: 3625
    concurrency-covr-up: 0

[1719123807.909652] [INFO]:
round_328:
    concurrency-covr: 3627
    concurrency-covr-up: 2

[1719123858.230983] [INFO]:
round_329:
    concurrency-covr: 3627
    concurrency-covr-up: 0

[1719123902.64096] [INFO]:
round_330:
    concurrency-covr: 3627
    concurrency-covr-up: 0

[1719123951.44456] [INFO]:
round_331:
    concurrency-covr: 3627
    concurrency-covr-up: 0

[1719124003.240708] [INFO]:
round_332:
    concurrency-covr: 3627
    concurrency-covr-up: 0

[1719124078.289366] [INFO]:
round_333:
    concurrency-covr: 3627
    concurrency-covr-up: 0

[1719124122.369934] [INFO]:
round_334:
    concurrency-covr: 3627
    concurrency-covr-up: 0

[1719124197.383594] [INFO]:
round_335:
    concurrency-covr: 3627
    concurrency-covr-up: 0

[1719124247.56351] [INFO]:
round_336:
    concurrency-covr: 3627
    concurrency-covr-up: 0

[1719124291.909097] [INFO]:
round_337:
    concurrency-covr: 3680
    concurrency-covr-up: 53

[1719124348.503572] [INFO]:
round_338:
    concurrency-covr: 3680
    concurrency-covr-up: 0

[1719124418.582926] [INFO]:
round_339:
    concurrency-covr: 3680
    concurrency-covr-up: 0

[1719124462.552886] [INFO]:
round_340:
    concurrency-covr: 3680
    concurrency-covr-up: 0

[1719124515.326176] [INFO]:
round_341:
    concurrency-covr: 3680
    concurrency-covr-up: 0

[1719124593.933171] [INFO]:
round_342:
    concurrency-covr: 3680
    concurrency-covr-up: 0

[1719124638.611842] [INFO]:
round_343:
    concurrency-covr: 3680
    concurrency-covr-up: 0

[1719124687.553422] [INFO]:
round_344:
    concurrency-covr: 3680
    concurrency-covr-up: 0

[1719124765.56713] [INFO]:
round_345:
    concurrency-covr: 3680
    concurrency-covr-up: 0

[1719124835.050416] [INFO]:
round_346:
    concurrency-covr: 3680
    concurrency-covr-up: 0

[1719124905.254277] [INFO]:
round_347:
    concurrency-covr: 3680
    concurrency-covr-up: 0

[1719124949.646105] [INFO]:
round_348:
    concurrency-covr: 3680
    concurrency-covr-up: 0

[1719125001.673633] [INFO]:
round_349:
    concurrency-covr: 3680
    concurrency-covr-up: 0

[1719125051.455308] [INFO]:
round_350:
    concurrency-covr: 3680
    concurrency-covr-up: 0

[1719125101.028635] [INFO]:
round_351:
    concurrency-covr: 3680
    concurrency-covr-up: 0

[1719125187.842402] [INFO]:
round_352:
    concurrency-covr: 3680
    concurrency-covr-up: 0

[1719125231.477812] [INFO]:
round_353:
    concurrency-covr: 3680
    concurrency-covr-up: 0

[1719125281.963363] [INFO]:
round_354:
    concurrency-covr: 3703
    concurrency-covr-up: 23

[1719125338.221061] [INFO]:
round_355:
    concurrency-covr: 3703
    concurrency-covr-up: 0

[1719125408.374515] [INFO]:
round_356:
    concurrency-covr: 3703
    concurrency-covr-up: 0

[1719125478.511942] [INFO]:
round_357:
    concurrency-covr: 3703
    concurrency-covr-up: 0

[1719125523.010528] [INFO]:
round_358:
    concurrency-covr: 3703
    concurrency-covr-up: 0

[1719125572.411708] [INFO]:
round_359:
    concurrency-covr: 3710
    concurrency-covr-up: 7

[1719125631.076776] [INFO]:
round_360:
    concurrency-covr: 3710
    concurrency-covr-up: 0

[1719125681.758526] [INFO]:
round_361:
    concurrency-covr: 3710
    concurrency-covr-up: 0

[1719125751.996831] [INFO]:
round_362:
    concurrency-covr: 3710
    concurrency-covr-up: 0

[1719125796.781549] [INFO]:
round_363:
    concurrency-covr: 3710
    concurrency-covr-up: 0

[1719125848.48427] [INFO]:
round_364:
    concurrency-covr: 3710
    concurrency-covr-up: 0

[1719125903.65572] [INFO]:
round_365:
    concurrency-covr: 3710
    concurrency-covr-up: 0

[1719125956.152976] [INFO]:
round_366:
    concurrency-covr: 3714
    concurrency-covr-up: 4

[1719126015.564768] [INFO]:
round_367:
    concurrency-covr: 3714
    concurrency-covr-up: 0

[1719126059.912684] [INFO]:
round_368:
    concurrency-covr: 3714
    concurrency-covr-up: 0

[1719126110.152359] [INFO]:
round_369:
    concurrency-covr: 3718
    concurrency-covr-up: 4

[1719126168.57855] [INFO]:
round_370:
    concurrency-covr: 3721
    concurrency-covr-up: 3

[1719126239.075352] [INFO]:
round_371:
    concurrency-covr: 3721
    concurrency-covr-up: 0

[1719126309.743501] [INFO]:
round_372:
    concurrency-covr: 3721
    concurrency-covr-up: 0

[1719126380.236039] [INFO]:
round_373:
    concurrency-covr: 3721
    concurrency-covr-up: 0

[1719126424.082891] [INFO]:
round_374:
    concurrency-covr: 3721
    concurrency-covr-up: 0

[1719126476.4403] [INFO]:
round_375:
    concurrency-covr: 3721
    concurrency-covr-up: 0

[1719126556.089056] [INFO]:
round_376:
    concurrency-covr: 3721
    concurrency-covr-up: 0

[1719126626.673059] [INFO]:
round_377:
    concurrency-covr: 3737
    concurrency-covr-up: 16

[1719126678.255612] [INFO]:
round_378:
    concurrency-covr: 3737
    concurrency-covr-up: 0

[1719126722.537282] [INFO]:
round_379:
    concurrency-covr: 3737
    concurrency-covr-up: 0

[1719126775.496773] [INFO]:
round_380:
    concurrency-covr: 3762
    concurrency-covr-up: 25

[1719126858.002894] [INFO]:
round_381:
    concurrency-covr: 3789
    concurrency-covr-up: 27

[1719126909.450439] [INFO]:
round_382:
    concurrency-covr: 3789
    concurrency-covr-up: 0

[1719126953.711458] [INFO]:
round_383:
    concurrency-covr: 3801
    concurrency-covr-up: 12

[1719127014.118383] [INFO]:
round_384:
    concurrency-covr: 3801
    concurrency-covr-up: 0

[1719127058.970286] [INFO]:
round_385:
    concurrency-covr: 3801
    concurrency-covr-up: 0

[1719127110.533966] [INFO]:
round_386:
    concurrency-covr: 3801
    concurrency-covr-up: 0

[1719127163.756014] [INFO]:
round_387:
    concurrency-covr: 3801
    concurrency-covr-up: 0

[1719127218.878139] [INFO]:
round_388:
    concurrency-covr: 3801
    concurrency-covr-up: 0

[1719127269.565312] [INFO]:
round_389:
    concurrency-covr: 3801
    concurrency-covr-up: 0

[1719127348.022024] [INFO]:
round_390:
    concurrency-covr: 3801
    concurrency-covr-up: 0

[1719127418.6226] [INFO]:
round_391:
    concurrency-covr: 3803
    concurrency-covr-up: 2

[1719127470.618384] [INFO]:
round_392:
    concurrency-covr: 3803
    concurrency-covr-up: 0

[1719127541.570653] [INFO]:
round_393:
    concurrency-covr: 3803
    concurrency-covr-up: 0

[1719127585.651489] [INFO]:
round_394:
    concurrency-covr: 3807
    concurrency-covr-up: 4

[1719127644.988297] [INFO]:
round_395:
    concurrency-covr: 3807
    concurrency-covr-up: 0

[1719127689.609282] [INFO]:
round_396:
    concurrency-covr: 3807
    concurrency-covr-up: 0

[1719127741.819056] [INFO]:
round_397:
    concurrency-covr: 3807
    concurrency-covr-up: 0

[1719127818.077517] [INFO]:
round_398:
    concurrency-covr: 3807
    concurrency-covr-up: 0

[1719127863.029511] [INFO]:
round_399:
    concurrency-covr: 3808
    concurrency-covr-up: 1

[1719127922.752662] [INFO]:
round_400:
    concurrency-covr: 3823
    concurrency-covr-up: 15

[1719127993.877973] [INFO]:
round_401:
    concurrency-covr: 3934
    concurrency-covr-up: 111

[1719128065.284775] [INFO]:
round_402:
    concurrency-covr: 3934
    concurrency-covr-up: 0

[1719128110.569196] [INFO]:
round_403:
    concurrency-covr: 3934
    concurrency-covr-up: 0

[1719128188.889694] [INFO]:
round_404:
    concurrency-covr: 3934
    concurrency-covr-up: 0

[1719128234.503804] [INFO]:
round_405:
    concurrency-covr: 3934
    concurrency-covr-up: 0

[1719128318.789314] [INFO]:
round_406:
    concurrency-covr: 3934
    concurrency-covr-up: 0

[1719128389.703514] [INFO]:
round_407:
    concurrency-covr: 3934
    concurrency-covr-up: 0

[1719128433.805368] [INFO]:
round_408:
    concurrency-covr: 3934
    concurrency-covr-up: 0

[1719128490.667525] [INFO]:
round_409:
    concurrency-covr: 3934
    concurrency-covr-up: 0

[1719128542.562067] [INFO]:
round_410:
    concurrency-covr: 3934
    concurrency-covr-up: 0

[1719128593.073521] [INFO]:
round_411:
    concurrency-covr: 3934
    concurrency-covr-up: 0

[1719128649.00651] [INFO]:
round_412:
    concurrency-covr: 3938
    concurrency-covr-up: 4

[1719128721.024912] [INFO]:
round_413:
    concurrency-covr: 3944
    concurrency-covr-up: 6

[1719128792.56573] [INFO]:
round_414:
    concurrency-covr: 3944
    concurrency-covr-up: 0

[1719128837.659514] [INFO]:
round_415:
    concurrency-covr: 3944
    concurrency-covr-up: 0

[1719128890.693115] [INFO]:
round_416:
    concurrency-covr: 3945
    concurrency-covr-up: 1

[1719128972.359259] [INFO]:
round_417:
    concurrency-covr: 3945
    concurrency-covr-up: 0

[1719129016.742235] [INFO]:
round_418:
    concurrency-covr: 3945
    concurrency-covr-up: 0

[1719129096.172088] [INFO]:
round_419:
    concurrency-covr: 3945
    concurrency-covr-up: 0

[1719129140.780157] [INFO]:
round_420:
    concurrency-covr: 3945
    concurrency-covr-up: 0

[1719129194.403603] [INFO]:
round_421:
    concurrency-covr: 3945
    concurrency-covr-up: 0

[1719129252.282291] [INFO]:
round_422:
    concurrency-covr: 3945
    concurrency-covr-up: 0

[1719129334.986867] [INFO]:
round_423:
    concurrency-covr: 3946
    concurrency-covr-up: 1

[1719129406.12551] [INFO]:
round_424:
    concurrency-covr: 3946
    concurrency-covr-up: 0

[1719129451.832171] [INFO]:
round_425:
    concurrency-covr: 3946
    concurrency-covr-up: 0

[1719129501.053507] [INFO]:
round_426:
    concurrency-covr: 3946
    concurrency-covr-up: 0

[1719129562.180488] [INFO]:
round_427:
    concurrency-covr: 3946
    concurrency-covr-up: 0

[1719129606.526082] [INFO]:
round_428:
    concurrency-covr: 3946
    concurrency-covr-up: 0

[1719129659.707418] [INFO]:
round_429:
    concurrency-covr: 3946
    concurrency-covr-up: 0

[1719129713.74512] [INFO]:
round_430:
    concurrency-covr: 3946
    concurrency-covr-up: 0

[1719129792.946134] [INFO]:
round_431:
    concurrency-covr: 3946
    concurrency-covr-up: 0

[1719129837.376434] [INFO]:
round_432:
    concurrency-covr: 3946
    concurrency-covr-up: 0

[1719129922.897362] [INFO]:
round_433:
    concurrency-covr: 3946
    concurrency-covr-up: 0

[1719129968.776238] [INFO]:
round_434:
    concurrency-covr: 3946
    concurrency-covr-up: 0

[1719130021.489505] [INFO]:
round_435:
    concurrency-covr: 3946
    concurrency-covr-up: 0

[1719130074.440503] [INFO]:
round_436:
    concurrency-covr: 3946
    concurrency-covr-up: 0

[1719130130.448942] [INFO]:
round_437:
    concurrency-covr: 3946
    concurrency-covr-up: 0

[1719130186.68794] [INFO]:
round_438:
    concurrency-covr: 3995
    concurrency-covr-up: 49

[1719130246.035515] [INFO]:
round_439:
    concurrency-covr: 4008
    concurrency-covr-up: 13

[1719130299.858648] [INFO]:
round_440:
    concurrency-covr: 4008
    concurrency-covr-up: 0

[1719130371.940961] [INFO]:
round_441:
    concurrency-covr: 4059
    concurrency-covr-up: 51

[1719130425.839609] [INFO]:
round_442:
    concurrency-covr: 4121
    concurrency-covr-up: 62

[1719130478.169719] [INFO]:
round_443:
    concurrency-covr: 4121
    concurrency-covr-up: 0

[1719130549.951631] [INFO]:
round_444:
    concurrency-covr: 4121
    concurrency-covr-up: 0

[1719130594.960961] [INFO]:
round_445:
    concurrency-covr: 4123
    concurrency-covr-up: 2

[1719130674.849905] [INFO]:
round_446:
    concurrency-covr: 4123
    concurrency-covr-up: 0

[1719130721.045657] [INFO]:
round_447:
    concurrency-covr: 4123
    concurrency-covr-up: 0

[1719130800.013932] [INFO]:
round_448:
    concurrency-covr: 4123
    concurrency-covr-up: 0

[1719130844.578886] [INFO]:
round_449:
    concurrency-covr: 4123
    concurrency-covr-up: 0

[1719130894.520732] [INFO]:
round_450:
    concurrency-covr: 4123
    concurrency-covr-up: 0

[1719130944.788277] [INFO]:
round_451:
    concurrency-covr: 4123
    concurrency-covr-up: 0

[1719131027.936157] [INFO]:
round_452:
    concurrency-covr: 4123
    concurrency-covr-up: 0

[1719131072.840453] [INFO]:
round_453:
    concurrency-covr: 4123
    concurrency-covr-up: 0

[1719131151.72449] [INFO]:
round_454:
    concurrency-covr: 4123
    concurrency-covr-up: 0

[1719131197.808252] [INFO]:
round_455:
    concurrency-covr: 4123
    concurrency-covr-up: 0

[1719131277.55009] [INFO]:
round_456:
    concurrency-covr: 4123
    concurrency-covr-up: 0

[1719131323.742325] [INFO]:
round_457:
    concurrency-covr: 4123
    concurrency-covr-up: 0

[1719131402.569988] [INFO]:
round_458:
    concurrency-covr: 4123
    concurrency-covr-up: 0

[1719131447.123965] [INFO]:
round_459:
    concurrency-covr: 4123
    concurrency-covr-up: 0

[1719131510.760481] [INFO]:
round_460:
    concurrency-covr: 4123
    concurrency-covr-up: 0

[1719131566.848368] [INFO]:
round_461:
    concurrency-covr: 4123
    concurrency-covr-up: 0

[1719131620.091628] [INFO]:
round_462:
    concurrency-covr: 4123
    concurrency-covr-up: 0

[1719131673.891547] [INFO]:
round_463:
    concurrency-covr: 4129
    concurrency-covr-up: 6

[1719131733.975491] [INFO]:
round_464:
    concurrency-covr: 4129
    concurrency-covr-up: 0

[1719132742.478078] [INFO]:
round_465:
    concurrency-covr: 4129
    concurrency-covr-up: 0

[1719132829.067177] [INFO]:
round_466:
    concurrency-covr: 4129
    concurrency-covr-up: 0

[1719132874.549462] [INFO]:
round_467:
    concurrency-covr: 4129
    concurrency-covr-up: 0

[1719132961.073452] [INFO]:
round_468:
    concurrency-covr: 4129
    concurrency-covr-up: 0

[1719133007.234735] [INFO]:
round_469:
    concurrency-covr: 4132
    concurrency-covr-up: 3

[1719133093.407895] [INFO]:
round_470:
    concurrency-covr: 4140
    concurrency-covr-up: 8

[1719133147.556472] [INFO]:
round_471:
    concurrency-covr: 4140
    concurrency-covr-up: 0

[1719133193.499669] [INFO]:
round_472:
    concurrency-covr: 4140
    concurrency-covr-up: 0

[1719133273.570301] [INFO]:
round_473:
    concurrency-covr: 4140
    concurrency-covr-up: 0

[1719133320.030805] [INFO]:
round_474:
    concurrency-covr: 4140
    concurrency-covr-up: 0

[1719133375.733714] [INFO]:
round_475:
    concurrency-covr: 4140
    concurrency-covr-up: 0

[1719133432.139664] [INFO]:
round_476:
    concurrency-covr: 4140
    concurrency-covr-up: 0

[1719133523.941982] [INFO]:
round_477:
    concurrency-covr: 4140
    concurrency-covr-up: 0

[1719133569.25618] [INFO]:
round_478:
    concurrency-covr: 4186
    concurrency-covr-up: 46

[1719133650.300109] [INFO]:
round_479:
    concurrency-covr: 4186
    concurrency-covr-up: 0

[1719133695.917516] [INFO]:
round_480:
    concurrency-covr: 4187
    concurrency-covr-up: 1

[1719133780.529535] [INFO]:
round_481:
    concurrency-covr: 4187
    concurrency-covr-up: 0

[1719133826.06171] [INFO]:
round_482:
    concurrency-covr: 4187
    concurrency-covr-up: 0

[1719133879.981373] [INFO]:
round_483:
    concurrency-covr: 4187
    concurrency-covr-up: 0

[1719133959.966207] [INFO]:
round_484:
    concurrency-covr: 4187
    concurrency-covr-up: 0

[1719134005.6638] [INFO]:
round_485:
    concurrency-covr: 4187
    concurrency-covr-up: 0

[1719134086.216724] [INFO]:
round_486:
    concurrency-covr: 4187
    concurrency-covr-up: 0

[1719134131.985292] [INFO]:
round_487:
    concurrency-covr: 4187
    concurrency-covr-up: 0

[1719134185.529717] [INFO]:
round_488:
    concurrency-covr: 4187
    concurrency-covr-up: 0

[1719134245.426776] [INFO]:
round_489:
    concurrency-covr: 4187
    concurrency-covr-up: 0

[1719134301.329858] [INFO]:
round_490:
    concurrency-covr: 4187
    concurrency-covr-up: 0

[1719134360.753867] [INFO]:
round_491:
    concurrency-covr: 4187
    concurrency-covr-up: 0

[1719134411.850718] [INFO]:
round_492:
    concurrency-covr: 4187
    concurrency-covr-up: 0

[1719134465.204223] [INFO]:
round_493:
    concurrency-covr: 4187
    concurrency-covr-up: 0

[1719134521.046815] [INFO]:
round_494:
    concurrency-covr: 4187
    concurrency-covr-up: 0

[1719134602.092328] [INFO]:
round_495:
    concurrency-covr: 4187
    concurrency-covr-up: 0

[1719134647.584801] [INFO]:
round_496:
    concurrency-covr: 4187
    concurrency-covr-up: 0

[1719134704.644909] [INFO]:
round_497:
    concurrency-covr: 4187
    concurrency-covr-up: 0

[1719134785.326048] [INFO]:
round_498:
    concurrency-covr: 4187
    concurrency-covr-up: 0

[1719134831.890209] [INFO]:
round_499:
    concurrency-covr: 4187
    concurrency-covr-up: 0

[1719134888.008405] [INFO]:
round_500:
    concurrency-covr: 4187
    concurrency-covr-up: 0

[1719134954.129542] [INFO]:
round_501:
    concurrency-covr: 4187
    concurrency-covr-up: 0

[1719135035.443699] [INFO]:
round_502:
    concurrency-covr: 4187
    concurrency-covr-up: 0

[1719135081.849235] [INFO]:
round_503:
    concurrency-covr: 4187
    concurrency-covr-up: 0

[1719135135.416274] [INFO]:
round_504:
    concurrency-covr: 4187
    concurrency-covr-up: 0

[1719135224.633245] [INFO]:
round_505:
    concurrency-covr: 4187
    concurrency-covr-up: 0

[1719135297.324279] [INFO]:
round_506:
    concurrency-covr: 4205
    concurrency-covr-up: 18

[1719135371.449585] [INFO]:
round_507:
    concurrency-covr: 4205
    concurrency-covr-up: 0

[1719135417.294544] [INFO]:
round_508:
    concurrency-covr: 4205
    concurrency-covr-up: 0

[1719135497.740018] [INFO]:
round_509:
    concurrency-covr: 4205
    concurrency-covr-up: 0

[1719135571.109848] [INFO]:
round_510:
    concurrency-covr: 4205
    concurrency-covr-up: 0

[1719135644.61714] [INFO]:
round_511:
    concurrency-covr: 4205
    concurrency-covr-up: 0

[1719136946.559036] [INFO]:
round_512:
    concurrency-covr: 4205
    concurrency-covr-up: 0

[1719136990.42163] [INFO]:
round_513:
    concurrency-covr: 4205
    concurrency-covr-up: 0

[1719137045.362308] [INFO]:
round_514:
    concurrency-covr: 4217
    concurrency-covr-up: 12

[1719137096.183847] [INFO]:
round_515:
    concurrency-covr: 4217
    concurrency-covr-up: 0

[1719137145.944016] [INFO]:
round_516:
    concurrency-covr: 4217
    concurrency-covr-up: 0

[1719137195.943476] [INFO]:
round_517:
    concurrency-covr: 4264
    concurrency-covr-up: 47

[1719137247.09578] [INFO]:
round_518:
    concurrency-covr: 4264
    concurrency-covr-up: 0

[1719137291.389801] [INFO]:
round_519:
    concurrency-covr: 4264
    concurrency-covr-up: 0

[1719137365.662057] [INFO]:
round_520:
    concurrency-covr: 4264
    concurrency-covr-up: 0

[1719137409.493272] [INFO]:
round_521:
    concurrency-covr: 4266
    concurrency-covr-up: 2

[1719137464.509495] [INFO]:
round_522:
    concurrency-covr: 4266
    concurrency-covr-up: 0

[1719137515.041084] [INFO]:
round_523:
    concurrency-covr: 4266
    concurrency-covr-up: 0

[1719137584.613428] [INFO]:
round_524:
    concurrency-covr: 4266
    concurrency-covr-up: 0

[1719137634.686458] [INFO]:
round_525:
    concurrency-covr: 4266
    concurrency-covr-up: 0

[1719137678.869513] [INFO]:
round_526:
    concurrency-covr: 4266
    concurrency-covr-up: 0

[1719137728.825224] [INFO]:
round_527:
    concurrency-covr: 4269
    concurrency-covr-up: 3

[1719137786.163966] [INFO]:
round_528:
    concurrency-covr: 4269
    concurrency-covr-up: 0

[1719137855.628259] [INFO]:
round_529:
    concurrency-covr: 4269
    concurrency-covr-up: 0

[1719137899.655299] [INFO]:
round_530:
    concurrency-covr: 4269
    concurrency-covr-up: 0

[1719137949.255338] [INFO]:
round_531:
    concurrency-covr: 4269
    concurrency-covr-up: 0

[1719137998.382916] [INFO]:
round_532:
    concurrency-covr: 4272
    concurrency-covr-up: 3

[1719138053.296525] [INFO]:
round_533:
    concurrency-covr: 4272
    concurrency-covr-up: 0

[1719138103.353488] [INFO]:
round_534:
    concurrency-covr: 4272
    concurrency-covr-up: 0

[1719138173.062883] [INFO]:
round_535:
    concurrency-covr: 4278
    concurrency-covr-up: 6

[1719138223.392091] [INFO]:
round_536:
    concurrency-covr: 4278
    concurrency-covr-up: 0

[1719138293.107873] [INFO]:
round_537:
    concurrency-covr: 4296
    concurrency-covr-up: 18

[1719138343.407447] [INFO]:
round_538:
    concurrency-covr: 4296
    concurrency-covr-up: 0

[1719138394.103904] [INFO]:
round_539:
    concurrency-covr: 4296
    concurrency-covr-up: 0

[1719138463.681884] [INFO]:
round_540:
    concurrency-covr: 4298
    concurrency-covr-up: 2

[1719138533.402095] [INFO]:
round_541:
    concurrency-covr: 4308
    concurrency-covr-up: 10

[1719138585.05651] [INFO]:
round_542:
    concurrency-covr: 4312
    concurrency-covr-up: 4

[1719138636.0361] [INFO]:
round_543:
    concurrency-covr: 4312
    concurrency-covr-up: 0

[1719138680.62231] [INFO]:
round_544:
    concurrency-covr: 4312
    concurrency-covr-up: 0

[1719138736.555373] [INFO]:
round_545:
    concurrency-covr: 4312
    concurrency-covr-up: 0

[1719138806.487026] [INFO]:
round_546:
    concurrency-covr: 4312
    concurrency-covr-up: 0

[1719138876.202582] [INFO]:
round_547:
    concurrency-covr: 4387
    concurrency-covr-up: 75

[1719138945.957407] [INFO]:
round_548:
    concurrency-covr: 4390
    concurrency-covr-up: 3

[1719138996.964457] [INFO]:
round_549:
    concurrency-covr: 4390
    concurrency-covr-up: 0

[1719139041.404323] [INFO]:
round_550:
    concurrency-covr: 4390
    concurrency-covr-up: 0

[1719139116.342949] [INFO]:
round_551:
    concurrency-covr: 4390
    concurrency-covr-up: 0

[1719139160.544915] [INFO]:
round_552:
    concurrency-covr: 4390
    concurrency-covr-up: 0

[1719139235.459837] [INFO]:
round_553:
    concurrency-covr: 4392
    concurrency-covr-up: 2

[1719139285.603095] [INFO]:
round_554:
    concurrency-covr: 4393
    concurrency-covr-up: 1

[1719139336.464341] [INFO]:
round_555:
    concurrency-covr: 4393
    concurrency-covr-up: 0

[1719139406.477269] [INFO]:
round_556:
    concurrency-covr: 4393
    concurrency-covr-up: 0

[1719139477.100197] [INFO]:
round_557:
    concurrency-covr: 4393
    concurrency-covr-up: 0

[1719139527.359578] [INFO]:
round_558:
    concurrency-covr: 4393
    concurrency-covr-up: 0

[1719139571.81702] [INFO]:
round_559:
    concurrency-covr: 4393
    concurrency-covr-up: 0

[1719139621.194144] [INFO]:
round_560:
    concurrency-covr: 4393
    concurrency-covr-up: 0

[1719139669.588064] [INFO]:
round_561:
    concurrency-covr: 4396
    concurrency-covr-up: 3

[1719139726.795619] [INFO]:
round_562:
    concurrency-covr: 4417
    concurrency-covr-up: 21

[1719139797.515342] [INFO]:
round_563:
    concurrency-covr: 4417
    concurrency-covr-up: 0

[1719139853.387883] [INFO]:
round_564:
    concurrency-covr: 4417
    concurrency-covr-up: 0

[1719139923.364165] [INFO]:
round_565:
    concurrency-covr: 4417
    concurrency-covr-up: 0

[1719139994.116687] [INFO]:
round_566:
    concurrency-covr: 4417
    concurrency-covr-up: 0

[1719140064.528295] [INFO]:
round_567:
    concurrency-covr: 4430
    concurrency-covr-up: 13

[1719140138.460267] [INFO]:
round_568:
    concurrency-covr: 4430
    concurrency-covr-up: 0

[1719140183.253505] [INFO]:
round_569:
    concurrency-covr: 4440
    concurrency-covr-up: 10

[1719140260.370427] [INFO]:
round_570:
    concurrency-covr: 4440
    concurrency-covr-up: 0

[1719140338.925269] [INFO]:
round_571:
    concurrency-covr: 4440
    concurrency-covr-up: 0

[1719140383.868688] [INFO]:
round_572:
    concurrency-covr: 4440
    concurrency-covr-up: 0

[1719140459.845807] [INFO]:
round_573:
    concurrency-covr: 4440
    concurrency-covr-up: 0

[1719140511.352607] [INFO]:
round_574:
    concurrency-covr: 4440
    concurrency-covr-up: 0

[1719140562.890472] [INFO]:
round_575:
    concurrency-covr: 4440
    concurrency-covr-up: 0

[1719140633.256346] [INFO]:
round_576:
    concurrency-covr: 4442
    concurrency-covr-up: 2

[1719140703.475239] [INFO]:
round_577:
    concurrency-covr: 4442
    concurrency-covr-up: 0

[1719140773.779019] [INFO]:
round_578:
    concurrency-covr: 4460
    concurrency-covr-up: 18

[1719140827.577268] [INFO]:
round_579:
    concurrency-covr: 4460
    concurrency-covr-up: 0

[1719140878.413719] [INFO]:
round_580:
    concurrency-covr: 4460
    concurrency-covr-up: 0

[1719140948.724831] [INFO]:
round_581:
    concurrency-covr: 4460
    concurrency-covr-up: 0

[1719141019.05059] [INFO]:
round_582:
    concurrency-covr: 4460
    concurrency-covr-up: 0

[1719141069.793217] [INFO]:
round_583:
    concurrency-covr: 4460
    concurrency-covr-up: 0

[1719141120.269193] [INFO]:
round_584:
    concurrency-covr: 4460
    concurrency-covr-up: 0

[1719141171.409659] [INFO]:
round_585:
    concurrency-covr: 4460
    concurrency-covr-up: 0

[1719141222.589169] [INFO]:
round_586:
    concurrency-covr: 4498
    concurrency-covr-up: 38

[1719141274.999751] [INFO]:
round_587:
    concurrency-covr: 4498
    concurrency-covr-up: 0

[1719141318.80482] [INFO]:
round_588:
    concurrency-covr: 4498
    concurrency-covr-up: 0

[1719141369.536164] [INFO]:
round_589:
    concurrency-covr: 4498
    concurrency-covr-up: 0

[1719141444.948001] [INFO]:
round_590:
    concurrency-covr: 4498
    concurrency-covr-up: 0

[1719141489.920504] [INFO]:
round_591:
    concurrency-covr: 4499
    concurrency-covr-up: 1

[1719141569.138475] [INFO]:
round_592:
    concurrency-covr: 4499
    concurrency-covr-up: 0

[1719141612.750359] [INFO]:
round_593:
    concurrency-covr: 4499
    concurrency-covr-up: 0

[1719141672.663107] [INFO]:
round_594:
    concurrency-covr: 4499
    concurrency-covr-up: 0

[1719141731.488118] [INFO]:
round_595:
    concurrency-covr: 4499
    concurrency-covr-up: 0

[1719141775.365769] [INFO]:
round_596:
    concurrency-covr: 4499
    concurrency-covr-up: 0

[1719141854.227282] [INFO]:
round_597:
    concurrency-covr: 4501
    concurrency-covr-up: 2

[1719141925.021826] [INFO]:
round_598:
    concurrency-covr: 4501
    concurrency-covr-up: 0

[1719141995.821216] [INFO]:
round_599:
    concurrency-covr: 4501
    concurrency-covr-up: 0

[1719142046.525741] [INFO]:
round_600:
    concurrency-covr: 4525
    concurrency-covr-up: 24

[1719142100.133594] [INFO]:
round_601:
    concurrency-covr: 4525
    concurrency-covr-up: 0

[1719142151.526137] [INFO]:
round_602:
    concurrency-covr: 4532
    concurrency-covr-up: 7

[1719142222.322052] [INFO]:
round_603:
    concurrency-covr: 4532
    concurrency-covr-up: 0

[1719142659.416101] [INFO]:
round_604:
    concurrency-covr: 4532
    concurrency-covr-up: 0

[1719142730.293116] [INFO]:
round_605:
    concurrency-covr: 4532
    concurrency-covr-up: 0

[1719142781.496085] [INFO]:
round_606:
    concurrency-covr: 4543
    concurrency-covr-up: 11

[1719142852.616114] [INFO]:
round_607:
    concurrency-covr: 4543
    concurrency-covr-up: 0

[1719142923.782963] [INFO]:
round_608:
    concurrency-covr: 4543
    concurrency-covr-up: 0

[1719142968.607598] [INFO]:
round_609:
    concurrency-covr: 4543
    concurrency-covr-up: 0

[1719143050.730141] [INFO]:
round_610:
    concurrency-covr: 4543
    concurrency-covr-up: 0

[1719143123.717677] [INFO]:
round_611:
    concurrency-covr: 4596
    concurrency-covr-up: 53

[1719143197.134086] [INFO]:
round_612:
    concurrency-covr: 4630
    concurrency-covr-up: 34

[1719143267.191538] [INFO]:
round_613:
    concurrency-covr: 4630
    concurrency-covr-up: 0

[1719143312.343352] [INFO]:
round_614:
    concurrency-covr: 4630
    concurrency-covr-up: 0

[1719143372.289141] [INFO]:
round_615:
    concurrency-covr: 4630
    concurrency-covr-up: 0

[1719143424.289188] [INFO]:
round_616:
    concurrency-covr: 4630
    concurrency-covr-up: 0

[1719143495.333123] [INFO]:
round_617:
    concurrency-covr: 4630
    concurrency-covr-up: 0

[1719143585.527528] [INFO]:
round_618:
    concurrency-covr: 4634
    concurrency-covr-up: 4

[1719143637.423503] [INFO]:
round_619:
    concurrency-covr: 4634
    concurrency-covr-up: 0

[1719143688.92316] [INFO]:
round_620:
    concurrency-covr: 4634
    concurrency-covr-up: 0

[1719143759.808225] [INFO]:
round_621:
    concurrency-covr: 4634
    concurrency-covr-up: 0

[1719143811.075829] [INFO]:
round_622:
    concurrency-covr: 4634
    concurrency-covr-up: 0

[1719143882.269287] [INFO]:
round_623:
    concurrency-covr: 4634
    concurrency-covr-up: 0

[1719143953.638704] [INFO]:
round_624:
    concurrency-covr: 4634
    concurrency-covr-up: 0

[1719144025.005197] [INFO]:
round_625:
    concurrency-covr: 4634
    concurrency-covr-up: 0

[1719144096.377152] [INFO]:
round_626:
    concurrency-covr: 4634
    concurrency-covr-up: 0

[1719144167.860189] [INFO]:
round_627:
    concurrency-covr: 4634
    concurrency-covr-up: 0

[1719144241.074665] [INFO]:
round_628:
    concurrency-covr: 4634
    concurrency-covr-up: 0

[1719144286.354632] [INFO]:
round_629:
    concurrency-covr: 4634
    concurrency-covr-up: 0

[1719144365.215607] [INFO]:
round_630:
    concurrency-covr: 4640
    concurrency-covr-up: 6

[1719144436.887524] [INFO]:
round_631:
    concurrency-covr: 4640
    concurrency-covr-up: 0

[1719144481.372792] [INFO]:
round_632:
    concurrency-covr: 4663
    concurrency-covr-up: 23

[1719144565.086744] [INFO]:
round_633:
    concurrency-covr: 4663
    concurrency-covr-up: 0

[1719144639.46182] [INFO]:
round_634:
    concurrency-covr: 4663
    concurrency-covr-up: 0

[1719144685.068306] [INFO]:
round_635:
    concurrency-covr: 4663
    concurrency-covr-up: 0

[1719144741.089656] [INFO]:
round_636:
    concurrency-covr: 4663
    concurrency-covr-up: 0

[1719144819.603531] [INFO]:
round_637:
    concurrency-covr: 4663
    concurrency-covr-up: 0

[1719144891.360749] [INFO]:
round_638:
    concurrency-covr: 4663
    concurrency-covr-up: 0

[1719144935.83783] [INFO]:
round_639:
    concurrency-covr: 4663
    concurrency-covr-up: 0

[1719145015.989446] [INFO]:
round_640:
    concurrency-covr: 4663
    concurrency-covr-up: 0

[1719145068.064662] [INFO]:
round_641:
    concurrency-covr: 4664
    concurrency-covr-up: 1

[1719145120.638474] [INFO]:
round_642:
    concurrency-covr: 4665
    concurrency-covr-up: 1

[1719145192.427844] [INFO]:
round_643:
    concurrency-covr: 4666
    concurrency-covr-up: 1

[1719145263.82191] [INFO]:
round_644:
    concurrency-covr: 4667
    concurrency-covr-up: 1

[1719145316.625598] [INFO]:
round_645:
    concurrency-covr: 4667
    concurrency-covr-up: 0

[1719145361.451734] [INFO]:
round_646:
    concurrency-covr: 4667
    concurrency-covr-up: 0

[1719145411.399493] [INFO]:
round_647:
    concurrency-covr: 4668
    concurrency-covr-up: 1

[1719145491.184319] [INFO]:
round_648:
    concurrency-covr: 4676
    concurrency-covr-up: 8

[1719145562.947532] [INFO]:
round_649:
    concurrency-covr: 4677
    concurrency-covr-up: 1

[1719145634.412693] [INFO]:
round_650:
    concurrency-covr: 4678
    concurrency-covr-up: 1

[1719145687.130204] [INFO]:
round_651:
    concurrency-covr: 4678
    concurrency-covr-up: 0

[1719145732.097589] [INFO]:
round_652:
    concurrency-covr: 4679
    concurrency-covr-up: 1

[1719145814.937946] [INFO]:
round_653:
    concurrency-covr: 4679
    concurrency-covr-up: 0

[1719145887.079149] [INFO]:
round_654:
    concurrency-covr: 4680
    concurrency-covr-up: 1

[1719145958.74807] [INFO]:
round_655:
    concurrency-covr: 4894
    concurrency-covr-up: 214

[1719146028.376341] [INFO]:
round_656:
    concurrency-covr: 4894
    concurrency-covr-up: 0

[1719146100.189538] [INFO]:
round_657:
    concurrency-covr: 4927
    concurrency-covr-up: 33

[1719146171.460926] [INFO]:
round_658:
    concurrency-covr: 4934
    concurrency-covr-up: 7

[1719146273.38312] [INFO]:
round_659:
    concurrency-covr: 4934
    concurrency-covr-up: 0

[1719146319.747457] [INFO]:
round_660:
    concurrency-covr: 4934
    concurrency-covr-up: 0

[1719146397.817199] [INFO]:
round_661:
    concurrency-covr: 4934
    concurrency-covr-up: 0

[1719146475.917218] [INFO]:
round_662:
    concurrency-covr: 4934
    concurrency-covr-up: 0

[1719146547.508718] [INFO]:
round_663:
    concurrency-covr: 4934
    concurrency-covr-up: 0

[1719146619.105258] [INFO]:
round_664:
    concurrency-covr: 4943
    concurrency-covr-up: 9

[1719146691.514345] [INFO]:
round_665:
    concurrency-covr: 4944
    concurrency-covr-up: 1

[1719146763.529576] [INFO]:
round_666:
    concurrency-covr: 4985
    concurrency-covr-up: 41

[1719146835.923117] [INFO]:
round_667:
    concurrency-covr: 4985
    concurrency-covr-up: 0

[1719146881.087547] [INFO]:
round_668:
    concurrency-covr: 4985
    concurrency-covr-up: 0

[1719146960.677971] [INFO]:
round_669:
    concurrency-covr: 4985
    concurrency-covr-up: 0

[1719147032.871725] [INFO]:
round_670:
    concurrency-covr: 4985
    concurrency-covr-up: 0

[1719147104.75825] [INFO]:
round_671:
    concurrency-covr: 4985
    concurrency-covr-up: 0

[1719147176.787651] [INFO]:
round_672:
    concurrency-covr: 4985
    concurrency-covr-up: 0

[1719147221.906843] [INFO]:
round_673:
    concurrency-covr: 4985
    concurrency-covr-up: 0

[1719147305.388532] [INFO]:
round_674:
    concurrency-covr: 4990
    concurrency-covr-up: 5

[1719147357.681738] [INFO]:
round_675:
    concurrency-covr: 4990
    concurrency-covr-up: 0

[1719147429.704025] [INFO]:
round_676:
    concurrency-covr: 4990
    concurrency-covr-up: 0

[1719147501.685064] [INFO]:
round_677:
    concurrency-covr: 4990
    concurrency-covr-up: 0

[1719147594.224892] [INFO]:
round_678:
    concurrency-covr: 5026
    concurrency-covr-up: 36

[1719147647.284251] [INFO]:
round_679:
    concurrency-covr: 5026
    concurrency-covr-up: 0

[1719147719.651028] [INFO]:
round_680:
    concurrency-covr: 5026
    concurrency-covr-up: 0

[1719147791.640914] [INFO]:
round_681:
    concurrency-covr: 5026
    concurrency-covr-up: 0

[1719147863.562019] [INFO]:
round_682:
    concurrency-covr: 5026
    concurrency-covr-up: 0

[1719147917.45739] [INFO]:
round_683:
    concurrency-covr: 5026
    concurrency-covr-up: 0

[1719147962.983351] [INFO]:
round_684:
    concurrency-covr: 5026
    concurrency-covr-up: 0

[1719148042.53126] [INFO]:
round_685:
    concurrency-covr: 5026
    concurrency-covr-up: 0

[1719148115.442669] [INFO]:
round_686:
    concurrency-covr: 5026
    concurrency-covr-up: 0

[1719148160.348686] [INFO]:
round_687:
    concurrency-covr: 5026
    concurrency-covr-up: 0

[1719148239.292906] [INFO]:
round_688:
    concurrency-covr: 5026
    concurrency-covr-up: 0

[1719148285.4612] [INFO]:
round_689:
    concurrency-covr: 5026
    concurrency-covr-up: 0

[1719148364.409071] [INFO]:
round_690:
    concurrency-covr: 5031
    concurrency-covr-up: 5

[1719148418.513379] [INFO]:
round_691:
    concurrency-covr: 5031
    concurrency-covr-up: 0

[1719148490.715376] [INFO]:
round_692:
    concurrency-covr: 5031
    concurrency-covr-up: 0

[1719148562.931663] [INFO]:
round_693:
    concurrency-covr: 5031
    concurrency-covr-up: 0

[1719148634.980666] [INFO]:
round_694:
    concurrency-covr: 5031
    concurrency-covr-up: 0

[1719148707.649308] [INFO]:
round_695:
    concurrency-covr: 5031
    concurrency-covr-up: 0

[1719148754.245739] [INFO]:
round_696:
    concurrency-covr: 5032
    concurrency-covr-up: 1

[1719148833.520251] [INFO]:
round_697:
    concurrency-covr: 5032
    concurrency-covr-up: 0

[1719148879.145767] [INFO]:
round_698:
    concurrency-covr: 5032
    concurrency-covr-up: 0

[1719148959.151612] [INFO]:
round_699:
    concurrency-covr: 5034
    concurrency-covr-up: 2

[1719149015.152625] [INFO]:
round_700:
    concurrency-covr: 5034
    concurrency-covr-up: 0

[1719149087.187882] [INFO]:
round_701:
    concurrency-covr: 5034
    concurrency-covr-up: 0

[1719149159.893181] [INFO]:
round_702:
    concurrency-covr: 5034
    concurrency-covr-up: 0

[1719149232.657925] [INFO]:
round_703:
    concurrency-covr: 5034
    concurrency-covr-up: 0

[1719149277.967849] [INFO]:
round_704:
    concurrency-covr: 5034
    concurrency-covr-up: 0

[1719149344.300886] [INFO]:
round_705:
    concurrency-covr: 5037
    concurrency-covr-up: 3

[1719149430.484662] [INFO]:
round_706:
    concurrency-covr: 5037
    concurrency-covr-up: 0

[1719149502.905361] [INFO]:
round_707:
    concurrency-covr: 5037
    concurrency-covr-up: 0

[1719149575.684709] [INFO]:
round_708:
    concurrency-covr: 5061
    concurrency-covr-up: 24

[1719149650.897847] [INFO]:
round_709:
    concurrency-covr: 5061
    concurrency-covr-up: 0

[1719149697.686254] [INFO]:
round_710:
    concurrency-covr: 5061
    concurrency-covr-up: 0

[1719149774.568798] [INFO]:
round_711:
    concurrency-covr: 5062
    concurrency-covr-up: 1

[1719149847.633169] [INFO]:
round_712:
    concurrency-covr: 5065
    concurrency-covr-up: 3

[1719149920.543253] [INFO]:
round_713:
    concurrency-covr: 5065
    concurrency-covr-up: 0

[1719149993.19028] [INFO]:
round_714:
    concurrency-covr: 5065
    concurrency-covr-up: 0

[1719150038.708714] [INFO]:
round_715:
    concurrency-covr: 5065
    concurrency-covr-up: 0

[1719150122.28952] [INFO]:
round_716:
    concurrency-covr: 5065
    concurrency-covr-up: 0

[1719150194.805191] [INFO]:
round_717:
    concurrency-covr: 5065
    concurrency-covr-up: 0

[1719150240.533084] [INFO]:
round_718:
    concurrency-covr: 5065
    concurrency-covr-up: 0

[1719150324.355947] [INFO]:
round_719:
    concurrency-covr: 5065
    concurrency-covr-up: 0

[1719150397.003654] [INFO]:
round_720:
    concurrency-covr: 5065
    concurrency-covr-up: 0

[1719150470.507708] [INFO]:
round_721:
    concurrency-covr: 5065
    concurrency-covr-up: 0

[1719150517.307995] [INFO]:
round_722:
    concurrency-covr: 5065
    concurrency-covr-up: 0

[1719150570.677009] [INFO]:
round_723:
    concurrency-covr: 5068
    concurrency-covr-up: 3

[1719150651.032064] [INFO]:
round_724:
    concurrency-covr: 5068
    concurrency-covr-up: 0

[1719150696.780837] [INFO]:
round_725:
    concurrency-covr: 5068
    concurrency-covr-up: 0

[1719150777.292735] [INFO]:
round_726:
    concurrency-covr: 5068
    concurrency-covr-up: 0

[1719150822.950536] [INFO]:
round_727:
    concurrency-covr: 5068
    concurrency-covr-up: 0

[1719150913.107151] [INFO]:
round_728:
    concurrency-covr: 5089
    concurrency-covr-up: 21

[1719150986.334517] [INFO]:
round_729:
    concurrency-covr: 5089
    concurrency-covr-up: 0

[1719151059.552324] [INFO]:
round_730:
    concurrency-covr: 5089
    concurrency-covr-up: 0

[1719151132.439078] [INFO]:
round_731:
    concurrency-covr: 5089
    concurrency-covr-up: 0

[1719151205.311609] [INFO]:
round_732:
    concurrency-covr: 5089
    concurrency-covr-up: 0

[1719151278.353864] [INFO]:
round_733:
    concurrency-covr: 5091
    concurrency-covr-up: 2

[1719151351.181229] [INFO]:
round_734:
    concurrency-covr: 5091
    concurrency-covr-up: 0

[1719151424.486353] [INFO]:
round_735:
    concurrency-covr: 5091
    concurrency-covr-up: 0

[1719151470.348718] [INFO]:
round_736:
    concurrency-covr: 5091
    concurrency-covr-up: 0

[1719151554.296995] [INFO]:
round_737:
    concurrency-covr: 5092
    concurrency-covr-up: 1

[1719151627.835105] [INFO]:
round_738:
    concurrency-covr: 5092
    concurrency-covr-up: 0

[1719151701.487954] [INFO]:
round_739:
    concurrency-covr: 5111
    concurrency-covr-up: 19

[1719151783.311087] [INFO]:
round_740:
    concurrency-covr: 5111
    concurrency-covr-up: 0

[1719151849.769567] [INFO]:
round_741:
    concurrency-covr: 5111
    concurrency-covr-up: 0

[1719151905.923063] [INFO]:
round_742:
    concurrency-covr: 5111
    concurrency-covr-up: 0

[1719151986.105189] [INFO]:
round_743:
    concurrency-covr: 5112
    concurrency-covr-up: 1

[1719152059.747953] [INFO]:
round_744:
    concurrency-covr: 5113
    concurrency-covr-up: 1

[1719152133.150156] [INFO]:
round_745:
    concurrency-covr: 5113
    concurrency-covr-up: 0

[1719152179.306903] [INFO]:
round_746:
    concurrency-covr: 5113
    concurrency-covr-up: 0

[1719152261.00243] [INFO]:
round_747:
    concurrency-covr: 5115
    concurrency-covr-up: 2

[1719152334.496324] [INFO]:
round_748:
    concurrency-covr: 5118
    concurrency-covr-up: 3

[1719152407.882119] [INFO]:
round_749:
    concurrency-covr: 5118
    concurrency-covr-up: 0

[1719152481.24696] [INFO]:
round_750:
    concurrency-covr: 5118
    concurrency-covr-up: 0

[1719152554.647572] [INFO]:
round_751:
    concurrency-covr: 5118
    concurrency-covr-up: 0

[1719152626.255867] [INFO]:
round_752:
    concurrency-covr: 5118
    concurrency-covr-up: 0

[1719152716.946584] [INFO]:
round_753:
    concurrency-covr: 5118
    concurrency-covr-up: 0

[1719152782.48488] [INFO]:
round_754:
    concurrency-covr: 5118
    concurrency-covr-up: 0

[1719152872.710186] [INFO]:
round_755:
    concurrency-covr: 5122
    concurrency-covr-up: 4

[1719152963.353801] [INFO]:
round_756:
    concurrency-covr: 5122
    concurrency-covr-up: 0

[1719153028.286245] [INFO]:
round_757:
    concurrency-covr: 5122
    concurrency-covr-up: 0

[1719153093.140614] [INFO]:
round_758:
    concurrency-covr: 5122
    concurrency-covr-up: 0

[1719153183.801599] [INFO]:
round_759:
    concurrency-covr: 5123
    concurrency-covr-up: 1

[1719153274.108137] [INFO]:
round_760:
    concurrency-covr: 5123
    concurrency-covr-up: 0

[1719153338.345545] [INFO]:
round_761:
    concurrency-covr: 5123
    concurrency-covr-up: 0

[1719153428.585889] [INFO]:
round_762:
    concurrency-covr: 5123
    concurrency-covr-up: 0

[1719153518.20478] [INFO]:
round_763:
    concurrency-covr: 5123
    concurrency-covr-up: 0

[1719153583.996033] [INFO]:
round_764:
    concurrency-covr: 5124
    concurrency-covr-up: 1

[1719153674.112744] [INFO]:
round_765:
    concurrency-covr: 5124
    concurrency-covr-up: 0

[1719153764.703992] [INFO]:
round_766:
    concurrency-covr: 5124
    concurrency-covr-up: 0

[1719153830.371954] [INFO]:
round_767:
    concurrency-covr: 5124
    concurrency-covr-up: 0

[1719153920.901131] [INFO]:
round_768:
    concurrency-covr: 5124
    concurrency-covr-up: 0

[1719154011.380928] [INFO]:
round_769:
    concurrency-covr: 5124
    concurrency-covr-up: 0

[1719154076.332082] [INFO]:
round_770:
    concurrency-covr: 5124
    concurrency-covr-up: 0

[1719154168.190545] [INFO]:
round_771:
    concurrency-covr: 5124
    concurrency-covr-up: 0

[1719154232.791456] [INFO]:
round_772:
    concurrency-covr: 5124
    concurrency-covr-up: 0

[1719154322.10136] [INFO]:
round_773:
    concurrency-covr: 5124
    concurrency-covr-up: 0

[1719154412.321933] [INFO]:
round_774:
    concurrency-covr: 5124
    concurrency-covr-up: 0

[1719154503.684036] [INFO]:
round_775:
    concurrency-covr: 5124
    concurrency-covr-up: 0

[1719154567.973083] [INFO]:
round_776:
    concurrency-covr: 5124
    concurrency-covr-up: 0

[1719154658.05484] [INFO]:
round_777:
    concurrency-covr: 5124
    concurrency-covr-up: 0

[1719154748.197881] [INFO]:
round_778:
    concurrency-covr: 5124
    concurrency-covr-up: 0

[1719154837.947913] [INFO]:
round_779:
    concurrency-covr: 5124
    concurrency-covr-up: 0

[1719154928.827346] [INFO]:
round_780:
    concurrency-covr: 5124
    concurrency-covr-up: 0

[1719154992.918945] [INFO]:
round_781:
    concurrency-covr: 5126
    concurrency-covr-up: 2

[1719155082.676961] [INFO]:
round_782:
    concurrency-covr: 5126
    concurrency-covr-up: 0

[1719155172.822556] [INFO]:
round_783:
    concurrency-covr: 5126
    concurrency-covr-up: 0

[1719155237.530173] [INFO]:
round_784:
    concurrency-covr: 5127
    concurrency-covr-up: 1

[1719155329.168908] [INFO]:
round_785:
    concurrency-covr: 5127
    concurrency-covr-up: 0

[1719155395.360843] [INFO]:
round_786:
    concurrency-covr: 5127
    concurrency-covr-up: 0

[1719155485.777002] [INFO]:
round_787:
    concurrency-covr: 5127
    concurrency-covr-up: 0

[1719155576.256581] [INFO]:
round_788:
    concurrency-covr: 5127
    concurrency-covr-up: 0

[1719155666.497704] [INFO]:
round_789:
    concurrency-covr: 5127
    concurrency-covr-up: 0

[1719155731.113208] [INFO]:
round_790:
    concurrency-covr: 5127
    concurrency-covr-up: 0

[1719155820.771642] [INFO]:
round_791:
    concurrency-covr: 5127
    concurrency-covr-up: 0

[1719155911.461996] [INFO]:
round_792:
    concurrency-covr: 5127
    concurrency-covr-up: 0

[1719156002.323934] [INFO]:
round_793:
    concurrency-covr: 5127
    concurrency-covr-up: 0

[1719156067.528552] [INFO]:
round_794:
    concurrency-covr: 5127
    concurrency-covr-up: 0

[1719156158.132918] [INFO]:
round_795:
    concurrency-covr: 5127
    concurrency-covr-up: 0

[1719156248.084648] [INFO]:
round_796:
    concurrency-covr: 5127
    concurrency-covr-up: 0

[1719156338.37326] [INFO]:
round_797:
    concurrency-covr: 5127
    concurrency-covr-up: 0

[1719156428.686296] [INFO]:
round_798:
    concurrency-covr: 5127
    concurrency-covr-up: 0

[1719156519.247475] [INFO]:
round_799:
    concurrency-covr: 5127
    concurrency-covr-up: 0

[1719156609.370413] [INFO]:
round_800:
    concurrency-covr: 5127
    concurrency-covr-up: 0

[1719156699.289852] [INFO]:
round_801:
    concurrency-covr: 5127
    concurrency-covr-up: 0

[1719156790.106585] [INFO]:
round_802:
    concurrency-covr: 5127
    concurrency-covr-up: 0

[1719156854.35596] [INFO]:
round_803:
    concurrency-covr: 5139
    concurrency-covr-up: 12

[1719156944.808593] [INFO]:
round_804:
    concurrency-covr: 5139
    concurrency-covr-up: 0

[1719157011.18334] [INFO]:
round_805:
    concurrency-covr: 5142
    concurrency-covr-up: 3

[1719157103.475572] [INFO]:
round_806:
    concurrency-covr: 5142
    concurrency-covr-up: 0

[1719157192.716279] [INFO]:
round_807:
    concurrency-covr: 5142
    concurrency-covr-up: 0

[1719157258.502087] [INFO]:
round_808:
    concurrency-covr: 5142
    concurrency-covr-up: 0

[1719157348.954304] [INFO]:
round_809:
    concurrency-covr: 5157
    concurrency-covr-up: 15

[1719157439.166926] [INFO]:
round_810:
    concurrency-covr: 5157
    concurrency-covr-up: 0

[1719157528.783613] [INFO]:
round_811:
    concurrency-covr: 5157
    concurrency-covr-up: 0

[1719157619.174477] [INFO]:
round_812:
    concurrency-covr: 5159
    concurrency-covr-up: 2

[1719157709.330565] [INFO]:
round_813:
    concurrency-covr: 5159
    concurrency-covr-up: 0

[1719157800.164511] [INFO]:
round_814:
    concurrency-covr: 5159
    concurrency-covr-up: 0

[1719157890.18666] [INFO]:
round_815:
    concurrency-covr: 5159
    concurrency-covr-up: 0

[1719157955.446445] [INFO]:
round_816:
    concurrency-covr: 5159
    concurrency-covr-up: 0

[1719158020.702047] [INFO]:
round_817:
    concurrency-covr: 5160
    concurrency-covr-up: 1

[1719158110.845543] [INFO]:
round_818:
    concurrency-covr: 5168
    concurrency-covr-up: 8

[1719158201.022051] [INFO]:
round_819:
    concurrency-covr: 5168
    concurrency-covr-up: 0

[1719158291.583765] [INFO]:
round_820:
    concurrency-covr: 5168
    concurrency-covr-up: 0

