[1719419158.163526] [INFO]:
round_1:
    concurrency-covr: 0
    concurrency-covr-up: 0

[1719419215.185487] [INFO]:
round_2:
    concurrency-covr: 492
    concurrency-covr-up: 492

[1719419300.699698] [INFO]:
round_3:
    concurrency-covr: 492
    concurrency-covr-up: 0

[1719419376.331783] [INFO]:
round_4:
    concurrency-covr: 492
    concurrency-covr-up: 0

[1719419432.310175] [INFO]:
round_5:
    concurrency-covr: 492
    concurrency-covr-up: 0

[1719419462.813607] [INFO]:
round_6:
    concurrency-covr: 492
    concurrency-covr-up: 0

[1719419494.360538] [INFO]:
round_7:
    concurrency-covr: 504
    concurrency-covr-up: 12

[1719419547.670894] [INFO]:
round_8:
    concurrency-covr: 504
    concurrency-covr-up: 0

[1719419578.679643] [INFO]:
round_9:
    concurrency-covr: 504
    concurrency-covr-up: 0

[1719419609.128791] [INFO]:
round_10:
    concurrency-covr: 504
    concurrency-covr-up: 0

[1719419662.544106] [INFO]:
round_11:
    concurrency-covr: 504
    concurrency-covr-up: 0

[1719419737.971174] [INFO]:
round_12:
    concurrency-covr: 504
    concurrency-covr-up: 0

[1719419794.12297] [INFO]:
round_13:
    concurrency-covr: 504
    concurrency-covr-up: 0

[1719419824.777321] [INFO]:
round_14:
    concurrency-covr: 504
    concurrency-covr-up: 0

[1719419880.991469] [INFO]:
round_15:
    concurrency-covr: 504
    concurrency-covr-up: 0

[1719419934.11022] [INFO]:
round_16:
    concurrency-covr: 504
    concurrency-covr-up: 0

[1719420008.20973] [INFO]:
round_17:
    concurrency-covr: 504
    concurrency-covr-up: 0

[1719420061.095062] [INFO]:
round_18:
    concurrency-covr: 504
    concurrency-covr-up: 0

[1719420092.203014] [INFO]:
round_19:
    concurrency-covr: 739
    concurrency-covr-up: 235

[1719420179.295761] [INFO]:
round_20:
    concurrency-covr: 739
    concurrency-covr-up: 0

[1719420210.372042] [INFO]:
round_21:
    concurrency-covr: 739
    concurrency-covr-up: 0

[1719420240.608846] [INFO]:
round_22:
    concurrency-covr: 739
    concurrency-covr-up: 0

[1719420295.074101] [INFO]:
round_23:
    concurrency-covr: 739
    concurrency-covr-up: 0

[1719420371.028051] [INFO]:
round_24:
    concurrency-covr: 739
    concurrency-covr-up: 0

[1719420427.092301] [INFO]:
round_25:
    concurrency-covr: 739
    concurrency-covr-up: 0

[1719420458.858765] [INFO]:
round_26:
    concurrency-covr: 739
    concurrency-covr-up: 0

[1719420515.452649] [INFO]:
round_27:
    concurrency-covr: 739
    concurrency-covr-up: 0

[1719420569.194711] [INFO]:
round_28:
    concurrency-covr: 739
    concurrency-covr-up: 0

[1719420622.975851] [INFO]:
round_29:
    concurrency-covr: 739
    concurrency-covr-up: 0

[1719420676.57971] [INFO]:
round_30:
    concurrency-covr: 739
    concurrency-covr-up: 0

[1719420733.744316] [INFO]:
round_31:
    concurrency-covr: 865
    concurrency-covr-up: 126

[1719420824.874411] [INFO]:
round_32:
    concurrency-covr: 1032
    concurrency-covr-up: 167

[1719420891.289377] [INFO]:
round_33:
    concurrency-covr: 1032
    concurrency-covr-up: 0

[1719420949.011219] [INFO]:
round_34:
    concurrency-covr: 1032
    concurrency-covr-up: 0

[1719420980.216639] [INFO]:
round_35:
    concurrency-covr: 1032
    concurrency-covr-up: 0

[1719421034.359148] [INFO]:
round_36:
    concurrency-covr: 1032
    concurrency-covr-up: 0

[1719421066.347948] [INFO]:
round_37:
    concurrency-covr: 1032
    concurrency-covr-up: 0

[1719421121.309351] [INFO]:
round_38:
    concurrency-covr: 1032
    concurrency-covr-up: 0

[1719421172.541965] [INFO]:
round_39:
    concurrency-covr: 1032
    concurrency-covr-up: 0

[1719421247.600569] [INFO]:
round_40:
    concurrency-covr: 1032
    concurrency-covr-up: 0

[1719421327.849866] [INFO]:
round_41:
    concurrency-covr: 1032
    concurrency-covr-up: 0

[1719421404.66787] [INFO]:
round_42:
    concurrency-covr: 1032
    concurrency-covr-up: 0

[1719421458.65615] [INFO]:
round_43:
    concurrency-covr: 1032
    concurrency-covr-up: 0

[1719421512.624741] [INFO]:
round_44:
    concurrency-covr: 1032
    concurrency-covr-up: 0

[1719421567.657311] [INFO]:
round_45:
    concurrency-covr: 1032
    concurrency-covr-up: 0

[1719421599.78775] [INFO]:
round_46:
    concurrency-covr: 1032
    concurrency-covr-up: 0

[1719421653.415598] [INFO]:
round_47:
    concurrency-covr: 1032
    concurrency-covr-up: 0

[1719421685.799263] [INFO]:
round_48:
    concurrency-covr: 1032
    concurrency-covr-up: 0

[1719421718.349561] [INFO]:
round_49:
    concurrency-covr: 1115
    concurrency-covr-up: 83

[1719421807.462998] [INFO]:
round_50:
    concurrency-covr: 1115
    concurrency-covr-up: 0

[1719421884.378807] [INFO]:
round_51:
    concurrency-covr: 1115
    concurrency-covr-up: 0

[1719421961.546326] [INFO]:
round_52:
    concurrency-covr: 1115
    concurrency-covr-up: 0

[1719422016.708237] [INFO]:
round_53:
    concurrency-covr: 1115
    concurrency-covr-up: 0

[1719422071.366081] [INFO]:
round_54:
    concurrency-covr: 1115
    concurrency-covr-up: 0

[1719422148.991304] [INFO]:
round_55:
    concurrency-covr: 1115
    concurrency-covr-up: 0

[1719422226.375737] [INFO]:
round_56:
    concurrency-covr: 1115
    concurrency-covr-up: 0

[1719422303.333693] [INFO]:
round_57:
    concurrency-covr: 1115
    concurrency-covr-up: 0

[1719422336.66021] [INFO]:
round_58:
    concurrency-covr: 1115
    concurrency-covr-up: 0

[1719422370.72563] [INFO]:
round_59:
    concurrency-covr: 1115
    concurrency-covr-up: 0

[1719422404.535143] [INFO]:
round_60:
    concurrency-covr: 1115
    concurrency-covr-up: 0

[1719422482.476394] [INFO]:
round_61:
    concurrency-covr: 1115
    concurrency-covr-up: 0

[1719422516.516416] [INFO]:
round_62:
    concurrency-covr: 1115
    concurrency-covr-up: 0

[1719422571.833782] [INFO]:
round_63:
    concurrency-covr: 1115
    concurrency-covr-up: 0

[1719422628.909917] [INFO]:
round_64:
    concurrency-covr: 1115
    concurrency-covr-up: 0

[1719422706.870357] [INFO]:
round_65:
    concurrency-covr: 1115
    concurrency-covr-up: 0

[1719422785.024944] [INFO]:
round_66:
    concurrency-covr: 1233
    concurrency-covr-up: 118

[1719422873.845953] [INFO]:
round_67:
    concurrency-covr: 1365
    concurrency-covr-up: 132

[1719422977.984848] [INFO]:
round_68:
    concurrency-covr: 1418
    concurrency-covr-up: 53

[1719423085.562943] [INFO]:
round_69:
    concurrency-covr: 1418
    concurrency-covr-up: 0

[1719423119.021388] [INFO]:
round_70:
    concurrency-covr: 1418
    concurrency-covr-up: 0

[1719423174.383379] [INFO]:
round_71:
    concurrency-covr: 1418
    concurrency-covr-up: 0

[1719423252.516368] [INFO]:
round_72:
    concurrency-covr: 1418
    concurrency-covr-up: 0

[1719423287.229023] [INFO]:
round_73:
    concurrency-covr: 1418
    concurrency-covr-up: 0

[1719423342.158027] [INFO]:
round_74:
    concurrency-covr: 1418
    concurrency-covr-up: 0

[1719423375.199124] [INFO]:
round_75:
    concurrency-covr: 1418
    concurrency-covr-up: 0

[1719423408.747628] [INFO]:
round_76:
    concurrency-covr: 1418
    concurrency-covr-up: 0

[1719423443.315781] [INFO]:
round_77:
    concurrency-covr: 1418
    concurrency-covr-up: 0

[1719423478.104282] [INFO]:
round_78:
    concurrency-covr: 1418
    concurrency-covr-up: 0

[1719423557.53536] [INFO]:
round_79:
    concurrency-covr: 1418
    concurrency-covr-up: 0

[1719423591.501253] [INFO]:
round_80:
    concurrency-covr: 1418
    concurrency-covr-up: 0

[1719423625.63305] [INFO]:
round_81:
    concurrency-covr: 1418
    concurrency-covr-up: 0

[1719423704.754501] [INFO]:
round_82:
    concurrency-covr: 1418
    concurrency-covr-up: 0

[1719423784.372477] [INFO]:
round_83:
    concurrency-covr: 1418
    concurrency-covr-up: 0

[1719423863.93562] [INFO]:
round_84:
    concurrency-covr: 1418
    concurrency-covr-up: 0

[1719423921.629821] [INFO]:
round_85:
    concurrency-covr: 1418
    concurrency-covr-up: 0

[1719423977.996574] [INFO]:
round_86:
    concurrency-covr: 1418
    concurrency-covr-up: 0

[1719424012.410473] [INFO]:
round_87:
    concurrency-covr: 1418
    concurrency-covr-up: 0

[1719424047.342028] [INFO]:
round_88:
    concurrency-covr: 1418
    concurrency-covr-up: 0

[1719424082.325678] [INFO]:
round_89:
    concurrency-covr: 1444
    concurrency-covr-up: 26

[1719424143.481373] [INFO]:
round_90:
    concurrency-covr: 1444
    concurrency-covr-up: 0

[1719424203.570933] [INFO]:
round_91:
    concurrency-covr: 1444
    concurrency-covr-up: 0

[1719424238.530943] [INFO]:
round_92:
    concurrency-covr: 1444
    concurrency-covr-up: 0

[1719424298.791501] [INFO]:
round_93:
    concurrency-covr: 1444
    concurrency-covr-up: 0

[1719424358.719805] [INFO]:
round_94:
    concurrency-covr: 1444
    concurrency-covr-up: 0

[1719424393.410211] [INFO]:
round_95:
    concurrency-covr: 1444
    concurrency-covr-up: 0

[1719424473.326605] [INFO]:
round_96:
    concurrency-covr: 1444
    concurrency-covr-up: 0

[1719424529.671374] [INFO]:
round_97:
    concurrency-covr: 1444
    concurrency-covr-up: 0

[1719424565.642189] [INFO]:
round_98:
    concurrency-covr: 1463
    concurrency-covr-up: 19

[1719424678.850472] [INFO]:
round_99:
    concurrency-covr: 1488
    concurrency-covr-up: 25

[1719424742.141249] [INFO]:
round_100:
    concurrency-covr: 1488
    concurrency-covr-up: 0

[1719424821.83625] [INFO]:
round_101:
    concurrency-covr: 1540
    concurrency-covr-up: 52

[1719424920.786892] [INFO]:
round_102:
    concurrency-covr: 1540
    concurrency-covr-up: 0

[1719425000.889557] [INFO]:
round_103:
    concurrency-covr: 1540
    concurrency-covr-up: 0

[1719425037.079944] [INFO]:
round_104:
    concurrency-covr: 1540
    concurrency-covr-up: 0

[1719425073.465761] [INFO]:
round_105:
    concurrency-covr: 1540
    concurrency-covr-up: 0

[1719425109.567224] [INFO]:
round_106:
    concurrency-covr: 1540
    concurrency-covr-up: 0

[1719425144.889147] [INFO]:
round_107:
    concurrency-covr: 1540
    concurrency-covr-up: 0

[1719425205.560684] [INFO]:
round_108:
    concurrency-covr: 1540
    concurrency-covr-up: 0

[1719425242.063262] [INFO]:
round_109:
    concurrency-covr: 1540
    concurrency-covr-up: 0

[1719425303.175661] [INFO]:
round_110:
    concurrency-covr: 1540
    concurrency-covr-up: 0

[1719425360.428731] [INFO]:
round_111:
    concurrency-covr: 1540
    concurrency-covr-up: 0

[1719425421.015004] [INFO]:
round_112:
    concurrency-covr: 1540
    concurrency-covr-up: 0

[1719425476.579883] [INFO]:
round_113:
    concurrency-covr: 1563
    concurrency-covr-up: 23

[1719425568.160987] [INFO]:
round_114:
    concurrency-covr: 1563
    concurrency-covr-up: 0

[1719425629.928177] [INFO]:
round_115:
    concurrency-covr: 1563
    concurrency-covr-up: 0

[1719425665.906918] [INFO]:
round_116:
    concurrency-covr: 1563
    concurrency-covr-up: 0

[1719425702.213302] [INFO]:
round_117:
    concurrency-covr: 1563
    concurrency-covr-up: 0

[1719425738.418956] [INFO]:
round_118:
    concurrency-covr: 1563
    concurrency-covr-up: 0

[1719425796.046571] [INFO]:
round_119:
    concurrency-covr: 1563
    concurrency-covr-up: 0

[1719425832.690798] [INFO]:
round_120:
    concurrency-covr: 1563
    concurrency-covr-up: 0

[1719425889.294803] [INFO]:
round_121:
    concurrency-covr: 1563
    concurrency-covr-up: 0

[1719425925.874029] [INFO]:
round_122:
    concurrency-covr: 1563
    concurrency-covr-up: 0

[1719425982.274863] [INFO]:
round_123:
    concurrency-covr: 1563
    concurrency-covr-up: 0

[1719426019.227689] [INFO]:
round_124:
    concurrency-covr: 1563
    concurrency-covr-up: 0

[1719426098.415181] [INFO]:
round_125:
    concurrency-covr: 1563
    concurrency-covr-up: 0

[1719426160.699744] [INFO]:
round_126:
    concurrency-covr: 1563
    concurrency-covr-up: 0

[1719426217.938868] [INFO]:
round_127:
    concurrency-covr: 1563
    concurrency-covr-up: 0

[1719426298.437827] [INFO]:
round_128:
    concurrency-covr: 1563
    concurrency-covr-up: 0

[1719426380.198943] [INFO]:
round_129:
    concurrency-covr: 1563
    concurrency-covr-up: 0

[1719426417.335848] [INFO]:
round_130:
    concurrency-covr: 1563
    concurrency-covr-up: 0

[1719426475.400322] [INFO]:
round_131:
    concurrency-covr: 1563
    concurrency-covr-up: 0

[1719426512.601328] [INFO]:
round_132:
    concurrency-covr: 1563
    concurrency-covr-up: 0

[1719426569.266929] [INFO]:
round_133:
    concurrency-covr: 1563
    concurrency-covr-up: 0

[1719426626.3913] [INFO]:
round_134:
    concurrency-covr: 1563
    concurrency-covr-up: 0

[1719426707.996628] [INFO]:
round_135:
    concurrency-covr: 1563
    concurrency-covr-up: 0

[1719426745.745354] [INFO]:
round_136:
    concurrency-covr: 1563
    concurrency-covr-up: 0

[1719426827.227267] [INFO]:
round_137:
    concurrency-covr: 1563
    concurrency-covr-up: 0

[1719426885.929767] [INFO]:
round_138:
    concurrency-covr: 1563
    concurrency-covr-up: 0

[1719426922.571753] [INFO]:
round_139:
    concurrency-covr: 1563
    concurrency-covr-up: 0

[1719427000.771459] [INFO]:
round_140:
    concurrency-covr: 1563
    concurrency-covr-up: 0

[1719427059.222883] [INFO]:
round_141:
    concurrency-covr: 1563
    concurrency-covr-up: 0

[1719427096.556119] [INFO]:
round_142:
    concurrency-covr: 1563
    concurrency-covr-up: 0

[1719427177.642796] [INFO]:
round_143:
    concurrency-covr: 1563
    concurrency-covr-up: 0

[1719427258.778026] [INFO]:
round_144:
    concurrency-covr: 1563
    concurrency-covr-up: 0

[1719427340.545064] [INFO]:
round_145:
    concurrency-covr: 1563
    concurrency-covr-up: 0

[1719427397.796434] [INFO]:
round_146:
    concurrency-covr: 1563
    concurrency-covr-up: 0

[1719427434.810027] [INFO]:
round_147:
    concurrency-covr: 1563
    concurrency-covr-up: 0

[1719427492.238134] [INFO]:
round_148:
    concurrency-covr: 1613
    concurrency-covr-up: 50

[1719427618.38445] [INFO]:
round_149:
    concurrency-covr: 1613
    concurrency-covr-up: 0

[1719427701.494518] [INFO]:
round_150:
    concurrency-covr: 1613
    concurrency-covr-up: 0

[1719427739.162708] [INFO]:
round_151:
    concurrency-covr: 1613
    concurrency-covr-up: 0

[1719427795.301488] [INFO]:
round_152:
    concurrency-covr: 1613
    concurrency-covr-up: 0

[1719427853.653038] [INFO]:
round_153:
    concurrency-covr: 1613
    concurrency-covr-up: 0

[1719427912.486836] [INFO]:
round_154:
    concurrency-covr: 1613
    concurrency-covr-up: 0

[1719427950.964734] [INFO]:
round_155:
    concurrency-covr: 1613
    concurrency-covr-up: 0

[1719427988.191593] [INFO]:
round_156:
    concurrency-covr: 1613
    concurrency-covr-up: 0

[1719428046.584317] [INFO]:
round_157:
    concurrency-covr: 1613
    concurrency-covr-up: 0

[1719428104.959014] [INFO]:
round_158:
    concurrency-covr: 1613
    concurrency-covr-up: 0

[1719428163.371055] [INFO]:
round_159:
    concurrency-covr: 1613
    concurrency-covr-up: 0

[1719428201.9968] [INFO]:
round_160:
    concurrency-covr: 1613
    concurrency-covr-up: 0

[1719428283.846681] [INFO]:
round_161:
    concurrency-covr: 1613
    concurrency-covr-up: 0

[1719428348.386451] [INFO]:
round_162:
    concurrency-covr: 1613
    concurrency-covr-up: 0

[1719428387.037363] [INFO]:
round_163:
    concurrency-covr: 1624
    concurrency-covr-up: 11

[1719428484.450112] [INFO]:
round_164:
    concurrency-covr: 1682
    concurrency-covr-up: 58

[1719428582.175429] [INFO]:
round_165:
    concurrency-covr: 1682
    concurrency-covr-up: 0

[1719428619.819063] [INFO]:
round_166:
    concurrency-covr: 1682
    concurrency-covr-up: 0

[1719428679.868393] [INFO]:
round_167:
    concurrency-covr: 1682
    concurrency-covr-up: 0

[1719428718.044332] [INFO]:
round_168:
    concurrency-covr: 1683
    concurrency-covr-up: 1

[1719428818.627286] [INFO]:
round_169:
    concurrency-covr: 1683
    concurrency-covr-up: 0

[1719428880.373551] [INFO]:
round_170:
    concurrency-covr: 1683
    concurrency-covr-up: 0

[1719428963.888997] [INFO]:
round_171:
    concurrency-covr: 1683
    concurrency-covr-up: 0

[1719429002.691745] [INFO]:
round_172:
    concurrency-covr: 1683
    concurrency-covr-up: 0

[1719429085.492067] [INFO]:
round_173:
    concurrency-covr: 1683
    concurrency-covr-up: 0

[1719429125.037448] [INFO]:
round_174:
    concurrency-covr: 1683
    concurrency-covr-up: 0

[1719429208.70696] [INFO]:
round_175:
    concurrency-covr: 1683
    concurrency-covr-up: 0

[1719429249.162826] [INFO]:
round_176:
    concurrency-covr: 1683
    concurrency-covr-up: 0

[1719429309.568262] [INFO]:
round_177:
    concurrency-covr: 1683
    concurrency-covr-up: 0

[1719429393.643736] [INFO]:
round_178:
    concurrency-covr: 1683
    concurrency-covr-up: 0

[1719429432.00023] [INFO]:
round_179:
    concurrency-covr: 1776
    concurrency-covr-up: 93

[1719429532.611193] [INFO]:
round_180:
    concurrency-covr: 1776
    concurrency-covr-up: 0

[1719429592.30809] [INFO]:
round_181:
    concurrency-covr: 1788
    concurrency-covr-up: 12

[1719429693.902765] [INFO]:
round_182:
    concurrency-covr: 1788
    concurrency-covr-up: 0

[1719429777.829872] [INFO]:
round_183:
    concurrency-covr: 1788
    concurrency-covr-up: 0

[1719429860.864782] [INFO]:
round_184:
    concurrency-covr: 1792
    concurrency-covr-up: 4

[1719429961.038869] [INFO]:
round_185:
    concurrency-covr: 1792
    concurrency-covr-up: 0

[1719430001.105246] [INFO]:
round_186:
    concurrency-covr: 1792
    concurrency-covr-up: 0

[1719430059.300273] [INFO]:
round_187:
    concurrency-covr: 1792
    concurrency-covr-up: 0

[1719430119.230487] [INFO]:
round_188:
    concurrency-covr: 1792
    concurrency-covr-up: 0

[1719430182.447313] [INFO]:
round_189:
    concurrency-covr: 1795
    concurrency-covr-up: 3

[1719430316.403774] [INFO]:
round_190:
    concurrency-covr: 1795
    concurrency-covr-up: 0

[1719430357.098372] [INFO]:
round_191:
    concurrency-covr: 1795
    concurrency-covr-up: 0

[1719430417.900647] [INFO]:
round_192:
    concurrency-covr: 1795
    concurrency-covr-up: 0

[1719430501.312827] [INFO]:
round_193:
    concurrency-covr: 1795
    concurrency-covr-up: 0

[1719430585.538432] [INFO]:
round_194:
    concurrency-covr: 1795
    concurrency-covr-up: 0

[1719430648.11097] [INFO]:
round_195:
    concurrency-covr: 1795
    concurrency-covr-up: 0

[1719430688.5868] [INFO]:
round_196:
    concurrency-covr: 1795
    concurrency-covr-up: 0

[1719430728.321433] [INFO]:
round_197:
    concurrency-covr: 1802
    concurrency-covr-up: 7

[1719430838.456157] [INFO]:
round_198:
    concurrency-covr: 1802
    concurrency-covr-up: 0

[1719430923.009162] [INFO]:
round_199:
    concurrency-covr: 1802
    concurrency-covr-up: 0

[1719430963.153381] [INFO]:
round_200:
    concurrency-covr: 1802
    concurrency-covr-up: 0

[1719431040.330405] [INFO]:
round_201:
    concurrency-covr: 1802
    concurrency-covr-up: 0

[1719431083.686979] [INFO]:
round_202:
    concurrency-covr: 1802
    concurrency-covr-up: 0

[1719431124.384787] [INFO]:
round_203:
    concurrency-covr: 1802
    concurrency-covr-up: 0

[1719431165.456332] [INFO]:
round_204:
    concurrency-covr: 1802
    concurrency-covr-up: 0

[1719431206.256523] [INFO]:
round_205:
    concurrency-covr: 1802
    concurrency-covr-up: 0

[1719431247.41313] [INFO]:
round_206:
    concurrency-covr: 1802
    concurrency-covr-up: 0

[1719431308.655338] [INFO]:
round_207:
    concurrency-covr: 1802
    concurrency-covr-up: 0

[1719431375.170961] [INFO]:
round_208:
    concurrency-covr: 1802
    concurrency-covr-up: 0

[1719431435.925474] [INFO]:
round_209:
    concurrency-covr: 1802
    concurrency-covr-up: 0

[1719431496.043897] [INFO]:
round_210:
    concurrency-covr: 1802
    concurrency-covr-up: 0

[1719431576.683873] [INFO]:
round_211:
    concurrency-covr: 1802
    concurrency-covr-up: 0

[1719431620.25788] [INFO]:
round_212:
    concurrency-covr: 1802
    concurrency-covr-up: 0

[1719431680.320612] [INFO]:
round_213:
    concurrency-covr: 1802
    concurrency-covr-up: 0

[1719431721.157543] [INFO]:
round_214:
    concurrency-covr: 1802
    concurrency-covr-up: 0

[1719431807.195875] [INFO]:
round_215:
    concurrency-covr: 1802
    concurrency-covr-up: 0

[1719431868.406989] [INFO]:
round_216:
    concurrency-covr: 1806
    concurrency-covr-up: 4

[1719431968.670314] [INFO]:
round_217:
    concurrency-covr: 1806
    concurrency-covr-up: 0

[1719432035.248449] [INFO]:
round_218:
    concurrency-covr: 1806
    concurrency-covr-up: 0

[1719432075.890971] [INFO]:
round_219:
    concurrency-covr: 1806
    concurrency-covr-up: 0

[1719432141.895659] [INFO]:
round_220:
    concurrency-covr: 1806
    concurrency-covr-up: 0

[1719432182.707713] [INFO]:
round_221:
    concurrency-covr: 1806
    concurrency-covr-up: 0

[1719432269.128005] [INFO]:
round_222:
    concurrency-covr: 1806
    concurrency-covr-up: 0

[1719432310.462316] [INFO]:
round_223:
    concurrency-covr: 1806
    concurrency-covr-up: 0

[1719432352.367595] [INFO]:
round_224:
    concurrency-covr: 1806
    concurrency-covr-up: 0

[1719432418.116223] [INFO]:
round_225:
    concurrency-covr: 1806
    concurrency-covr-up: 0

[1719432498.654242] [INFO]:
round_226:
    concurrency-covr: 1806
    concurrency-covr-up: 0

[1719432540.524995] [INFO]:
round_227:
    concurrency-covr: 1806
    concurrency-covr-up: 0

[1719432601.953945] [INFO]:
round_228:
    concurrency-covr: 1806
    concurrency-covr-up: 0

[1719432662.182249] [INFO]:
round_229:
    concurrency-covr: 1806
    concurrency-covr-up: 0

[1719432724.782124] [INFO]:
round_230:
    concurrency-covr: 1806
    concurrency-covr-up: 0

[1719432810.051161] [INFO]:
round_231:
    concurrency-covr: 1806
    concurrency-covr-up: 0

[1719432877.570464] [INFO]:
round_232:
    concurrency-covr: 1806
    concurrency-covr-up: 0

[1719432920.288099] [INFO]:
round_233:
    concurrency-covr: 1806
    concurrency-covr-up: 0

[1719433005.759327] [INFO]:
round_234:
    concurrency-covr: 1837
    concurrency-covr-up: 31

[1719433116.459029] [INFO]:
round_235:
    concurrency-covr: 1837
    concurrency-covr-up: 0

[1719433159.24445] [INFO]:
round_236:
    concurrency-covr: 1906
    concurrency-covr-up: 69

[1719433276.710166] [INFO]:
round_237:
    concurrency-covr: 1906
    concurrency-covr-up: 0

[1719433343.886123] [INFO]:
round_238:
    concurrency-covr: 1906
    concurrency-covr-up: 0

[1719433386.036459] [INFO]:
round_239:
    concurrency-covr: 1906
    concurrency-covr-up: 0

[1719433447.670745] [INFO]:
round_240:
    concurrency-covr: 1906
    concurrency-covr-up: 0

[1719433489.829651] [INFO]:
round_241:
    concurrency-covr: 1906
    concurrency-covr-up: 0

[1719433532.3349] [INFO]:
round_242:
    concurrency-covr: 1906
    concurrency-covr-up: 0

[1719433574.80362] [INFO]:
round_243:
    concurrency-covr: 1906
    concurrency-covr-up: 0

[1719433617.700905] [INFO]:
round_244:
    concurrency-covr: 1906
    concurrency-covr-up: 0

[1719433660.013355] [INFO]:
round_245:
    concurrency-covr: 1906
    concurrency-covr-up: 0

[1719433703.126986] [INFO]:
round_246:
    concurrency-covr: 1906
    concurrency-covr-up: 0

[1719433764.472708] [INFO]:
round_247:
    concurrency-covr: 1906
    concurrency-covr-up: 0

[1719433807.651208] [INFO]:
round_248:
    concurrency-covr: 1906
    concurrency-covr-up: 0

[1719433851.135655] [INFO]:
round_249:
    concurrency-covr: 1906
    concurrency-covr-up: 0

[1719433896.285766] [INFO]:
round_250:
    concurrency-covr: 1906
    concurrency-covr-up: 0

[1719433983.389212] [INFO]:
round_251:
    concurrency-covr: 1906
    concurrency-covr-up: 0

[1719434026.754525] [INFO]:
round_252:
    concurrency-covr: 1906
    concurrency-covr-up: 0

[1719434070.415146] [INFO]:
round_253:
    concurrency-covr: 1906
    concurrency-covr-up: 0

[1719434115.173111] [INFO]:
round_254:
    concurrency-covr: 1906
    concurrency-covr-up: 0

[1719434159.599627] [INFO]:
round_255:
    concurrency-covr: 1906
    concurrency-covr-up: 0

[1719434246.316838] [INFO]:
round_256:
    concurrency-covr: 1906
    concurrency-covr-up: 0

[1719434335.361114] [INFO]:
round_257:
    concurrency-covr: 1906
    concurrency-covr-up: 0

[1719434397.086125] [INFO]:
round_258:
    concurrency-covr: 1906
    concurrency-covr-up: 0

[1719434441.455777] [INFO]:
round_259:
    concurrency-covr: 1906
    concurrency-covr-up: 0

[1719434506.02659] [INFO]:
round_260:
    concurrency-covr: 1906
    concurrency-covr-up: 0

[1719434589.84367] [INFO]:
round_261:
    concurrency-covr: 1908
    concurrency-covr-up: 2

[1719434652.615641] [INFO]:
round_262:
    concurrency-covr: 1908
    concurrency-covr-up: 0

[1719434695.676318] [INFO]:
round_263:
    concurrency-covr: 1908
    concurrency-covr-up: 0

[1719434754.178795] [INFO]:
round_264:
    concurrency-covr: 1908
    concurrency-covr-up: 0

[1719434857.938554] [INFO]:
round_265:
    concurrency-covr: 1908
    concurrency-covr-up: 0

[1719434942.543702] [INFO]:
round_266:
    concurrency-covr: 1908
    concurrency-covr-up: 0

[1719434986.500156] [INFO]:
round_267:
    concurrency-covr: 1908
    concurrency-covr-up: 0

[1719435050.242157] [INFO]:
round_268:
    concurrency-covr: 1908
    concurrency-covr-up: 0

[1719435095.225394] [INFO]:
round_269:
    concurrency-covr: 1908
    concurrency-covr-up: 0

[1719435184.297466] [INFO]:
round_270:
    concurrency-covr: 1908
    concurrency-covr-up: 0

[1719435249.213351] [INFO]:
round_271:
    concurrency-covr: 1908
    concurrency-covr-up: 0

[1719435338.041372] [INFO]:
round_272:
    concurrency-covr: 1908
    concurrency-covr-up: 0

[1719435427.742755] [INFO]:
round_273:
    concurrency-covr: 1908
    concurrency-covr-up: 0

[1719435515.480311] [INFO]:
round_274:
    concurrency-covr: 1908
    concurrency-covr-up: 0

[1719435559.915711] [INFO]:
round_275:
    concurrency-covr: 1908
    concurrency-covr-up: 0

[1719435604.785048] [INFO]:
round_276:
    concurrency-covr: 1908
    concurrency-covr-up: 0

[1719435651.024916] [INFO]:
round_277:
    concurrency-covr: 1908
    concurrency-covr-up: 0

[1719435696.216671] [INFO]:
round_278:
    concurrency-covr: 1908
    concurrency-covr-up: 0

[1719435760.468421] [INFO]:
round_279:
    concurrency-covr: 1908
    concurrency-covr-up: 0

[1719435806.663746] [INFO]:
round_280:
    concurrency-covr: 1908
    concurrency-covr-up: 0

[1719435896.465869] [INFO]:
round_281:
    concurrency-covr: 1908
    concurrency-covr-up: 0

[1719435941.777135] [INFO]:
round_282:
    concurrency-covr: 1912
    concurrency-covr-up: 4

[1719436041.28128] [INFO]:
round_283:
    concurrency-covr: 1912
    concurrency-covr-up: 0

[1719436087.641225] [INFO]:
round_284:
    concurrency-covr: 1923
    concurrency-covr-up: 11

[1719436209.234187] [INFO]:
round_285:
    concurrency-covr: 1923
    concurrency-covr-up: 0

[1719436301.328635] [INFO]:
round_286:
    concurrency-covr: 1923
    concurrency-covr-up: 0

[1719436347.920642] [INFO]:
round_287:
    concurrency-covr: 1923
    concurrency-covr-up: 0

[1719436414.233792] [INFO]:
round_288:
    concurrency-covr: 1923
    concurrency-covr-up: 0

[1719436508.848582] [INFO]:
round_289:
    concurrency-covr: 1925
    concurrency-covr-up: 2

[1719436578.965355] [INFO]:
round_290:
    concurrency-covr: 1941
    concurrency-covr-up: 16

[1719436639.639323] [INFO]:
round_291:
    concurrency-covr: 1941
    concurrency-covr-up: 0

[1719436711.231324] [INFO]:
round_292:
    concurrency-covr: 1941
    concurrency-covr-up: 0

[1719436775.093616] [INFO]:
round_293:
    concurrency-covr: 1941
    concurrency-covr-up: 0

[1719436842.985005] [INFO]:
round_294:
    concurrency-covr: 1941
    concurrency-covr-up: 0

[1719436909.091642] [INFO]:
round_295:
    concurrency-covr: 1941
    concurrency-covr-up: 0

[1719436973.810038] [INFO]:
round_296:
    concurrency-covr: 1941
    concurrency-covr-up: 0

[1719437049.19671] [INFO]:
round_297:
    concurrency-covr: 1941
    concurrency-covr-up: 0

[1719437114.384264] [INFO]:
round_298:
    concurrency-covr: 1941
    concurrency-covr-up: 0

[1719437207.853191] [INFO]:
round_299:
    concurrency-covr: 1941
    concurrency-covr-up: 0

[1719437303.63919] [INFO]:
round_300:
    concurrency-covr: 1941
    concurrency-covr-up: 0

[1719437400.782487] [INFO]:
round_301:
    concurrency-covr: 1941
    concurrency-covr-up: 0

[1719437495.85919] [INFO]:
round_302:
    concurrency-covr: 1941
    concurrency-covr-up: 0

[1719437588.620425] [INFO]:
round_303:
    concurrency-covr: 1941
    concurrency-covr-up: 0

[1719437697.062231] [INFO]:
round_304:
    concurrency-covr: 1941
    concurrency-covr-up: 0

[1719437791.772495] [INFO]:
round_305:
    concurrency-covr: 1941
    concurrency-covr-up: 0

[1719437887.124595] [INFO]:
round_306:
    concurrency-covr: 1941
    concurrency-covr-up: 0

[1719437989.918689] [INFO]:
round_307:
    concurrency-covr: 1941
    concurrency-covr-up: 0

[1719438092.740459] [INFO]:
round_308:
    concurrency-covr: 1941
    concurrency-covr-up: 0

[1719438202.319793] [INFO]:
round_309:
    concurrency-covr: 1941
    concurrency-covr-up: 0

[1719438277.021951] [INFO]:
round_310:
    concurrency-covr: 1941
    concurrency-covr-up: 0

[1719438384.89855] [INFO]:
round_311:
    concurrency-covr: 1941
    concurrency-covr-up: 0

[1719438509.359193] [INFO]:
round_312:
    concurrency-covr: 1941
    concurrency-covr-up: 0

[1719438646.381786] [INFO]:
round_313:
    concurrency-covr: 1941
    concurrency-covr-up: 0

[1719438933.956049] [INFO]:
round_314:
    concurrency-covr: 2117
    concurrency-covr-up: 176

[1719471198.669809] [INFO]:
round_315:
    concurrency-covr: 2117
    concurrency-covr-up: 0

[1719471252.966029] [INFO]:
round_316:
    concurrency-covr: 2117
    concurrency-covr-up: 0

[1719471284.121431] [INFO]:
round_317:
    concurrency-covr: 2117
    concurrency-covr-up: 0

[1719471333.692971] [INFO]:
round_318:
    concurrency-covr: 2117
    concurrency-covr-up: 0

[1719471386.889876] [INFO]:
round_319:
    concurrency-covr: 2117
    concurrency-covr-up: 0

[1719471436.346715] [INFO]:
round_320:
    concurrency-covr: 2144
    concurrency-covr-up: 27

[1719471526.208998] [INFO]:
round_321:
    concurrency-covr: 2144
    concurrency-covr-up: 0

[1719471601.640905] [INFO]:
round_322:
    concurrency-covr: 2144
    concurrency-covr-up: 0

[1719471676.883955] [INFO]:
round_323:
    concurrency-covr: 2144
    concurrency-covr-up: 0

[1719471731.487517] [INFO]:
round_324:
    concurrency-covr: 2144
    concurrency-covr-up: 0

[1719471787.740362] [INFO]:
round_325:
    concurrency-covr: 2144
    concurrency-covr-up: 0

[1719471844.345341] [INFO]:
round_326:
    concurrency-covr: 2144
    concurrency-covr-up: 0

[1719471900.133345] [INFO]:
round_327:
    concurrency-covr: 2144
    concurrency-covr-up: 0

[1719471975.50355] [INFO]:
round_328:
    concurrency-covr: 2146
    concurrency-covr-up: 2

[1719472054.99593] [INFO]:
round_329:
    concurrency-covr: 2146
    concurrency-covr-up: 0

[1719472085.91246] [INFO]:
round_330:
    concurrency-covr: 2146
    concurrency-covr-up: 0

[1719472161.793977] [INFO]:
round_331:
    concurrency-covr: 2146
    concurrency-covr-up: 0

[1719472237.70122] [INFO]:
round_332:
    concurrency-covr: 2146
    concurrency-covr-up: 0

[1719472294.753111] [INFO]:
round_333:
    concurrency-covr: 2146
    concurrency-covr-up: 0

[1719472326.456817] [INFO]:
round_334:
    concurrency-covr: 2146
    concurrency-covr-up: 0

[1719472357.473621] [INFO]:
round_335:
    concurrency-covr: 2146
    concurrency-covr-up: 0

[1719472389.145583] [INFO]:
round_336:
    concurrency-covr: 2146
    concurrency-covr-up: 0

[1719472445.811203] [INFO]:
round_337:
    concurrency-covr: 2146
    concurrency-covr-up: 0

[1719472502.101503] [INFO]:
round_338:
    concurrency-covr: 2146
    concurrency-covr-up: 0

[1719472578.27147] [INFO]:
round_339:
    concurrency-covr: 2220
    concurrency-covr-up: 74

[1719472664.471454] [INFO]:
round_340:
    concurrency-covr: 2220
    concurrency-covr-up: 0

[1719472696.452459] [INFO]:
round_341:
    concurrency-covr: 2220
    concurrency-covr-up: 0

[1719472728.069494] [INFO]:
round_342:
    concurrency-covr: 2220
    concurrency-covr-up: 0

[1719472759.352454] [INFO]:
round_343:
    concurrency-covr: 2220
    concurrency-covr-up: 0

[1719472790.858895] [INFO]:
round_344:
    concurrency-covr: 2220
    concurrency-covr-up: 0

[1719472867.569199] [INFO]:
round_345:
    concurrency-covr: 2220
    concurrency-covr-up: 0

[1719472899.598152] [INFO]:
round_346:
    concurrency-covr: 2220
    concurrency-covr-up: 0

[1719472931.418454] [INFO]:
round_347:
    concurrency-covr: 2220
    concurrency-covr-up: 0

[1719472984.922557] [INFO]:
round_348:
    concurrency-covr: 2220
    concurrency-covr-up: 0

[1719473016.874838] [INFO]:
round_349:
    concurrency-covr: 2220
    concurrency-covr-up: 0

[1719473049.514345] [INFO]:
round_350:
    concurrency-covr: 2220
    concurrency-covr-up: 0

[1719473125.898363] [INFO]:
round_351:
    concurrency-covr: 2220
    concurrency-covr-up: 0

[1719473157.587594] [INFO]:
round_352:
    concurrency-covr: 2227
    concurrency-covr-up: 7

[1719473245.168529] [INFO]:
round_353:
    concurrency-covr: 2227
    concurrency-covr-up: 0

[1719473302.950896] [INFO]:
round_354:
    concurrency-covr: 2227
    concurrency-covr-up: 0

[1719473339.249441] [INFO]:
round_355:
    concurrency-covr: 2227
    concurrency-covr-up: 0

[1719473415.966201] [INFO]:
round_356:
    concurrency-covr: 2227
    concurrency-covr-up: 0

[1719473492.552701] [INFO]:
round_357:
    concurrency-covr: 2227
    concurrency-covr-up: 0

[1719473525.084926] [INFO]:
round_358:
    concurrency-covr: 2227
    concurrency-covr-up: 0

[1719473557.629502] [INFO]:
round_359:
    concurrency-covr: 2227
    concurrency-covr-up: 0

[1719473616.621572] [INFO]:
round_360:
    concurrency-covr: 2227
    concurrency-covr-up: 0

[1719473649.59057] [INFO]:
round_361:
    concurrency-covr: 2227
    concurrency-covr-up: 0

[1719473682.332165] [INFO]:
round_362:
    concurrency-covr: 2227
    concurrency-covr-up: 0

[1719473713.943091] [INFO]:
round_363:
    concurrency-covr: 2227
    concurrency-covr-up: 0

[1719473791.641003] [INFO]:
round_364:
    concurrency-covr: 2227
    concurrency-covr-up: 0

[1719473825.010359] [INFO]:
round_365:
    concurrency-covr: 2240
    concurrency-covr-up: 13

[1719473884.930923] [INFO]:
round_366:
    concurrency-covr: 2240
    concurrency-covr-up: 0

[1719473918.284884] [INFO]:
round_367:
    concurrency-covr: 2240
    concurrency-covr-up: 0

[1719473951.764942] [INFO]:
round_368:
    concurrency-covr: 2240
    concurrency-covr-up: 0

[1719474029.033999] [INFO]:
round_369:
    concurrency-covr: 2240
    concurrency-covr-up: 0

[1719474084.599251] [INFO]:
round_370:
    concurrency-covr: 2240
    concurrency-covr-up: 0

[1719474117.138011] [INFO]:
round_371:
    concurrency-covr: 2240
    concurrency-covr-up: 0

[1719474150.393496] [INFO]:
round_372:
    concurrency-covr: 2240
    concurrency-covr-up: 0

[1719474183.133453] [INFO]:
round_373:
    concurrency-covr: 2240
    concurrency-covr-up: 0

[1719474259.870102] [INFO]:
round_374:
    concurrency-covr: 2240
    concurrency-covr-up: 0

[1719474321.038993] [INFO]:
round_375:
    concurrency-covr: 2240
    concurrency-covr-up: 0

[1719474355.260316] [INFO]:
round_376:
    concurrency-covr: 2240
    concurrency-covr-up: 0

[1719474409.951384] [INFO]:
round_377:
    concurrency-covr: 2240
    concurrency-covr-up: 0

[1719474473.654549] [INFO]:
round_378:
    concurrency-covr: 2240
    concurrency-covr-up: 0

[1719474550.969355] [INFO]:
round_379:
    concurrency-covr: 2240
    concurrency-covr-up: 0

[1719474587.205804] [INFO]:
round_380:
    concurrency-covr: 2240
    concurrency-covr-up: 0

[1719474620.07954] [INFO]:
round_381:
    concurrency-covr: 2240
    concurrency-covr-up: 0

[1719474653.166402] [INFO]:
round_382:
    concurrency-covr: 2240
    concurrency-covr-up: 0

[1719474731.271202] [INFO]:
round_383:
    concurrency-covr: 2240
    concurrency-covr-up: 0

[1719474764.044372] [INFO]:
round_384:
    concurrency-covr: 2240
    concurrency-covr-up: 0

[1719474797.726477] [INFO]:
round_385:
    concurrency-covr: 2240
    concurrency-covr-up: 0

[1719474831.146067] [INFO]:
round_386:
    concurrency-covr: 2271
    concurrency-covr-up: 31

[1719474930.894013] [INFO]:
round_387:
    concurrency-covr: 2271
    concurrency-covr-up: 0

[1719474965.48043] [INFO]:
round_388:
    concurrency-covr: 2271
    concurrency-covr-up: 0

[1719474999.63272] [INFO]:
round_389:
    concurrency-covr: 2271
    concurrency-covr-up: 0

[1719475034.372776] [INFO]:
round_390:
    concurrency-covr: 2297
    concurrency-covr-up: 26

[1719475126.120894] [INFO]:
round_391:
    concurrency-covr: 2306
    concurrency-covr-up: 9

[1719475186.943513] [INFO]:
round_392:
    concurrency-covr: 2517
    concurrency-covr-up: 211

[1719475291.916825] [INFO]:
round_393:
    concurrency-covr: 2517
    concurrency-covr-up: 0

[1719475371.042148] [INFO]:
round_394:
    concurrency-covr: 2517
    concurrency-covr-up: 0

[1719475426.889125] [INFO]:
round_395:
    concurrency-covr: 2517
    concurrency-covr-up: 0

[1719475506.229515] [INFO]:
round_396:
    concurrency-covr: 2517
    concurrency-covr-up: 0

[1719475540.917186] [INFO]:
round_397:
    concurrency-covr: 2517
    concurrency-covr-up: 0

[1719475576.285456] [INFO]:
round_398:
    concurrency-covr: 2517
    concurrency-covr-up: 0

[1719475630.166939] [INFO]:
round_399:
    concurrency-covr: 2517
    concurrency-covr-up: 0

[1719475690.642679] [INFO]:
round_400:
    concurrency-covr: 2517
    concurrency-covr-up: 0

[1719475769.498495] [INFO]:
round_401:
    concurrency-covr: 2517
    concurrency-covr-up: 0

[1719475848.155194] [INFO]:
round_402:
    concurrency-covr: 2517
    concurrency-covr-up: 0

[1719475927.194777] [INFO]:
round_403:
    concurrency-covr: 2561
    concurrency-covr-up: 44

[1719476130.342466] [INFO]:
round_404:
    concurrency-covr: 2561
    concurrency-covr-up: 0

[1719476186.778383] [INFO]:
round_405:
    concurrency-covr: 2561
    concurrency-covr-up: 0

[1719476242.966893] [INFO]:
round_406:
    concurrency-covr: 2561
    concurrency-covr-up: 0

[1719476277.147045] [INFO]:
round_407:
    concurrency-covr: 2561
    concurrency-covr-up: 0

[1719476312.561849] [INFO]:
round_408:
    concurrency-covr: 2571
    concurrency-covr-up: 10

[1719476374.661714] [INFO]:
round_409:
    concurrency-covr: 2571
    concurrency-covr-up: 0

[1719476437.3523] [INFO]:
round_410:
    concurrency-covr: 2571
    concurrency-covr-up: 0

[1719476517.281533] [INFO]:
round_411:
    concurrency-covr: 2571
    concurrency-covr-up: 0

[1719476553.155751] [INFO]:
round_412:
    concurrency-covr: 2576
    concurrency-covr-up: 5

[1719476662.458719] [INFO]:
round_413:
    concurrency-covr: 2576
    concurrency-covr-up: 0

[1719476723.151427] [INFO]:
round_414:
    concurrency-covr: 2576
    concurrency-covr-up: 0

[1719476759.654056] [INFO]:
round_415:
    concurrency-covr: 2576
    concurrency-covr-up: 0

[1719476816.91814] [INFO]:
round_416:
    concurrency-covr: 2576
    concurrency-covr-up: 0

[1719476877.306022] [INFO]:
round_417:
    concurrency-covr: 2604
    concurrency-covr-up: 28

[1719476969.159661] [INFO]:
round_418:
    concurrency-covr: 2604
    concurrency-covr-up: 0

[1719477005.30204] [INFO]:
round_419:
    concurrency-covr: 2604
    concurrency-covr-up: 0

[1719477061.781249] [INFO]:
round_420:
    concurrency-covr: 2604
    concurrency-covr-up: 0

[1719477097.34388] [INFO]:
round_421:
    concurrency-covr: 2604
    concurrency-covr-up: 0

[1719477157.399815] [INFO]:
round_422:
    concurrency-covr: 2604
    concurrency-covr-up: 0

[1719477193.628469] [INFO]:
round_423:
    concurrency-covr: 2604
    concurrency-covr-up: 0

[1719477254.673313] [INFO]:
round_424:
    concurrency-covr: 2604
    concurrency-covr-up: 0

[1719477312.045757] [INFO]:
round_425:
    concurrency-covr: 2604
    concurrency-covr-up: 0

[1719477389.894742] [INFO]:
round_426:
    concurrency-covr: 2604
    concurrency-covr-up: 0

[1719477442.707081] [INFO]:
round_427:
    concurrency-covr: 2604
    concurrency-covr-up: 0

[1719477537.583696] [INFO]:
round_428:
    concurrency-covr: 2604
    concurrency-covr-up: 0

[1719477598.109066] [INFO]:
round_429:
    concurrency-covr: 2604
    concurrency-covr-up: 0

[1719477635.010268] [INFO]:
round_430:
    concurrency-covr: 2606
    concurrency-covr-up: 2

[1719477713.877425] [INFO]:
round_431:
    concurrency-covr: 2606
    concurrency-covr-up: 0

[1719477795.102254] [INFO]:
round_432:
    concurrency-covr: 2606
    concurrency-covr-up: 0

[1719477875.223625] [INFO]:
round_433:
    concurrency-covr: 2606
    concurrency-covr-up: 0

[1719477932.124684] [INFO]:
round_434:
    concurrency-covr: 2606
    concurrency-covr-up: 0

[1719477988.401879] [INFO]:
round_435:
    concurrency-covr: 2606
    concurrency-covr-up: 0

[1719478025.103137] [INFO]:
round_436:
    concurrency-covr: 2606
    concurrency-covr-up: 0

[1719478086.142246] [INFO]:
round_437:
    concurrency-covr: 2606
    concurrency-covr-up: 0

[1719478123.24685] [INFO]:
round_438:
    concurrency-covr: 2606
    concurrency-covr-up: 0

[1719478160.405441] [INFO]:
round_439:
    concurrency-covr: 2606
    concurrency-covr-up: 0

[1719478239.895817] [INFO]:
round_440:
    concurrency-covr: 2606
    concurrency-covr-up: 0

[1719478320.231865] [INFO]:
round_441:
    concurrency-covr: 2606
    concurrency-covr-up: 0

[1719478356.877588] [INFO]:
round_442:
    concurrency-covr: 2606
    concurrency-covr-up: 0

[1719478418.567767] [INFO]:
round_443:
    concurrency-covr: 2606
    concurrency-covr-up: 0

[1719478473.837213] [INFO]:
round_444:
    concurrency-covr: 2606
    concurrency-covr-up: 0

[1719478552.186961] [INFO]:
round_445:
    concurrency-covr: 2660
    concurrency-covr-up: 54

[1719478753.810468] [INFO]:
round_446:
    concurrency-covr: 2660
    concurrency-covr-up: 0

[1719478790.769018] [INFO]:
round_447:
    concurrency-covr: 2660
    concurrency-covr-up: 0

[1719478828.142773] [INFO]:
round_448:
    concurrency-covr: 2660
    concurrency-covr-up: 0

[1719478909.561469] [INFO]:
round_449:
    concurrency-covr: 2660
    concurrency-covr-up: 0

[1719478947.342973] [INFO]:
round_450:
    concurrency-covr: 2660
    concurrency-covr-up: 0

[1719479028.206198] [INFO]:
round_451:
    concurrency-covr: 2660
    concurrency-covr-up: 0

[1719479109.247441] [INFO]:
round_452:
    concurrency-covr: 2660
    concurrency-covr-up: 0

[1719479145.916893] [INFO]:
round_453:
    concurrency-covr: 2660
    concurrency-covr-up: 0

[1719479183.300765] [INFO]:
round_454:
    concurrency-covr: 2660
    concurrency-covr-up: 0

[1719479245.426406] [INFO]:
round_455:
    concurrency-covr: 2660
    concurrency-covr-up: 0

[1719479281.878556] [INFO]:
round_456:
    concurrency-covr: 2660
    concurrency-covr-up: 0

[1719479363.666355] [INFO]:
round_457:
    concurrency-covr: 2660
    concurrency-covr-up: 0

[1719479445.110876] [INFO]:
round_458:
    concurrency-covr: 2660
    concurrency-covr-up: 0

[1719479482.102679] [INFO]:
round_459:
    concurrency-covr: 2660
    concurrency-covr-up: 0

[1719479520.465442] [INFO]:
round_460:
    concurrency-covr: 2661
    concurrency-covr-up: 1

[1719479620.388454] [INFO]:
round_461:
    concurrency-covr: 2661
    concurrency-covr-up: 0

[1719479677.239287] [INFO]:
round_462:
    concurrency-covr: 2661
    concurrency-covr-up: 0

[1719479715.543123] [INFO]:
round_463:
    concurrency-covr: 2661
    concurrency-covr-up: 0

[1719479754.157091] [INFO]:
round_464:
    concurrency-covr: 2661
    concurrency-covr-up: 0

[1719479836.174199] [INFO]:
round_465:
    concurrency-covr: 2661
    concurrency-covr-up: 0

[1719479892.034777] [INFO]:
round_466:
    concurrency-covr: 2661
    concurrency-covr-up: 0

[1719479955.401946] [INFO]:
round_467:
    concurrency-covr: 2670
    concurrency-covr-up: 9

[1719480020.871109] [INFO]:
round_468:
    concurrency-covr: 2670
    concurrency-covr-up: 0

[1719480079.04979] [INFO]:
round_469:
    concurrency-covr: 2676
    concurrency-covr-up: 6

[1719480175.462998] [INFO]:
round_470:
    concurrency-covr: 2678
    concurrency-covr-up: 2

[1719480270.915944] [INFO]:
round_471:
    concurrency-covr: 2678
    concurrency-covr-up: 0

[1719480308.834384] [INFO]:
round_472:
    concurrency-covr: 2678
    concurrency-covr-up: 0

[1719480347.065125] [INFO]:
round_473:
    concurrency-covr: 2678
    concurrency-covr-up: 0

[1719480429.337539] [INFO]:
round_474:
    concurrency-covr: 2678
    concurrency-covr-up: 0

[1719480510.280455] [INFO]:
round_475:
    concurrency-covr: 2678
    concurrency-covr-up: 0

[1719480549.744154] [INFO]:
round_476:
    concurrency-covr: 2678
    concurrency-covr-up: 0

[1719480608.642114] [INFO]:
round_477:
    concurrency-covr: 2678
    concurrency-covr-up: 0

[1719480667.167216] [INFO]:
round_478:
    concurrency-covr: 2678
    concurrency-covr-up: 0

[1719480722.295627] [INFO]:
round_479:
    concurrency-covr: 2678
    concurrency-covr-up: 0

[1719480762.561902] [INFO]:
round_480:
    concurrency-covr: 2678
    concurrency-covr-up: 0

[1719480801.238918] [INFO]:
round_481:
    concurrency-covr: 2678
    concurrency-covr-up: 0

[1719480839.83915] [INFO]:
round_482:
    concurrency-covr: 2678
    concurrency-covr-up: 0

[1719480922.845219] [INFO]:
round_483:
    concurrency-covr: 2678
    concurrency-covr-up: 0

[1719481005.277069] [INFO]:
round_484:
    concurrency-covr: 2678
    concurrency-covr-up: 0

[1719481087.828216] [INFO]:
round_485:
    concurrency-covr: 2681
    concurrency-covr-up: 3

[1719481192.44772] [INFO]:
round_486:
    concurrency-covr: 2681
    concurrency-covr-up: 0

[1719481231.874203] [INFO]:
round_487:
    concurrency-covr: 2683
    concurrency-covr-up: 2

[1719481334.407641] [INFO]:
round_488:
    concurrency-covr: 2683
    concurrency-covr-up: 0

[1719481374.247534] [INFO]:
round_489:
    concurrency-covr: 2683
    concurrency-covr-up: 0

[1719481414.055597] [INFO]:
round_490:
    concurrency-covr: 2683
    concurrency-covr-up: 0

[1719481454.380837] [INFO]:
round_491:
    concurrency-covr: 2683
    concurrency-covr-up: 0

[1719481511.520151] [INFO]:
round_492:
    concurrency-covr: 2683
    concurrency-covr-up: 0

[1719481595.026745] [INFO]:
round_493:
    concurrency-covr: 2683
    concurrency-covr-up: 0

[1719481678.159927] [INFO]:
round_494:
    concurrency-covr: 2683
    concurrency-covr-up: 0

[1719481743.726919] [INFO]:
round_495:
    concurrency-covr: 2683
    concurrency-covr-up: 0

[1719481827.870104] [INFO]:
round_496:
    concurrency-covr: 2683
    concurrency-covr-up: 0

[1719481867.554669] [INFO]:
round_497:
    concurrency-covr: 2683
    concurrency-covr-up: 0

[1719481951.952048] [INFO]:
round_498:
    concurrency-covr: 2683
    concurrency-covr-up: 0

[1719482035.262543] [INFO]:
round_499:
    concurrency-covr: 2683
    concurrency-covr-up: 0

[1719482075.527109] [INFO]:
round_500:
    concurrency-covr: 2683
    concurrency-covr-up: 0

[1719482159.279309] [INFO]:
round_501:
    concurrency-covr: 2683
    concurrency-covr-up: 0

[1719482199.997147] [INFO]:
round_502:
    concurrency-covr: 2683
    concurrency-covr-up: 0

[1719482284.419851] [INFO]:
round_503:
    concurrency-covr: 2683
    concurrency-covr-up: 0

[1719482324.281901] [INFO]:
round_504:
    concurrency-covr: 2683
    concurrency-covr-up: 0

[1719482364.430039] [INFO]:
round_505:
    concurrency-covr: 2683
    concurrency-covr-up: 0

[1719482429.454569] [INFO]:
round_506:
    concurrency-covr: 2683
    concurrency-covr-up: 0

[1719482513.338237] [INFO]:
round_507:
    concurrency-covr: 2683
    concurrency-covr-up: 0

[1719482595.12107] [INFO]:
round_508:
    concurrency-covr: 2683
    concurrency-covr-up: 0

[1719482647.633735] [INFO]:
round_509:
    concurrency-covr: 2683
    concurrency-covr-up: 0

[1719482707.809816] [INFO]:
round_510:
    concurrency-covr: 2683
    concurrency-covr-up: 0

[1719482793.097032] [INFO]:
round_511:
    concurrency-covr: 2683
    concurrency-covr-up: 0

[1719482876.961465] [INFO]:
round_512:
    concurrency-covr: 2683
    concurrency-covr-up: 0

[1719482916.973731] [INFO]:
round_513:
    concurrency-covr: 2683
    concurrency-covr-up: 0

[1719482981.899862] [INFO]:
round_514:
    concurrency-covr: 2683
    concurrency-covr-up: 0

[1719483023.59826] [INFO]:
round_515:
    concurrency-covr: 2683
    concurrency-covr-up: 0

[1719483064.251079] [INFO]:
round_516:
    concurrency-covr: 2683
    concurrency-covr-up: 0

[1719483105.077703] [INFO]:
round_517:
    concurrency-covr: 2683
    concurrency-covr-up: 0

[1719483164.583709] [INFO]:
round_518:
    concurrency-covr: 2683
    concurrency-covr-up: 0

[1719483223.100979] [INFO]:
round_519:
    concurrency-covr: 2683
    concurrency-covr-up: 0

[1719483264.069857] [INFO]:
round_520:
    concurrency-covr: 2683
    concurrency-covr-up: 0

[1719483344.860112] [INFO]:
round_521:
    concurrency-covr: 2683
    concurrency-covr-up: 0

[1719483412.057378] [INFO]:
round_522:
    concurrency-covr: 2683
    concurrency-covr-up: 0

[1719483453.791168] [INFO]:
round_523:
    concurrency-covr: 2683
    concurrency-covr-up: 0

[1719483519.429702] [INFO]:
round_524:
    concurrency-covr: 2683
    concurrency-covr-up: 0

[1719483579.76849] [INFO]:
round_525:
    concurrency-covr: 2683
    concurrency-covr-up: 0

[1719483621.119204] [INFO]:
round_526:
    concurrency-covr: 2683
    concurrency-covr-up: 0

[1719483662.975019] [INFO]:
round_527:
    concurrency-covr: 2683
    concurrency-covr-up: 0

[1719483769.712418] [INFO]:
round_528:
    concurrency-covr: 2683
    concurrency-covr-up: 0

[1719483836.38914] [INFO]:
round_529:
    concurrency-covr: 2683
    concurrency-covr-up: 0

[1719483877.313275] [INFO]:
round_530:
    concurrency-covr: 2683
    concurrency-covr-up: 0

[1719483918.310309] [INFO]:
round_531:
    concurrency-covr: 2683
    concurrency-covr-up: 0

[1719484003.533804] [INFO]:
round_532:
    concurrency-covr: 2683
    concurrency-covr-up: 0

[1719484088.215845] [INFO]:
round_533:
    concurrency-covr: 2683
    concurrency-covr-up: 0

[1719484173.204889] [INFO]:
round_534:
    concurrency-covr: 2683
    concurrency-covr-up: 0

[1719484214.675585] [INFO]:
round_535:
    concurrency-covr: 2683
    concurrency-covr-up: 0

[1719484275.432108] [INFO]:
round_536:
    concurrency-covr: 2683
    concurrency-covr-up: 0

[1719484341.005671] [INFO]:
round_537:
    concurrency-covr: 2683
    concurrency-covr-up: 0

[1719484408.11514] [INFO]:
round_538:
    concurrency-covr: 2683
    concurrency-covr-up: 0

[1719484493.616015] [INFO]:
round_539:
    concurrency-covr: 2683
    concurrency-covr-up: 0

[1719484535.519494] [INFO]:
round_540:
    concurrency-covr: 2685
    concurrency-covr-up: 2

[1719484636.927055] [INFO]:
round_541:
    concurrency-covr: 2685
    concurrency-covr-up: 0

[1719484697.718547] [INFO]:
round_542:
    concurrency-covr: 2685
    concurrency-covr-up: 0

[1719484782.894798] [INFO]:
round_543:
    concurrency-covr: 2685
    concurrency-covr-up: 0

[1719484825.244029] [INFO]:
round_544:
    concurrency-covr: 2685
    concurrency-covr-up: 0

[1719484867.705047] [INFO]:
round_545:
    concurrency-covr: 2685
    concurrency-covr-up: 0

[1719484952.712899] [INFO]:
round_546:
    concurrency-covr: 2685
    concurrency-covr-up: 0

[1719485038.989346] [INFO]:
round_547:
    concurrency-covr: 2685
    concurrency-covr-up: 0

[1719485124.235198] [INFO]:
round_548:
    concurrency-covr: 2685
    concurrency-covr-up: 0

[1719485167.122076] [INFO]:
round_549:
    concurrency-covr: 2685
    concurrency-covr-up: 0

[1719485210.020726] [INFO]:
round_550:
    concurrency-covr: 2688
    concurrency-covr-up: 3

[1719485314.295576] [INFO]:
round_551:
    concurrency-covr: 2688
    concurrency-covr-up: 0

[1719485401.135448] [INFO]:
round_552:
    concurrency-covr: 2688
    concurrency-covr-up: 0

[1719485442.595897] [INFO]:
round_553:
    concurrency-covr: 2688
    concurrency-covr-up: 0

[1719485509.367973] [INFO]:
round_554:
    concurrency-covr: 2688
    concurrency-covr-up: 0

[1719485595.309508] [INFO]:
round_555:
    concurrency-covr: 2688
    concurrency-covr-up: 0

[1719485681.248584] [INFO]:
round_556:
    concurrency-covr: 2688
    concurrency-covr-up: 0

[1719485767.938046] [INFO]:
round_557:
    concurrency-covr: 2688
    concurrency-covr-up: 0

[1719485809.823538] [INFO]:
round_558:
    concurrency-covr: 2688
    concurrency-covr-up: 0

[1719485895.604625] [INFO]:
round_559:
    concurrency-covr: 2688
    concurrency-covr-up: 0

[1719485938.269296] [INFO]:
round_560:
    concurrency-covr: 2688
    concurrency-covr-up: 0

[1719485981.039502] [INFO]:
round_561:
    concurrency-covr: 2688
    concurrency-covr-up: 0

[1719486048.914458] [INFO]:
round_562:
    concurrency-covr: 2688
    concurrency-covr-up: 0

[1719486112.06352] [INFO]:
round_563:
    concurrency-covr: 2696
    concurrency-covr-up: 8

[1719486220.312849] [INFO]:
round_564:
    concurrency-covr: 2696
    concurrency-covr-up: 0

[1719486288.824208] [INFO]:
round_565:
    concurrency-covr: 2696
    concurrency-covr-up: 0

[1719486332.60636] [INFO]:
round_566:
    concurrency-covr: 2696
    concurrency-covr-up: 0

[1719486419.314474] [INFO]:
round_567:
    concurrency-covr: 2700
    concurrency-covr-up: 4

[1719486524.614367] [INFO]:
round_568:
    concurrency-covr: 2700
    concurrency-covr-up: 0

[1719486568.227662] [INFO]:
round_569:
    concurrency-covr: 2700
    concurrency-covr-up: 0

[1719486632.444012] [INFO]:
round_570:
    concurrency-covr: 2700
    concurrency-covr-up: 0

[1719486676.712506] [INFO]:
round_571:
    concurrency-covr: 2700
    concurrency-covr-up: 0

[1719486738.787779] [INFO]:
round_572:
    concurrency-covr: 2700
    concurrency-covr-up: 0

[1719486825.441173] [INFO]:
round_573:
    concurrency-covr: 2716
    concurrency-covr-up: 16

[1719486933.913018] [INFO]:
round_574:
    concurrency-covr: 2716
    concurrency-covr-up: 0

[1719486978.629176] [INFO]:
round_575:
    concurrency-covr: 2716
    concurrency-covr-up: 0

[1719487021.167784] [INFO]:
round_576:
    concurrency-covr: 2716
    concurrency-covr-up: 0

[1719487063.693745] [INFO]:
round_577:
    concurrency-covr: 2716
    concurrency-covr-up: 0

[1719487131.468999] [INFO]:
round_578:
    concurrency-covr: 2716
    concurrency-covr-up: 0

[1719487192.946331] [INFO]:
round_579:
    concurrency-covr: 2716
    concurrency-covr-up: 0

[1719487236.171131] [INFO]:
round_580:
    concurrency-covr: 2716
    concurrency-covr-up: 0

[1719487279.0667] [INFO]:
round_581:
    concurrency-covr: 2716
    concurrency-covr-up: 0

[1719487367.641781] [INFO]:
round_582:
    concurrency-covr: 2716
    concurrency-covr-up: 0

[1719487454.765158] [INFO]:
round_583:
    concurrency-covr: 2734
    concurrency-covr-up: 18

[1719487551.68353] [INFO]:
round_584:
    concurrency-covr: 2734
    concurrency-covr-up: 0

[1719487595.462431] [INFO]:
round_585:
    concurrency-covr: 2734
    concurrency-covr-up: 0

[1719487640.156225] [INFO]:
round_586:
    concurrency-covr: 2734
    concurrency-covr-up: 0

[1719487703.733278] [INFO]:
round_587:
    concurrency-covr: 2734
    concurrency-covr-up: 0

[1719487748.525317] [INFO]:
round_588:
    concurrency-covr: 2734
    concurrency-covr-up: 0

[1719487812.169524] [INFO]:
round_589:
    concurrency-covr: 2768
    concurrency-covr-up: 34

[1719487944.218469] [INFO]:
round_590:
    concurrency-covr: 2768
    concurrency-covr-up: 0

[1719488032.112607] [INFO]:
round_591:
    concurrency-covr: 2768
    concurrency-covr-up: 0

[1719488077.30296] [INFO]:
round_592:
    concurrency-covr: 2768
    concurrency-covr-up: 0

[1719488122.177843] [INFO]:
round_593:
    concurrency-covr: 2768
    concurrency-covr-up: 0

[1719488167.811351] [INFO]:
round_594:
    concurrency-covr: 2768
    concurrency-covr-up: 0

[1719488231.936195] [INFO]:
round_595:
    concurrency-covr: 2768
    concurrency-covr-up: 0

[1719488323.912288] [INFO]:
round_596:
    concurrency-covr: 2768
    concurrency-covr-up: 0

[1719488393.871261] [INFO]:
round_597:
    concurrency-covr: 2768
    concurrency-covr-up: 0

[1719488490.791001] [INFO]:
round_598:
    concurrency-covr: 2768
    concurrency-covr-up: 0

[1719488538.250318] [INFO]:
round_599:
    concurrency-covr: 2768
    concurrency-covr-up: 0

[1719488634.319337] [INFO]:
round_600:
    concurrency-covr: 2781
    concurrency-covr-up: 13

[1719488748.412088] [INFO]:
round_601:
    concurrency-covr: 2807
    concurrency-covr-up: 26

[1719488818.971729] [INFO]:
round_602:
    concurrency-covr: 2808
    concurrency-covr-up: 1

[1719488898.344246] [INFO]:
round_603:
    concurrency-covr: 2808
    concurrency-covr-up: 0

[1719488962.554447] [INFO]:
round_604:
    concurrency-covr: 2811
    concurrency-covr-up: 3

[1719489072.599559] [INFO]:
round_605:
    concurrency-covr: 2811
    concurrency-covr-up: 0

[1719489137.386802] [INFO]:
round_606:
    concurrency-covr: 2811
    concurrency-covr-up: 0

[1719489203.665271] [INFO]:
round_607:
    concurrency-covr: 2811
    concurrency-covr-up: 0

[1719489269.523923] [INFO]:
round_608:
    concurrency-covr: 2811
    concurrency-covr-up: 0

[1719489340.419434] [INFO]:
round_609:
    concurrency-covr: 2811
    concurrency-covr-up: 0

[1719489418.53938] [INFO]:
round_610:
    concurrency-covr: 2811
    concurrency-covr-up: 0

[1719489511.558235] [INFO]:
round_611:
    concurrency-covr: 2811
    concurrency-covr-up: 0

[1719489589.311545] [INFO]:
round_612:
    concurrency-covr: 2811
    concurrency-covr-up: 0

[1719489683.447243] [INFO]:
round_613:
    concurrency-covr: 2811
    concurrency-covr-up: 0

[1719489790.465501] [INFO]:
round_614:
    concurrency-covr: 2811
    concurrency-covr-up: 0

[1719489898.583791] [INFO]:
round_615:
    concurrency-covr: 2811
    concurrency-covr-up: 0

[1719489994.818989] [INFO]:
round_616:
    concurrency-covr: 2811
    concurrency-covr-up: 0

[1719490091.463582] [INFO]:
round_617:
    concurrency-covr: 2811
    concurrency-covr-up: 0

[1719490186.892044] [INFO]:
round_618:
    concurrency-covr: 2811
    concurrency-covr-up: 0

[1719490289.502202] [INFO]:
round_619:
    concurrency-covr: 2811
    concurrency-covr-up: 0

[1719490396.087957] [INFO]:
round_620:
    concurrency-covr: 2811
    concurrency-covr-up: 0

[1719490504.881733] [INFO]:
round_621:
    concurrency-covr: 2811
    concurrency-covr-up: 0

[1719490596.296136] [INFO]:
round_622:
    concurrency-covr: 2811
    concurrency-covr-up: 0

[1719490811.665233] [INFO]:
round_623:
    concurrency-covr: 2811
    concurrency-covr-up: 0

[1719496921.601997] [INFO]:
round_624:
    concurrency-covr: 2811
    concurrency-covr-up: 0

[1719496951.881786] [INFO]:
round_625:
    concurrency-covr: 2811
    concurrency-covr-up: 0

[1719496982.103254] [INFO]:
round_626:
    concurrency-covr: 2811
    concurrency-covr-up: 0

[1719497056.374811] [INFO]:
round_627:
    concurrency-covr: 2811
    concurrency-covr-up: 0

[1719497114.201005] [INFO]:
round_628:
    concurrency-covr: 2811
    concurrency-covr-up: 0

[1719497167.176527] [INFO]:
round_629:
    concurrency-covr: 2811
    concurrency-covr-up: 0

[1719497216.499307] [INFO]:
round_630:
    concurrency-covr: 2811
    concurrency-covr-up: 0

[1719497248.892607] [INFO]:
round_631:
    concurrency-covr: 2811
    concurrency-covr-up: 0

[1719497304.857809] [INFO]:
round_632:
    concurrency-covr: 2811
    concurrency-covr-up: 0

[1719497335.898744] [INFO]:
round_633:
    concurrency-covr: 2811
    concurrency-covr-up: 0

[1719497385.454622] [INFO]:
round_634:
    concurrency-covr: 2811
    concurrency-covr-up: 0

[1719497418.118773] [INFO]:
round_635:
    concurrency-covr: 2851
    concurrency-covr-up: 40

[1719497504.245847] [INFO]:
round_636:
    concurrency-covr: 2851
    concurrency-covr-up: 0

[1719497579.134746] [INFO]:
round_637:
    concurrency-covr: 2851
    concurrency-covr-up: 0

[1719497636.626116] [INFO]:
round_638:
    concurrency-covr: 2851
    concurrency-covr-up: 0

[1719497711.151405] [INFO]:
round_639:
    concurrency-covr: 2851
    concurrency-covr-up: 0

[1719497746.13659] [INFO]:
round_640:
    concurrency-covr: 2851
    concurrency-covr-up: 0

[1719497799.446797] [INFO]:
round_641:
    concurrency-covr: 2851
    concurrency-covr-up: 0

[1719497830.864641] [INFO]:
round_642:
    concurrency-covr: 2851
    concurrency-covr-up: 0

[1719497887.589034] [INFO]:
round_643:
    concurrency-covr: 2851
    concurrency-covr-up: 0

[1719497918.88639] [INFO]:
round_644:
    concurrency-covr: 2851
    concurrency-covr-up: 0

[1719497950.684712] [INFO]:
round_645:
    concurrency-covr: 2851
    concurrency-covr-up: 0

[1719498007.241783] [INFO]:
round_646:
    concurrency-covr: 2851
    concurrency-covr-up: 0

[1719498093.49858] [INFO]:
round_647:
    concurrency-covr: 2851
    concurrency-covr-up: 0

[1719498147.100342] [INFO]:
round_648:
    concurrency-covr: 2851
    concurrency-covr-up: 0

[1719498178.709271] [INFO]:
round_649:
    concurrency-covr: 2851
    concurrency-covr-up: 0

[1719498210.346186] [INFO]:
round_650:
    concurrency-covr: 2851
    concurrency-covr-up: 0

[1719498266.677731] [INFO]:
round_651:
    concurrency-covr: 2852
    concurrency-covr-up: 1

[1719498357.284208] [INFO]:
round_652:
    concurrency-covr: 2852
    concurrency-covr-up: 0

[1719498388.72357] [INFO]:
round_653:
    concurrency-covr: 2852
    concurrency-covr-up: 0

[1719498420.287706] [INFO]:
round_654:
    concurrency-covr: 2852
    concurrency-covr-up: 0

[1719498473.585428] [INFO]:
round_655:
    concurrency-covr: 2852
    concurrency-covr-up: 0

[1719498563.167357] [INFO]:
round_656:
    concurrency-covr: 2852
    concurrency-covr-up: 0

[1719498595.21341] [INFO]:
round_657:
    concurrency-covr: 2852
    concurrency-covr-up: 0

[1719498670.878874] [INFO]:
round_658:
    concurrency-covr: 2852
    concurrency-covr-up: 0

[1719498706.945589] [INFO]:
round_659:
    concurrency-covr: 2852
    concurrency-covr-up: 0

[1719498738.047159] [INFO]:
round_660:
    concurrency-covr: 2852
    concurrency-covr-up: 0

[1719498813.291061] [INFO]:
round_661:
    concurrency-covr: 2852
    concurrency-covr-up: 0

[1719498874.600729] [INFO]:
round_662:
    concurrency-covr: 2852
    concurrency-covr-up: 0

[1719498905.778393] [INFO]:
round_663:
    concurrency-covr: 2852
    concurrency-covr-up: 0

[1719498938.070942] [INFO]:
round_664:
    concurrency-covr: 2852
    concurrency-covr-up: 0

[1719498968.86774] [INFO]:
round_665:
    concurrency-covr: 2852
    concurrency-covr-up: 0

[1719499016.335157] [INFO]:
round_666:
    concurrency-covr: 2852
    concurrency-covr-up: 0

[1719499048.220263] [INFO]:
round_667:
    concurrency-covr: 2852
    concurrency-covr-up: 0

[1719499125.095438] [INFO]:
round_668:
    concurrency-covr: 2869
    concurrency-covr-up: 17

[1719499212.34797] [INFO]:
round_669:
    concurrency-covr: 2869
    concurrency-covr-up: 0

[1719499260.073098] [INFO]:
round_670:
    concurrency-covr: 2869
    concurrency-covr-up: 0

[1719499292.811796] [INFO]:
round_671:
    concurrency-covr: 2869
    concurrency-covr-up: 0

[1719499326.735935] [INFO]:
round_672:
    concurrency-covr: 2869
    concurrency-covr-up: 0

[1719499404.300464] [INFO]:
round_673:
    concurrency-covr: 2899
    concurrency-covr-up: 30

[1719499505.555548] [INFO]:
round_674:
    concurrency-covr: 2899
    concurrency-covr-up: 0

[1719499557.043385] [INFO]:
round_675:
    concurrency-covr: 2899
    concurrency-covr-up: 0

[1719499590.095233] [INFO]:
round_676:
    concurrency-covr: 2899
    concurrency-covr-up: 0

[1719499667.898414] [INFO]:
round_677:
    concurrency-covr: 2899
    concurrency-covr-up: 0

[1719499725.773988] [INFO]:
round_678:
    concurrency-covr: 2899
    concurrency-covr-up: 0

[1719499780.649667] [INFO]:
round_679:
    concurrency-covr: 2899
    concurrency-covr-up: 0

[1719499857.742149] [INFO]:
round_680:
    concurrency-covr: 2899
    concurrency-covr-up: 0

[1719499935.057919] [INFO]:
round_681:
    concurrency-covr: 2899
    concurrency-covr-up: 0

[1719499968.416313] [INFO]:
round_682:
    concurrency-covr: 2914
    concurrency-covr-up: 15

[1719500059.877795] [INFO]:
round_683:
    concurrency-covr: 2914
    concurrency-covr-up: 0

[1719500137.628306] [INFO]:
round_684:
    concurrency-covr: 2914
    concurrency-covr-up: 0

[1719500171.394765] [INFO]:
round_685:
    concurrency-covr: 2914
    concurrency-covr-up: 0

[1719500204.41474] [INFO]:
round_686:
    concurrency-covr: 2914
    concurrency-covr-up: 0

[1719500282.663342] [INFO]:
round_687:
    concurrency-covr: 2914
    concurrency-covr-up: 0

[1719500360.828681] [INFO]:
round_688:
    concurrency-covr: 2914
    concurrency-covr-up: 0

[1719500415.791764] [INFO]:
round_689:
    concurrency-covr: 2914
    concurrency-covr-up: 0

[1719500449.029913] [INFO]:
round_690:
    concurrency-covr: 2914
    concurrency-covr-up: 0

[1719500481.624429] [INFO]:
round_691:
    concurrency-covr: 2914
    concurrency-covr-up: 0

[1719500559.753488] [INFO]:
round_692:
    concurrency-covr: 2914
    concurrency-covr-up: 0

[1719500592.85308] [INFO]:
round_693:
    concurrency-covr: 2914
    concurrency-covr-up: 0

[1719500626.838541] [INFO]:
round_694:
    concurrency-covr: 2914
    concurrency-covr-up: 0

[1719500704.63886] [INFO]:
round_695:
    concurrency-covr: 2914
    concurrency-covr-up: 0

[1719500763.230697] [INFO]:
round_696:
    concurrency-covr: 2914
    concurrency-covr-up: 0

[1719500796.311716] [INFO]:
round_697:
    concurrency-covr: 2914
    concurrency-covr-up: 0

[1719500855.690698] [INFO]:
round_698:
    concurrency-covr: 2914
    concurrency-covr-up: 0

[1719500889.654494] [INFO]:
round_699:
    concurrency-covr: 2914
    concurrency-covr-up: 0

[1719500945.718323] [INFO]:
round_700:
    concurrency-covr: 2914
    concurrency-covr-up: 0

[1719501023.83593] [INFO]:
round_701:
    concurrency-covr: 2914
    concurrency-covr-up: 0

[1719501057.278337] [INFO]:
round_702:
    concurrency-covr: 2920
    concurrency-covr-up: 6

[1719501146.359] [INFO]:
round_703:
    concurrency-covr: 2920
    concurrency-covr-up: 0

[1719501225.015884] [INFO]:
round_704:
    concurrency-covr: 2920
    concurrency-covr-up: 0

[1719501284.533018] [INFO]:
round_705:
    concurrency-covr: 2920
    concurrency-covr-up: 0

[1719501363.366191] [INFO]:
round_706:
    concurrency-covr: 2920
    concurrency-covr-up: 0

[1719501397.927958] [INFO]:
round_707:
    concurrency-covr: 2920
    concurrency-covr-up: 0

[1719501432.781005] [INFO]:
round_708:
    concurrency-covr: 2920
    concurrency-covr-up: 0

[1719501511.546691] [INFO]:
round_709:
    concurrency-covr: 2945
    concurrency-covr-up: 25

[1719501617.333058] [INFO]:
round_710:
    concurrency-covr: 2945
    concurrency-covr-up: 0

[1719501655.141548] [INFO]:
round_711:
    concurrency-covr: 2945
    concurrency-covr-up: 0

[1719501689.897583] [INFO]:
round_712:
    concurrency-covr: 2945
    concurrency-covr-up: 0

[1719501743.666383] [INFO]:
round_713:
    concurrency-covr: 2945
    concurrency-covr-up: 0

[1719501778.740552] [INFO]:
round_714:
    concurrency-covr: 2945
    concurrency-covr-up: 0

[1719501813.198752] [INFO]:
round_715:
    concurrency-covr: 2945
    concurrency-covr-up: 0

[1719501848.769766] [INFO]:
round_716:
    concurrency-covr: 2945
    concurrency-covr-up: 0

[1719501883.994378] [INFO]:
round_717:
    concurrency-covr: 2945
    concurrency-covr-up: 0

[1719501940.432383] [INFO]:
round_718:
    concurrency-covr: 2945
    concurrency-covr-up: 0

[1719502020.135451] [INFO]:
round_719:
    concurrency-covr: 2945
    concurrency-covr-up: 0

[1719502055.699508] [INFO]:
round_720:
    concurrency-covr: 2945
    concurrency-covr-up: 0

[1719502135.033759] [INFO]:
round_721:
    concurrency-covr: 2945
    concurrency-covr-up: 0

[1719502171.052694] [INFO]:
round_722:
    concurrency-covr: 2945
    concurrency-covr-up: 0

[1719502229.569092] [INFO]:
round_723:
    concurrency-covr: 2945
    concurrency-covr-up: 0

[1719502265.606747] [INFO]:
round_724:
    concurrency-covr: 2951
    concurrency-covr-up: 6

[1719502361.038664] [INFO]:
round_725:
    concurrency-covr: 2951
    concurrency-covr-up: 0

[1719502421.177481] [INFO]:
round_726:
    concurrency-covr: 2951
    concurrency-covr-up: 0

[1719502456.385946] [INFO]:
round_727:
    concurrency-covr: 2951
    concurrency-covr-up: 0

[1719502491.642362] [INFO]:
round_728:
    concurrency-covr: 2951
    concurrency-covr-up: 0

[1719502527.233071] [INFO]:
round_729:
    concurrency-covr: 2951
    concurrency-covr-up: 0

[1719502587.335917] [INFO]:
round_730:
    concurrency-covr: 2951
    concurrency-covr-up: 0

[1719502623.436913] [INFO]:
round_731:
    concurrency-covr: 2951
    concurrency-covr-up: 0

[1719502659.286867] [INFO]:
round_732:
    concurrency-covr: 2951
    concurrency-covr-up: 0

[1719502719.788871] [INFO]:
round_733:
    concurrency-covr: 2951
    concurrency-covr-up: 0

[1719502780.022813] [INFO]:
round_734:
    concurrency-covr: 2951
    concurrency-covr-up: 0

[1719502815.755846] [INFO]:
round_735:
    concurrency-covr: 2951
    concurrency-covr-up: 0

[1719502893.114718] [INFO]:
round_736:
    concurrency-covr: 2951
    concurrency-covr-up: 0

[1719502928.767664] [INFO]:
round_737:
    concurrency-covr: 2951
    concurrency-covr-up: 0

[1719502964.699313] [INFO]:
round_738:
    concurrency-covr: 2951
    concurrency-covr-up: 0

[1719503019.4931] [INFO]:
round_739:
    concurrency-covr: 2951
    concurrency-covr-up: 0

[1719503099.929729] [INFO]:
round_740:
    concurrency-covr: 2951
    concurrency-covr-up: 0

[1719503179.68085] [INFO]:
round_741:
    concurrency-covr: 2951
    concurrency-covr-up: 0

[1719503215.516951] [INFO]:
round_742:
    concurrency-covr: 2951
    concurrency-covr-up: 0

[1719503251.412435] [INFO]:
round_743:
    concurrency-covr: 2951
    concurrency-covr-up: 0

[1719503287.534571] [INFO]:
round_744:
    concurrency-covr: 2951
    concurrency-covr-up: 0

[1719503323.446036] [INFO]:
round_745:
    concurrency-covr: 2951
    concurrency-covr-up: 0

[1719503359.600331] [INFO]:
round_746:
    concurrency-covr: 2951
    concurrency-covr-up: 0

[1719503396.177084] [INFO]:
round_747:
    concurrency-covr: 2952
    concurrency-covr-up: 1

[1719503492.296526] [INFO]:
round_748:
    concurrency-covr: 2952
    concurrency-covr-up: 0

[1719503528.218506] [INFO]:
round_749:
    concurrency-covr: 2952
    concurrency-covr-up: 0

[1719503565.096361] [INFO]:
round_750:
    concurrency-covr: 2952
    concurrency-covr-up: 0

[1719503602.378497] [INFO]:
round_751:
    concurrency-covr: 2952
    concurrency-covr-up: 0

[1719503684.285073] [INFO]:
round_752:
    concurrency-covr: 2952
    concurrency-covr-up: 0

[1719503764.773095] [INFO]:
round_753:
    concurrency-covr: 2978
    concurrency-covr-up: 26

[1719503861.404855] [INFO]:
round_754:
    concurrency-covr: 2978
    concurrency-covr-up: 0

[1719503898.094322] [INFO]:
round_755:
    concurrency-covr: 2978
    concurrency-covr-up: 0

[1719503934.774254] [INFO]:
round_756:
    concurrency-covr: 2978
    concurrency-covr-up: 0

[1719503997.694985] [INFO]:
round_757:
    concurrency-covr: 2978
    concurrency-covr-up: 0

[1719504079.42262] [INFO]:
round_758:
    concurrency-covr: 2978
    concurrency-covr-up: 0

[1719504117.054016] [INFO]:
round_759:
    concurrency-covr: 2978
    concurrency-covr-up: 0

[1719504198.644143] [INFO]:
round_760:
    concurrency-covr: 2978
    concurrency-covr-up: 0

[1719504279.528259] [INFO]:
round_761:
    concurrency-covr: 2978
    concurrency-covr-up: 0

[1719504317.171937] [INFO]:
round_762:
    concurrency-covr: 2978
    concurrency-covr-up: 0

[1719504398.165871] [INFO]:
round_763:
    concurrency-covr: 2978
    concurrency-covr-up: 0

[1719504460.588872] [INFO]:
round_764:
    concurrency-covr: 2978
    concurrency-covr-up: 0

[1719504541.544957] [INFO]:
round_765:
    concurrency-covr: 2978
    concurrency-covr-up: 0

[1719504622.303798] [INFO]:
round_766:
    concurrency-covr: 2978
    concurrency-covr-up: 0

[1719504715.259832] [INFO]:
round_767:
    concurrency-covr: 2978
    concurrency-covr-up: 0

[1719504797.118399] [INFO]:
round_768:
    concurrency-covr: 2978
    concurrency-covr-up: 0

[1719504878.303776] [INFO]:
round_769:
    concurrency-covr: 2978
    concurrency-covr-up: 0

[1719504959.929059] [INFO]:
round_770:
    concurrency-covr: 2978
    concurrency-covr-up: 0

[1719505041.495433] [INFO]:
round_771:
    concurrency-covr: 2978
    concurrency-covr-up: 0

[1719505078.744005] [INFO]:
round_772:
    concurrency-covr: 2979
    concurrency-covr-up: 1

[1719505176.818939] [INFO]:
round_773:
    concurrency-covr: 2987
    concurrency-covr-up: 8

[1719505276.085189] [INFO]:
round_774:
    concurrency-covr: 2987
    concurrency-covr-up: 0

[1719505314.590978] [INFO]:
round_775:
    concurrency-covr: 2987
    concurrency-covr-up: 0

[1719505382.623943] [INFO]:
round_776:
    concurrency-covr: 2987
    concurrency-covr-up: 0

[1719505440.449346] [INFO]:
round_777:
    concurrency-covr: 2987
    concurrency-covr-up: 0

[1719505478.11733] [INFO]:
round_778:
    concurrency-covr: 2987
    concurrency-covr-up: 0

[1719505533.998555] [INFO]:
round_779:
    concurrency-covr: 2987
    concurrency-covr-up: 0

[1719505615.864965] [INFO]:
round_780:
    concurrency-covr: 2987
    concurrency-covr-up: 0

[1719505654.04111] [INFO]:
round_781:
    concurrency-covr: 2987
    concurrency-covr-up: 0

[1719505692.390702] [INFO]:
round_782:
    concurrency-covr: 2987
    concurrency-covr-up: 0

[1719505774.290312] [INFO]:
round_783:
    concurrency-covr: 2987
    concurrency-covr-up: 0

[1719505812.194265] [INFO]:
round_784:
    concurrency-covr: 2987
    concurrency-covr-up: 0

[1719505851.073429] [INFO]:
round_785:
    concurrency-covr: 2987
    concurrency-covr-up: 0

[1719505934.323833] [INFO]:
round_786:
    concurrency-covr: 2987
    concurrency-covr-up: 0

[1719505972.792223] [INFO]:
round_787:
    concurrency-covr: 2987
    concurrency-covr-up: 0

[1719506055.745792] [INFO]:
round_788:
    concurrency-covr: 2987
    concurrency-covr-up: 0

[1719506094.072705] [INFO]:
round_789:
    concurrency-covr: 2987
    concurrency-covr-up: 0

[1719506131.723018] [INFO]:
round_790:
    concurrency-covr: 2987
    concurrency-covr-up: 0

[1719506170.249262] [INFO]:
round_791:
    concurrency-covr: 2987
    concurrency-covr-up: 0

[1719506208.215748] [INFO]:
round_792:
    concurrency-covr: 2987
    concurrency-covr-up: 0

[1719506266.474526] [INFO]:
round_793:
    concurrency-covr: 2987
    concurrency-covr-up: 0

[1719506348.70608] [INFO]:
round_794:
    concurrency-covr: 2987
    concurrency-covr-up: 0

[1719506431.486582] [INFO]:
round_795:
    concurrency-covr: 2987
    concurrency-covr-up: 0

[1719506495.534436] [INFO]:
round_796:
    concurrency-covr: 2987
    concurrency-covr-up: 0

[1719506578.704952] [INFO]:
round_797:
    concurrency-covr: 2987
    concurrency-covr-up: 0

[1719506618.204906] [INFO]:
round_798:
    concurrency-covr: 2987
    concurrency-covr-up: 0

[1719506701.682494] [INFO]:
round_799:
    concurrency-covr: 2987
    concurrency-covr-up: 0

[1719506759.475938] [INFO]:
round_800:
    concurrency-covr: 2988
    concurrency-covr-up: 1

[1719506858.363065] [INFO]:
round_801:
    concurrency-covr: 2988
    concurrency-covr-up: 0

[1719506898.450863] [INFO]:
round_802:
    concurrency-covr: 2988
    concurrency-covr-up: 0

[1719506981.359172] [INFO]:
round_803:
    concurrency-covr: 2988
    concurrency-covr-up: 0

[1719507063.937047] [INFO]:
round_804:
    concurrency-covr: 2988
    concurrency-covr-up: 0

[1719507103.452463] [INFO]:
round_805:
    concurrency-covr: 2990
    concurrency-covr-up: 2

[1719507200.187303] [INFO]:
round_806:
    concurrency-covr: 2990
    concurrency-covr-up: 0

[1719507239.292449] [INFO]:
round_807:
    concurrency-covr: 2990
    concurrency-covr-up: 0

[1719507297.17007] [INFO]:
round_808:
    concurrency-covr: 2990
    concurrency-covr-up: 0

[1719507359.039702] [INFO]:
round_809:
    concurrency-covr: 2990
    concurrency-covr-up: 0

[1719507399.385766] [INFO]:
round_810:
    concurrency-covr: 2990
    concurrency-covr-up: 0

[1719507483.318029] [INFO]:
round_811:
    concurrency-covr: 2990
    concurrency-covr-up: 0

[1719507563.96126] [INFO]:
round_812:
    concurrency-covr: 2990
    concurrency-covr-up: 0

[1719507604.124897] [INFO]:
round_813:
    concurrency-covr: 2990
    concurrency-covr-up: 0

[1719507644.910638] [INFO]:
round_814:
    concurrency-covr: 2990
    concurrency-covr-up: 0

[1719507685.17995] [INFO]:
round_815:
    concurrency-covr: 2990
    concurrency-covr-up: 0

[1719507725.427713] [INFO]:
round_816:
    concurrency-covr: 2990
    concurrency-covr-up: 0

[1719507808.950511] [INFO]:
round_817:
    concurrency-covr: 2990
    concurrency-covr-up: 0

[1719507871.951656] [INFO]:
round_818:
    concurrency-covr: 2990
    concurrency-covr-up: 0

[1719507956.263975] [INFO]:
round_819:
    concurrency-covr: 2990
    concurrency-covr-up: 0

[1719507995.718051] [INFO]:
round_820:
    concurrency-covr: 2990
    concurrency-covr-up: 0

[1719508080.221838] [INFO]:
round_821:
    concurrency-covr: 2990
    concurrency-covr-up: 0

[1719508163.930722] [INFO]:
round_822:
    concurrency-covr: 2990
    concurrency-covr-up: 0

[1719508248.529317] [INFO]:
round_823:
    concurrency-covr: 2990
    concurrency-covr-up: 0

[1719508290.246716] [INFO]:
round_824:
    concurrency-covr: 2990
    concurrency-covr-up: 0

[1719508330.795066] [INFO]:
round_825:
    concurrency-covr: 2990
    concurrency-covr-up: 0

[1719508371.4478] [INFO]:
round_826:
    concurrency-covr: 3013
    concurrency-covr-up: 23

[1719508473.057614] [INFO]:
round_827:
    concurrency-covr: 3013
    concurrency-covr-up: 0

[1719508514.02566] [INFO]:
round_828:
    concurrency-covr: 3013
    concurrency-covr-up: 0

[1719508554.83063] [INFO]:
round_829:
    concurrency-covr: 3013
    concurrency-covr-up: 0

[1719508620.638065] [INFO]:
round_830:
    concurrency-covr: 3013
    concurrency-covr-up: 0

[1719508661.748278] [INFO]:
round_831:
    concurrency-covr: 3013
    concurrency-covr-up: 0

[1719508702.875928] [INFO]:
round_832:
    concurrency-covr: 3017
    concurrency-covr-up: 4

[1719508806.444794] [INFO]:
round_833:
    concurrency-covr: 3017
    concurrency-covr-up: 0

[1719508892.475053] [INFO]:
round_834:
    concurrency-covr: 3017
    concurrency-covr-up: 0

[1719508952.144775] [INFO]:
round_835:
    concurrency-covr: 3017
    concurrency-covr-up: 0

[1719508993.707807] [INFO]:
round_836:
    concurrency-covr: 3017
    concurrency-covr-up: 0

[1719509079.068147] [INFO]:
round_837:
    concurrency-covr: 3017
    concurrency-covr-up: 0

[1719509137.205063] [INFO]:
round_838:
    concurrency-covr: 3018
    concurrency-covr-up: 1

