[1719333857.142075] [INFO]:
round_1:
    concurrency-covr: 0
    concurrency-covr-up: 0

[1719333909.412154] [INFO]:
round_2:
    concurrency-covr: 0
    concurrency-covr-up: 0

[1719333961.442832] [INFO]:
round_3:
    concurrency-covr: 146
    concurrency-covr-up: 146

[1719334038.388712] [INFO]:
round_4:
    concurrency-covr: 146
    concurrency-covr-up: 0

[1719334089.843963] [INFO]:
round_5:
    concurrency-covr: 193
    concurrency-covr-up: 47

[1719334166.547425] [INFO]:
round_6:
    concurrency-covr: 193
    concurrency-covr-up: 0

[1719334218.396556] [INFO]:
round_7:
    concurrency-covr: 217
    concurrency-covr-up: 24

[1719334296.297569] [INFO]:
round_8:
    concurrency-covr: 226
    concurrency-covr-up: 9

[1719334373.920077] [INFO]:
round_9:
    concurrency-covr: 236
    concurrency-covr-up: 10

[1719334451.633908] [INFO]:
round_10:
    concurrency-covr: 327
    concurrency-covr-up: 91

[1719334529.387804] [INFO]:
round_11:
    concurrency-covr: 327
    concurrency-covr-up: 0

[1719334582.540064] [INFO]:
round_12:
    concurrency-covr: 343
    concurrency-covr-up: 16

[1719334659.380536] [INFO]:
round_13:
    concurrency-covr: 439
    concurrency-covr-up: 96

[1719334737.490128] [INFO]:
round_14:
    concurrency-covr: 532
    concurrency-covr-up: 93

[1719334815.128442] [INFO]:
round_15:
    concurrency-covr: 532
    concurrency-covr-up: 0

[1719334867.798928] [INFO]:
round_16:
    concurrency-covr: 603
    concurrency-covr-up: 71

[1719334944.449941] [INFO]:
round_17:
    concurrency-covr: 610
    concurrency-covr-up: 7

[1719335022.589758] [INFO]:
round_18:
    concurrency-covr: 634
    concurrency-covr-up: 24

[1719335100.051556] [INFO]:
round_19:
    concurrency-covr: 640
    concurrency-covr-up: 6

[1719335177.598476] [INFO]:
round_20:
    concurrency-covr: 702
    concurrency-covr-up: 62

[1719335256.379131] [INFO]:
round_21:
    concurrency-covr: 707
    concurrency-covr-up: 5

[1719335333.265316] [INFO]:
round_22:
    concurrency-covr: 830
    concurrency-covr-up: 123

[1719335411.345473] [INFO]:
round_23:
    concurrency-covr: 831
    concurrency-covr-up: 1

[1719335488.954369] [INFO]:
round_24:
    concurrency-covr: 831
    concurrency-covr-up: 0

[1719335541.377829] [INFO]:
round_25:
    concurrency-covr: 831
    concurrency-covr-up: 0

[1719335618.749313] [INFO]:
round_26:
    concurrency-covr: 882
    concurrency-covr-up: 51

[1719335696.75157] [INFO]:
round_27:
    concurrency-covr: 882
    concurrency-covr-up: 0

[1719335749.280699] [INFO]:
round_28:
    concurrency-covr: 882
    concurrency-covr-up: 0

[1719335800.844561] [INFO]:
round_29:
    concurrency-covr: 933
    concurrency-covr-up: 51

[1719335877.694137] [INFO]:
round_30:
    concurrency-covr: 971
    concurrency-covr-up: 38

[1719335955.900989] [INFO]:
round_31:
    concurrency-covr: 998
    concurrency-covr-up: 27

[1719336034.114903] [INFO]:
round_32:
    concurrency-covr: 1015
    concurrency-covr-up: 17

[1719336112.836191] [INFO]:
round_33:
    concurrency-covr: 1015
    concurrency-covr-up: 0

[1719336164.656169] [INFO]:
round_34:
    concurrency-covr: 1015
    concurrency-covr-up: 0

[1719336241.819837] [INFO]:
round_35:
    concurrency-covr: 1020
    concurrency-covr-up: 5

[1719336319.891543] [INFO]:
round_36:
    concurrency-covr: 1088
    concurrency-covr-up: 68

[1719336398.799804] [INFO]:
round_37:
    concurrency-covr: 1089
    concurrency-covr-up: 1

[1719336476.656358] [INFO]:
round_38:
    concurrency-covr: 1089
    concurrency-covr-up: 0

[1719336554.934488] [INFO]:
round_39:
    concurrency-covr: 1092
    concurrency-covr-up: 3

[1719336632.607436] [INFO]:
round_40:
    concurrency-covr: 1092
    concurrency-covr-up: 0

[1719336710.743682] [INFO]:
round_41:
    concurrency-covr: 1092
    concurrency-covr-up: 0

[1719336788.951648] [INFO]:
round_42:
    concurrency-covr: 1092
    concurrency-covr-up: 0

[1719336866.599274] [INFO]:
round_43:
    concurrency-covr: 1096
    concurrency-covr-up: 4

[1719336944.878767] [INFO]:
round_44:
    concurrency-covr: 1117
    concurrency-covr-up: 21

[1719337024.518674] [INFO]:
round_45:
    concurrency-covr: 1117
    concurrency-covr-up: 0

[1719337077.139518] [INFO]:
round_46:
    concurrency-covr: 1117
    concurrency-covr-up: 0

[1719337154.094] [INFO]:
round_47:
    concurrency-covr: 1117
    concurrency-covr-up: 0

[1719337232.049338] [INFO]:
round_48:
    concurrency-covr: 1180
    concurrency-covr-up: 63

[1719337310.54078] [INFO]:
round_49:
    concurrency-covr: 1196
    concurrency-covr-up: 16

[1719337388.267341] [INFO]:
round_50:
    concurrency-covr: 1196
    concurrency-covr-up: 0

[1719337441.313973] [INFO]:
round_51:
    concurrency-covr: 1239
    concurrency-covr-up: 43

[1719337518.275251] [INFO]:
round_52:
    concurrency-covr: 1281
    concurrency-covr-up: 42

[1719337596.169221] [INFO]:
round_53:
    concurrency-covr: 1333
    concurrency-covr-up: 52

[1719337674.148749] [INFO]:
round_54:
    concurrency-covr: 1333
    concurrency-covr-up: 0

[1719337752.024959] [INFO]:
round_55:
    concurrency-covr: 1333
    concurrency-covr-up: 0

[1719337830.268622] [INFO]:
round_56:
    concurrency-covr: 1355
    concurrency-covr-up: 22

[1719337908.4706] [INFO]:
round_57:
    concurrency-covr: 1355
    concurrency-covr-up: 0

[1719337987.012285] [INFO]:
round_58:
    concurrency-covr: 1355
    concurrency-covr-up: 0

[1719338039.120963] [INFO]:
round_59:
    concurrency-covr: 1398
    concurrency-covr-up: 43

[1719338116.22954] [INFO]:
round_60:
    concurrency-covr: 1398
    concurrency-covr-up: 0

[1719338168.88864] [INFO]:
round_61:
    concurrency-covr: 1398
    concurrency-covr-up: 0

[1719338246.104553] [INFO]:
round_62:
    concurrency-covr: 1398
    concurrency-covr-up: 0

[1719338299.299414] [INFO]:
round_63:
    concurrency-covr: 1414
    concurrency-covr-up: 16

[1719338376.055203] [INFO]:
round_64:
    concurrency-covr: 1414
    concurrency-covr-up: 0

[1719338429.374951] [INFO]:
round_65:
    concurrency-covr: 1417
    concurrency-covr-up: 3

[1719338505.983478] [INFO]:
round_66:
    concurrency-covr: 1457
    concurrency-covr-up: 40

[1719338584.086782] [INFO]:
round_67:
    concurrency-covr: 1457
    concurrency-covr-up: 0

[1719338662.164461] [INFO]:
round_68:
    concurrency-covr: 1535
    concurrency-covr-up: 78

[1719338740.553892] [INFO]:
round_69:
    concurrency-covr: 1536
    concurrency-covr-up: 1

[1719338817.879264] [INFO]:
round_70:
    concurrency-covr: 1536
    concurrency-covr-up: 0

[1719338896.089408] [INFO]:
round_71:
    concurrency-covr: 1536
    concurrency-covr-up: 0

[1719338974.134546] [INFO]:
round_72:
    concurrency-covr: 1536
    concurrency-covr-up: 0

[1719339052.26324] [INFO]:
round_73:
    concurrency-covr: 1536
    concurrency-covr-up: 0

[1719339106.295542] [INFO]:
round_74:
    concurrency-covr: 1577
    concurrency-covr-up: 41

[1719339182.835795] [INFO]:
round_75:
    concurrency-covr: 1577
    concurrency-covr-up: 0

[1719339260.638268] [INFO]:
round_76:
    concurrency-covr: 1577
    concurrency-covr-up: 0

[1719339340.86528] [INFO]:
round_77:
    concurrency-covr: 1577
    concurrency-covr-up: 0

[1719339419.921552] [INFO]:
round_78:
    concurrency-covr: 1577
    concurrency-covr-up: 0

[1719339471.135455] [INFO]:
round_79:
    concurrency-covr: 1577
    concurrency-covr-up: 0

[1719339523.48182] [INFO]:
round_80:
    concurrency-covr: 1586
    concurrency-covr-up: 9

[1719339601.041231] [INFO]:
round_81:
    concurrency-covr: 1586
    concurrency-covr-up: 0

[1719339679.518298] [INFO]:
round_82:
    concurrency-covr: 1587
    concurrency-covr-up: 1

[1719339757.884242] [INFO]:
round_83:
    concurrency-covr: 1587
    concurrency-covr-up: 0

[1719339835.908482] [INFO]:
round_84:
    concurrency-covr: 1587
    concurrency-covr-up: 0

[1719339889.036808] [INFO]:
round_85:
    concurrency-covr: 1589
    concurrency-covr-up: 2

[1719339966.950402] [INFO]:
round_86:
    concurrency-covr: 1589
    concurrency-covr-up: 0

[1719340020.041195] [INFO]:
round_87:
    concurrency-covr: 1589
    concurrency-covr-up: 0

[1719340094.52477] [INFO]:
round_88:
    concurrency-covr: 1590
    concurrency-covr-up: 1

[1719340171.482616] [INFO]:
round_89:
    concurrency-covr: 1590
    concurrency-covr-up: 0

[1719340249.861329] [INFO]:
round_90:
    concurrency-covr: 1625
    concurrency-covr-up: 35

[1719340327.979975] [INFO]:
round_91:
    concurrency-covr: 1625
    concurrency-covr-up: 0

[1719340404.516454] [INFO]:
round_92:
    concurrency-covr: 1625
    concurrency-covr-up: 0

[1719340481.650323] [INFO]:
round_93:
    concurrency-covr: 1627
    concurrency-covr-up: 2

[1719340558.887485] [INFO]:
round_94:
    concurrency-covr: 1627
    concurrency-covr-up: 0

[1719340637.121275] [INFO]:
round_95:
    concurrency-covr: 1642
    concurrency-covr-up: 15

[1719340714.374753] [INFO]:
round_96:
    concurrency-covr: 1642
    concurrency-covr-up: 0

[1719340795.000608] [INFO]:
round_97:
    concurrency-covr: 1656
    concurrency-covr-up: 14

[1719340873.581674] [INFO]:
round_98:
    concurrency-covr: 1660
    concurrency-covr-up: 4

[1719340951.550897] [INFO]:
round_99:
    concurrency-covr: 1660
    concurrency-covr-up: 0

[1719341029.199114] [INFO]:
round_100:
    concurrency-covr: 1674
    concurrency-covr-up: 14

[1719341107.807067] [INFO]:
round_101:
    concurrency-covr: 1727
    concurrency-covr-up: 53

[1719341184.740817] [INFO]:
round_102:
    concurrency-covr: 1727
    concurrency-covr-up: 0

[1719341265.250033] [INFO]:
round_103:
    concurrency-covr: 1797
    concurrency-covr-up: 70

[1719341341.651557] [INFO]:
round_104:
    concurrency-covr: 1797
    concurrency-covr-up: 0

[1719341418.757977] [INFO]:
round_105:
    concurrency-covr: 1797
    concurrency-covr-up: 0

[1719341472.26226] [INFO]:
round_106:
    concurrency-covr: 1797
    concurrency-covr-up: 0

[1719341550.051594] [INFO]:
round_107:
    concurrency-covr: 1797
    concurrency-covr-up: 0

[1719341627.016229] [INFO]:
round_108:
    concurrency-covr: 1797
    concurrency-covr-up: 0

[1719341679.582745] [INFO]:
round_109:
    concurrency-covr: 1797
    concurrency-covr-up: 0

[1719341758.246201] [INFO]:
round_110:
    concurrency-covr: 1797
    concurrency-covr-up: 0

[1719341810.336109] [INFO]:
round_111:
    concurrency-covr: 1797
    concurrency-covr-up: 0

[1719341887.517447] [INFO]:
round_112:
    concurrency-covr: 1797
    concurrency-covr-up: 0

[1719341940.795149] [INFO]:
round_113:
    concurrency-covr: 1799
    concurrency-covr-up: 2

[1719342019.074821] [INFO]:
round_114:
    concurrency-covr: 1799
    concurrency-covr-up: 0

[1719342097.467225] [INFO]:
round_115:
    concurrency-covr: 1804
    concurrency-covr-up: 5

[1719342174.379324] [INFO]:
round_116:
    concurrency-covr: 1804
    concurrency-covr-up: 0

[1719342253.271336] [INFO]:
round_117:
    concurrency-covr: 1804
    concurrency-covr-up: 0

[1719342304.905734] [INFO]:
round_118:
    concurrency-covr: 1804
    concurrency-covr-up: 0

[1719342380.724753] [INFO]:
round_119:
    concurrency-covr: 1804
    concurrency-covr-up: 0

[1719342458.166544] [INFO]:
round_120:
    concurrency-covr: 1804
    concurrency-covr-up: 0

[1719342510.746561] [INFO]:
round_121:
    concurrency-covr: 1804
    concurrency-covr-up: 0

[1719342563.865284] [INFO]:
round_122:
    concurrency-covr: 1804
    concurrency-covr-up: 0

[1719342616.417757] [INFO]:
round_123:
    concurrency-covr: 1804
    concurrency-covr-up: 0

[1719342694.258836] [INFO]:
round_124:
    concurrency-covr: 1804
    concurrency-covr-up: 0

[1719342772.37133] [INFO]:
round_125:
    concurrency-covr: 1804
    concurrency-covr-up: 0

[1719342850.497481] [INFO]:
round_126:
    concurrency-covr: 1804
    concurrency-covr-up: 0

[1719342926.680955] [INFO]:
round_127:
    concurrency-covr: 1804
    concurrency-covr-up: 0

[1719342979.621942] [INFO]:
round_128:
    concurrency-covr: 1804
    concurrency-covr-up: 0

[1719343058.136082] [INFO]:
round_129:
    concurrency-covr: 1804
    concurrency-covr-up: 0

[1719343134.891237] [INFO]:
round_130:
    concurrency-covr: 1804
    concurrency-covr-up: 0

[1719343212.078725] [INFO]:
round_131:
    concurrency-covr: 1837
    concurrency-covr-up: 33

[1719343290.67287] [INFO]:
round_132:
    concurrency-covr: 1837
    concurrency-covr-up: 0

[1719343343.295555] [INFO]:
round_133:
    concurrency-covr: 1838
    concurrency-covr-up: 1

[1719343421.807089] [INFO]:
round_134:
    concurrency-covr: 1838
    concurrency-covr-up: 0

[1719343474.001188] [INFO]:
round_135:
    concurrency-covr: 1838
    concurrency-covr-up: 0

[1719343523.544177] [INFO]:
round_136:
    concurrency-covr: 1838
    concurrency-covr-up: 0

[1719343576.624945] [INFO]:
round_137:
    concurrency-covr: 1839
    concurrency-covr-up: 1

[1719343654.463691] [INFO]:
round_138:
    concurrency-covr: 1839
    concurrency-covr-up: 0

[1719343708.70267] [INFO]:
round_139:
    concurrency-covr: 1843
    concurrency-covr-up: 4

[1719343783.013138] [INFO]:
round_140:
    concurrency-covr: 1869
    concurrency-covr-up: 26

[1719343863.355183] [INFO]:
round_141:
    concurrency-covr: 1869
    concurrency-covr-up: 0

[1719343915.31641] [INFO]:
round_142:
    concurrency-covr: 1869
    concurrency-covr-up: 0

[1719343968.670451] [INFO]:
round_143:
    concurrency-covr: 1869
    concurrency-covr-up: 0

[1719344025.151092] [INFO]:
round_144:
    concurrency-covr: 1869
    concurrency-covr-up: 0

[1719344078.102742] [INFO]:
round_145:
    concurrency-covr: 1877
    concurrency-covr-up: 8

[1719344153.588904] [INFO]:
round_146:
    concurrency-covr: 1877
    concurrency-covr-up: 0

[1719344206.410381] [INFO]:
round_147:
    concurrency-covr: 1877
    concurrency-covr-up: 0

[1719344259.464599] [INFO]:
round_148:
    concurrency-covr: 1877
    concurrency-covr-up: 0

[1719344336.297463] [INFO]:
round_149:
    concurrency-covr: 1894
    concurrency-covr-up: 17

[1719344413.316446] [INFO]:
round_150:
    concurrency-covr: 1894
    concurrency-covr-up: 0

[1719344490.61312] [INFO]:
round_151:
    concurrency-covr: 1894
    concurrency-covr-up: 0

[1719344543.019349] [INFO]:
round_152:
    concurrency-covr: 1932
    concurrency-covr-up: 38

[1719344633.106914] [INFO]:
round_153:
    concurrency-covr: 1932
    concurrency-covr-up: 0

[1719344710.491044] [INFO]:
round_154:
    concurrency-covr: 1932
    concurrency-covr-up: 0

[1719344789.085357] [INFO]:
round_155:
    concurrency-covr: 1934
    concurrency-covr-up: 2

[1719344867.797045] [INFO]:
round_156:
    concurrency-covr: 2010
    concurrency-covr-up: 76

[1719344938.931887] [INFO]:
round_157:
    concurrency-covr: 2010
    concurrency-covr-up: 0

[1719345020.350383] [INFO]:
round_158:
    concurrency-covr: 2010
    concurrency-covr-up: 0

[1719345073.460588] [INFO]:
round_159:
    concurrency-covr: 2010
    concurrency-covr-up: 0

[1719345152.184954] [INFO]:
round_160:
    concurrency-covr: 2034
    concurrency-covr-up: 24

[1719345230.227507] [INFO]:
round_161:
    concurrency-covr: 2052
    concurrency-covr-up: 18

[1719345307.67977] [INFO]:
round_162:
    concurrency-covr: 2052
    concurrency-covr-up: 0

[1719345385.2792] [INFO]:
round_163:
    concurrency-covr: 2052
    concurrency-covr-up: 0

[1719345463.793556] [INFO]:
round_164:
    concurrency-covr: 2052
    concurrency-covr-up: 0

[1719345541.722842] [INFO]:
round_165:
    concurrency-covr: 2052
    concurrency-covr-up: 0

[1719345596.865861] [INFO]:
round_166:
    concurrency-covr: 2052
    concurrency-covr-up: 0

[1719345679.022491] [INFO]:
round_167:
    concurrency-covr: 2052
    concurrency-covr-up: 0

[1719345756.311599] [INFO]:
round_168:
    concurrency-covr: 2053
    concurrency-covr-up: 1

[1719345835.702629] [INFO]:
round_169:
    concurrency-covr: 2053
    concurrency-covr-up: 0

[1719345918.430721] [INFO]:
round_170:
    concurrency-covr: 2065
    concurrency-covr-up: 12

[1719346001.462451] [INFO]:
round_171:
    concurrency-covr: 2065
    concurrency-covr-up: 0

[1719346080.865487] [INFO]:
round_172:
    concurrency-covr: 2067
    concurrency-covr-up: 2

[1719346159.839968] [INFO]:
round_173:
    concurrency-covr: 2067
    concurrency-covr-up: 0

[1719346206.806185] [INFO]:
round_174:
    concurrency-covr: 2067
    concurrency-covr-up: 0

[1719346260.110823] [INFO]:
round_175:
    concurrency-covr: 2067
    concurrency-covr-up: 0

[1719346313.667211] [INFO]:
round_176:
    concurrency-covr: 2236
    concurrency-covr-up: 169

[1719346392.397595] [INFO]:
round_177:
    concurrency-covr: 2236
    concurrency-covr-up: 0

[1719346481.671205] [INFO]:
round_178:
    concurrency-covr: 2236
    concurrency-covr-up: 0

[1719346561.06175] [INFO]:
round_179:
    concurrency-covr: 2236
    concurrency-covr-up: 0

[1719346619.88247] [INFO]:
round_180:
    concurrency-covr: 2243
    concurrency-covr-up: 7

[1719346698.762015] [INFO]:
round_181:
    concurrency-covr: 2244
    concurrency-covr-up: 1

[1719346777.928236] [INFO]:
round_182:
    concurrency-covr: 2244
    concurrency-covr-up: 0

[1719346832.173723] [INFO]:
round_183:
    concurrency-covr: 2244
    concurrency-covr-up: 0

[1719346882.510708] [INFO]:
round_184:
    concurrency-covr: 2244
    concurrency-covr-up: 0

[1719346959.849048] [INFO]:
round_185:
    concurrency-covr: 2244
    concurrency-covr-up: 0

[1719347013.376409] [INFO]:
round_186:
    concurrency-covr: 2246
    concurrency-covr-up: 2

[1719347088.949283] [INFO]:
round_187:
    concurrency-covr: 2246
    concurrency-covr-up: 0

[1719347167.605552] [INFO]:
round_188:
    concurrency-covr: 2247
    concurrency-covr-up: 1

[1719347245.166636] [INFO]:
round_189:
    concurrency-covr: 2247
    concurrency-covr-up: 0

[1719347292.026573] [INFO]:
round_190:
    concurrency-covr: 2247
    concurrency-covr-up: 0

[1719347346.457731] [INFO]:
round_191:
    concurrency-covr: 2247
    concurrency-covr-up: 0

[1719347424.737715] [INFO]:
round_192:
    concurrency-covr: 2247
    concurrency-covr-up: 0

[1719347502.122932] [INFO]:
round_193:
    concurrency-covr: 2247
    concurrency-covr-up: 0

[1719347563.352095] [INFO]:
round_194:
    concurrency-covr: 2248
    concurrency-covr-up: 1

[1719347642.839222] [INFO]:
round_195:
    concurrency-covr: 2253
    concurrency-covr-up: 5

[1719347720.984957] [INFO]:
round_196:
    concurrency-covr: 2253
    concurrency-covr-up: 0

[1719347807.042387] [INFO]:
round_197:
    concurrency-covr: 2253
    concurrency-covr-up: 0

[1719347860.944538] [INFO]:
round_198:
    concurrency-covr: 2253
    concurrency-covr-up: 0

[1719347936.994497] [INFO]:
round_199:
    concurrency-covr: 2264
    concurrency-covr-up: 11

[1719348014.491789] [INFO]:
round_200:
    concurrency-covr: 2264
    concurrency-covr-up: 0

[1719348093.071432] [INFO]:
round_201:
    concurrency-covr: 2273
    concurrency-covr-up: 9

[1719348173.3987] [INFO]:
round_202:
    concurrency-covr: 2273
    concurrency-covr-up: 0

[1719348251.473406] [INFO]:
round_203:
    concurrency-covr: 2273
    concurrency-covr-up: 0

[1719348332.558462] [INFO]:
round_204:
    concurrency-covr: 2273
    concurrency-covr-up: 0

[1719348411.779754] [INFO]:
round_205:
    concurrency-covr: 2273
    concurrency-covr-up: 0

[1719348466.063524] [INFO]:
round_206:
    concurrency-covr: 2273
    concurrency-covr-up: 0

[1719348553.290954] [INFO]:
round_207:
    concurrency-covr: 2273
    concurrency-covr-up: 0

[1719348637.749671] [INFO]:
round_208:
    concurrency-covr: 2275
    concurrency-covr-up: 2

[1719348718.650897] [INFO]:
round_209:
    concurrency-covr: 2275
    concurrency-covr-up: 0

[1719348773.86982] [INFO]:
round_210:
    concurrency-covr: 2275
    concurrency-covr-up: 0

[1719348826.031332] [INFO]:
round_211:
    concurrency-covr: 2275
    concurrency-covr-up: 0

[1719348882.41306] [INFO]:
round_212:
    concurrency-covr: 2275
    concurrency-covr-up: 0

[1719348965.404451] [INFO]:
round_213:
    concurrency-covr: 2278
    concurrency-covr-up: 3

[1719349055.390337] [INFO]:
round_214:
    concurrency-covr: 2344
    concurrency-covr-up: 66

[1719349139.680613] [INFO]:
round_215:
    concurrency-covr: 2358
    concurrency-covr-up: 14

[1719349227.966744] [INFO]:
round_216:
    concurrency-covr: 2358
    concurrency-covr-up: 0

[1719349284.061038] [INFO]:
round_217:
    concurrency-covr: 2358
    concurrency-covr-up: 0

[1719349362.526474] [INFO]:
round_218:
    concurrency-covr: 2358
    concurrency-covr-up: 0

[1719349441.240418] [INFO]:
round_219:
    concurrency-covr: 2358
    concurrency-covr-up: 0

[1719349522.781096] [INFO]:
round_220:
    concurrency-covr: 2358
    concurrency-covr-up: 0

[1719349594.684774] [INFO]:
round_221:
    concurrency-covr: 2389
    concurrency-covr-up: 31

[1719349673.389245] [INFO]:
round_222:
    concurrency-covr: 2389
    concurrency-covr-up: 0

[1719349752.523875] [INFO]:
round_223:
    concurrency-covr: 2389
    concurrency-covr-up: 0

[1719349825.407496] [INFO]:
round_224:
    concurrency-covr: 2389
    concurrency-covr-up: 0

[1719349904.585518] [INFO]:
round_225:
    concurrency-covr: 2390
    concurrency-covr-up: 1

[1719349984.653069] [INFO]:
round_226:
    concurrency-covr: 2390
    concurrency-covr-up: 0

[1719350057.13507] [INFO]:
round_227:
    concurrency-covr: 2390
    concurrency-covr-up: 0

[1719350137.842524] [INFO]:
round_228:
    concurrency-covr: 2390
    concurrency-covr-up: 0

[1719350189.484315] [INFO]:
round_229:
    concurrency-covr: 2390
    concurrency-covr-up: 0

[1719350268.527675] [INFO]:
round_230:
    concurrency-covr: 2390
    concurrency-covr-up: 0

[1719350349.161244] [INFO]:
round_231:
    concurrency-covr: 2393
    concurrency-covr-up: 3

[1719350436.132651] [INFO]:
round_232:
    concurrency-covr: 2393
    concurrency-covr-up: 0

[1719350516.059086] [INFO]:
round_233:
    concurrency-covr: 2393
    concurrency-covr-up: 0

[1719350595.786508] [INFO]:
round_234:
    concurrency-covr: 2393
    concurrency-covr-up: 0

[1719350674.854732] [INFO]:
round_235:
    concurrency-covr: 2407
    concurrency-covr-up: 14

[1719350747.577564] [INFO]:
round_236:
    concurrency-covr: 2407
    concurrency-covr-up: 0

[1719350826.145453] [INFO]:
round_237:
    concurrency-covr: 2428
    concurrency-covr-up: 21

[1719350906.287941] [INFO]:
round_238:
    concurrency-covr: 2428
    concurrency-covr-up: 0

[1719350992.869995] [INFO]:
round_239:
    concurrency-covr: 2428
    concurrency-covr-up: 0

[1719351073.304668] [INFO]:
round_240:
    concurrency-covr: 2428
    concurrency-covr-up: 0

[1719351128.84027] [INFO]:
round_241:
    concurrency-covr: 2428
    concurrency-covr-up: 0

[1719351182.742915] [INFO]:
round_242:
    concurrency-covr: 2428
    concurrency-covr-up: 0

[1719351261.982088] [INFO]:
round_243:
    concurrency-covr: 2549
    concurrency-covr-up: 121

[1719351334.475448] [INFO]:
round_244:
    concurrency-covr: 2549
    concurrency-covr-up: 0

[1719351422.309414] [INFO]:
round_245:
    concurrency-covr: 2549
    concurrency-covr-up: 0

[1719351495.060562] [INFO]:
round_246:
    concurrency-covr: 2549
    concurrency-covr-up: 0

[1719351579.885331] [INFO]:
round_247:
    concurrency-covr: 2561
    concurrency-covr-up: 12

[1719351657.509064] [INFO]:
round_248:
    concurrency-covr: 2561
    concurrency-covr-up: 0

[1719351746.236783] [INFO]:
round_249:
    concurrency-covr: 2561
    concurrency-covr-up: 0

[1719351826.343048] [INFO]:
round_250:
    concurrency-covr: 2561
    concurrency-covr-up: 0

[1719351891.983755] [INFO]:
round_251:
    concurrency-covr: 2561
    concurrency-covr-up: 0

[1719351982.667008] [INFO]:
round_252:
    concurrency-covr: 2561
    concurrency-covr-up: 0

[1719352062.686921] [INFO]:
round_253:
    concurrency-covr: 2563
    concurrency-covr-up: 2

[1719352145.181995] [INFO]:
round_254:
    concurrency-covr: 2566
    concurrency-covr-up: 3

[1719352224.999465] [INFO]:
round_255:
    concurrency-covr: 2568
    concurrency-covr-up: 2

[1719352309.570478] [INFO]:
round_256:
    concurrency-covr: 2573
    concurrency-covr-up: 5

[1719352382.313497] [INFO]:
round_257:
    concurrency-covr: 2590
    concurrency-covr-up: 17

[1719352455.736132] [INFO]:
round_258:
    concurrency-covr: 2590
    concurrency-covr-up: 0

[1719352528.622611] [INFO]:
round_259:
    concurrency-covr: 2592
    concurrency-covr-up: 2

[1719352607.899752] [INFO]:
round_260:
    concurrency-covr: 2592
    concurrency-covr-up: 0

[1719352680.404057] [INFO]:
round_261:
    concurrency-covr: 2592
    concurrency-covr-up: 0

[1719352766.488281] [INFO]:
round_262:
    concurrency-covr: 2608
    concurrency-covr-up: 16

[1719352839.032328] [INFO]:
round_263:
    concurrency-covr: 2610
    concurrency-covr-up: 2

[1719352920.513973] [INFO]:
round_264:
    concurrency-covr: 2611
    concurrency-covr-up: 1

[1719353008.365461] [INFO]:
round_265:
    concurrency-covr: 2611
    concurrency-covr-up: 0

[1719353072.95487] [INFO]:
round_266:
    concurrency-covr: 2627
    concurrency-covr-up: 16

[1719353149.219787] [INFO]:
round_267:
    concurrency-covr: 2627
    concurrency-covr-up: 0

[1719353205.954113] [INFO]:
round_268:
    concurrency-covr: 2629
    concurrency-covr-up: 2

[1719353286.164392] [INFO]:
round_269:
    concurrency-covr: 2629
    concurrency-covr-up: 0

[1719353364.932613] [INFO]:
round_270:
    concurrency-covr: 2629
    concurrency-covr-up: 0

[1719353412.82905] [INFO]:
round_271:
    concurrency-covr: 2649
    concurrency-covr-up: 20

[1719353492.653656] [INFO]:
round_272:
    concurrency-covr: 2649
    concurrency-covr-up: 0

[1719353547.804054] [INFO]:
round_273:
    concurrency-covr: 2649
    concurrency-covr-up: 0

[1719353627.326045] [INFO]:
round_274:
    concurrency-covr: 2802
    concurrency-covr-up: 153

[1719353700.845989] [INFO]:
round_275:
    concurrency-covr: 2855
    concurrency-covr-up: 53

[1719353787.871] [INFO]:
round_276:
    concurrency-covr: 2859
    concurrency-covr-up: 4

[1719353878.405824] [INFO]:
round_277:
    concurrency-covr: 2859
    concurrency-covr-up: 0

[1719353926.639121] [INFO]:
round_278:
    concurrency-covr: 2859
    concurrency-covr-up: 0

[1719354013.914469] [INFO]:
round_279:
    concurrency-covr: 2859
    concurrency-covr-up: 0

[1719354087.472495] [INFO]:
round_280:
    concurrency-covr: 2859
    concurrency-covr-up: 0

[1719354135.277742] [INFO]:
round_281:
    concurrency-covr: 2859
    concurrency-covr-up: 0

[1719354215.348897] [INFO]:
round_282:
    concurrency-covr: 2859
    concurrency-covr-up: 0

[1719354289.212837] [INFO]:
round_283:
    concurrency-covr: 2860
    concurrency-covr-up: 1

[1719354362.430606] [INFO]:
round_284:
    concurrency-covr: 2861
    concurrency-covr-up: 1

[1719354445.535095] [INFO]:
round_285:
    concurrency-covr: 2861
    concurrency-covr-up: 0

[1719354534.087415] [INFO]:
round_286:
    concurrency-covr: 2862
    concurrency-covr-up: 1

[1719354623.442992] [INFO]:
round_287:
    concurrency-covr: 2862
    concurrency-covr-up: 0

[1719354704.104884] [INFO]:
round_288:
    concurrency-covr: 2864
    concurrency-covr-up: 2

[1719354792.559527] [INFO]:
round_289:
    concurrency-covr: 2864
    concurrency-covr-up: 0

[1719354883.154791] [INFO]:
round_290:
    concurrency-covr: 2864
    concurrency-covr-up: 0

[1719354956.937549] [INFO]:
round_291:
    concurrency-covr: 2864
    concurrency-covr-up: 0

[1719355041.701631] [INFO]:
round_292:
    concurrency-covr: 2864
    concurrency-covr-up: 0

[1719355122.246643] [INFO]:
round_293:
    concurrency-covr: 2864
    concurrency-covr-up: 0

[1719355178.938596] [INFO]:
round_294:
    concurrency-covr: 2864
    concurrency-covr-up: 0

[1719355257.887184] [INFO]:
round_295:
    concurrency-covr: 2864
    concurrency-covr-up: 0

[1719355336.864791] [INFO]:
round_296:
    concurrency-covr: 2864
    concurrency-covr-up: 0

[1719355418.384543] [INFO]:
round_297:
    concurrency-covr: 2890
    concurrency-covr-up: 26

[1719355492.666212] [INFO]:
round_298:
    concurrency-covr: 2890
    concurrency-covr-up: 0

[1719355567.145952] [INFO]:
round_299:
    concurrency-covr: 2890
    concurrency-covr-up: 0

[1719355647.113447] [INFO]:
round_300:
    concurrency-covr: 2890
    concurrency-covr-up: 0

[1719355694.375445] [INFO]:
round_301:
    concurrency-covr: 2890
    concurrency-covr-up: 0

[1719355775.952912] [INFO]:
round_302:
    concurrency-covr: 2890
    concurrency-covr-up: 0

[1719355830.216537] [INFO]:
round_303:
    concurrency-covr: 2912
    concurrency-covr-up: 22

[1719355909.499691] [INFO]:
round_304:
    concurrency-covr: 2912
    concurrency-covr-up: 0

[1719355988.501651] [INFO]:
round_305:
    concurrency-covr: 2912
    concurrency-covr-up: 0

[1719356067.534986] [INFO]:
round_306:
    concurrency-covr: 2912
    concurrency-covr-up: 0

[1719356146.884452] [INFO]:
round_307:
    concurrency-covr: 2930
    concurrency-covr-up: 18

[1719356225.288795] [INFO]:
round_308:
    concurrency-covr: 2930
    concurrency-covr-up: 0

[1719356304.465217] [INFO]:
round_309:
    concurrency-covr: 2951
    concurrency-covr-up: 21

[1719356383.960097] [INFO]:
round_310:
    concurrency-covr: 2951
    concurrency-covr-up: 0

[1719356437.671534] [INFO]:
round_311:
    concurrency-covr: 2951
    concurrency-covr-up: 0

[1719356517.567381] [INFO]:
round_312:
    concurrency-covr: 2951
    concurrency-covr-up: 0

[1719356596.94108] [INFO]:
round_313:
    concurrency-covr: 2957
    concurrency-covr-up: 6

[1719356676.512618] [INFO]:
round_314:
    concurrency-covr: 2957
    concurrency-covr-up: 0

[1719356755.759288] [INFO]:
round_315:
    concurrency-covr: 2957
    concurrency-covr-up: 0

[1719356834.557132] [INFO]:
round_316:
    concurrency-covr: 2957
    concurrency-covr-up: 0

[1719356915.628181] [INFO]:
round_317:
    concurrency-covr: 2957
    concurrency-covr-up: 0

[1719356994.181227] [INFO]:
round_318:
    concurrency-covr: 2957
    concurrency-covr-up: 0

[1719357049.548931] [INFO]:
round_319:
    concurrency-covr: 2959
    concurrency-covr-up: 2

[1719357126.762312] [INFO]:
round_320:
    concurrency-covr: 2959
    concurrency-covr-up: 0

[1719357205.679035] [INFO]:
round_321:
    concurrency-covr: 2959
    concurrency-covr-up: 0

[1719357259.148974] [INFO]:
round_322:
    concurrency-covr: 2961
    concurrency-covr-up: 2

[1719357335.493349] [INFO]:
round_323:
    concurrency-covr: 2961
    concurrency-covr-up: 0

[1719357415.077287] [INFO]:
round_324:
    concurrency-covr: 3032
    concurrency-covr-up: 71

[1719357494.042711] [INFO]:
round_325:
    concurrency-covr: 3032
    concurrency-covr-up: 0

[1719357572.416207] [INFO]:
round_326:
    concurrency-covr: 3032
    concurrency-covr-up: 0

[1719357628.489149] [INFO]:
round_327:
    concurrency-covr: 3032
    concurrency-covr-up: 0

[1719357704.514562] [INFO]:
round_328:
    concurrency-covr: 3032
    concurrency-covr-up: 0

[1719357785.309163] [INFO]:
round_329:
    concurrency-covr: 3064
    concurrency-covr-up: 32

[1719357864.484022] [INFO]:
round_330:
    concurrency-covr: 3069
    concurrency-covr-up: 5

[1719357944.000628] [INFO]:
round_331:
    concurrency-covr: 3069
    concurrency-covr-up: 0

[1719358024.069138] [INFO]:
round_332:
    concurrency-covr: 3088
    concurrency-covr-up: 19

[1719358102.375205] [INFO]:
round_333:
    concurrency-covr: 3088
    concurrency-covr-up: 0

[1719358157.667083] [INFO]:
round_334:
    concurrency-covr: 3088
    concurrency-covr-up: 0

[1719358237.755122] [INFO]:
round_335:
    concurrency-covr: 3088
    concurrency-covr-up: 0

[1719358320.436712] [INFO]:
round_336:
    concurrency-covr: 3112
    concurrency-covr-up: 24

[1719358399.293256] [INFO]:
round_337:
    concurrency-covr: 3112
    concurrency-covr-up: 0

[1719358478.932539] [INFO]:
round_338:
    concurrency-covr: 3112
    concurrency-covr-up: 0

[1719358556.657406] [INFO]:
round_339:
    concurrency-covr: 3112
    concurrency-covr-up: 0

[1719358636.755976] [INFO]:
round_340:
    concurrency-covr: 3123
    concurrency-covr-up: 11

[1719358717.630407] [INFO]:
round_341:
    concurrency-covr: 3123
    concurrency-covr-up: 0

[1719358796.02832] [INFO]:
round_342:
    concurrency-covr: 3123
    concurrency-covr-up: 0

[1719358850.995046] [INFO]:
round_343:
    concurrency-covr: 3123
    concurrency-covr-up: 0

[1719358927.558564] [INFO]:
round_344:
    concurrency-covr: 3123
    concurrency-covr-up: 0

[1719359007.148962] [INFO]:
round_345:
    concurrency-covr: 3123
    concurrency-covr-up: 0

[1719359087.350996] [INFO]:
round_346:
    concurrency-covr: 3123
    concurrency-covr-up: 0

[1719359168.176063] [INFO]:
round_347:
    concurrency-covr: 3139
    concurrency-covr-up: 16

[1719359248.850945] [INFO]:
round_348:
    concurrency-covr: 3142
    concurrency-covr-up: 3

[1719359327.831574] [INFO]:
round_349:
    concurrency-covr: 3142
    concurrency-covr-up: 0

[1719359382.895168] [INFO]:
round_350:
    concurrency-covr: 3142
    concurrency-covr-up: 0

[1719359464.174592] [INFO]:
round_351:
    concurrency-covr: 3142
    concurrency-covr-up: 0

[1719359518.623414] [INFO]:
round_352:
    concurrency-covr: 3142
    concurrency-covr-up: 0

[1719359573.360978] [INFO]:
round_353:
    concurrency-covr: 3142
    concurrency-covr-up: 0

[1719359650.429016] [INFO]:
round_354:
    concurrency-covr: 3142
    concurrency-covr-up: 0

[1719359705.96321] [INFO]:
round_355:
    concurrency-covr: 3142
    concurrency-covr-up: 0

[1719359761.735213] [INFO]:
round_356:
    concurrency-covr: 3142
    concurrency-covr-up: 0

[1719359840.899737] [INFO]:
round_357:
    concurrency-covr: 3142
    concurrency-covr-up: 0

[1719359896.85535] [INFO]:
round_358:
    concurrency-covr: 3142
    concurrency-covr-up: 0

[1719359952.219749] [INFO]:
round_359:
    concurrency-covr: 3142
    concurrency-covr-up: 0

[1719360007.500665] [INFO]:
round_360:
    concurrency-covr: 3142
    concurrency-covr-up: 0

[1719360087.080011] [INFO]:
round_361:
    concurrency-covr: 3144
    concurrency-covr-up: 2

[1719360166.557696] [INFO]:
round_362:
    concurrency-covr: 3144
    concurrency-covr-up: 0

[1719360247.053901] [INFO]:
round_363:
    concurrency-covr: 3144
    concurrency-covr-up: 0

[1719360327.173497] [INFO]:
round_364:
    concurrency-covr: 3144
    concurrency-covr-up: 0

[1719360406.615288] [INFO]:
round_365:
    concurrency-covr: 3144
    concurrency-covr-up: 0

[1719360486.801514] [INFO]:
round_366:
    concurrency-covr: 3144
    concurrency-covr-up: 0

[1719360568.053978] [INFO]:
round_367:
    concurrency-covr: 3144
    concurrency-covr-up: 0

[1719360648.50829] [INFO]:
round_368:
    concurrency-covr: 3144
    concurrency-covr-up: 0

[1719360722.951729] [INFO]:
round_369:
    concurrency-covr: 3150
    concurrency-covr-up: 6

[1719360801.912804] [INFO]:
round_370:
    concurrency-covr: 3150
    concurrency-covr-up: 0

[1719360857.458872] [INFO]:
round_371:
    concurrency-covr: 3150
    concurrency-covr-up: 0

[1719360937.24612] [INFO]:
round_372:
    concurrency-covr: 3150
    concurrency-covr-up: 0

[1719360994.195839] [INFO]:
round_373:
    concurrency-covr: 3150
    concurrency-covr-up: 0

[1719361073.44656] [INFO]:
round_374:
    concurrency-covr: 3158
    concurrency-covr-up: 8

[1719361154.356995] [INFO]:
round_375:
    concurrency-covr: 3163
    concurrency-covr-up: 5

[1719361235.710049] [INFO]:
round_376:
    concurrency-covr: 3163
    concurrency-covr-up: 0

[1719361291.744117] [INFO]:
round_377:
    concurrency-covr: 3163
    concurrency-covr-up: 0

[1719361371.83402] [INFO]:
round_378:
    concurrency-covr: 3163
    concurrency-covr-up: 0

[1719361451.645888] [INFO]:
round_379:
    concurrency-covr: 3163
    concurrency-covr-up: 0

[1719361506.626215] [INFO]:
round_380:
    concurrency-covr: 3189
    concurrency-covr-up: 26

[1719361586.864222] [INFO]:
round_381:
    concurrency-covr: 3189
    concurrency-covr-up: 0

[1719361665.471259] [INFO]:
round_382:
    concurrency-covr: 3190
    concurrency-covr-up: 1

[1719361746.336327] [INFO]:
round_383:
    concurrency-covr: 3190
    concurrency-covr-up: 0

[1719361826.649259] [INFO]:
round_384:
    concurrency-covr: 3190
    concurrency-covr-up: 0

[1719361907.125293] [INFO]:
round_385:
    concurrency-covr: 3190
    concurrency-covr-up: 0

[1719361988.025318] [INFO]:
round_386:
    concurrency-covr: 3190
    concurrency-covr-up: 0

[1719362067.560135] [INFO]:
round_387:
    concurrency-covr: 3190
    concurrency-covr-up: 0

[1719362149.485643] [INFO]:
round_388:
    concurrency-covr: 3190
    concurrency-covr-up: 0

[1719362202.098888] [INFO]:
round_389:
    concurrency-covr: 3190
    concurrency-covr-up: 0

[1719362279.304493] [INFO]:
round_390:
    concurrency-covr: 3190
    concurrency-covr-up: 0

[1719362337.009701] [INFO]:
round_391:
    concurrency-covr: 3190
    concurrency-covr-up: 0

[1719362415.423742] [INFO]:
round_392:
    concurrency-covr: 3190
    concurrency-covr-up: 0

[1719362496.913605] [INFO]:
round_393:
    concurrency-covr: 3190
    concurrency-covr-up: 0

[1719362576.96373] [INFO]:
round_394:
    concurrency-covr: 3197
    concurrency-covr-up: 7

[1719362654.897568] [INFO]:
round_395:
    concurrency-covr: 3197
    concurrency-covr-up: 0

[1719362736.9583] [INFO]:
round_396:
    concurrency-covr: 3197
    concurrency-covr-up: 0

[1719362793.286995] [INFO]:
round_397:
    concurrency-covr: 3197
    concurrency-covr-up: 0

[1719362846.756884] [INFO]:
round_398:
    concurrency-covr: 3197
    concurrency-covr-up: 0

[1719362901.658796] [INFO]:
round_399:
    concurrency-covr: 3197
    concurrency-covr-up: 0

[1719362980.377037] [INFO]:
round_400:
    concurrency-covr: 3197
    concurrency-covr-up: 0

[1719363061.751273] [INFO]:
round_401:
    concurrency-covr: 3197
    concurrency-covr-up: 0

[1719363150.705166] [INFO]:
round_402:
    concurrency-covr: 3197
    concurrency-covr-up: 0

[1719363206.110207] [INFO]:
round_403:
    concurrency-covr: 3197
    concurrency-covr-up: 0

[1719363286.8562] [INFO]:
round_404:
    concurrency-covr: 3197
    concurrency-covr-up: 0

[1719363354.306166] [INFO]:
round_405:
    concurrency-covr: 3197
    concurrency-covr-up: 0

[1719363409.36061] [INFO]:
round_406:
    concurrency-covr: 3197
    concurrency-covr-up: 0

[1719363489.125967] [INFO]:
round_407:
    concurrency-covr: 3197
    concurrency-covr-up: 0

[1719363572.231038] [INFO]:
round_408:
    concurrency-covr: 3197
    concurrency-covr-up: 0

[1719363631.753535] [INFO]:
round_409:
    concurrency-covr: 3197
    concurrency-covr-up: 0

[1719363711.999919] [INFO]:
round_410:
    concurrency-covr: 3197
    concurrency-covr-up: 0

[1719363791.964287] [INFO]:
round_411:
    concurrency-covr: 3198
    concurrency-covr-up: 1

[1719363871.983998] [INFO]:
round_412:
    concurrency-covr: 3198
    concurrency-covr-up: 0

[1719363932.388197] [INFO]:
round_413:
    concurrency-covr: 3198
    concurrency-covr-up: 0

[1719364012.949597] [INFO]:
round_414:
    concurrency-covr: 3198
    concurrency-covr-up: 0

[1719364096.198578] [INFO]:
round_415:
    concurrency-covr: 3198
    concurrency-covr-up: 0

[1719364179.467047] [INFO]:
round_416:
    concurrency-covr: 3198
    concurrency-covr-up: 0

[1719364261.030572] [INFO]:
round_417:
    concurrency-covr: 3198
    concurrency-covr-up: 0

[1719364347.906061] [INFO]:
round_418:
    concurrency-covr: 3199
    concurrency-covr-up: 1

[1719364429.201849] [INFO]:
round_419:
    concurrency-covr: 3199
    concurrency-covr-up: 0

[1719364509.059906] [INFO]:
round_420:
    concurrency-covr: 3207
    concurrency-covr-up: 8

[1719364597.26451] [INFO]:
round_421:
    concurrency-covr: 3207
    concurrency-covr-up: 0

[1719364655.604597] [INFO]:
round_422:
    concurrency-covr: 3207
    concurrency-covr-up: 0

[1719364717.40098] [INFO]:
round_423:
    concurrency-covr: 3207
    concurrency-covr-up: 0

[1719364799.192158] [INFO]:
round_424:
    concurrency-covr: 3207
    concurrency-covr-up: 0

[1719364881.005013] [INFO]:
round_425:
    concurrency-covr: 3207
    concurrency-covr-up: 0

[1719364961.757421] [INFO]:
round_426:
    concurrency-covr: 3207
    concurrency-covr-up: 0

[1719365041.791226] [INFO]:
round_427:
    concurrency-covr: 3207
    concurrency-covr-up: 0

[1719365117.047394] [INFO]:
round_428:
    concurrency-covr: 3207
    concurrency-covr-up: 0

[1719365167.154928] [INFO]:
round_429:
    concurrency-covr: 3207
    concurrency-covr-up: 0

[1719365247.91726] [INFO]:
round_430:
    concurrency-covr: 3212
    concurrency-covr-up: 5

[1719365329.873665] [INFO]:
round_431:
    concurrency-covr: 3212
    concurrency-covr-up: 0

[1719365412.239197] [INFO]:
round_432:
    concurrency-covr: 3212
    concurrency-covr-up: 0

[1719365493.404972] [INFO]:
round_433:
    concurrency-covr: 3212
    concurrency-covr-up: 0

[1719365551.286318] [INFO]:
round_434:
    concurrency-covr: 3257
    concurrency-covr-up: 45

[1719365633.404792] [INFO]:
round_435:
    concurrency-covr: 3257
    concurrency-covr-up: 0

[1719365690.439334] [INFO]:
round_436:
    concurrency-covr: 3257
    concurrency-covr-up: 0

[1719365775.203456] [INFO]:
round_437:
    concurrency-covr: 3257
    concurrency-covr-up: 0

[1719365832.110478] [INFO]:
round_438:
    concurrency-covr: 3257
    concurrency-covr-up: 0

[1719365911.294121] [INFO]:
round_439:
    concurrency-covr: 3257
    concurrency-covr-up: 0

[1719365993.218712] [INFO]:
round_440:
    concurrency-covr: 3257
    concurrency-covr-up: 0

[1719366050.766556] [INFO]:
round_441:
    concurrency-covr: 3257
    concurrency-covr-up: 0

[1719366133.077513] [INFO]:
round_442:
    concurrency-covr: 3257
    concurrency-covr-up: 0

[1719366211.676644] [INFO]:
round_443:
    concurrency-covr: 3272
    concurrency-covr-up: 15

[1719366295.283972] [INFO]:
round_444:
    concurrency-covr: 3272
    concurrency-covr-up: 0

[1719366376.027753] [INFO]:
round_445:
    concurrency-covr: 3272
    concurrency-covr-up: 0

[1719366451.446414] [INFO]:
round_446:
    concurrency-covr: 3272
    concurrency-covr-up: 0

[1719366542.996445] [INFO]:
round_447:
    concurrency-covr: 3272
    concurrency-covr-up: 0

[1719366624.035382] [INFO]:
round_448:
    concurrency-covr: 3272
    concurrency-covr-up: 0

[1719366712.339116] [INFO]:
round_449:
    concurrency-covr: 3272
    concurrency-covr-up: 0

[1719366793.029196] [INFO]:
round_450:
    concurrency-covr: 3272
    concurrency-covr-up: 0

[1719366868.173475] [INFO]:
round_451:
    concurrency-covr: 3273
    concurrency-covr-up: 1

[1719366944.151875] [INFO]:
round_452:
    concurrency-covr: 3273
    concurrency-covr-up: 0

[1719367007.172436] [INFO]:
round_453:
    concurrency-covr: 3273
    concurrency-covr-up: 0

[1719367068.41493] [INFO]:
round_454:
    concurrency-covr: 3277
    concurrency-covr-up: 4

[1719367151.021798] [INFO]:
round_455:
    concurrency-covr: 3277
    concurrency-covr-up: 0

[1719367234.214249] [INFO]:
round_456:
    concurrency-covr: 3277
    concurrency-covr-up: 0

[1719367316.653325] [INFO]:
round_457:
    concurrency-covr: 3277
    concurrency-covr-up: 0

[1719367391.87781] [INFO]:
round_458:
    concurrency-covr: 3277
    concurrency-covr-up: 0

[1719367483.610421] [INFO]:
round_459:
    concurrency-covr: 3277
    concurrency-covr-up: 0

[1719367546.77047] [INFO]:
round_460:
    concurrency-covr: 3277
    concurrency-covr-up: 0

[1719367629.582989] [INFO]:
round_461:
    concurrency-covr: 3277
    concurrency-covr-up: 0

[1719367688.89176] [INFO]:
round_462:
    concurrency-covr: 3277
    concurrency-covr-up: 0

[1719367778.095834] [INFO]:
round_463:
    concurrency-covr: 3277
    concurrency-covr-up: 0

[1719367859.550874] [INFO]:
round_464:
    concurrency-covr: 3277
    concurrency-covr-up: 0

[1719367919.721291] [INFO]:
round_465:
    concurrency-covr: 3277
    concurrency-covr-up: 0

[1719368003.640746] [INFO]:
round_466:
    concurrency-covr: 3277
    concurrency-covr-up: 0

[1719368079.055931] [INFO]:
round_467:
    concurrency-covr: 3280
    concurrency-covr-up: 3

[1719368155.286355] [INFO]:
round_468:
    concurrency-covr: 3309
    concurrency-covr-up: 29

[1719368240.425145] [INFO]:
round_469:
    concurrency-covr: 3310
    concurrency-covr-up: 1

[1719368328.693252] [INFO]:
round_470:
    concurrency-covr: 3310
    concurrency-covr-up: 0

[1719368412.553483] [INFO]:
round_471:
    concurrency-covr: 3310
    concurrency-covr-up: 0

[1719379255.791235] [INFO]:
round_472:
    concurrency-covr: 3310
    concurrency-covr-up: 0

[1719379332.468435] [INFO]:
round_473:
    concurrency-covr: 3310
    concurrency-covr-up: 0

[1719379409.37379] [INFO]:
round_474:
    concurrency-covr: 3310
    concurrency-covr-up: 0

[1719379485.318313] [INFO]:
round_475:
    concurrency-covr: 3317
    concurrency-covr-up: 7

[1719379561.501516] [INFO]:
round_476:
    concurrency-covr: 3343
    concurrency-covr-up: 26

[1719379637.868789] [INFO]:
round_477:
    concurrency-covr: 3343
    concurrency-covr-up: 0

[1719379713.921264] [INFO]:
round_478:
    concurrency-covr: 3343
    concurrency-covr-up: 0

[1719379790.426539] [INFO]:
round_479:
    concurrency-covr: 3343
    concurrency-covr-up: 0

[1719379841.414341] [INFO]:
round_480:
    concurrency-covr: 3343
    concurrency-covr-up: 0

[1719379915.567816] [INFO]:
round_481:
    concurrency-covr: 3343
    concurrency-covr-up: 0

[1719379992.390673] [INFO]:
round_482:
    concurrency-covr: 3343
    concurrency-covr-up: 0

[1719380070.377911] [INFO]:
round_483:
    concurrency-covr: 3343
    concurrency-covr-up: 0

[1719380147.197879] [INFO]:
round_484:
    concurrency-covr: 3343
    concurrency-covr-up: 0

[1719380198.751925] [INFO]:
round_485:
    concurrency-covr: 3343
    concurrency-covr-up: 0

[1719380276.707014] [INFO]:
round_486:
    concurrency-covr: 3343
    concurrency-covr-up: 0

[1719380327.26905] [INFO]:
round_487:
    concurrency-covr: 3343
    concurrency-covr-up: 0

[1719380375.62356] [INFO]:
round_488:
    concurrency-covr: 3343
    concurrency-covr-up: 0

[1719380450.614203] [INFO]:
round_489:
    concurrency-covr: 3350
    concurrency-covr-up: 7

[1719380527.001919] [INFO]:
round_490:
    concurrency-covr: 3350
    concurrency-covr-up: 0

[1719380604.363091] [INFO]:
round_491:
    concurrency-covr: 3356
    concurrency-covr-up: 6

[1719380680.61788] [INFO]:
round_492:
    concurrency-covr: 3367
    concurrency-covr-up: 11

[1719380758.260062] [INFO]:
round_493:
    concurrency-covr: 3367
    concurrency-covr-up: 0

[1719380834.21793] [INFO]:
round_494:
    concurrency-covr: 3367
    concurrency-covr-up: 0

[1719380911.081802] [INFO]:
round_495:
    concurrency-covr: 3367
    concurrency-covr-up: 0

[1719380987.621739] [INFO]:
round_496:
    concurrency-covr: 3367
    concurrency-covr-up: 0

[1719381038.967493] [INFO]:
round_497:
    concurrency-covr: 3367
    concurrency-covr-up: 0

[1719381113.001598] [INFO]:
round_498:
    concurrency-covr: 3367
    concurrency-covr-up: 0

[1719381190.687513] [INFO]:
round_499:
    concurrency-covr: 3367
    concurrency-covr-up: 0

[1719381243.296909] [INFO]:
round_500:
    concurrency-covr: 3367
    concurrency-covr-up: 0

[1719381317.922707] [INFO]:
round_501:
    concurrency-covr: 3367
    concurrency-covr-up: 0

[1719381394.7066] [INFO]:
round_502:
    concurrency-covr: 3367
    concurrency-covr-up: 0

[1719381472.69505] [INFO]:
round_503:
    concurrency-covr: 3367
    concurrency-covr-up: 0

[1719381550.476191] [INFO]:
round_504:
    concurrency-covr: 3367
    concurrency-covr-up: 0

[1719381628.131099] [INFO]:
round_505:
    concurrency-covr: 3367
    concurrency-covr-up: 0

[1719381705.753261] [INFO]:
round_506:
    concurrency-covr: 3367
    concurrency-covr-up: 0

[1719381783.619947] [INFO]:
round_507:
    concurrency-covr: 3367
    concurrency-covr-up: 0

[1719381862.003702] [INFO]:
round_508:
    concurrency-covr: 3367
    concurrency-covr-up: 0

[1719381912.66652] [INFO]:
round_509:
    concurrency-covr: 3367
    concurrency-covr-up: 0

[1719381987.924307] [INFO]:
round_510:
    concurrency-covr: 3367
    concurrency-covr-up: 0

[1719382066.798849] [INFO]:
round_511:
    concurrency-covr: 3367
    concurrency-covr-up: 0

[1719382119.804285] [INFO]:
round_512:
    concurrency-covr: 3374
    concurrency-covr-up: 7

[1719382194.598862] [INFO]:
round_513:
    concurrency-covr: 3374
    concurrency-covr-up: 0

[1719382246.931362] [INFO]:
round_514:
    concurrency-covr: 3375
    concurrency-covr-up: 1

[1719382324.092415] [INFO]:
round_515:
    concurrency-covr: 3375
    concurrency-covr-up: 0

[1719382375.024411] [INFO]:
round_516:
    concurrency-covr: 3375
    concurrency-covr-up: 0

[1719382450.510996] [INFO]:
round_517:
    concurrency-covr: 3375
    concurrency-covr-up: 0

[1719382526.988687] [INFO]:
round_518:
    concurrency-covr: 3375
    concurrency-covr-up: 0

[1719382605.272531] [INFO]:
round_519:
    concurrency-covr: 3375
    concurrency-covr-up: 0

[1719382682.633367] [INFO]:
round_520:
    concurrency-covr: 3375
    concurrency-covr-up: 0

[1719382741.477661] [INFO]:
round_521:
    concurrency-covr: 3375
    concurrency-covr-up: 0

[1719382820.281932] [INFO]:
round_522:
    concurrency-covr: 3375
    concurrency-covr-up: 0

[1719382897.875393] [INFO]:
round_523:
    concurrency-covr: 3375
    concurrency-covr-up: 0

[1719382975.092623] [INFO]:
round_524:
    concurrency-covr: 3375
    concurrency-covr-up: 0

[1719383054.904079] [INFO]:
round_525:
    concurrency-covr: 3375
    concurrency-covr-up: 0

[1719383132.551671] [INFO]:
round_526:
    concurrency-covr: 3375
    concurrency-covr-up: 0

[1719383210.96062] [INFO]:
round_527:
    concurrency-covr: 3375
    concurrency-covr-up: 0

[1719383288.393672] [INFO]:
round_528:
    concurrency-covr: 3375
    concurrency-covr-up: 0

[1719383365.348707] [INFO]:
round_529:
    concurrency-covr: 3375
    concurrency-covr-up: 0

[1719383442.21833] [INFO]:
round_530:
    concurrency-covr: 3375
    concurrency-covr-up: 0

[1719383494.693593] [INFO]:
round_531:
    concurrency-covr: 3375
    concurrency-covr-up: 0

[1719383569.84884] [INFO]:
round_532:
    concurrency-covr: 3375
    concurrency-covr-up: 0

[1719383622.301016] [INFO]:
round_533:
    concurrency-covr: 3375
    concurrency-covr-up: 0

[1719383700.009624] [INFO]:
round_534:
    concurrency-covr: 3375
    concurrency-covr-up: 0

[1719383776.832668] [INFO]:
round_535:
    concurrency-covr: 3375
    concurrency-covr-up: 0

[1719384020.39859] [INFO]:
round_536:
    concurrency-covr: 3375
    concurrency-covr-up: 0

[1719384095.530359] [INFO]:
round_537:
    concurrency-covr: 3375
    concurrency-covr-up: 0

[1719384171.520128] [INFO]:
round_538:
    concurrency-covr: 3387
    concurrency-covr-up: 12

[1719384248.0211] [INFO]:
round_539:
    concurrency-covr: 3387
    concurrency-covr-up: 0

[1719384299.296193] [INFO]:
round_540:
    concurrency-covr: 3402
    concurrency-covr-up: 15

[1719384373.103004] [INFO]:
round_541:
    concurrency-covr: 3402
    concurrency-covr-up: 0

[1719384449.447316] [INFO]:
round_542:
    concurrency-covr: 3402
    concurrency-covr-up: 0

[1719384528.38387] [INFO]:
round_543:
    concurrency-covr: 3402
    concurrency-covr-up: 0

[1719384606.208329] [INFO]:
round_544:
    concurrency-covr: 3402
    concurrency-covr-up: 0

[1719384683.952818] [INFO]:
round_545:
    concurrency-covr: 3402
    concurrency-covr-up: 0

[1719384760.567176] [INFO]:
round_546:
    concurrency-covr: 3410
    concurrency-covr-up: 8

[1719384836.703443] [INFO]:
round_547:
    concurrency-covr: 3410
    concurrency-covr-up: 0

[1719384913.341175] [INFO]:
round_548:
    concurrency-covr: 3410
    concurrency-covr-up: 0

[1719384991.19892] [INFO]:
round_549:
    concurrency-covr: 3410
    concurrency-covr-up: 0

[1719385043.132434] [INFO]:
round_550:
    concurrency-covr: 3425
    concurrency-covr-up: 15

[1719385117.418635] [INFO]:
round_551:
    concurrency-covr: 3425
    concurrency-covr-up: 0

[1719385193.746662] [INFO]:
round_552:
    concurrency-covr: 3425
    concurrency-covr-up: 0

[1719385272.561063] [INFO]:
round_553:
    concurrency-covr: 3425
    concurrency-covr-up: 0

[1719385322.717295] [INFO]:
round_554:
    concurrency-covr: 3425
    concurrency-covr-up: 0

[1719385371.87903] [INFO]:
round_555:
    concurrency-covr: 3425
    concurrency-covr-up: 0

[1719385421.274979] [INFO]:
round_556:
    concurrency-covr: 3430
    concurrency-covr-up: 5

[1719385495.642276] [INFO]:
round_557:
    concurrency-covr: 3430
    concurrency-covr-up: 0

[1719385572.023569] [INFO]:
round_558:
    concurrency-covr: 3430
    concurrency-covr-up: 0

[1719385624.774761] [INFO]:
round_559:
    concurrency-covr: 3430
    concurrency-covr-up: 0

[1719385698.711251] [INFO]:
round_560:
    concurrency-covr: 3430
    concurrency-covr-up: 0

[1719385776.816872] [INFO]:
round_561:
    concurrency-covr: 3433
    concurrency-covr-up: 3

[1719385854.433885] [INFO]:
round_562:
    concurrency-covr: 3433
    concurrency-covr-up: 0

[1719385930.238534] [INFO]:
round_563:
    concurrency-covr: 3433
    concurrency-covr-up: 0

[1719385983.156796] [INFO]:
round_564:
    concurrency-covr: 3433
    concurrency-covr-up: 0

[1719386057.647943] [INFO]:
round_565:
    concurrency-covr: 3433
    concurrency-covr-up: 0

[1719386134.645597] [INFO]:
round_566:
    concurrency-covr: 3436
    concurrency-covr-up: 3

[1719386211.532486] [INFO]:
round_567:
    concurrency-covr: 3436
    concurrency-covr-up: 0

[1719386290.309336] [INFO]:
round_568:
    concurrency-covr: 3436
    concurrency-covr-up: 0

[1719386342.622554] [INFO]:
round_569:
    concurrency-covr: 3436
    concurrency-covr-up: 0

[1719386416.831778] [INFO]:
round_570:
    concurrency-covr: 3436
    concurrency-covr-up: 0

[1719386494.569603] [INFO]:
round_571:
    concurrency-covr: 3436
    concurrency-covr-up: 0

[1719386547.132486] [INFO]:
round_572:
    concurrency-covr: 3436
    concurrency-covr-up: 0

[1719386596.137664] [INFO]:
round_573:
    concurrency-covr: 3449
    concurrency-covr-up: 13

[1719386670.927422] [INFO]:
round_574:
    concurrency-covr: 3449
    concurrency-covr-up: 0

[1719386747.696373] [INFO]:
round_575:
    concurrency-covr: 3449
    concurrency-covr-up: 0

[1719386824.041694] [INFO]:
round_576:
    concurrency-covr: 3449
    concurrency-covr-up: 0

[1719386901.056188] [INFO]:
round_577:
    concurrency-covr: 3449
    concurrency-covr-up: 0

[1719386978.203828] [INFO]:
round_578:
    concurrency-covr: 3449
    concurrency-covr-up: 0

[1719387030.986342] [INFO]:
round_579:
    concurrency-covr: 3449
    concurrency-covr-up: 0

[1719387105.48568] [INFO]:
round_580:
    concurrency-covr: 3451
    concurrency-covr-up: 2

[1719387186.067506] [INFO]:
round_581:
    concurrency-covr: 3451
    concurrency-covr-up: 0

[1719387262.838537] [INFO]:
round_582:
    concurrency-covr: 3451
    concurrency-covr-up: 0

[1719387315.497937] [INFO]:
round_583:
    concurrency-covr: 3451
    concurrency-covr-up: 0

[1719387364.961017] [INFO]:
round_584:
    concurrency-covr: 3451
    concurrency-covr-up: 0

[1719387443.276996] [INFO]:
round_585:
    concurrency-covr: 3451
    concurrency-covr-up: 0

[1719387519.486527] [INFO]:
round_586:
    concurrency-covr: 3451
    concurrency-covr-up: 0

[1719387571.677565] [INFO]:
round_587:
    concurrency-covr: 3451
    concurrency-covr-up: 0

[1719387649.236772] [INFO]:
round_588:
    concurrency-covr: 3464
    concurrency-covr-up: 13

[1719387725.669629] [INFO]:
round_589:
    concurrency-covr: 3464
    concurrency-covr-up: 0

[1719387802.563584] [INFO]:
round_590:
    concurrency-covr: 3464
    concurrency-covr-up: 0

[1719387879.678661] [INFO]:
round_591:
    concurrency-covr: 3468
    concurrency-covr-up: 4

[1719387957.661847] [INFO]:
round_592:
    concurrency-covr: 3468
    concurrency-covr-up: 0

[1719388034.703798] [INFO]:
round_593:
    concurrency-covr: 3483
    concurrency-covr-up: 15

[1719388112.867118] [INFO]:
round_594:
    concurrency-covr: 3484
    concurrency-covr-up: 1

[1719388190.182934] [INFO]:
round_595:
    concurrency-covr: 3484
    concurrency-covr-up: 0

[1719388242.946828] [INFO]:
round_596:
    concurrency-covr: 3484
    concurrency-covr-up: 0

[1719388318.565729] [INFO]:
round_597:
    concurrency-covr: 3484
    concurrency-covr-up: 0

[1719388397.049588] [INFO]:
round_598:
    concurrency-covr: 3484
    concurrency-covr-up: 0

[1719388450.399535] [INFO]:
round_599:
    concurrency-covr: 3488
    concurrency-covr-up: 4

[1719388525.968569] [INFO]:
round_600:
    concurrency-covr: 3488
    concurrency-covr-up: 0

[1719388602.925386] [INFO]:
round_601:
    concurrency-covr: 3488
    concurrency-covr-up: 0

[1719388655.395005] [INFO]:
round_602:
    concurrency-covr: 3488
    concurrency-covr-up: 0

[1719388733.164625] [INFO]:
round_603:
    concurrency-covr: 3514
    concurrency-covr-up: 26

[1719388812.185686] [INFO]:
round_604:
    concurrency-covr: 3520
    concurrency-covr-up: 6

[1719388891.588593] [INFO]:
round_605:
    concurrency-covr: 3520
    concurrency-covr-up: 0

[1719388969.55796] [INFO]:
round_606:
    concurrency-covr: 3520
    concurrency-covr-up: 0

[1719389021.602303] [INFO]:
round_607:
    concurrency-covr: 3520
    concurrency-covr-up: 0

[1719389096.634234] [INFO]:
round_608:
    concurrency-covr: 3538
    concurrency-covr-up: 18

[1719389173.280003] [INFO]:
round_609:
    concurrency-covr: 3538
    concurrency-covr-up: 0

[1719389250.110289] [INFO]:
round_610:
    concurrency-covr: 3539
    concurrency-covr-up: 1

[1719389328.516372] [INFO]:
round_611:
    concurrency-covr: 3539
    concurrency-covr-up: 0

[1719389404.932101] [INFO]:
round_612:
    concurrency-covr: 3539
    concurrency-covr-up: 0

[1719389458.715116] [INFO]:
round_613:
    concurrency-covr: 3539
    concurrency-covr-up: 0

[1719389536.561846] [INFO]:
round_614:
    concurrency-covr: 3539
    concurrency-covr-up: 0

[1719389588.923003] [INFO]:
round_615:
    concurrency-covr: 3539
    concurrency-covr-up: 0

[1719389664.290166] [INFO]:
round_616:
    concurrency-covr: 3539
    concurrency-covr-up: 0

[1719389717.872148] [INFO]:
round_617:
    concurrency-covr: 3539
    concurrency-covr-up: 0

[1719389767.841201] [INFO]:
round_618:
    concurrency-covr: 3539
    concurrency-covr-up: 0

[1719389846.012143] [INFO]:
round_619:
    concurrency-covr: 3539
    concurrency-covr-up: 0

[1719389923.57911] [INFO]:
round_620:
    concurrency-covr: 3539
    concurrency-covr-up: 0

[1719389974.876189] [INFO]:
round_621:
    concurrency-covr: 3539
    concurrency-covr-up: 0

[1719390052.309654] [INFO]:
round_622:
    concurrency-covr: 3539
    concurrency-covr-up: 0

[1719390132.05706] [INFO]:
round_623:
    concurrency-covr: 3539
    concurrency-covr-up: 0

[1719390185.082173] [INFO]:
round_624:
    concurrency-covr: 3561
    concurrency-covr-up: 22

[1719390262.693735] [INFO]:
round_625:
    concurrency-covr: 3561
    concurrency-covr-up: 0

[1719390314.757686] [INFO]:
round_626:
    concurrency-covr: 3561
    concurrency-covr-up: 0

[1719390389.633737] [INFO]:
round_627:
    concurrency-covr: 3561
    concurrency-covr-up: 0

[1719390441.625311] [INFO]:
round_628:
    concurrency-covr: 3561
    concurrency-covr-up: 0

[1719390526.611261] [INFO]:
round_629:
    concurrency-covr: 3561
    concurrency-covr-up: 0

[1719390606.878268] [INFO]:
round_630:
    concurrency-covr: 3561
    concurrency-covr-up: 0

[1719390686.66039] [INFO]:
round_631:
    concurrency-covr: 3561
    concurrency-covr-up: 0

[1719390765.014331] [INFO]:
round_632:
    concurrency-covr: 3561
    concurrency-covr-up: 0

[1719390844.048898] [INFO]:
round_633:
    concurrency-covr: 3561
    concurrency-covr-up: 0

[1719390920.581254] [INFO]:
round_634:
    concurrency-covr: 3563
    concurrency-covr-up: 2

[1719391000.154523] [INFO]:
round_635:
    concurrency-covr: 3563
    concurrency-covr-up: 0

[1719391079.615746] [INFO]:
round_636:
    concurrency-covr: 3563
    concurrency-covr-up: 0

[1719391158.736058] [INFO]:
round_637:
    concurrency-covr: 3563
    concurrency-covr-up: 0

[1719391210.967863] [INFO]:
round_638:
    concurrency-covr: 3563
    concurrency-covr-up: 0

[1719391263.762803] [INFO]:
round_639:
    concurrency-covr: 3563
    concurrency-covr-up: 0

[1719391342.5189] [INFO]:
round_640:
    concurrency-covr: 3563
    concurrency-covr-up: 0

[1719391406.373682] [INFO]:
round_641:
    concurrency-covr: 3563
    concurrency-covr-up: 0

[1719391487.385333] [INFO]:
round_642:
    concurrency-covr: 3573
    concurrency-covr-up: 10

[1719391566.22558] [INFO]:
round_643:
    concurrency-covr: 3573
    concurrency-covr-up: 0

[1719391624.228873] [INFO]:
round_644:
    concurrency-covr: 3573
    concurrency-covr-up: 0

[1719391702.474735] [INFO]:
round_645:
    concurrency-covr: 3573
    concurrency-covr-up: 0

[1719391784.241782] [INFO]:
round_646:
    concurrency-covr: 3573
    concurrency-covr-up: 0

[1719391830.960951] [INFO]:
round_647:
    concurrency-covr: 3573
    concurrency-covr-up: 0

[1719391906.644492] [INFO]:
round_648:
    concurrency-covr: 3573
    concurrency-covr-up: 0

[1719391958.300493] [INFO]:
round_649:
    concurrency-covr: 3573
    concurrency-covr-up: 0

[1719392033.026659] [INFO]:
round_650:
    concurrency-covr: 3573
    concurrency-covr-up: 0

[1719392117.562889] [INFO]:
round_651:
    concurrency-covr: 3573
    concurrency-covr-up: 0

[1719392199.982386] [INFO]:
round_652:
    concurrency-covr: 3573
    concurrency-covr-up: 0

[1719392279.13838] [INFO]:
round_653:
    concurrency-covr: 3573
    concurrency-covr-up: 0

[1719392356.630187] [INFO]:
round_654:
    concurrency-covr: 3573
    concurrency-covr-up: 0

[1719392435.43193] [INFO]:
round_655:
    concurrency-covr: 3591
    concurrency-covr-up: 18

[1719392516.359061] [INFO]:
round_656:
    concurrency-covr: 3591
    concurrency-covr-up: 0

[1719392596.871585] [INFO]:
round_657:
    concurrency-covr: 3591
    concurrency-covr-up: 0

[1719392683.458495] [INFO]:
round_658:
    concurrency-covr: 3591
    concurrency-covr-up: 0

[1719392761.486636] [INFO]:
round_659:
    concurrency-covr: 3591
    concurrency-covr-up: 0

[1719392840.708806] [INFO]:
round_660:
    concurrency-covr: 3591
    concurrency-covr-up: 0

[1719392919.409795] [INFO]:
round_661:
    concurrency-covr: 3594
    concurrency-covr-up: 3

[1719392997.609295] [INFO]:
round_662:
    concurrency-covr: 3594
    concurrency-covr-up: 0

[1719393076.841326] [INFO]:
round_663:
    concurrency-covr: 3594
    concurrency-covr-up: 0

[1719393121.904368] [INFO]:
round_664:
    concurrency-covr: 3594
    concurrency-covr-up: 0

[1719393176.463997] [INFO]:
round_665:
    concurrency-covr: 3594
    concurrency-covr-up: 0

[1719393229.27654] [INFO]:
round_666:
    concurrency-covr: 3594
    concurrency-covr-up: 0

[1719393307.844134] [INFO]:
round_667:
    concurrency-covr: 3598
    concurrency-covr-up: 4

[1719393388.533528] [INFO]:
round_668:
    concurrency-covr: 3601
    concurrency-covr-up: 3

[1719393466.995501] [INFO]:
round_669:
    concurrency-covr: 3603
    concurrency-covr-up: 2

[1719393538.361268] [INFO]:
round_670:
    concurrency-covr: 3603
    concurrency-covr-up: 0

[1719393610.061357] [INFO]:
round_671:
    concurrency-covr: 3603
    concurrency-covr-up: 0

[1719393689.359477] [INFO]:
round_672:
    concurrency-covr: 3604
    concurrency-covr-up: 1

[1719393767.781685] [INFO]:
round_673:
    concurrency-covr: 3604
    concurrency-covr-up: 0

[1719393820.908773] [INFO]:
round_674:
    concurrency-covr: 3607
    concurrency-covr-up: 3

[1719393899.68032] [INFO]:
round_675:
    concurrency-covr: 3607
    concurrency-covr-up: 0

[1719393978.16945] [INFO]:
round_676:
    concurrency-covr: 3614
    concurrency-covr-up: 7

[1719394056.816772] [INFO]:
round_677:
    concurrency-covr: 3614
    concurrency-covr-up: 0

[1719394128.013899] [INFO]:
round_678:
    concurrency-covr: 3614
    concurrency-covr-up: 0

[1719394384.689562] [INFO]:
round_679:
    concurrency-covr: 3614
    concurrency-covr-up: 0

[1719394434.020509] [INFO]:
round_680:
    concurrency-covr: 3627
    concurrency-covr-up: 13

[1719394508.571358] [INFO]:
round_681:
    concurrency-covr: 3640
    concurrency-covr-up: 13

[1719394584.691672] [INFO]:
round_682:
    concurrency-covr: 3640
    concurrency-covr-up: 0

[1719394661.001192] [INFO]:
round_683:
    concurrency-covr: 3640
    concurrency-covr-up: 0

[1719394712.906799] [INFO]:
round_684:
    concurrency-covr: 3640
    concurrency-covr-up: 0

[1719394787.072288] [INFO]:
round_685:
    concurrency-covr: 3640
    concurrency-covr-up: 0

[1719394863.498508] [INFO]:
round_686:
    concurrency-covr: 3640
    concurrency-covr-up: 0

[1719394915.621383] [INFO]:
round_687:
    concurrency-covr: 3640
    concurrency-covr-up: 0

[1719394990.326022] [INFO]:
round_688:
    concurrency-covr: 3640
    concurrency-covr-up: 0

[1719395041.906325] [INFO]:
round_689:
    concurrency-covr: 3640
    concurrency-covr-up: 0

[1719395115.985364] [INFO]:
round_690:
    concurrency-covr: 3640
    concurrency-covr-up: 0

[1719395192.312113] [INFO]:
round_691:
    concurrency-covr: 3640
    concurrency-covr-up: 0

[1719395270.204066] [INFO]:
round_692:
    concurrency-covr: 3640
    concurrency-covr-up: 0

[1719395347.24846] [INFO]:
round_693:
    concurrency-covr: 3640
    concurrency-covr-up: 0

[1719395424.065892] [INFO]:
round_694:
    concurrency-covr: 3640
    concurrency-covr-up: 0

[1719395502.087719] [INFO]:
round_695:
    concurrency-covr: 3640
    concurrency-covr-up: 0

[1719395553.817325] [INFO]:
round_696:
    concurrency-covr: 3648
    concurrency-covr-up: 8

[1719395628.673562] [INFO]:
round_697:
    concurrency-covr: 3648
    concurrency-covr-up: 0

[1719395704.942562] [INFO]:
round_698:
    concurrency-covr: 3648
    concurrency-covr-up: 0

[1719395782.912474] [INFO]:
round_699:
    concurrency-covr: 3648
    concurrency-covr-up: 0

[1719395833.941263] [INFO]:
round_700:
    concurrency-covr: 3648
    concurrency-covr-up: 0

[1719395908.132107] [INFO]:
round_701:
    concurrency-covr: 3649
    concurrency-covr-up: 1

[1719395984.846732] [INFO]:
round_702:
    concurrency-covr: 3649
    concurrency-covr-up: 0

[1719396061.456887] [INFO]:
round_703:
    concurrency-covr: 3649
    concurrency-covr-up: 0

[1719396113.194308] [INFO]:
round_704:
    concurrency-covr: 3649
    concurrency-covr-up: 0

[1719396161.694765] [INFO]:
round_705:
    concurrency-covr: 3649
    concurrency-covr-up: 0

[1719396236.940519] [INFO]:
round_706:
    concurrency-covr: 3649
    concurrency-covr-up: 0

[1719396313.657894] [INFO]:
round_707:
    concurrency-covr: 3649
    concurrency-covr-up: 0

[1719396389.727911] [INFO]:
round_708:
    concurrency-covr: 3658
    concurrency-covr-up: 9

[1719396467.042092] [INFO]:
round_709:
    concurrency-covr: 3658
    concurrency-covr-up: 0

[1719396543.253747] [INFO]:
round_710:
    concurrency-covr: 3658
    concurrency-covr-up: 0

[1719396620.431899] [INFO]:
round_711:
    concurrency-covr: 3658
    concurrency-covr-up: 0

[1719396670.857027] [INFO]:
round_712:
    concurrency-covr: 3658
    concurrency-covr-up: 0

[1719396720.414458] [INFO]:
round_713:
    concurrency-covr: 3658
    concurrency-covr-up: 0

[1719396795.700203] [INFO]:
round_714:
    concurrency-covr: 3658
    concurrency-covr-up: 0

[1719396873.260308] [INFO]:
round_715:
    concurrency-covr: 3658
    concurrency-covr-up: 0

[1719396952.231139] [INFO]:
round_716:
    concurrency-covr: 3674
    concurrency-covr-up: 16

[1719397028.027159] [INFO]:
round_717:
    concurrency-covr: 3674
    concurrency-covr-up: 0

[1719397105.640495] [INFO]:
round_718:
    concurrency-covr: 3685
    concurrency-covr-up: 11

[1719397183.720647] [INFO]:
round_719:
    concurrency-covr: 3685
    concurrency-covr-up: 0

[1719397259.623169] [INFO]:
round_720:
    concurrency-covr: 3685
    concurrency-covr-up: 0

[1719397313.798576] [INFO]:
round_721:
    concurrency-covr: 3685
    concurrency-covr-up: 0

[1719397388.682315] [INFO]:
round_722:
    concurrency-covr: 3685
    concurrency-covr-up: 0

[1719397465.044276] [INFO]:
round_723:
    concurrency-covr: 3685
    concurrency-covr-up: 0

[1719397544.078603] [INFO]:
round_724:
    concurrency-covr: 3698
    concurrency-covr-up: 13

[1719397623.757991] [INFO]:
round_725:
    concurrency-covr: 3698
    concurrency-covr-up: 0

[1719397700.299946] [INFO]:
round_726:
    concurrency-covr: 3698
    concurrency-covr-up: 0

[1719397777.753575] [INFO]:
round_727:
    concurrency-covr: 3698
    concurrency-covr-up: 0

[1719397863.269969] [INFO]:
round_728:
    concurrency-covr: 3698
    concurrency-covr-up: 0

[1719397939.662645] [INFO]:
round_729:
    concurrency-covr: 3698
    concurrency-covr-up: 0

[1719397991.715306] [INFO]:
round_730:
    concurrency-covr: 3698
    concurrency-covr-up: 0

[1719398068.480361] [INFO]:
round_731:
    concurrency-covr: 3698
    concurrency-covr-up: 0

[1719398146.029364] [INFO]:
round_732:
    concurrency-covr: 3698
    concurrency-covr-up: 0

[1719398200.72888] [INFO]:
round_733:
    concurrency-covr: 3779
    concurrency-covr-up: 81

[1719398277.059906] [INFO]:
round_734:
    concurrency-covr: 3781
    concurrency-covr-up: 2

[1719398354.926687] [INFO]:
round_735:
    concurrency-covr: 3781
    concurrency-covr-up: 0

[1719398406.99029] [INFO]:
round_736:
    concurrency-covr: 3781
    concurrency-covr-up: 0

[1719398482.139155] [INFO]:
round_737:
    concurrency-covr: 3781
    concurrency-covr-up: 0

[1719398559.353486] [INFO]:
round_738:
    concurrency-covr: 3781
    concurrency-covr-up: 0

[1719398610.929426] [INFO]:
round_739:
    concurrency-covr: 3781
    concurrency-covr-up: 0

[1719398686.469867] [INFO]:
round_740:
    concurrency-covr: 3781
    concurrency-covr-up: 0

[1719398764.628822] [INFO]:
round_741:
    concurrency-covr: 3781
    concurrency-covr-up: 0

[1719398841.185322] [INFO]:
round_742:
    concurrency-covr: 3781
    concurrency-covr-up: 0

[1719398919.623481] [INFO]:
round_743:
    concurrency-covr: 3781
    concurrency-covr-up: 0

[1719398997.718344] [INFO]:
round_744:
    concurrency-covr: 3801
    concurrency-covr-up: 20

[1719399075.874214] [INFO]:
round_745:
    concurrency-covr: 3801
    concurrency-covr-up: 0

[1719399133.259741] [INFO]:
round_746:
    concurrency-covr: 3801
    concurrency-covr-up: 0

[1719399181.831514] [INFO]:
round_747:
    concurrency-covr: 3801
    concurrency-covr-up: 0

[1719399258.276692] [INFO]:
round_748:
    concurrency-covr: 3801
    concurrency-covr-up: 0

[1719399336.563031] [INFO]:
round_749:
    concurrency-covr: 3801
    concurrency-covr-up: 0

[1719399415.362157] [INFO]:
round_750:
    concurrency-covr: 3801
    concurrency-covr-up: 0

[1719399494.293795] [INFO]:
round_751:
    concurrency-covr: 3801
    concurrency-covr-up: 0

[1719399544.452698] [INFO]:
round_752:
    concurrency-covr: 3801
    concurrency-covr-up: 0

[1719399619.923726] [INFO]:
round_753:
    concurrency-covr: 3801
    concurrency-covr-up: 0

[1719399705.594796] [INFO]:
round_754:
    concurrency-covr: 3801
    concurrency-covr-up: 0

[1719399785.047213] [INFO]:
round_755:
    concurrency-covr: 3801
    concurrency-covr-up: 0

[1719399863.571961] [INFO]:
round_756:
    concurrency-covr: 3805
    concurrency-covr-up: 4

[1719399933.904241] [INFO]:
round_757:
    concurrency-covr: 3805
    concurrency-covr-up: 0

[1719400012.118878] [INFO]:
round_758:
    concurrency-covr: 3805
    concurrency-covr-up: 0

[1719400065.124115] [INFO]:
round_759:
    concurrency-covr: 3805
    concurrency-covr-up: 0

[1719400140.059604] [INFO]:
round_760:
    concurrency-covr: 3805
    concurrency-covr-up: 0

[1719400224.903987] [INFO]:
round_761:
    concurrency-covr: 3805
    concurrency-covr-up: 0

[1719400303.469795] [INFO]:
round_762:
    concurrency-covr: 3805
    concurrency-covr-up: 0

[1719400384.389383] [INFO]:
round_763:
    concurrency-covr: 3805
    concurrency-covr-up: 0

[1719400460.849267] [INFO]:
round_764:
    concurrency-covr: 3806
    concurrency-covr-up: 1

[1719400539.310719] [INFO]:
round_765:
    concurrency-covr: 3806
    concurrency-covr-up: 0

[1719400617.861258] [INFO]:
round_766:
    concurrency-covr: 3806
    concurrency-covr-up: 0

[1719400663.301337] [INFO]:
round_767:
    concurrency-covr: 3806
    concurrency-covr-up: 0

[1719400712.291336] [INFO]:
round_768:
    concurrency-covr: 3806
    concurrency-covr-up: 0

[1719400788.151012] [INFO]:
round_769:
    concurrency-covr: 3806
    concurrency-covr-up: 0

[1719400866.899928] [INFO]:
round_770:
    concurrency-covr: 3806
    concurrency-covr-up: 0

[1719400951.047656] [INFO]:
round_771:
    concurrency-covr: 3806
    concurrency-covr-up: 0

[1719401004.634119] [INFO]:
round_772:
    concurrency-covr: 3806
    concurrency-covr-up: 0

[1719401088.238004] [INFO]:
round_773:
    concurrency-covr: 3806
    concurrency-covr-up: 0

[1719401141.382087] [INFO]:
round_774:
    concurrency-covr: 3806
    concurrency-covr-up: 0

[1719401220.608135] [INFO]:
round_775:
    concurrency-covr: 3806
    concurrency-covr-up: 0

[1719401307.337449] [INFO]:
round_776:
    concurrency-covr: 3807
    concurrency-covr-up: 1

[1719401385.234909] [INFO]:
round_777:
    concurrency-covr: 3807
    concurrency-covr-up: 0

[1719401463.022067] [INFO]:
round_778:
    concurrency-covr: 3807
    concurrency-covr-up: 0

[1719401541.246967] [INFO]:
round_779:
    concurrency-covr: 3807
    concurrency-covr-up: 0

[1719401618.112535] [INFO]:
round_780:
    concurrency-covr: 3807
    concurrency-covr-up: 0

[1719401696.787223] [INFO]:
round_781:
    concurrency-covr: 3807
    concurrency-covr-up: 0

[1719401755.288925] [INFO]:
round_782:
    concurrency-covr: 3807
    concurrency-covr-up: 0

[1719401833.121799] [INFO]:
round_783:
    concurrency-covr: 3807
    concurrency-covr-up: 0

[1719401911.677316] [INFO]:
round_784:
    concurrency-covr: 3807
    concurrency-covr-up: 0

[1719401990.106891] [INFO]:
round_785:
    concurrency-covr: 3807
    concurrency-covr-up: 0

[1719402069.799461] [INFO]:
round_786:
    concurrency-covr: 3807
    concurrency-covr-up: 0

[1719402117.063831] [INFO]:
round_787:
    concurrency-covr: 3810
    concurrency-covr-up: 3

[1719402194.756783] [INFO]:
round_788:
    concurrency-covr: 3810
    concurrency-covr-up: 0

[1719402266.107684] [INFO]:
round_789:
    concurrency-covr: 3810
    concurrency-covr-up: 0

[1719402355.935536] [INFO]:
round_790:
    concurrency-covr: 3923
    concurrency-covr-up: 113

[1719402434.022925] [INFO]:
round_791:
    concurrency-covr: 3992
    concurrency-covr-up: 69

[1719402523.213262] [INFO]:
round_792:
    concurrency-covr: 3992
    concurrency-covr-up: 0

[1719402604.362838] [INFO]:
round_793:
    concurrency-covr: 3992
    concurrency-covr-up: 0

[1719402650.875877] [INFO]:
round_794:
    concurrency-covr: 3992
    concurrency-covr-up: 0

[1719402725.744845] [INFO]:
round_795:
    concurrency-covr: 3996
    concurrency-covr-up: 4

[1719402806.342531] [INFO]:
round_796:
    concurrency-covr: 3997
    concurrency-covr-up: 1

[1719402883.34291] [INFO]:
round_797:
    concurrency-covr: 3998
    concurrency-covr-up: 1

[1719402967.678838] [INFO]:
round_798:
    concurrency-covr: 3998
    concurrency-covr-up: 0

[1719403021.425012] [INFO]:
round_799:
    concurrency-covr: 3998
    concurrency-covr-up: 0

[1719403098.542554] [INFO]:
round_800:
    concurrency-covr: 3998
    concurrency-covr-up: 0

[1719403178.275424] [INFO]:
round_801:
    concurrency-covr: 3998
    concurrency-covr-up: 0

[1719403257.855916] [INFO]:
round_802:
    concurrency-covr: 3998
    concurrency-covr-up: 0

[1719403309.107779] [INFO]:
round_803:
    concurrency-covr: 3998
    concurrency-covr-up: 0

[1719403363.188361] [INFO]:
round_804:
    concurrency-covr: 3998
    concurrency-covr-up: 0

[1719403441.394893] [INFO]:
round_805:
    concurrency-covr: 3998
    concurrency-covr-up: 0

[1719403520.125217] [INFO]:
round_806:
    concurrency-covr: 3998
    concurrency-covr-up: 0

[1719403591.155383] [INFO]:
round_807:
    concurrency-covr: 3998
    concurrency-covr-up: 0

[1719403647.234551] [INFO]:
round_808:
    concurrency-covr: 3998
    concurrency-covr-up: 0

[1719403722.54291] [INFO]:
round_809:
    concurrency-covr: 3998
    concurrency-covr-up: 0

[1719403794.110821] [INFO]:
round_810:
    concurrency-covr: 4002
    concurrency-covr-up: 4

[1719403871.87381] [INFO]:
round_811:
    concurrency-covr: 4002
    concurrency-covr-up: 0

[1719403952.067489] [INFO]:
round_812:
    concurrency-covr: 4002
    concurrency-covr-up: 0

[1719404003.739071] [INFO]:
round_813:
    concurrency-covr: 4016
    concurrency-covr-up: 14

[1719404091.493993] [INFO]:
round_814:
    concurrency-covr: 4016
    concurrency-covr-up: 0

[1719404157.93972] [INFO]:
round_815:
    concurrency-covr: 4016
    concurrency-covr-up: 0

[1719404236.198383] [INFO]:
round_816:
    concurrency-covr: 4016
    concurrency-covr-up: 0

[1719404282.549079] [INFO]:
round_817:
    concurrency-covr: 4016
    concurrency-covr-up: 0

[1719404336.233231] [INFO]:
round_818:
    concurrency-covr: 4020
    concurrency-covr-up: 4

[1719404414.20404] [INFO]:
round_819:
    concurrency-covr: 4020
    concurrency-covr-up: 0

[1719404495.316361] [INFO]:
round_820:
    concurrency-covr: 4020
    concurrency-covr-up: 0

[1719404548.540259] [INFO]:
round_821:
    concurrency-covr: 4020
    concurrency-covr-up: 0

[1719404626.332479] [INFO]:
round_822:
    concurrency-covr: 4020
    concurrency-covr-up: 0

[1719404713.576494] [INFO]:
round_823:
    concurrency-covr: 4022
    concurrency-covr-up: 2

[1719404791.788572] [INFO]:
round_824:
    concurrency-covr: 4022
    concurrency-covr-up: 0

[1719404870.886875] [INFO]:
round_825:
    concurrency-covr: 4022
    concurrency-covr-up: 0

[1719404953.604575] [INFO]:
round_826:
    concurrency-covr: 4022
    concurrency-covr-up: 0

[1719405036.403456] [INFO]:
round_827:
    concurrency-covr: 4022
    concurrency-covr-up: 0

[1719405115.803779] [INFO]:
round_828:
    concurrency-covr: 4022
    concurrency-covr-up: 0

[1719405195.953533] [INFO]:
round_829:
    concurrency-covr: 4022
    concurrency-covr-up: 0

[1719405287.036365] [INFO]:
round_830:
    concurrency-covr: 4022
    concurrency-covr-up: 0

[1719405370.676609] [INFO]:
round_831:
    concurrency-covr: 4022
    concurrency-covr-up: 0

[1719405450.113813] [INFO]:
round_832:
    concurrency-covr: 4105
    concurrency-covr-up: 83

[1719405530.495726] [INFO]:
round_833:
    concurrency-covr: 4105
    concurrency-covr-up: 0

[1719405595.302792] [INFO]:
round_834:
    concurrency-covr: 4105
    concurrency-covr-up: 0

[1719405671.437616] [INFO]:
round_835:
    concurrency-covr: 4105
    concurrency-covr-up: 0

[1719405752.533213] [INFO]:
round_836:
    concurrency-covr: 4123
    concurrency-covr-up: 18

[1719405823.83398] [INFO]:
round_837:
    concurrency-covr: 4123
    concurrency-covr-up: 0

[1719405896.0069] [INFO]:
round_838:
    concurrency-covr: 4123
    concurrency-covr-up: 0

[1719405941.977501] [INFO]:
round_839:
    concurrency-covr: 4123
    concurrency-covr-up: 0

[1719406018.238684] [INFO]:
round_840:
    concurrency-covr: 4123
    concurrency-covr-up: 0

[1719406104.203569] [INFO]:
round_841:
    concurrency-covr: 4123
    concurrency-covr-up: 0

[1719406187.819167] [INFO]:
round_842:
    concurrency-covr: 4123
    concurrency-covr-up: 0

[1719406276.770672] [INFO]:
round_843:
    concurrency-covr: 4138
    concurrency-covr-up: 15

[1719406358.720846] [INFO]:
round_844:
    concurrency-covr: 4138
    concurrency-covr-up: 0

[1719406420.279538] [INFO]:
round_845:
    concurrency-covr: 4138
    concurrency-covr-up: 0

[1719406501.908418] [INFO]:
round_846:
    concurrency-covr: 4138
    concurrency-covr-up: 0

[1719406555.478846] [INFO]:
round_847:
    concurrency-covr: 4138
    concurrency-covr-up: 0

[1719406646.134369] [INFO]:
round_848:
    concurrency-covr: 4138
    concurrency-covr-up: 0

[1719406711.983268] [INFO]:
round_849:
    concurrency-covr: 4139
    concurrency-covr-up: 1

[1719406803.243863] [INFO]:
round_850:
    concurrency-covr: 4139
    concurrency-covr-up: 0

[1719406893.196832] [INFO]:
round_851:
    concurrency-covr: 4139
    concurrency-covr-up: 0

[1719406983.122549] [INFO]:
round_852:
    concurrency-covr: 4139
    concurrency-covr-up: 0

[1719407074.847041] [INFO]:
round_853:
    concurrency-covr: 4139
    concurrency-covr-up: 0

[1719407164.498813] [INFO]:
round_854:
    concurrency-covr: 4139
    concurrency-covr-up: 0

[1719407254.544852] [INFO]:
round_855:
    concurrency-covr: 4156
    concurrency-covr-up: 17

[1719407344.753136] [INFO]:
round_856:
    concurrency-covr: 4156
    concurrency-covr-up: 0

[1719407436.184839] [INFO]:
round_857:
    concurrency-covr: 4166
    concurrency-covr-up: 10

[1719407527.233723] [INFO]:
round_858:
    concurrency-covr: 4166
    concurrency-covr-up: 0

[1719407591.351469] [INFO]:
round_859:
    concurrency-covr: 4166
    concurrency-covr-up: 0

[1719407681.965601] [INFO]:
round_860:
    concurrency-covr: 4166
    concurrency-covr-up: 0

[1719407771.677805] [INFO]:
round_861:
    concurrency-covr: 4166
    concurrency-covr-up: 0

[1719407862.188008] [INFO]:
round_862:
    concurrency-covr: 4166
    concurrency-covr-up: 0

[1719407926.440427] [INFO]:
round_863:
    concurrency-covr: 4166
    concurrency-covr-up: 0

[1719408016.612785] [INFO]:
round_864:
    concurrency-covr: 4169
    concurrency-covr-up: 3

[1719408107.131854] [INFO]:
round_865:
    concurrency-covr: 4169
    concurrency-covr-up: 0

[1719408198.651752] [INFO]:
round_866:
    concurrency-covr: 4169
    concurrency-covr-up: 0

[1719408289.428297] [INFO]:
round_867:
    concurrency-covr: 4169
    concurrency-covr-up: 0

[1719408355.456969] [INFO]:
round_868:
    concurrency-covr: 4169
    concurrency-covr-up: 0

[1719408421.441881] [INFO]:
round_869:
    concurrency-covr: 4169
    concurrency-covr-up: 0

[1719408511.575737] [INFO]:
round_870:
    concurrency-covr: 4169
    concurrency-covr-up: 0

[1719408602.831776] [INFO]:
round_871:
    concurrency-covr: 4169
    concurrency-covr-up: 0

[1719408694.050497] [INFO]:
round_872:
    concurrency-covr: 4170
    concurrency-covr-up: 1

[1719408784.911238] [INFO]:
round_873:
    concurrency-covr: 4170
    concurrency-covr-up: 0

[1719408849.996901] [INFO]:
round_874:
    concurrency-covr: 4170
    concurrency-covr-up: 0

[1719408940.129774] [INFO]:
round_875:
    concurrency-covr: 4170
    concurrency-covr-up: 0

[1719409030.558873] [INFO]:
round_876:
    concurrency-covr: 4170
    concurrency-covr-up: 0

[1719409121.759618] [INFO]:
round_877:
    concurrency-covr: 4170
    concurrency-covr-up: 0

[1719409186.124997] [INFO]:
round_878:
    concurrency-covr: 4170
    concurrency-covr-up: 0

[1719409276.843452] [INFO]:
round_879:
    concurrency-covr: 4170
    concurrency-covr-up: 0

[1719409367.873802] [INFO]:
round_880:
    concurrency-covr: 4170
    concurrency-covr-up: 0

[1719409432.42912] [INFO]:
round_881:
    concurrency-covr: 4170
    concurrency-covr-up: 0

[1719409522.739512] [INFO]:
round_882:
    concurrency-covr: 4170
    concurrency-covr-up: 0

[1719409587.199248] [INFO]:
round_883:
    concurrency-covr: 4170
    concurrency-covr-up: 0

[1719409677.58588] [INFO]:
round_884:
    concurrency-covr: 4170
    concurrency-covr-up: 0

[1719409769.078187] [INFO]:
round_885:
    concurrency-covr: 4170
    concurrency-covr-up: 0

[1719409859.715513] [INFO]:
round_886:
    concurrency-covr: 4170
    concurrency-covr-up: 0

[1719409950.382146] [INFO]:
round_887:
    concurrency-covr: 4170
    concurrency-covr-up: 0

[1719410040.841159] [INFO]:
round_888:
    concurrency-covr: 4170
    concurrency-covr-up: 0

[1719410106.136594] [INFO]:
round_889:
    concurrency-covr: 4170
    concurrency-covr-up: 0

[1719410197.629834] [INFO]:
round_890:
    concurrency-covr: 4170
    concurrency-covr-up: 0

[1719410262.813269] [INFO]:
round_891:
    concurrency-covr: 4170
    concurrency-covr-up: 0

[1719410328.309075] [INFO]:
round_892:
    concurrency-covr: 4170
    concurrency-covr-up: 0

[1719410418.579201] [INFO]:
round_893:
    concurrency-covr: 4170
    concurrency-covr-up: 0

[1719410509.393932] [INFO]:
round_894:
    concurrency-covr: 4170
    concurrency-covr-up: 0

[1719410600.445687] [INFO]:
round_895:
    concurrency-covr: 4170
    concurrency-covr-up: 0

[1719410691.380756] [INFO]:
round_896:
    concurrency-covr: 4170
    concurrency-covr-up: 0

[1719410783.00077] [INFO]:
round_897:
    concurrency-covr: 4249
    concurrency-covr-up: 79

[1719410873.390168] [INFO]:
round_898:
    concurrency-covr: 4249
    concurrency-covr-up: 0

[1719410964.559282] [INFO]:
round_899:
    concurrency-covr: 4249
    concurrency-covr-up: 0

[1719411054.889654] [INFO]:
round_900:
    concurrency-covr: 4249
    concurrency-covr-up: 0

[1719411120.058739] [INFO]:
round_901:
    concurrency-covr: 4249
    concurrency-covr-up: 0

[1719411185.886154] [INFO]:
round_902:
    concurrency-covr: 4249
    concurrency-covr-up: 0

[1719411277.777579] [INFO]:
round_903:
    concurrency-covr: 4249
    concurrency-covr-up: 0

[1719411369.074378] [INFO]:
round_904:
    concurrency-covr: 4249
    concurrency-covr-up: 0

[1719411460.134058] [INFO]:
round_905:
    concurrency-covr: 4249
    concurrency-covr-up: 0

[1719411525.482626] [INFO]:
round_906:
    concurrency-covr: 4249
    concurrency-covr-up: 0

[1719411615.044954] [INFO]:
round_907:
    concurrency-covr: 4249
    concurrency-covr-up: 0

[1719411680.436696] [INFO]:
round_908:
    concurrency-covr: 4249
    concurrency-covr-up: 0

[1719411745.281434] [INFO]:
round_909:
    concurrency-covr: 4249
    concurrency-covr-up: 0

[1719411809.943154] [INFO]:
round_910:
    concurrency-covr: 4249
    concurrency-covr-up: 0

[1719411901.025358] [INFO]:
round_911:
    concurrency-covr: 4250
    concurrency-covr-up: 1

[1719411992.287171] [INFO]:
round_912:
    concurrency-covr: 4250
    concurrency-covr-up: 0

[1719412083.833403] [INFO]:
round_913:
    concurrency-covr: 4250
    concurrency-covr-up: 0

[1719412174.961165] [INFO]:
round_914:
    concurrency-covr: 4283
    concurrency-covr-up: 33

[1719412267.0688] [INFO]:
round_915:
    concurrency-covr: 4283
    concurrency-covr-up: 0

[1719412359.281325] [INFO]:
round_916:
    concurrency-covr: 4283
    concurrency-covr-up: 0

[1719412425.301266] [INFO]:
round_917:
    concurrency-covr: 4283
    concurrency-covr-up: 0

[1719412516.110264] [INFO]:
round_918:
    concurrency-covr: 4283
    concurrency-covr-up: 0

[1719412606.1165] [INFO]:
round_919:
    concurrency-covr: 4283
    concurrency-covr-up: 0

[1719412671.582839] [INFO]:
round_920:
    concurrency-covr: 4283
    concurrency-covr-up: 0

[1719412762.514261] [INFO]:
round_921:
    concurrency-covr: 4283
    concurrency-covr-up: 0

[1719412853.48199] [INFO]:
round_922:
    concurrency-covr: 4283
    concurrency-covr-up: 0

[1719412945.325849] [INFO]:
round_923:
    concurrency-covr: 4283
    concurrency-covr-up: 0

[1719413035.938231] [INFO]:
round_924:
    concurrency-covr: 4283
    concurrency-covr-up: 0

[1719413126.170108] [INFO]:
round_925:
    concurrency-covr: 4283
    concurrency-covr-up: 0

[1719413192.219117] [INFO]:
round_926:
    concurrency-covr: 4283
    concurrency-covr-up: 0

[1719413283.664829] [INFO]:
round_927:
    concurrency-covr: 4283
    concurrency-covr-up: 0

[1719413349.578751] [INFO]:
round_928:
    concurrency-covr: 4283
    concurrency-covr-up: 0

[1719413416.427533] [INFO]:
round_929:
    concurrency-covr: 4283
    concurrency-covr-up: 0

[1719413507.561815] [INFO]:
round_930:
    concurrency-covr: 4283
    concurrency-covr-up: 0

[1719413573.902376] [INFO]:
round_931:
    concurrency-covr: 4283
    concurrency-covr-up: 0

[1719413664.019152] [INFO]:
round_932:
    concurrency-covr: 4283
    concurrency-covr-up: 0

[1719413754.654894] [INFO]:
round_933:
    concurrency-covr: 4284
    concurrency-covr-up: 1

[1719413844.785664] [INFO]:
round_934:
    concurrency-covr: 4284
    concurrency-covr-up: 0

[1719413935.434068] [INFO]:
round_935:
    concurrency-covr: 4284
    concurrency-covr-up: 0

[1719414026.420444] [INFO]:
round_936:
    concurrency-covr: 4284
    concurrency-covr-up: 0

[1719414118.035174] [INFO]:
round_937:
    concurrency-covr: 4284
    concurrency-covr-up: 0

[1719414184.111375] [INFO]:
round_938:
    concurrency-covr: 4284
    concurrency-covr-up: 0

[1719414275.131175] [INFO]:
round_939:
    concurrency-covr: 4284
    concurrency-covr-up: 0

[1719414367.230899] [INFO]:
round_940:
    concurrency-covr: 4284
    concurrency-covr-up: 0

[1719414433.955612] [INFO]:
round_941:
    concurrency-covr: 4284
    concurrency-covr-up: 0

[1719414500.509679] [INFO]:
round_942:
    concurrency-covr: 4284
    concurrency-covr-up: 0

[1719414590.74111] [INFO]:
round_943:
    concurrency-covr: 4284
    concurrency-covr-up: 0

[1719414656.170812] [INFO]:
round_944:
    concurrency-covr: 4284
    concurrency-covr-up: 0

[1719414746.655968] [INFO]:
round_945:
    concurrency-covr: 4284
    concurrency-covr-up: 0

[1719414837.7151] [INFO]:
round_946:
    concurrency-covr: 4284
    concurrency-covr-up: 0

[1719414902.703865] [INFO]:
round_947:
    concurrency-covr: 4284
    concurrency-covr-up: 0

[1719414992.856338] [INFO]:
round_948:
    concurrency-covr: 4284
    concurrency-covr-up: 0

[1719415083.869557] [INFO]:
round_949:
    concurrency-covr: 4294
    concurrency-covr-up: 10

[1719415175.30508] [INFO]:
round_950:
    concurrency-covr: 4302
    concurrency-covr-up: 8

[1719415267.506496] [INFO]:
round_951:
    concurrency-covr: 4302
    concurrency-covr-up: 0

[1719415359.566128] [INFO]:
round_952:
    concurrency-covr: 4302
    concurrency-covr-up: 0

[1719415424.880506] [INFO]:
round_953:
    concurrency-covr: 4302
    concurrency-covr-up: 0

[1719415517.454389] [INFO]:
round_954:
    concurrency-covr: 4302
    concurrency-covr-up: 0

[1719415609.244796] [INFO]:
round_955:
    concurrency-covr: 4302
    concurrency-covr-up: 0

[1719415702.146393] [INFO]:
round_956:
    concurrency-covr: 4302
    concurrency-covr-up: 0

[1719415793.850867] [INFO]:
round_957:
    concurrency-covr: 4302
    concurrency-covr-up: 0

[1719415884.952129] [INFO]:
round_958:
    concurrency-covr: 4302
    concurrency-covr-up: 0

[1719415976.697251] [INFO]:
round_959:
    concurrency-covr: 4302
    concurrency-covr-up: 0

[1719416067.778132] [INFO]:
round_960:
    concurrency-covr: 4302
    concurrency-covr-up: 0

[1719416159.347623] [INFO]:
round_961:
    concurrency-covr: 4302
    concurrency-covr-up: 0

[1719416250.648074] [INFO]:
round_962:
    concurrency-covr: 4302
    concurrency-covr-up: 0

[1719416342.529797] [INFO]:
round_963:
    concurrency-covr: 4302
    concurrency-covr-up: 0

[1719416433.738884] [INFO]:
round_964:
    concurrency-covr: 4302
    concurrency-covr-up: 0

[1719416499.220938] [INFO]:
round_965:
    concurrency-covr: 4302
    concurrency-covr-up: 0

[1719416590.66508] [INFO]:
round_966:
    concurrency-covr: 4302
    concurrency-covr-up: 0

[1719416681.887511] [INFO]:
round_967:
    concurrency-covr: 4302
    concurrency-covr-up: 0

[1719416748.783378] [INFO]:
round_968:
    concurrency-covr: 4302
    concurrency-covr-up: 0

[1719416840.119766] [INFO]:
round_969:
    concurrency-covr: 4302
    concurrency-covr-up: 0

[1719416931.185322] [INFO]:
round_970:
    concurrency-covr: 4302
    concurrency-covr-up: 0

[1719417022.531565] [INFO]:
round_971:
    concurrency-covr: 4302
    concurrency-covr-up: 0

[1719417112.91824] [INFO]:
round_972:
    concurrency-covr: 4302
    concurrency-covr-up: 0

[1719417204.473161] [INFO]:
round_973:
    concurrency-covr: 4302
    concurrency-covr-up: 0

[1719417295.850226] [INFO]:
round_974:
    concurrency-covr: 4302
    concurrency-covr-up: 0

[1719417361.292707] [INFO]:
round_975:
    concurrency-covr: 4302
    concurrency-covr-up: 0

[1719417451.696814] [INFO]:
round_976:
    concurrency-covr: 4319
    concurrency-covr-up: 17

[1719417543.60562] [INFO]:
round_977:
    concurrency-covr: 4319
    concurrency-covr-up: 0

[1719417608.942611] [INFO]:
round_978:
    concurrency-covr: 4319
    concurrency-covr-up: 0

[1719417702.115196] [INFO]:
round_979:
    concurrency-covr: 4319
    concurrency-covr-up: 0

[1719417793.67243] [INFO]:
round_980:
    concurrency-covr: 4319
    concurrency-covr-up: 0

[1719417884.951943] [INFO]:
round_981:
    concurrency-covr: 4319
    concurrency-covr-up: 0

[1719417976.345933] [INFO]:
round_982:
    concurrency-covr: 4319
    concurrency-covr-up: 0

[1719418068.976575] [INFO]:
round_983:
    concurrency-covr: 4322
    concurrency-covr-up: 3

[1719418160.701639] [INFO]:
round_984:
    concurrency-covr: 4322
    concurrency-covr-up: 0

[1719418227.807277] [INFO]:
round_985:
    concurrency-covr: 4324
    concurrency-covr-up: 2

[1719418319.195503] [INFO]:
round_986:
    concurrency-covr: 4324
    concurrency-covr-up: 0

[1719418411.259385] [INFO]:
round_987:
    concurrency-covr: 4324
    concurrency-covr-up: 0

[1719418503.503306] [INFO]:
round_988:
    concurrency-covr: 4324
    concurrency-covr-up: 0

[1719418569.845887] [INFO]:
round_989:
    concurrency-covr: 4324
    concurrency-covr-up: 0

[1719418660.563734] [INFO]:
round_990:
    concurrency-covr: 4324
    concurrency-covr-up: 0

[1719418750.577802] [INFO]:
round_991:
    concurrency-covr: 4325
    concurrency-covr-up: 1

[1719418817.72196] [INFO]:
round_992:
    concurrency-covr: 4325
    concurrency-covr-up: 0

[1719418908.311685] [INFO]:
round_993:
    concurrency-covr: 4325
    concurrency-covr-up: 0

[1719418998.329509] [INFO]:
round_994:
    concurrency-covr: 4325
    concurrency-covr-up: 0

[1719419089.510932] [INFO]:
round_995:
    concurrency-covr: 4325
    concurrency-covr-up: 0

[1719419155.932138] [INFO]:
round_996:
    concurrency-covr: 4325
    concurrency-covr-up: 0

[1719419247.795876] [INFO]:
round_997:
    concurrency-covr: 4325
    concurrency-covr-up: 0

[1719419338.905536] [INFO]:
round_998:
    concurrency-covr: 4325
    concurrency-covr-up: 0

[1719419430.510582] [INFO]:
round_999:
    concurrency-covr: 4328
    concurrency-covr-up: 3

[1719419522.037977] [INFO]:
round_1000:
    concurrency-covr: 4328
    concurrency-covr-up: 0

[1719419588.256329] [INFO]:
round_1001:
    concurrency-covr: 4328
    concurrency-covr-up: 0

[1719419679.848775] [INFO]:
round_1002:
    concurrency-covr: 4328
    concurrency-covr-up: 0

[1719419770.771298] [INFO]:
round_1003:
    concurrency-covr: 4328
    concurrency-covr-up: 0

[1719419861.863844] [INFO]:
round_1004:
    concurrency-covr: 4328
    concurrency-covr-up: 0

[1719419953.379938] [INFO]:
round_1005:
    concurrency-covr: 4328
    concurrency-covr-up: 0

[1719420045.507326] [INFO]:
round_1006:
    concurrency-covr: 4328
    concurrency-covr-up: 0

[1719420136.963843] [INFO]:
round_1007:
    concurrency-covr: 4328
    concurrency-covr-up: 0

[1719420202.570422] [INFO]:
round_1008:
    concurrency-covr: 4328
    concurrency-covr-up: 0

[1719420294.452999] [INFO]:
round_1009:
    concurrency-covr: 4328
    concurrency-covr-up: 0

[1719420361.575391] [INFO]:
round_1010:
    concurrency-covr: 4342
    concurrency-covr-up: 14

[1719420453.701157] [INFO]:
round_1011:
    concurrency-covr: 4342
    concurrency-covr-up: 0

[1719420545.987234] [INFO]:
round_1012:
    concurrency-covr: 4342
    concurrency-covr-up: 0

[1719420612.14675] [INFO]:
round_1013:
    concurrency-covr: 4344
    concurrency-covr-up: 2

[1719420704.033852] [INFO]:
round_1014:
    concurrency-covr: 4344
    concurrency-covr-up: 0

[1719420769.663271] [INFO]:
round_1015:
    concurrency-covr: 4344
    concurrency-covr-up: 0

[1719420834.653976] [INFO]:
round_1016:
    concurrency-covr: 4350
    concurrency-covr-up: 6

[1719420925.255604] [INFO]:
round_1017:
    concurrency-covr: 4350
    concurrency-covr-up: 0

[1719420992.303895] [INFO]:
round_1018:
    concurrency-covr: 4350
    concurrency-covr-up: 0

[1719421083.640156] [INFO]:
round_1019:
    concurrency-covr: 4350
    concurrency-covr-up: 0

[1719421149.020802] [INFO]:
round_1020:
    concurrency-covr: 4350
    concurrency-covr-up: 0

[1719421239.813254] [INFO]:
round_1021:
    concurrency-covr: 4350
    concurrency-covr-up: 0

[1719421330.644499] [INFO]:
round_1022:
    concurrency-covr: 4350
    concurrency-covr-up: 0

[1719421421.414201] [INFO]:
round_1023:
    concurrency-covr: 4350
    concurrency-covr-up: 0

[1719421487.251479] [INFO]:
round_1024:
    concurrency-covr: 4350
    concurrency-covr-up: 0

[1719421577.084097] [INFO]:
round_1025:
    concurrency-covr: 4350
    concurrency-covr-up: 0

[1719421668.043666] [INFO]:
round_1026:
    concurrency-covr: 4355
    concurrency-covr-up: 5

[1719421758.376338] [INFO]:
round_1027:
    concurrency-covr: 4355
    concurrency-covr-up: 0

[1719421849.19649] [INFO]:
round_1028:
    concurrency-covr: 4355
    concurrency-covr-up: 0

[1719421940.915682] [INFO]:
round_1029:
    concurrency-covr: 4355
    concurrency-covr-up: 0

[1719423066.603016] [INFO]:
round_1030:
    concurrency-covr: 4355
    concurrency-covr-up: 0

[1719423115.732325] [INFO]:
round_1031:
    concurrency-covr: 4355
    concurrency-covr-up: 0

[1719423191.089693] [INFO]:
round_1032:
    concurrency-covr: 4355
    concurrency-covr-up: 0

[1719423241.953038] [INFO]:
round_1033:
    concurrency-covr: 4355
    concurrency-covr-up: 0

[1719423316.371947] [INFO]:
round_1034:
    concurrency-covr: 4355
    concurrency-covr-up: 0

[1719423392.582522] [INFO]:
round_1035:
    concurrency-covr: 4355
    concurrency-covr-up: 0

[1719423443.576301] [INFO]:
round_1036:
    concurrency-covr: 4355
    concurrency-covr-up: 0

[1719423518.050889] [INFO]:
round_1037:
    concurrency-covr: 4355
    concurrency-covr-up: 0

[1719423569.559443] [INFO]:
round_1038:
    concurrency-covr: 4355
    concurrency-covr-up: 0

[1719423644.000736] [INFO]:
round_1039:
    concurrency-covr: 4363
    concurrency-covr-up: 8

[1719423720.196859] [INFO]:
round_1040:
    concurrency-covr: 4373
    concurrency-covr-up: 10

[1719423796.510139] [INFO]:
round_1041:
    concurrency-covr: 4373
    concurrency-covr-up: 0

