[1719058917.332368] [INFO]:
round_1:
    concurrency-covr: 0
    concurrency-covr-up: 0

[1719058947.290895] [INFO]:
round_2:
    concurrency-covr: 0
    concurrency-covr-up: 0

[1719058973.776211] [INFO]:
round_3:
    concurrency-covr: 0
    concurrency-covr-up: 0

[1719059025.038799] [INFO]:
round_4:
    concurrency-covr: 28
    concurrency-covr-up: 28

[1719059076.707581] [INFO]:
round_5:
    concurrency-covr: 28
    concurrency-covr-up: 0

[1719059129.198153] [INFO]:
round_6:
    concurrency-covr: 28
    concurrency-covr-up: 0

[1719059155.61362] [INFO]:
round_7:
    concurrency-covr: 198
    concurrency-covr-up: 170

[1719059208.432722] [INFO]:
round_8:
    concurrency-covr: 320
    concurrency-covr-up: 122

[1719059280.464352] [INFO]:
round_9:
    concurrency-covr: 320
    concurrency-covr-up: 0

[1719059307.217968] [INFO]:
round_10:
    concurrency-covr: 320
    concurrency-covr-up: 0

[1719059333.822013] [INFO]:
round_11:
    concurrency-covr: 389
    concurrency-covr-up: 69

[1719059386.184054] [INFO]:
round_12:
    concurrency-covr: 389
    concurrency-covr-up: 0

[1719059413.053611] [INFO]:
round_13:
    concurrency-covr: 389
    concurrency-covr-up: 0

[1719059439.957144] [INFO]:
round_14:
    concurrency-covr: 389
    concurrency-covr-up: 0

[1719059466.817715] [INFO]:
round_15:
    concurrency-covr: 432
    concurrency-covr-up: 43

[1719059519.279736] [INFO]:
round_16:
    concurrency-covr: 432
    concurrency-covr-up: 0

[1719059546.250571] [INFO]:
round_17:
    concurrency-covr: 573
    concurrency-covr-up: 141

[1719059618.408715] [INFO]:
round_18:
    concurrency-covr: 590
    concurrency-covr-up: 17

[1719059671.526011] [INFO]:
round_19:
    concurrency-covr: 597
    concurrency-covr-up: 7

[1719059724.01211] [INFO]:
round_20:
    concurrency-covr: 597
    concurrency-covr-up: 0

[1719059751.598683] [INFO]:
round_21:
    concurrency-covr: 597
    concurrency-covr-up: 0

[1719059778.766821] [INFO]:
round_22:
    concurrency-covr: 617
    concurrency-covr-up: 20

[1719059831.988213] [INFO]:
round_23:
    concurrency-covr: 617
    concurrency-covr-up: 0

[1719059858.404578] [INFO]:
round_24:
    concurrency-covr: 617
    concurrency-covr-up: 0

[1719059904.031765] [INFO]:
round_25:
    concurrency-covr: 617
    concurrency-covr-up: 0

[1719059931.216217] [INFO]:
round_26:
    concurrency-covr: 629
    concurrency-covr-up: 12

[1719059983.671102] [INFO]:
round_27:
    concurrency-covr: 645
    concurrency-covr-up: 16

[1719060036.211892] [INFO]:
round_28:
    concurrency-covr: 645
    concurrency-covr-up: 0

[1719060063.569811] [INFO]:
round_29:
    concurrency-covr: 645
    concurrency-covr-up: 0

[1719060091.084126] [INFO]:
round_30:
    concurrency-covr: 645
    concurrency-covr-up: 0

[1719060118.908793] [INFO]:
round_31:
    concurrency-covr: 662
    concurrency-covr-up: 17

[1719060172.517252] [INFO]:
round_32:
    concurrency-covr: 679
    concurrency-covr-up: 17

[1719060245.038517] [INFO]:
round_33:
    concurrency-covr: 679
    concurrency-covr-up: 0

[1719060273.137183] [INFO]:
round_34:
    concurrency-covr: 679
    concurrency-covr-up: 0

[1719060300.92103] [INFO]:
round_35:
    concurrency-covr: 679
    concurrency-covr-up: 0

[1719060328.365141] [INFO]:
round_36:
    concurrency-covr: 679
    concurrency-covr-up: 0

[1719060356.274135] [INFO]:
round_37:
    concurrency-covr: 679
    concurrency-covr-up: 0

[1719060384.49577] [INFO]:
round_38:
    concurrency-covr: 679
    concurrency-covr-up: 0

[1719060411.35963] [INFO]:
round_39:
    concurrency-covr: 679
    concurrency-covr-up: 0

[1719060457.57267] [INFO]:
round_40:
    concurrency-covr: 679
    concurrency-covr-up: 0

[1719060490.789472] [INFO]:
round_41:
    concurrency-covr: 679
    concurrency-covr-up: 0

[1719060518.649952] [INFO]:
round_42:
    concurrency-covr: 700
    concurrency-covr-up: 21

[1719060589.972883] [INFO]:
round_43:
    concurrency-covr: 700
    concurrency-covr-up: 0

[1719060617.338758] [INFO]:
round_44:
    concurrency-covr: 700
    concurrency-covr-up: 0

[1719060644.831659] [INFO]:
round_45:
    concurrency-covr: 700
    concurrency-covr-up: 0

[1719060672.547099] [INFO]:
round_46:
    concurrency-covr: 713
    concurrency-covr-up: 13

[1719060725.867981] [INFO]:
round_47:
    concurrency-covr: 728
    concurrency-covr-up: 15

[1719060779.172677] [INFO]:
round_48:
    concurrency-covr: 728
    concurrency-covr-up: 0

[1719060807.822098] [INFO]:
round_49:
    concurrency-covr: 728
    concurrency-covr-up: 0

[1719060836.563791] [INFO]:
round_50:
    concurrency-covr: 728
    concurrency-covr-up: 0

[1719060865.282145] [INFO]:
round_51:
    concurrency-covr: 764
    concurrency-covr-up: 36

[1719060970.392596] [INFO]:
round_52:
    concurrency-covr: 764
    concurrency-covr-up: 0

[1719061043.348188] [INFO]:
round_53:
    concurrency-covr: 764
    concurrency-covr-up: 0

[1719061072.220675] [INFO]:
round_54:
    concurrency-covr: 764
    concurrency-covr-up: 0

[1719061146.364387] [INFO]:
round_55:
    concurrency-covr: 764
    concurrency-covr-up: 0

[1719061175.015571] [INFO]:
round_56:
    concurrency-covr: 764
    concurrency-covr-up: 0

[1719061203.582383] [INFO]:
round_57:
    concurrency-covr: 764
    concurrency-covr-up: 0

[1719061231.480757] [INFO]:
round_58:
    concurrency-covr: 764
    concurrency-covr-up: 0

[1719061305.787006] [INFO]:
round_59:
    concurrency-covr: 764
    concurrency-covr-up: 0

[1719061379.612172] [INFO]:
round_60:
    concurrency-covr: 777
    concurrency-covr-up: 13

[1719061433.536666] [INFO]:
round_61:
    concurrency-covr: 777
    concurrency-covr-up: 0

[1719061461.541804] [INFO]:
round_62:
    concurrency-covr: 777
    concurrency-covr-up: 0

[1719061534.519174] [INFO]:
round_63:
    concurrency-covr: 777
    concurrency-covr-up: 0

[1719061563.033944] [INFO]:
round_64:
    concurrency-covr: 794
    concurrency-covr-up: 17

[1719061636.883375] [INFO]:
round_65:
    concurrency-covr: 794
    concurrency-covr-up: 0

[1719061665.871939] [INFO]:
round_66:
    concurrency-covr: 794
    concurrency-covr-up: 0

[1719061694.986959] [INFO]:
round_67:
    concurrency-covr: 794
    concurrency-covr-up: 0

[1719061743.327716] [INFO]:
round_68:
    concurrency-covr: 794
    concurrency-covr-up: 0

[1719061772.972553] [INFO]:
round_69:
    concurrency-covr: 794
    concurrency-covr-up: 0

[1719061847.114335] [INFO]:
round_70:
    concurrency-covr: 805
    concurrency-covr-up: 11

[1719061903.563804] [INFO]:
round_71:
    concurrency-covr: 805
    concurrency-covr-up: 0

[1719061932.226178] [INFO]:
round_72:
    concurrency-covr: 805
    concurrency-covr-up: 0

[1719062006.033217] [INFO]:
round_73:
    concurrency-covr: 805
    concurrency-covr-up: 0

[1719062035.854397] [INFO]:
round_74:
    concurrency-covr: 805
    concurrency-covr-up: 0

[1719062110.745851] [INFO]:
round_75:
    concurrency-covr: 805
    concurrency-covr-up: 0

[1719062140.340166] [INFO]:
round_76:
    concurrency-covr: 808
    concurrency-covr-up: 3

[1719062214.378031] [INFO]:
round_77:
    concurrency-covr: 808
    concurrency-covr-up: 0

[1719062262.468605] [INFO]:
round_78:
    concurrency-covr: 808
    concurrency-covr-up: 0

[1719062311.258297] [INFO]:
round_79:
    concurrency-covr: 808
    concurrency-covr-up: 0

[1719062340.696212] [INFO]:
round_80:
    concurrency-covr: 809
    concurrency-covr-up: 1

[1719062388.682131] [INFO]:
round_81:
    concurrency-covr: 809
    concurrency-covr-up: 0

[1719062446.162979] [INFO]:
round_82:
    concurrency-covr: 809
    concurrency-covr-up: 0

[1719062475.588299] [INFO]:
round_83:
    concurrency-covr: 809
    concurrency-covr-up: 0

[1719062550.906428] [INFO]:
round_84:
    concurrency-covr: 851
    concurrency-covr-up: 42

[1719062607.227955] [INFO]:
round_85:
    concurrency-covr: 851
    concurrency-covr-up: 0

[1719062650.254579] [INFO]:
round_86:
    concurrency-covr: 851
    concurrency-covr-up: 0

[1719062680.994614] [INFO]:
round_87:
    concurrency-covr: 851
    concurrency-covr-up: 0

[1719062710.348192] [INFO]:
round_88:
    concurrency-covr: 851
    concurrency-covr-up: 0

[1719062741.107207] [INFO]:
round_89:
    concurrency-covr: 851
    concurrency-covr-up: 0

[1719062770.803183] [INFO]:
round_90:
    concurrency-covr: 851
    concurrency-covr-up: 0

[1719062801.919519] [INFO]:
round_91:
    concurrency-covr: 866
    concurrency-covr-up: 15

[1719062879.712788] [INFO]:
round_92:
    concurrency-covr: 866
    concurrency-covr-up: 0

[1719062955.388949] [INFO]:
round_93:
    concurrency-covr: 866
    concurrency-covr-up: 0

[1719063011.520778] [INFO]:
round_94:
    concurrency-covr: 866
    concurrency-covr-up: 0

[1719063041.251837] [INFO]:
round_95:
    concurrency-covr: 866
    concurrency-covr-up: 0

[1719063116.027068] [INFO]:
round_96:
    concurrency-covr: 866
    concurrency-covr-up: 0

[1719063146.184589] [INFO]:
round_97:
    concurrency-covr: 866
    concurrency-covr-up: 0

[1719063177.437395] [INFO]:
round_98:
    concurrency-covr: 866
    concurrency-covr-up: 0

[1719063207.257035] [INFO]:
round_99:
    concurrency-covr: 866
    concurrency-covr-up: 0

[1719063283.111278] [INFO]:
round_100:
    concurrency-covr: 866
    concurrency-covr-up: 0

[1719063359.725617] [INFO]:
round_101:
    concurrency-covr: 872
    concurrency-covr-up: 6

[1719063907.916425] [INFO]:
round_102:
    concurrency-covr: 872
    concurrency-covr-up: 0

[1719063958.872021] [INFO]:
round_103:
    concurrency-covr: 872
    concurrency-covr-up: 0

[1719064029.892093] [INFO]:
round_104:
    concurrency-covr: 873
    concurrency-covr-up: 1

[1719064100.903563] [INFO]:
round_105:
    concurrency-covr: 873
    concurrency-covr-up: 0

[1719064153.021715] [INFO]:
round_106:
    concurrency-covr: 873
    concurrency-covr-up: 0

[1719064204.666016] [INFO]:
round_107:
    concurrency-covr: 873
    concurrency-covr-up: 0

[1719064231.391804] [INFO]:
round_108:
    concurrency-covr: 873
    concurrency-covr-up: 0

[1719064277.09163] [INFO]:
round_109:
    concurrency-covr: 873
    concurrency-covr-up: 0

[1719064308.427653] [INFO]:
round_110:
    concurrency-covr: 892
    concurrency-covr-up: 19

[1719064361.320603] [INFO]:
round_111:
    concurrency-covr: 892
    concurrency-covr-up: 0

[1719064388.028119] [INFO]:
round_112:
    concurrency-covr: 892
    concurrency-covr-up: 0

[1719064434.063835] [INFO]:
round_113:
    concurrency-covr: 896
    concurrency-covr-up: 4

[1719064493.724547] [INFO]:
round_114:
    concurrency-covr: 896
    concurrency-covr-up: 0

[1719064519.538704] [INFO]:
round_115:
    concurrency-covr: 897
    concurrency-covr-up: 1

[1719064592.13307] [INFO]:
round_116:
    concurrency-covr: 897
    concurrency-covr-up: 0

[1719064637.738678] [INFO]:
round_117:
    concurrency-covr: 897
    concurrency-covr-up: 0

[1719064688.498136] [INFO]:
round_118:
    concurrency-covr: 897
    concurrency-covr-up: 0

[1719064739.399152] [INFO]:
round_119:
    concurrency-covr: 897
    concurrency-covr-up: 0

[1719064789.8222] [INFO]:
round_120:
    concurrency-covr: 897
    concurrency-covr-up: 0

[1719064840.630211] [INFO]:
round_121:
    concurrency-covr: 897
    concurrency-covr-up: 0

[1719064872.227439] [INFO]:
round_122:
    concurrency-covr: 897
    concurrency-covr-up: 0

[1719064918.405559] [INFO]:
round_123:
    concurrency-covr: 897
    concurrency-covr-up: 0

[1719064969.354036] [INFO]:
round_124:
    concurrency-covr: 897
    concurrency-covr-up: 0

[1719065000.87515] [INFO]:
round_125:
    concurrency-covr: 897
    concurrency-covr-up: 0

[1719065047.077394] [INFO]:
round_126:
    concurrency-covr: 898
    concurrency-covr-up: 1

[1719065126.893842] [INFO]:
round_127:
    concurrency-covr: 898
    concurrency-covr-up: 0

[1719065172.901685] [INFO]:
round_128:
    concurrency-covr: 929
    concurrency-covr-up: 31

[1719065231.604346] [INFO]:
round_129:
    concurrency-covr: 946
    concurrency-covr-up: 17

[1719065289.567692] [INFO]:
round_130:
    concurrency-covr: 946
    concurrency-covr-up: 0

[1719065317.441336] [INFO]:
round_131:
    concurrency-covr: 946
    concurrency-covr-up: 0

[1719065362.731476] [INFO]:
round_132:
    concurrency-covr: 946
    concurrency-covr-up: 0

[1719065414.548984] [INFO]:
round_133:
    concurrency-covr: 946
    concurrency-covr-up: 0

[1719065467.188887] [INFO]:
round_134:
    concurrency-covr: 946
    concurrency-covr-up: 0

[1719065499.578433] [INFO]:
round_135:
    concurrency-covr: 946
    concurrency-covr-up: 0

[1719065544.957929] [INFO]:
round_136:
    concurrency-covr: 946
    concurrency-covr-up: 0

[1719065578.231972] [INFO]:
round_137:
    concurrency-covr: 946
    concurrency-covr-up: 0

[1719065650.521686] [INFO]:
round_138:
    concurrency-covr: 946
    concurrency-covr-up: 0

[1719065678.650594] [INFO]:
round_139:
    concurrency-covr: 946
    concurrency-covr-up: 0

[1719065749.061771] [INFO]:
round_140:
    concurrency-covr: 951
    concurrency-covr-up: 5

[1719065802.919703] [INFO]:
round_141:
    concurrency-covr: 951
    concurrency-covr-up: 0

[1719065849.511128] [INFO]:
round_142:
    concurrency-covr: 951
    concurrency-covr-up: 0

[1719065903.423042] [INFO]:
round_143:
    concurrency-covr: 951
    concurrency-covr-up: 0

[1719065954.95442] [INFO]:
round_144:
    concurrency-covr: 951
    concurrency-covr-up: 0

[1719065987.323545] [INFO]:
round_145:
    concurrency-covr: 951
    concurrency-covr-up: 0

[1719066033.802975] [INFO]:
round_146:
    concurrency-covr: 951
    concurrency-covr-up: 0

[1719066090.394012] [INFO]:
round_147:
    concurrency-covr: 951
    concurrency-covr-up: 0

[1719066168.857897] [INFO]:
round_148:
    concurrency-covr: 951
    concurrency-covr-up: 0

[1719066215.674905] [INFO]:
round_149:
    concurrency-covr: 951
    concurrency-covr-up: 0

[1719066266.110823] [INFO]:
round_150:
    concurrency-covr: 951
    concurrency-covr-up: 0

[1719066318.034426] [INFO]:
round_151:
    concurrency-covr: 951
    concurrency-covr-up: 0

[1719066350.451808] [INFO]:
round_152:
    concurrency-covr: 951
    concurrency-covr-up: 0

[1719066423.824318] [INFO]:
round_153:
    concurrency-covr: 951
    concurrency-covr-up: 0

[1719066453.015135] [INFO]:
round_154:
    concurrency-covr: 951
    concurrency-covr-up: 0

[1719066500.154038] [INFO]:
round_155:
    concurrency-covr: 951
    concurrency-covr-up: 0

[1719066551.893785] [INFO]:
round_156:
    concurrency-covr: 955
    concurrency-covr-up: 4

[1719066610.863022] [INFO]:
round_157:
    concurrency-covr: 955
    concurrency-covr-up: 0

[1719066638.902446] [INFO]:
round_158:
    concurrency-covr: 955
    concurrency-covr-up: 0

[1719066686.120805] [INFO]:
round_159:
    concurrency-covr: 955
    concurrency-covr-up: 0

[1719066736.549827] [INFO]:
round_160:
    concurrency-covr: 955
    concurrency-covr-up: 0

[1719066789.286353] [INFO]:
round_161:
    concurrency-covr: 956
    concurrency-covr-up: 1

[1719066867.410605] [INFO]:
round_162:
    concurrency-covr: 956
    concurrency-covr-up: 0

[1719066913.749701] [INFO]:
round_163:
    concurrency-covr: 956
    concurrency-covr-up: 0

[1719066992.967157] [INFO]:
round_164:
    concurrency-covr: 956
    concurrency-covr-up: 0

[1719067039.659217] [INFO]:
round_165:
    concurrency-covr: 956
    concurrency-covr-up: 0

[1719067119.515548] [INFO]:
round_166:
    concurrency-covr: 956
    concurrency-covr-up: 0

[1719067149.46543] [INFO]:
round_167:
    concurrency-covr: 956
    concurrency-covr-up: 0

[1719067223.551927] [INFO]:
round_168:
    concurrency-covr: 956
    concurrency-covr-up: 0

[1719067271.188001] [INFO]:
round_169:
    concurrency-covr: 956
    concurrency-covr-up: 0

[1719067322.407535] [INFO]:
round_170:
    concurrency-covr: 956
    concurrency-covr-up: 0

[1719067374.354334] [INFO]:
round_171:
    concurrency-covr: 956
    concurrency-covr-up: 0

[1719067408.129311] [INFO]:
round_172:
    concurrency-covr: 956
    concurrency-covr-up: 0

[1719067482.117579] [INFO]:
round_173:
    concurrency-covr: 956
    concurrency-covr-up: 0

[1719067529.247299] [INFO]:
round_174:
    concurrency-covr: 956
    concurrency-covr-up: 0

[1719067617.18725] [INFO]:
round_175:
    concurrency-covr: 956
    concurrency-covr-up: 0

[1719067647.743044] [INFO]:
round_176:
    concurrency-covr: 956
    concurrency-covr-up: 0

[1719067695.070268] [INFO]:
round_177:
    concurrency-covr: 956
    concurrency-covr-up: 0

[1719067749.614757] [INFO]:
round_178:
    concurrency-covr: 956
    concurrency-covr-up: 0

[1719067789.293314] [INFO]:
round_179:
    concurrency-covr: 956
    concurrency-covr-up: 0

[1719067819.449723] [INFO]:
round_180:
    concurrency-covr: 956
    concurrency-covr-up: 0

[1719067867.294598] [INFO]:
round_181:
    concurrency-covr: 956
    concurrency-covr-up: 0

[1719067949.391715] [INFO]:
round_182:
    concurrency-covr: 956
    concurrency-covr-up: 0

[1719067996.802906] [INFO]:
round_183:
    concurrency-covr: 956
    concurrency-covr-up: 0

[1719068037.690054] [INFO]:
round_184:
    concurrency-covr: 956
    concurrency-covr-up: 0

[1719068084.91579] [INFO]:
round_185:
    concurrency-covr: 956
    concurrency-covr-up: 0

[1719068137.631081] [INFO]:
round_186:
    concurrency-covr: 956
    concurrency-covr-up: 0

[1719068189.101127] [INFO]:
round_187:
    concurrency-covr: 956
    concurrency-covr-up: 0

[1719068241.686913] [INFO]:
round_188:
    concurrency-covr: 956
    concurrency-covr-up: 0

[1719068296.971792] [INFO]:
round_189:
    concurrency-covr: 956
    concurrency-covr-up: 0

[1719068348.28587] [INFO]:
round_190:
    concurrency-covr: 956
    concurrency-covr-up: 0

[1719068403.634059] [INFO]:
round_191:
    concurrency-covr: 956
    concurrency-covr-up: 0

[1719068438.904313] [INFO]:
round_192:
    concurrency-covr: 956
    concurrency-covr-up: 0

[1719068469.94904] [INFO]:
round_193:
    concurrency-covr: 956
    concurrency-covr-up: 0

[1719068501.058379] [INFO]:
round_194:
    concurrency-covr: 956
    concurrency-covr-up: 0

[1719068549.019677] [INFO]:
round_195:
    concurrency-covr: 956
    concurrency-covr-up: 0

[1719068631.708108] [INFO]:
round_196:
    concurrency-covr: 956
    concurrency-covr-up: 0

[1719068679.383687] [INFO]:
round_197:
    concurrency-covr: 956
    concurrency-covr-up: 0

[1719068716.83121] [INFO]:
round_198:
    concurrency-covr: 956
    concurrency-covr-up: 0

[1719068791.983023] [INFO]:
round_199:
    concurrency-covr: 956
    concurrency-covr-up: 0

[1719068866.847372] [INFO]:
round_200:
    concurrency-covr: 956
    concurrency-covr-up: 0

[1719068898.407522] [INFO]:
round_201:
    concurrency-covr: 956
    concurrency-covr-up: 0

[1719068930.635421] [INFO]:
round_202:
    concurrency-covr: 980
    concurrency-covr-up: 24

[1719068988.97741] [INFO]:
round_203:
    concurrency-covr: 980
    concurrency-covr-up: 0

[1719069037.371863] [INFO]:
round_204:
    concurrency-covr: 980
    concurrency-covr-up: 0

[1719069089.54638] [INFO]:
round_205:
    concurrency-covr: 980
    concurrency-covr-up: 0

[1719069124.257484] [INFO]:
round_206:
    concurrency-covr: 980
    concurrency-covr-up: 0

[1719069155.74767] [INFO]:
round_207:
    concurrency-covr: 980
    concurrency-covr-up: 0

[1719069230.712973] [INFO]:
round_208:
    concurrency-covr: 980
    concurrency-covr-up: 0

[1719069279.415967] [INFO]:
round_209:
    concurrency-covr: 980
    concurrency-covr-up: 0

[1719069314.568547] [INFO]:
round_210:
    concurrency-covr: 980
    concurrency-covr-up: 0

[1719069363.571527] [INFO]:
round_211:
    concurrency-covr: 980
    concurrency-covr-up: 0

[1719069398.769964] [INFO]:
round_212:
    concurrency-covr: 980
    concurrency-covr-up: 0

[1719069448.386766] [INFO]:
round_213:
    concurrency-covr: 980
    concurrency-covr-up: 0

[1719069500.592046] [INFO]:
round_214:
    concurrency-covr: 980
    concurrency-covr-up: 0

[1719069553.634724] [INFO]:
round_215:
    concurrency-covr: 980
    concurrency-covr-up: 0

[1719069589.662113] [INFO]:
round_216:
    concurrency-covr: 980
    concurrency-covr-up: 0

[1719069638.350491] [INFO]:
round_217:
    concurrency-covr: 980
    concurrency-covr-up: 0

[1719069690.322771] [INFO]:
round_218:
    concurrency-covr: 980
    concurrency-covr-up: 0

[1719069726.419611] [INFO]:
round_219:
    concurrency-covr: 980
    concurrency-covr-up: 0

[1719069775.122374] [INFO]:
round_220:
    concurrency-covr: 980
    concurrency-covr-up: 0

[1719069827.904242] [INFO]:
round_221:
    concurrency-covr: 980
    concurrency-covr-up: 0

[1719069881.115677] [INFO]:
round_222:
    concurrency-covr: 980
    concurrency-covr-up: 0

[1719069933.458198] [INFO]:
round_223:
    concurrency-covr: 980
    concurrency-covr-up: 0

[1719069969.842993] [INFO]:
round_224:
    concurrency-covr: 980
    concurrency-covr-up: 0

[1719070001.499739] [INFO]:
round_225:
    concurrency-covr: 980
    concurrency-covr-up: 0

[1719070050.54198] [INFO]:
round_226:
    concurrency-covr: 980
    concurrency-covr-up: 0

[1719070104.666937] [INFO]:
round_227:
    concurrency-covr: 980
    concurrency-covr-up: 0

[1719070153.40875] [INFO]:
round_228:
    concurrency-covr: 980
    concurrency-covr-up: 0

[1719070206.51904] [INFO]:
round_229:
    concurrency-covr: 980
    concurrency-covr-up: 0

[1719070242.646954] [INFO]:
round_230:
    concurrency-covr: 980
    concurrency-covr-up: 0

[1719070291.275541] [INFO]:
round_231:
    concurrency-covr: 980
    concurrency-covr-up: 0

[1719070344.016391] [INFO]:
round_232:
    concurrency-covr: 980
    concurrency-covr-up: 0

[1719070397.842278] [INFO]:
round_233:
    concurrency-covr: 980
    concurrency-covr-up: 0

[1719070449.90556] [INFO]:
round_234:
    concurrency-covr: 980
    concurrency-covr-up: 0

[1719070503.880043] [INFO]:
round_235:
    concurrency-covr: 980
    concurrency-covr-up: 0

[1719070556.391289] [INFO]:
round_236:
    concurrency-covr: 980
    concurrency-covr-up: 0

[1719070610.851012] [INFO]:
round_237:
    concurrency-covr: 980
    concurrency-covr-up: 0

[1719070663.435502] [INFO]:
round_238:
    concurrency-covr: 980
    concurrency-covr-up: 0

[1719070713.478743] [INFO]:
round_239:
    concurrency-covr: 980
    concurrency-covr-up: 0

[1719070767.634297] [INFO]:
round_240:
    concurrency-covr: 980
    concurrency-covr-up: 0

[1719070821.355318] [INFO]:
round_241:
    concurrency-covr: 980
    concurrency-covr-up: 0

[1719070875.183574] [INFO]:
round_242:
    concurrency-covr: 980
    concurrency-covr-up: 0

[1719070928.389621] [INFO]:
round_243:
    concurrency-covr: 980
    concurrency-covr-up: 0

[1719070985.389593] [INFO]:
round_244:
    concurrency-covr: 980
    concurrency-covr-up: 0

[1719071018.92434] [INFO]:
round_245:
    concurrency-covr: 980
    concurrency-covr-up: 0

[1719071068.742736] [INFO]:
round_246:
    concurrency-covr: 980
    concurrency-covr-up: 0

[1719071122.610628] [INFO]:
round_247:
    concurrency-covr: 980
    concurrency-covr-up: 0

[1719071174.845535] [INFO]:
round_248:
    concurrency-covr: 980
    concurrency-covr-up: 0

[1719071226.568076] [INFO]:
round_249:
    concurrency-covr: 980
    concurrency-covr-up: 0

[1719071264.891115] [INFO]:
round_250:
    concurrency-covr: 980
    concurrency-covr-up: 0

[1719071297.400027] [INFO]:
round_251:
    concurrency-covr: 980
    concurrency-covr-up: 0

[1719071349.233516] [INFO]:
round_252:
    concurrency-covr: 980
    concurrency-covr-up: 0

[1719071382.812297] [INFO]:
round_253:
    concurrency-covr: 980
    concurrency-covr-up: 0

[1719071416.676599] [INFO]:
round_254:
    concurrency-covr: 980
    concurrency-covr-up: 0

[1719071449.827062] [INFO]:
round_255:
    concurrency-covr: 980
    concurrency-covr-up: 0

[1719071502.325768] [INFO]:
round_256:
    concurrency-covr: 980
    concurrency-covr-up: 0

[1719071555.217018] [INFO]:
round_257:
    concurrency-covr: 980
    concurrency-covr-up: 0

[1719071607.288704] [INFO]:
round_258:
    concurrency-covr: 980
    concurrency-covr-up: 0

[1719071641.660149] [INFO]:
round_259:
    concurrency-covr: 980
    concurrency-covr-up: 0

[1719071692.171648] [INFO]:
round_260:
    concurrency-covr: 980
    concurrency-covr-up: 0

[1719071746.085547] [INFO]:
round_261:
    concurrency-covr: 980
    concurrency-covr-up: 0

[1719071797.989161] [INFO]:
round_262:
    concurrency-covr: 980
    concurrency-covr-up: 0

[1719071854.44374] [INFO]:
round_263:
    concurrency-covr: 980
    concurrency-covr-up: 0

[1719071887.305584] [INFO]:
round_264:
    concurrency-covr: 980
    concurrency-covr-up: 0

[1719071936.926528] [INFO]:
round_265:
    concurrency-covr: 980
    concurrency-covr-up: 0

[1719071991.301809] [INFO]:
round_266:
    concurrency-covr: 980
    concurrency-covr-up: 0

[1719072045.122235] [INFO]:
round_267:
    concurrency-covr: 980
    concurrency-covr-up: 0

[1719072099.466204] [INFO]:
round_268:
    concurrency-covr: 980
    concurrency-covr-up: 0

[1719072138.376752] [INFO]:
round_269:
    concurrency-covr: 980
    concurrency-covr-up: 0

[1719072173.300777] [INFO]:
round_270:
    concurrency-covr: 980
    concurrency-covr-up: 0

[1719072208.077246] [INFO]:
round_271:
    concurrency-covr: 980
    concurrency-covr-up: 0

[1719072261.922656] [INFO]:
round_272:
    concurrency-covr: 980
    concurrency-covr-up: 0

[1719072313.387199] [INFO]:
round_273:
    concurrency-covr: 980
    concurrency-covr-up: 0

[1719072365.120489] [INFO]:
round_274:
    concurrency-covr: 980
    concurrency-covr-up: 0

[1719072415.33444] [INFO]:
round_275:
    concurrency-covr: 980
    concurrency-covr-up: 0

[1719072470.879949] [INFO]:
round_276:
    concurrency-covr: 980
    concurrency-covr-up: 0

[1719072520.492581] [INFO]:
round_277:
    concurrency-covr: 980
    concurrency-covr-up: 0

[1719072578.471783] [INFO]:
round_278:
    concurrency-covr: 980
    concurrency-covr-up: 0

[1719072613.469951] [INFO]:
round_279:
    concurrency-covr: 980
    concurrency-covr-up: 0

[1719072648.38238] [INFO]:
round_280:
    concurrency-covr: 980
    concurrency-covr-up: 0

[1719072683.286541] [INFO]:
round_281:
    concurrency-covr: 980
    concurrency-covr-up: 0

[1719072734.390871] [INFO]:
round_282:
    concurrency-covr: 980
    concurrency-covr-up: 0

[1719072788.424666] [INFO]:
round_283:
    concurrency-covr: 980
    concurrency-covr-up: 0

[1719072826.235715] [INFO]:
round_284:
    concurrency-covr: 980
    concurrency-covr-up: 0

[1719072877.186379] [INFO]:
round_285:
    concurrency-covr: 980
    concurrency-covr-up: 0

[1719072932.140259] [INFO]:
round_286:
    concurrency-covr: 980
    concurrency-covr-up: 0

[1719072987.194196] [INFO]:
round_287:
    concurrency-covr: 980
    concurrency-covr-up: 0

[1719073044.725008] [INFO]:
round_288:
    concurrency-covr: 980
    concurrency-covr-up: 0

[1719073101.197463] [INFO]:
round_289:
    concurrency-covr: 980
    concurrency-covr-up: 0

[1719073135.948836] [INFO]:
round_290:
    concurrency-covr: 980
    concurrency-covr-up: 0

[1719073186.508156] [INFO]:
round_291:
    concurrency-covr: 980
    concurrency-covr-up: 0

[1719073240.407752] [INFO]:
round_292:
    concurrency-covr: 980
    concurrency-covr-up: 0

[1719073297.400143] [INFO]:
round_293:
    concurrency-covr: 980
    concurrency-covr-up: 0

[1719073351.617612] [INFO]:
round_294:
    concurrency-covr: 980
    concurrency-covr-up: 0

[1719073402.657141] [INFO]:
round_295:
    concurrency-covr: 980
    concurrency-covr-up: 0

[1719073442.223528] [INFO]:
round_296:
    concurrency-covr: 980
    concurrency-covr-up: 0

[1719073493.746191] [INFO]:
round_297:
    concurrency-covr: 980
    concurrency-covr-up: 0

[1719073548.237109] [INFO]:
round_298:
    concurrency-covr: 980
    concurrency-covr-up: 0

[1719073605.355147] [INFO]:
round_299:
    concurrency-covr: 980
    concurrency-covr-up: 0

[1719073641.134446] [INFO]:
round_300:
    concurrency-covr: 980
    concurrency-covr-up: 0

[1719073696.127774] [INFO]:
round_301:
    concurrency-covr: 980
    concurrency-covr-up: 0

[1719073752.007737] [INFO]:
round_302:
    concurrency-covr: 980
    concurrency-covr-up: 0

[1719073806.739547] [INFO]:
round_303:
    concurrency-covr: 980
    concurrency-covr-up: 0

[1719073859.64604] [INFO]:
round_304:
    concurrency-covr: 980
    concurrency-covr-up: 0

[1719073930.488548] [INFO]:
round_305:
    concurrency-covr: 980
    concurrency-covr-up: 0

[1719073982.152632] [INFO]:
round_306:
    concurrency-covr: 980
    concurrency-covr-up: 0

[1719074020.34339] [INFO]:
round_307:
    concurrency-covr: 980
    concurrency-covr-up: 0

[1719074072.553715] [INFO]:
round_308:
    concurrency-covr: 985
    concurrency-covr-up: 5

[1719074129.422663] [INFO]:
round_309:
    concurrency-covr: 985
    concurrency-covr-up: 0

[1719074180.19855] [INFO]:
round_310:
    concurrency-covr: 985
    concurrency-covr-up: 0

[1719074220.040848] [INFO]:
round_311:
    concurrency-covr: 985
    concurrency-covr-up: 0

[1719074271.255077] [INFO]:
round_312:
    concurrency-covr: 985
    concurrency-covr-up: 0

[1719074329.954972] [INFO]:
round_313:
    concurrency-covr: 985
    concurrency-covr-up: 0

[1719074381.315625] [INFO]:
round_314:
    concurrency-covr: 985
    concurrency-covr-up: 0

[1719074420.370158] [INFO]:
round_315:
    concurrency-covr: 985
    concurrency-covr-up: 0

[1719074472.050014] [INFO]:
round_316:
    concurrency-covr: 985
    concurrency-covr-up: 0

[1719074530.870627] [INFO]:
round_317:
    concurrency-covr: 985
    concurrency-covr-up: 0

[1719074567.291584] [INFO]:
round_318:
    concurrency-covr: 985
    concurrency-covr-up: 0

[1719074619.466005] [INFO]:
round_319:
    concurrency-covr: 985
    concurrency-covr-up: 0

[1719074674.559424] [INFO]:
round_320:
    concurrency-covr: 985
    concurrency-covr-up: 0

[1719074714.234749] [INFO]:
round_321:
    concurrency-covr: 992
    concurrency-covr-up: 7

[1719074769.58387] [INFO]:
round_322:
    concurrency-covr: 992
    concurrency-covr-up: 0

[1719074822.191997] [INFO]:
round_323:
    concurrency-covr: 992
    concurrency-covr-up: 0

[1719074875.938518] [INFO]:
round_324:
    concurrency-covr: 992
    concurrency-covr-up: 0

[1719074934.720367] [INFO]:
round_325:
    concurrency-covr: 992
    concurrency-covr-up: 0

[1719074993.737293] [INFO]:
round_326:
    concurrency-covr: 992
    concurrency-covr-up: 0

[1719075030.586578] [INFO]:
round_327:
    concurrency-covr: 992
    concurrency-covr-up: 0

[1719075085.668184] [INFO]:
round_328:
    concurrency-covr: 992
    concurrency-covr-up: 0

[1719075137.815082] [INFO]:
round_329:
    concurrency-covr: 992
    concurrency-covr-up: 0

[1719075192.662549] [INFO]:
round_330:
    concurrency-covr: 1016
    concurrency-covr-up: 24

[1719075249.955503] [INFO]:
round_331:
    concurrency-covr: 1016
    concurrency-covr-up: 0

[1719075301.856673] [INFO]:
round_332:
    concurrency-covr: 1016
    concurrency-covr-up: 0

[1719075355.178382] [INFO]:
round_333:
    concurrency-covr: 1016
    concurrency-covr-up: 0

[1719075415.292333] [INFO]:
round_334:
    concurrency-covr: 1016
    concurrency-covr-up: 0

[1719075451.282141] [INFO]:
round_335:
    concurrency-covr: 1016
    concurrency-covr-up: 0

[1719075502.984978] [INFO]:
round_336:
    concurrency-covr: 1016
    concurrency-covr-up: 0

[1719075544.600147] [INFO]:
round_337:
    concurrency-covr: 1016
    concurrency-covr-up: 0

[1719075596.106355] [INFO]:
round_338:
    concurrency-covr: 1016
    concurrency-covr-up: 0

[1719075652.860959] [INFO]:
round_339:
    concurrency-covr: 1016
    concurrency-covr-up: 0

[1719075711.100901] [INFO]:
round_340:
    concurrency-covr: 1016
    concurrency-covr-up: 0

[1719075763.604072] [INFO]:
round_341:
    concurrency-covr: 1016
    concurrency-covr-up: 0

[1719075823.127967] [INFO]:
round_342:
    concurrency-covr: 1016
    concurrency-covr-up: 0

[1719075878.974875] [INFO]:
round_343:
    concurrency-covr: 1016
    concurrency-covr-up: 0

[1719075932.39928] [INFO]:
round_344:
    concurrency-covr: 1016
    concurrency-covr-up: 0

[1719075987.155587] [INFO]:
round_345:
    concurrency-covr: 1016
    concurrency-covr-up: 0

[1719076046.559778] [INFO]:
round_346:
    concurrency-covr: 1016
    concurrency-covr-up: 0

[1719076084.817182] [INFO]:
round_347:
    concurrency-covr: 1016
    concurrency-covr-up: 0

[1719076122.861266] [INFO]:
round_348:
    concurrency-covr: 1016
    concurrency-covr-up: 0

[1719076179.760039] [INFO]:
round_349:
    concurrency-covr: 1016
    concurrency-covr-up: 0

[1719076236.731805] [INFO]:
round_350:
    concurrency-covr: 1016
    concurrency-covr-up: 0

[1719076274.486485] [INFO]:
round_351:
    concurrency-covr: 1016
    concurrency-covr-up: 0

[1719076312.287403] [INFO]:
round_352:
    concurrency-covr: 1022
    concurrency-covr-up: 6

[1719076368.861113] [INFO]:
round_353:
    concurrency-covr: 1022
    concurrency-covr-up: 0

[1719076422.435162] [INFO]:
round_354:
    concurrency-covr: 1022
    concurrency-covr-up: 0

[1719076461.663288] [INFO]:
round_355:
    concurrency-covr: 1022
    concurrency-covr-up: 0

[1719076515.189198] [INFO]:
round_356:
    concurrency-covr: 1022
    concurrency-covr-up: 0

[1719076578.815907] [INFO]:
round_357:
    concurrency-covr: 1022
    concurrency-covr-up: 0

[1719076632.345652] [INFO]:
round_358:
    concurrency-covr: 1022
    concurrency-covr-up: 0

[1719076690.435733] [INFO]:
round_359:
    concurrency-covr: 1022
    concurrency-covr-up: 0

[1719076737.058016] [INFO]:
round_360:
    concurrency-covr: 1022
    concurrency-covr-up: 0

[1719076791.67095] [INFO]:
round_361:
    concurrency-covr: 1022
    concurrency-covr-up: 0

[1719076878.299098] [INFO]:
round_362:
    concurrency-covr: 1022
    concurrency-covr-up: 0

[1719076931.840439] [INFO]:
round_363:
    concurrency-covr: 1022
    concurrency-covr-up: 0

[1719076974.33159] [INFO]:
round_364:
    concurrency-covr: 1039
    concurrency-covr-up: 17

[1719077058.243624] [INFO]:
round_365:
    concurrency-covr: 1039
    concurrency-covr-up: 0

[1719077098.127319] [INFO]:
round_366:
    concurrency-covr: 1039
    concurrency-covr-up: 0

[1719077152.207744] [INFO]:
round_367:
    concurrency-covr: 1039
    concurrency-covr-up: 0

[1719077214.621651] [INFO]:
round_368:
    concurrency-covr: 1064
    concurrency-covr-up: 25

[1719077278.321542] [INFO]:
round_369:
    concurrency-covr: 1064
    concurrency-covr-up: 0

[1719077317.158786] [INFO]:
round_370:
    concurrency-covr: 1064
    concurrency-covr-up: 0

[1719077370.777941] [INFO]:
round_371:
    concurrency-covr: 1064
    concurrency-covr-up: 0

[1719077440.074589] [INFO]:
round_372:
    concurrency-covr: 1064
    concurrency-covr-up: 0

[1719077483.728756] [INFO]:
round_373:
    concurrency-covr: 1064
    concurrency-covr-up: 0

[1719077566.648443] [INFO]:
round_374:
    concurrency-covr: 1064
    concurrency-covr-up: 0

[1719077620.365855] [INFO]:
round_375:
    concurrency-covr: 1064
    concurrency-covr-up: 0

[1719077665.147568] [INFO]:
round_376:
    concurrency-covr: 1064
    concurrency-covr-up: 0

[1719077704.395824] [INFO]:
round_377:
    concurrency-covr: 1064
    concurrency-covr-up: 0

[1719077743.787026] [INFO]:
round_378:
    concurrency-covr: 1064
    concurrency-covr-up: 0

[1719077783.612414] [INFO]:
round_379:
    concurrency-covr: 1064
    concurrency-covr-up: 0

[1719077836.388566] [INFO]:
round_380:
    concurrency-covr: 1064
    concurrency-covr-up: 0

[1719077892.739274] [INFO]:
round_381:
    concurrency-covr: 1064
    concurrency-covr-up: 0

[1719077950.96959] [INFO]:
round_382:
    concurrency-covr: 1064
    concurrency-covr-up: 0

[1719078014.495895] [INFO]:
round_383:
    concurrency-covr: 1064
    concurrency-covr-up: 0

[1719078079.578558] [INFO]:
round_384:
    concurrency-covr: 1064
    concurrency-covr-up: 0

[1719078139.339012] [INFO]:
round_385:
    concurrency-covr: 1064
    concurrency-covr-up: 0

[1719078198.658411] [INFO]:
round_386:
    concurrency-covr: 1064
    concurrency-covr-up: 0

[1719078263.427685] [INFO]:
round_387:
    concurrency-covr: 1064
    concurrency-covr-up: 0

[1719078312.483037] [INFO]:
round_388:
    concurrency-covr: 1064
    concurrency-covr-up: 0

[1719078367.080382] [INFO]:
round_389:
    concurrency-covr: 1064
    concurrency-covr-up: 0

[1719078427.886211] [INFO]:
round_390:
    concurrency-covr: 1064
    concurrency-covr-up: 0

[1719078472.664319] [INFO]:
round_391:
    concurrency-covr: 1064
    concurrency-covr-up: 0

[1719078529.777311] [INFO]:
round_392:
    concurrency-covr: 1076
    concurrency-covr-up: 12

[1719122535.547784] [INFO]:
round_393:
    concurrency-covr: 1076
    concurrency-covr-up: 0

[1719122587.298648] [INFO]:
round_394:
    concurrency-covr: 1094
    concurrency-covr-up: 18

[1719122638.884419] [INFO]:
round_395:
    concurrency-covr: 1094
    concurrency-covr-up: 0

[1719122665.429636] [INFO]:
round_396:
    concurrency-covr: 1094
    concurrency-covr-up: 0

[1719122710.765926] [INFO]:
round_397:
    concurrency-covr: 1094
    concurrency-covr-up: 0

[1719122761.515885] [INFO]:
round_398:
    concurrency-covr: 1094
    concurrency-covr-up: 0

[1719122792.798412] [INFO]:
round_399:
    concurrency-covr: 1094
    concurrency-covr-up: 0

[1719122838.009631] [INFO]:
round_400:
    concurrency-covr: 1105
    concurrency-covr-up: 11

[1719122895.082298] [INFO]:
round_401:
    concurrency-covr: 1105
    concurrency-covr-up: 0

[1719122921.940802] [INFO]:
round_402:
    concurrency-covr: 1105
    concurrency-covr-up: 0

[1719122967.717009] [INFO]:
round_403:
    concurrency-covr: 1105
    concurrency-covr-up: 0

[1719123018.263105] [INFO]:
round_404:
    concurrency-covr: 1105
    concurrency-covr-up: 0

[1719123067.579697] [INFO]:
round_405:
    concurrency-covr: 1105
    concurrency-covr-up: 0

[1719123118.737569] [INFO]:
round_406:
    concurrency-covr: 1105
    concurrency-covr-up: 0

[1719123169.436044] [INFO]:
round_407:
    concurrency-covr: 1105
    concurrency-covr-up: 0

[1719123201.354182] [INFO]:
round_408:
    concurrency-covr: 1105
    concurrency-covr-up: 0

[1719123247.61555] [INFO]:
round_409:
    concurrency-covr: 1105
    concurrency-covr-up: 0

[1719123279.096851] [INFO]:
round_410:
    concurrency-covr: 1105
    concurrency-covr-up: 0

[1719123324.134618] [INFO]:
round_411:
    concurrency-covr: 1105
    concurrency-covr-up: 0

[1719123375.435004] [INFO]:
round_412:
    concurrency-covr: 1105
    concurrency-covr-up: 0

[1719123426.168537] [INFO]:
round_413:
    concurrency-covr: 1105
    concurrency-covr-up: 0

[1719123477.10401] [INFO]:
round_414:
    concurrency-covr: 1105
    concurrency-covr-up: 0

[1719123554.157263] [INFO]:
round_415:
    concurrency-covr: 1109
    concurrency-covr-up: 4

[1719123606.521948] [INFO]:
round_416:
    concurrency-covr: 1109
    concurrency-covr-up: 0

[1719123652.629133] [INFO]:
round_417:
    concurrency-covr: 1109
    concurrency-covr-up: 0

[1719123707.155163] [INFO]:
round_418:
    concurrency-covr: 1109
    concurrency-covr-up: 0

[1719123756.475354] [INFO]:
round_419:
    concurrency-covr: 1109
    concurrency-covr-up: 0

[1719123808.527747] [INFO]:
round_420:
    concurrency-covr: 1109
    concurrency-covr-up: 0

[1719123855.055536] [INFO]:
round_421:
    concurrency-covr: 1109
    concurrency-covr-up: 0

[1719123887.038819] [INFO]:
round_422:
    concurrency-covr: 1109
    concurrency-covr-up: 0

[1719123933.181542] [INFO]:
round_423:
    concurrency-covr: 1109
    concurrency-covr-up: 0

[1719123983.91876] [INFO]:
round_424:
    concurrency-covr: 1109
    concurrency-covr-up: 0

[1719124035.194459] [INFO]:
round_425:
    concurrency-covr: 1109
    concurrency-covr-up: 0

[1719124086.25342] [INFO]:
round_426:
    concurrency-covr: 1109
    concurrency-covr-up: 0

[1719124163.223235] [INFO]:
round_427:
    concurrency-covr: 1109
    concurrency-covr-up: 0

[1719124191.018988] [INFO]:
round_428:
    concurrency-covr: 1109
    concurrency-covr-up: 0

[1719124263.820313] [INFO]:
round_429:
    concurrency-covr: 1109
    concurrency-covr-up: 0

[1719124310.550572] [INFO]:
round_430:
    concurrency-covr: 1109
    concurrency-covr-up: 0

[1719124361.259019] [INFO]:
round_431:
    concurrency-covr: 1109
    concurrency-covr-up: 0

[1719124412.484716] [INFO]:
round_432:
    concurrency-covr: 1109
    concurrency-covr-up: 0

[1719124462.776331] [INFO]:
round_433:
    concurrency-covr: 1118
    concurrency-covr-up: 9

[1719124523.248247] [INFO]:
round_434:
    concurrency-covr: 1118
    concurrency-covr-up: 0

[1719124550.390843] [INFO]:
round_435:
    concurrency-covr: 1118
    concurrency-covr-up: 0

[1719124577.775895] [INFO]:
round_436:
    concurrency-covr: 1118
    concurrency-covr-up: 0

[1719124624.445899] [INFO]:
round_437:
    concurrency-covr: 1118
    concurrency-covr-up: 0

[1719124702.561313] [INFO]:
round_438:
    concurrency-covr: 1118
    concurrency-covr-up: 0

[1719124730.244833] [INFO]:
round_439:
    concurrency-covr: 1118
    concurrency-covr-up: 0

[1719124777.439896] [INFO]:
round_440:
    concurrency-covr: 1126
    concurrency-covr-up: 8

[1719124838.616674] [INFO]:
round_441:
    concurrency-covr: 1126
    concurrency-covr-up: 0

[1719124884.367443] [INFO]:
round_442:
    concurrency-covr: 1126
    concurrency-covr-up: 0

[1719124940.118831] [INFO]:
round_443:
    concurrency-covr: 1126
    concurrency-covr-up: 0

[1719124991.235848] [INFO]:
round_444:
    concurrency-covr: 1126
    concurrency-covr-up: 0

[1719125042.963059] [INFO]:
round_445:
    concurrency-covr: 1126
    concurrency-covr-up: 0

[1719125127.047799] [INFO]:
round_446:
    concurrency-covr: 1126
    concurrency-covr-up: 0

[1719125173.188727] [INFO]:
round_447:
    concurrency-covr: 1126
    concurrency-covr-up: 0

[1719125232.69005] [INFO]:
round_448:
    concurrency-covr: 1126
    concurrency-covr-up: 0

[1719125287.330739] [INFO]:
round_449:
    concurrency-covr: 1126
    concurrency-covr-up: 0

[1719125334.641915] [INFO]:
round_450:
    concurrency-covr: 1126
    concurrency-covr-up: 0

[1719125386.106236] [INFO]:
round_451:
    concurrency-covr: 1126
    concurrency-covr-up: 0

[1719125422.66105] [INFO]:
round_452:
    concurrency-covr: 1126
    concurrency-covr-up: 0

[1719125452.299578] [INFO]:
round_453:
    concurrency-covr: 1126
    concurrency-covr-up: 0

[1719125498.998357] [INFO]:
round_454:
    concurrency-covr: 1126
    concurrency-covr-up: 0

[1719125553.561872] [INFO]:
round_455:
    concurrency-covr: 1126
    concurrency-covr-up: 0

[1719125606.022919] [INFO]:
round_456:
    concurrency-covr: 1126
    concurrency-covr-up: 0

[1719125661.176488] [INFO]:
round_457:
    concurrency-covr: 1126
    concurrency-covr-up: 0

[1719125712.003405] [INFO]:
round_458:
    concurrency-covr: 1126
    concurrency-covr-up: 0

[1719125763.976686] [INFO]:
round_459:
    concurrency-covr: 1126
    concurrency-covr-up: 0

[1719125816.19887] [INFO]:
round_460:
    concurrency-covr: 1126
    concurrency-covr-up: 0

[1719125876.245614] [INFO]:
round_461:
    concurrency-covr: 1126
    concurrency-covr-up: 0

[1719125906.2536] [INFO]:
round_462:
    concurrency-covr: 1126
    concurrency-covr-up: 0

[1719125961.919142] [INFO]:
round_463:
    concurrency-covr: 1126
    concurrency-covr-up: 0

[1719126016.675562] [INFO]:
round_464:
    concurrency-covr: 1126
    concurrency-covr-up: 0

[1719126064.996237] [INFO]:
round_465:
    concurrency-covr: 1126
    concurrency-covr-up: 0

[1719126119.349011] [INFO]:
round_466:
    concurrency-covr: 1126
    concurrency-covr-up: 0

[1719126170.131131] [INFO]:
round_467:
    concurrency-covr: 1126
    concurrency-covr-up: 0

[1719126227.940305] [INFO]:
round_468:
    concurrency-covr: 1126
    concurrency-covr-up: 0

[1719126286.468529] [INFO]:
round_469:
    concurrency-covr: 1126
    concurrency-covr-up: 0

[1719126341.369994] [INFO]:
round_470:
    concurrency-covr: 1126
    concurrency-covr-up: 0

[1719126391.755932] [INFO]:
round_471:
    concurrency-covr: 1126
    concurrency-covr-up: 0

[1719126447.278089] [INFO]:
round_472:
    concurrency-covr: 1126
    concurrency-covr-up: 0

[1719126503.094082] [INFO]:
round_473:
    concurrency-covr: 1126
    concurrency-covr-up: 0

[1719126539.297328] [INFO]:
round_474:
    concurrency-covr: 1126
    concurrency-covr-up: 0

[1719126586.949137] [INFO]:
round_475:
    concurrency-covr: 1126
    concurrency-covr-up: 0

[1719126646.935634] [INFO]:
round_476:
    concurrency-covr: 1126
    concurrency-covr-up: 0

[1719126705.180806] [INFO]:
round_477:
    concurrency-covr: 1126
    concurrency-covr-up: 0

[1719126794.735591] [INFO]:
round_478:
    concurrency-covr: 1126
    concurrency-covr-up: 0

[1719126824.781074] [INFO]:
round_479:
    concurrency-covr: 1126
    concurrency-covr-up: 0

[1719126872.552661] [INFO]:
round_480:
    concurrency-covr: 1126
    concurrency-covr-up: 0

[1719126927.793656] [INFO]:
round_481:
    concurrency-covr: 1126
    concurrency-covr-up: 0

[1719126983.332668] [INFO]:
round_482:
    concurrency-covr: 1126
    concurrency-covr-up: 0

[1719127019.816934] [INFO]:
round_483:
    concurrency-covr: 1126
    concurrency-covr-up: 0

[1719127068.560993] [INFO]:
round_484:
    concurrency-covr: 1126
    concurrency-covr-up: 0

[1719127120.160683] [INFO]:
round_485:
    concurrency-covr: 1126
    concurrency-covr-up: 0

[1719127175.742472] [INFO]:
round_486:
    concurrency-covr: 1126
    concurrency-covr-up: 0

[1719127238.106895] [INFO]:
round_487:
    concurrency-covr: 1126
    concurrency-covr-up: 0

[1719127291.038536] [INFO]:
round_488:
    concurrency-covr: 1126
    concurrency-covr-up: 0

[1719127349.044156] [INFO]:
round_489:
    concurrency-covr: 1126
    concurrency-covr-up: 0

[1719127409.735213] [INFO]:
round_490:
    concurrency-covr: 1126
    concurrency-covr-up: 0

[1719127471.013449] [INFO]:
round_491:
    concurrency-covr: 1126
    concurrency-covr-up: 0

[1719127532.575104] [INFO]:
round_492:
    concurrency-covr: 1126
    concurrency-covr-up: 0

[1719127600.9352] [INFO]:
round_493:
    concurrency-covr: 1126
    concurrency-covr-up: 0

[1719127652.954733] [INFO]:
round_494:
    concurrency-covr: 1126
    concurrency-covr-up: 0

[1719127705.195149] [INFO]:
round_495:
    concurrency-covr: 1126
    concurrency-covr-up: 0

[1719127742.558378] [INFO]:
round_496:
    concurrency-covr: 1126
    concurrency-covr-up: 0

[1719127790.96622] [INFO]:
round_497:
    concurrency-covr: 1126
    concurrency-covr-up: 0

[1719127844.035282] [INFO]:
round_498:
    concurrency-covr: 1126
    concurrency-covr-up: 0

[1719127898.178471] [INFO]:
round_499:
    concurrency-covr: 1126
    concurrency-covr-up: 0

[1719127950.701261] [INFO]:
round_500:
    concurrency-covr: 1133
    concurrency-covr-up: 7

[1719128030.497642] [INFO]:
round_501:
    concurrency-covr: 1133
    concurrency-covr-up: 0

[1719128062.400445] [INFO]:
round_502:
    concurrency-covr: 1133
    concurrency-covr-up: 0

[1719128110.75592] [INFO]:
round_503:
    concurrency-covr: 1133
    concurrency-covr-up: 0

[1719128163.304075] [INFO]:
round_504:
    concurrency-covr: 1133
    concurrency-covr-up: 0

[1719128216.056891] [INFO]:
round_505:
    concurrency-covr: 1133
    concurrency-covr-up: 0

[1719128282.782274] [INFO]:
round_506:
    concurrency-covr: 1133
    concurrency-covr-up: 0

[1719128334.797783] [INFO]:
round_507:
    concurrency-covr: 1133
    concurrency-covr-up: 0

[1719128388.269581] [INFO]:
round_508:
    concurrency-covr: 1133
    concurrency-covr-up: 0

[1719128443.504192] [INFO]:
round_509:
    concurrency-covr: 1133
    concurrency-covr-up: 0

[1719128523.483936] [INFO]:
round_510:
    concurrency-covr: 1149
    concurrency-covr-up: 16

[1719128600.60188] [INFO]:
round_511:
    concurrency-covr: 1149
    concurrency-covr-up: 0

[1719128632.716793] [INFO]:
round_512:
    concurrency-covr: 1149
    concurrency-covr-up: 0

[1719128681.646823] [INFO]:
round_513:
    concurrency-covr: 1149
    concurrency-covr-up: 0

[1719128744.517639] [INFO]:
round_514:
    concurrency-covr: 1149
    concurrency-covr-up: 0

[1719128794.067705] [INFO]:
round_515:
    concurrency-covr: 1149
    concurrency-covr-up: 0

[1719128846.681164] [INFO]:
round_516:
    concurrency-covr: 1149
    concurrency-covr-up: 0

[1719128900.038685] [INFO]:
round_517:
    concurrency-covr: 1149
    concurrency-covr-up: 0

[1719128935.539584] [INFO]:
round_518:
    concurrency-covr: 1178
    concurrency-covr-up: 29

[1719129014.759346] [INFO]:
round_519:
    concurrency-covr: 1178
    concurrency-covr-up: 0

[1719129064.367272] [INFO]:
round_520:
    concurrency-covr: 1178
    concurrency-covr-up: 0

[1719129117.433847] [INFO]:
round_521:
    concurrency-covr: 1178
    concurrency-covr-up: 0

[1719129174.114799] [INFO]:
round_522:
    concurrency-covr: 1178
    concurrency-covr-up: 0

[1719129226.211909] [INFO]:
round_523:
    concurrency-covr: 1178
    concurrency-covr-up: 0

[1719129280.396152] [INFO]:
round_524:
    concurrency-covr: 1178
    concurrency-covr-up: 0

[1719129318.692482] [INFO]:
round_525:
    concurrency-covr: 1178
    concurrency-covr-up: 0

[1719129368.631754] [INFO]:
round_526:
    concurrency-covr: 1178
    concurrency-covr-up: 0

[1719129422.858886] [INFO]:
round_527:
    concurrency-covr: 1178
    concurrency-covr-up: 0

[1719129475.904564] [INFO]:
round_528:
    concurrency-covr: 1178
    concurrency-covr-up: 0

[1719129529.295832] [INFO]:
round_529:
    concurrency-covr: 1178
    concurrency-covr-up: 0

[1719129585.178675] [INFO]:
round_530:
    concurrency-covr: 1178
    concurrency-covr-up: 0

[1719129620.61639] [INFO]:
round_531:
    concurrency-covr: 1178
    concurrency-covr-up: 0

[1719129671.294728] [INFO]:
round_532:
    concurrency-covr: 1178
    concurrency-covr-up: 0

[1719129730.130332] [INFO]:
round_533:
    concurrency-covr: 1178
    concurrency-covr-up: 0

[1719129784.719852] [INFO]:
round_534:
    concurrency-covr: 1178
    concurrency-covr-up: 0

[1719129841.016491] [INFO]:
round_535:
    concurrency-covr: 1178
    concurrency-covr-up: 0

[1719129876.822408] [INFO]:
round_536:
    concurrency-covr: 1178
    concurrency-covr-up: 0

[1719129926.161527] [INFO]:
round_537:
    concurrency-covr: 1178
    concurrency-covr-up: 0

[1719129979.561969] [INFO]:
round_538:
    concurrency-covr: 1178
    concurrency-covr-up: 0

[1719130034.102198] [INFO]:
round_539:
    concurrency-covr: 1178
    concurrency-covr-up: 0

[1719130114.60886] [INFO]:
round_540:
    concurrency-covr: 1187
    concurrency-covr-up: 9

[1719130189.257465] [INFO]:
round_541:
    concurrency-covr: 1187
    concurrency-covr-up: 0

[1719130239.389036] [INFO]:
round_542:
    concurrency-covr: 1187
    concurrency-covr-up: 0

[1719130292.01664] [INFO]:
round_543:
    concurrency-covr: 1187
    concurrency-covr-up: 0

[1719130333.529548] [INFO]:
round_544:
    concurrency-covr: 1187
    concurrency-covr-up: 0

[1719130383.400017] [INFO]:
round_545:
    concurrency-covr: 1187
    concurrency-covr-up: 0

[1719130440.814577] [INFO]:
round_546:
    concurrency-covr: 1187
    concurrency-covr-up: 0

[1719130496.57987] [INFO]:
round_547:
    concurrency-covr: 1187
    concurrency-covr-up: 0

[1719130535.801445] [INFO]:
round_548:
    concurrency-covr: 1187
    concurrency-covr-up: 0

[1719130585.662786] [INFO]:
round_549:
    concurrency-covr: 1187
    concurrency-covr-up: 0

[1719130639.264268] [INFO]:
round_550:
    concurrency-covr: 1187
    concurrency-covr-up: 0

[1719130703.216543] [INFO]:
round_551:
    concurrency-covr: 1187
    concurrency-covr-up: 0

[1719130752.126841] [INFO]:
round_552:
    concurrency-covr: 1187
    concurrency-covr-up: 0

[1719130819.495878] [INFO]:
round_553:
    concurrency-covr: 1187
    concurrency-covr-up: 0

[1719130869.498053] [INFO]:
round_554:
    concurrency-covr: 1187
    concurrency-covr-up: 0

[1719130927.088727] [INFO]:
round_555:
    concurrency-covr: 1187
    concurrency-covr-up: 0

[1719130989.275266] [INFO]:
round_556:
    concurrency-covr: 1187
    concurrency-covr-up: 0

[1719131043.59018] [INFO]:
round_557:
    concurrency-covr: 1187
    concurrency-covr-up: 0

[1719131079.839622] [INFO]:
round_558:
    concurrency-covr: 1187
    concurrency-covr-up: 0

[1719131130.493309] [INFO]:
round_559:
    concurrency-covr: 1187
    concurrency-covr-up: 0

[1719131189.478512] [INFO]:
round_560:
    concurrency-covr: 1187
    concurrency-covr-up: 0

[1719131228.334855] [INFO]:
round_561:
    concurrency-covr: 1187
    concurrency-covr-up: 0

[1719131278.260936] [INFO]:
round_562:
    concurrency-covr: 1187
    concurrency-covr-up: 0

[1719131315.964964] [INFO]:
round_563:
    concurrency-covr: 1187
    concurrency-covr-up: 0

[1719131366.284701] [INFO]:
round_564:
    concurrency-covr: 1187
    concurrency-covr-up: 0

[1719131420.342756] [INFO]:
round_565:
    concurrency-covr: 1187
    concurrency-covr-up: 0

[1719131474.414486] [INFO]:
round_566:
    concurrency-covr: 1187
    concurrency-covr-up: 0

[1719131528.666101] [INFO]:
round_567:
    concurrency-covr: 1187
    concurrency-covr-up: 0

[1719131584.975221] [INFO]:
round_568:
    concurrency-covr: 1187
    concurrency-covr-up: 0

[1719131642.078047] [INFO]:
round_569:
    concurrency-covr: 1187
    concurrency-covr-up: 0

[1719131698.151856] [INFO]:
round_570:
    concurrency-covr: 1187
    concurrency-covr-up: 0

[1719131754.962324] [INFO]:
round_571:
    concurrency-covr: 1187
    concurrency-covr-up: 0

[1719131837.028177] [INFO]:
round_572:
    concurrency-covr: 1187
    concurrency-covr-up: 0

[1719131916.891921] [INFO]:
round_573:
    concurrency-covr: 1187
    concurrency-covr-up: 0

[1719131951.701884] [INFO]:
round_574:
    concurrency-covr: 1187
    concurrency-covr-up: 0

[1719132002.006551] [INFO]:
round_575:
    concurrency-covr: 1187
    concurrency-covr-up: 0

[1719132056.122606] [INFO]:
round_576:
    concurrency-covr: 1187
    concurrency-covr-up: 0

[1719132094.787324] [INFO]:
round_577:
    concurrency-covr: 1187
    concurrency-covr-up: 0

[1719132146.91585] [INFO]:
round_578:
    concurrency-covr: 1187
    concurrency-covr-up: 0

[1719132184.015836] [INFO]:
round_579:
    concurrency-covr: 1187
    concurrency-covr-up: 0

[1719132263.54136] [INFO]:
round_580:
    concurrency-covr: 1187
    concurrency-covr-up: 0

[1719132298.695938] [INFO]:
round_581:
    concurrency-covr: 1187
    concurrency-covr-up: 0

[1719132350.153888] [INFO]:
round_582:
    concurrency-covr: 1187
    concurrency-covr-up: 0

[1719132388.193143] [INFO]:
round_583:
    concurrency-covr: 1187
    concurrency-covr-up: 0

[1719132439.169877] [INFO]:
round_584:
    concurrency-covr: 1187
    concurrency-covr-up: 0

[1719132492.757093] [INFO]:
round_585:
    concurrency-covr: 1187
    concurrency-covr-up: 0

[1719132550.926559] [INFO]:
round_586:
    concurrency-covr: 1187
    concurrency-covr-up: 0

[1719132608.97921] [INFO]:
round_587:
    concurrency-covr: 1187
    concurrency-covr-up: 0

[1719132665.818165] [INFO]:
round_588:
    concurrency-covr: 1187
    concurrency-covr-up: 0

[1719132721.713538] [INFO]:
round_589:
    concurrency-covr: 1187
    concurrency-covr-up: 0

[1719132779.857179] [INFO]:
round_590:
    concurrency-covr: 1187
    concurrency-covr-up: 0

[1719132818.323104] [INFO]:
round_591:
    concurrency-covr: 1187
    concurrency-covr-up: 0

[1719132869.91413] [INFO]:
round_592:
    concurrency-covr: 1187
    concurrency-covr-up: 0

[1719132925.38732] [INFO]:
round_593:
    concurrency-covr: 1187
    concurrency-covr-up: 0

[1719132989.048323] [INFO]:
round_594:
    concurrency-covr: 1187
    concurrency-covr-up: 0

[1719133040.930868] [INFO]:
round_595:
    concurrency-covr: 1187
    concurrency-covr-up: 0

[1719133079.448348] [INFO]:
round_596:
    concurrency-covr: 1187
    concurrency-covr-up: 0

[1719133131.995766] [INFO]:
round_597:
    concurrency-covr: 1187
    concurrency-covr-up: 0

[1719133185.864138] [INFO]:
round_598:
    concurrency-covr: 1187
    concurrency-covr-up: 0

[1719133266.776139] [INFO]:
round_599:
    concurrency-covr: 1187
    concurrency-covr-up: 0

[1719133323.484781] [INFO]:
round_600:
    concurrency-covr: 1187
    concurrency-covr-up: 0

[1719133378.390339] [INFO]:
round_601:
    concurrency-covr: 1187
    concurrency-covr-up: 0

[1719133432.915529] [INFO]:
round_602:
    concurrency-covr: 1187
    concurrency-covr-up: 0

[1719133472.224134] [INFO]:
round_603:
    concurrency-covr: 1187
    concurrency-covr-up: 0

[1719133523.41989] [INFO]:
round_604:
    concurrency-covr: 1187
    concurrency-covr-up: 0

[1719133564.307508] [INFO]:
round_605:
    concurrency-covr: 1187
    concurrency-covr-up: 0

[1719133601.701699] [INFO]:
round_606:
    concurrency-covr: 1187
    concurrency-covr-up: 0

[1719133654.433738] [INFO]:
round_607:
    concurrency-covr: 1187
    concurrency-covr-up: 0

[1719133712.884181] [INFO]:
round_608:
    concurrency-covr: 1187
    concurrency-covr-up: 0

[1719133769.980526] [INFO]:
round_609:
    concurrency-covr: 1187
    concurrency-covr-up: 0

[1719133828.69743] [INFO]:
round_610:
    concurrency-covr: 1197
    concurrency-covr-up: 10

[1719133919.808725] [INFO]:
round_611:
    concurrency-covr: 1197
    concurrency-covr-up: 0

[1719133971.883234] [INFO]:
round_612:
    concurrency-covr: 1197
    concurrency-covr-up: 0

[1719134010.933716] [INFO]:
round_613:
    concurrency-covr: 1197
    concurrency-covr-up: 0

[1719134063.833941] [INFO]:
round_614:
    concurrency-covr: 1197
    concurrency-covr-up: 0

[1719134120.199146] [INFO]:
round_615:
    concurrency-covr: 1197
    concurrency-covr-up: 0

[1719134175.60746] [INFO]:
round_616:
    concurrency-covr: 1197
    concurrency-covr-up: 0

[1719134228.220333] [INFO]:
round_617:
    concurrency-covr: 1197
    concurrency-covr-up: 0

[1719134280.449733] [INFO]:
round_618:
    concurrency-covr: 1197
    concurrency-covr-up: 0

[1719134333.592235] [INFO]:
round_619:
    concurrency-covr: 1197
    concurrency-covr-up: 0

[1719134386.49617] [INFO]:
round_620:
    concurrency-covr: 1197
    concurrency-covr-up: 0

[1719134466.338122] [INFO]:
round_621:
    concurrency-covr: 1197
    concurrency-covr-up: 0

[1719134509.457518] [INFO]:
round_622:
    concurrency-covr: 1197
    concurrency-covr-up: 0

[1719134561.739378] [INFO]:
round_623:
    concurrency-covr: 1197
    concurrency-covr-up: 0

[1719134616.6783] [INFO]:
round_624:
    concurrency-covr: 1197
    concurrency-covr-up: 0

[1719134671.315089] [INFO]:
round_625:
    concurrency-covr: 1197
    concurrency-covr-up: 0

[1719134729.419326] [INFO]:
round_626:
    concurrency-covr: 1197
    concurrency-covr-up: 0

[1719134785.193568] [INFO]:
round_627:
    concurrency-covr: 1197
    concurrency-covr-up: 0

[1719134870.276439] [INFO]:
round_628:
    concurrency-covr: 1197
    concurrency-covr-up: 0

[1719134908.243834] [INFO]:
round_629:
    concurrency-covr: 1197
    concurrency-covr-up: 0

[1719134946.011626] [INFO]:
round_630:
    concurrency-covr: 1197
    concurrency-covr-up: 0

[1719134999.492594] [INFO]:
round_631:
    concurrency-covr: 1197
    concurrency-covr-up: 0

[1719135060.559646] [INFO]:
round_632:
    concurrency-covr: 1197
    concurrency-covr-up: 0

[1719135120.999818] [INFO]:
round_633:
    concurrency-covr: 1197
    concurrency-covr-up: 0

[1719135188.825665] [INFO]:
round_634:
    concurrency-covr: 1197
    concurrency-covr-up: 0

[1719135245.884114] [INFO]:
round_635:
    concurrency-covr: 1197
    concurrency-covr-up: 0

[1719135303.135775] [INFO]:
round_636:
    concurrency-covr: 1197
    concurrency-covr-up: 0

[1719135359.58575] [INFO]:
round_637:
    concurrency-covr: 1197
    concurrency-covr-up: 0

[1719135413.476867] [INFO]:
round_638:
    concurrency-covr: 1197
    concurrency-covr-up: 0

[1719135471.410848] [INFO]:
round_639:
    concurrency-covr: 1197
    concurrency-covr-up: 0

[1719135553.931092] [INFO]:
round_640:
    concurrency-covr: 1197
    concurrency-covr-up: 0

[1719135606.068386] [INFO]:
round_641:
    concurrency-covr: 1197
    concurrency-covr-up: 0

[1719135646.484178] [INFO]:
round_642:
    concurrency-covr: 1197
    concurrency-covr-up: 0

[1719135698.210926] [INFO]:
round_643:
    concurrency-covr: 1197
    concurrency-covr-up: 0

[1719135754.901123] [INFO]:
round_644:
    concurrency-covr: 1197
    concurrency-covr-up: 0

[1719135813.813731] [INFO]:
round_645:
    concurrency-covr: 1197
    concurrency-covr-up: 0

[1719135866.980255] [INFO]:
round_646:
    concurrency-covr: 1197
    concurrency-covr-up: 0

[1719135923.119242] [INFO]:
round_647:
    concurrency-covr: 1197
    concurrency-covr-up: 0

[1719136008.55532] [INFO]:
round_648:
    concurrency-covr: 1197
    concurrency-covr-up: 0

[1719136047.198614] [INFO]:
round_649:
    concurrency-covr: 1197
    concurrency-covr-up: 0

[1719136100.523296] [INFO]:
round_650:
    concurrency-covr: 1197
    concurrency-covr-up: 0

[1719136158.407442] [INFO]:
round_651:
    concurrency-covr: 1197
    concurrency-covr-up: 0

[1719136200.985656] [INFO]:
round_652:
    concurrency-covr: 1197
    concurrency-covr-up: 0

[1719136240.008263] [INFO]:
round_653:
    concurrency-covr: 1197
    concurrency-covr-up: 0

[1719136279.517226] [INFO]:
round_654:
    concurrency-covr: 1197
    concurrency-covr-up: 0

[1719136334.667134] [INFO]:
round_655:
    concurrency-covr: 1197
    concurrency-covr-up: 0

[1719136391.070381] [INFO]:
round_656:
    concurrency-covr: 1197
    concurrency-covr-up: 0

[1719136477.469093] [INFO]:
round_657:
    concurrency-covr: 1197
    concurrency-covr-up: 0

[1719136532.853528] [INFO]:
round_658:
    concurrency-covr: 1197
    concurrency-covr-up: 0

[1719136589.433101] [INFO]:
round_659:
    concurrency-covr: 1197
    concurrency-covr-up: 0

[1719136646.793223] [INFO]:
round_660:
    concurrency-covr: 1197
    concurrency-covr-up: 0

[1719136704.118505] [INFO]:
round_661:
    concurrency-covr: 1197
    concurrency-covr-up: 0

[1719136770.10781] [INFO]:
round_662:
    concurrency-covr: 1197
    concurrency-covr-up: 0

[1719136811.195154] [INFO]:
round_663:
    concurrency-covr: 1197
    concurrency-covr-up: 0

[1719136865.63872] [INFO]:
round_664:
    concurrency-covr: 1197
    concurrency-covr-up: 0

[1719136926.741478] [INFO]:
round_665:
    concurrency-covr: 1197
    concurrency-covr-up: 0

[1719136981.72802] [INFO]:
round_666:
    concurrency-covr: 1197
    concurrency-covr-up: 0

[1719137040.122857] [INFO]:
round_667:
    concurrency-covr: 1197
    concurrency-covr-up: 0

[1719137096.984236] [INFO]:
round_668:
    concurrency-covr: 1197
    concurrency-covr-up: 0

[1719137155.037072] [INFO]:
round_669:
    concurrency-covr: 1197
    concurrency-covr-up: 0

[1719137211.659369] [INFO]:
round_670:
    concurrency-covr: 1197
    concurrency-covr-up: 0

[1719137270.219897] [INFO]:
round_671:
    concurrency-covr: 1197
    concurrency-covr-up: 0

[1719137329.651748] [INFO]:
round_672:
    concurrency-covr: 1197
    concurrency-covr-up: 0

[1719137380.764042] [INFO]:
round_673:
    concurrency-covr: 1197
    concurrency-covr-up: 0

[1719137434.451988] [INFO]:
round_674:
    concurrency-covr: 1197
    concurrency-covr-up: 0

[1719137478.084745] [INFO]:
round_675:
    concurrency-covr: 1197
    concurrency-covr-up: 0

[1719137532.297818] [INFO]:
round_676:
    concurrency-covr: 1201
    concurrency-covr-up: 4

[1719137625.444218] [INFO]:
round_677:
    concurrency-covr: 1201
    concurrency-covr-up: 0

[1719137680.154674] [INFO]:
round_678:
    concurrency-covr: 1201
    concurrency-covr-up: 0

[1719137744.911058] [INFO]:
round_679:
    concurrency-covr: 1201
    concurrency-covr-up: 0

[1719137802.134775] [INFO]:
round_680:
    concurrency-covr: 1201
    concurrency-covr-up: 0

[1719137863.837363] [INFO]:
round_681:
    concurrency-covr: 1201
    concurrency-covr-up: 0

[1719137923.197958] [INFO]:
round_682:
    concurrency-covr: 1201
    concurrency-covr-up: 0

[1719137984.954553] [INFO]:
round_683:
    concurrency-covr: 1201
    concurrency-covr-up: 0

[1719138044.133271] [INFO]:
round_684:
    concurrency-covr: 1201
    concurrency-covr-up: 0

[1719138117.337691] [INFO]:
round_685:
    concurrency-covr: 1201
    concurrency-covr-up: 0

[1719138174.966207] [INFO]:
round_686:
    concurrency-covr: 1201
    concurrency-covr-up: 0

[1719138249.704068] [INFO]:
round_687:
    concurrency-covr: 1201
    concurrency-covr-up: 0

[1719138328.932284] [INFO]:
round_688:
    concurrency-covr: 1201
    concurrency-covr-up: 0

[1719138412.426962] [INFO]:
round_689:
    concurrency-covr: 1201
    concurrency-covr-up: 0

[1719138512.312138] [INFO]:
round_690:
    concurrency-covr: 1201
    concurrency-covr-up: 0

[1719138597.731746] [INFO]:
round_691:
    concurrency-covr: 1201
    concurrency-covr-up: 0

[1719138699.833716] [INFO]:
round_692:
    concurrency-covr: 1201
    concurrency-covr-up: 0

[1719138795.340604] [INFO]:
round_693:
    concurrency-covr: 1201
    concurrency-covr-up: 0

[1719138901.944581] [INFO]:
round_694:
    concurrency-covr: 1201
    concurrency-covr-up: 0

[1719139005.88775] [INFO]:
round_695:
    concurrency-covr: 1201
    concurrency-covr-up: 0

[1719139069.240099] [INFO]:
round_696:
    concurrency-covr: 1201
    concurrency-covr-up: 0

[1719139155.884995] [INFO]:
round_697:
    concurrency-covr: 1201
    concurrency-covr-up: 0

