[1718559398.991424] [INFO]:
round_1:
    concurrency-covr: 813
    concurrency-covr-up: 813

[1718559455.106486] [INFO]:
round_2:
    concurrency-covr: 813
    concurrency-covr-up: 0

[1718559505.49189] [INFO]:
round_3:
    concurrency-covr: 1008
    concurrency-covr-up: 195

[1718559556.831079] [INFO]:
round_4:
    concurrency-covr: 1008
    concurrency-covr-up: 0

[1718559607.287138] [INFO]:
round_5:
    concurrency-covr: 1008
    concurrency-covr-up: 0

[1718559651.057522] [INFO]:
round_6:
    concurrency-covr: 1008
    concurrency-covr-up: 0

[1718559702.329826] [INFO]:
round_7:
    concurrency-covr: 1008
    concurrency-covr-up: 0

[1718559757.091471] [INFO]:
round_8:
    concurrency-covr: 1008
    concurrency-covr-up: 0

[1718559826.476705] [INFO]:
round_9:
    concurrency-covr: 1008
    concurrency-covr-up: 0

[1718559870.242451] [INFO]:
round_10:
    concurrency-covr: 1008
    concurrency-covr-up: 0

[1718559925.308087] [INFO]:
round_11:
    concurrency-covr: 1008
    concurrency-covr-up: 0

[1718559969.170014] [INFO]:
round_12:
    concurrency-covr: 1008
    concurrency-covr-up: 0

[1718560021.00846] [INFO]:
round_13:
    concurrency-covr: 1008
    concurrency-covr-up: 0

[1718560095.890801] [INFO]:
round_14:
    concurrency-covr: 1010
    concurrency-covr-up: 2

[1718560165.332708] [INFO]:
round_15:
    concurrency-covr: 1010
    concurrency-covr-up: 0

[1718560215.828313] [INFO]:
round_16:
    concurrency-covr: 1010
    concurrency-covr-up: 0

[1718560265.461085] [INFO]:
round_17:
    concurrency-covr: 1118
    concurrency-covr-up: 108

[1718560316.174703] [INFO]:
round_18:
    concurrency-covr: 1118
    concurrency-covr-up: 0

[1718560359.275994] [INFO]:
round_19:
    concurrency-covr: 1118
    concurrency-covr-up: 0

[1718560415.53548] [INFO]:
round_20:
    concurrency-covr: 1132
    concurrency-covr-up: 14

[1718560466.271255] [INFO]:
round_21:
    concurrency-covr: 1132
    concurrency-covr-up: 0

[1718560509.573012] [INFO]:
round_22:
    concurrency-covr: 1132
    concurrency-covr-up: 0

[1718560565.516875] [INFO]:
round_23:
    concurrency-covr: 1132
    concurrency-covr-up: 0

[1718560609.76277] [INFO]:
round_24:
    concurrency-covr: 1132
    concurrency-covr-up: 0

[1718560668.392013] [INFO]:
round_25:
    concurrency-covr: 1132
    concurrency-covr-up: 0

[1718560711.791378] [INFO]:
round_26:
    concurrency-covr: 1132
    concurrency-covr-up: 0

[1718560761.700852] [INFO]:
round_27:
    concurrency-covr: 1132
    concurrency-covr-up: 0

[1718560811.417679] [INFO]:
round_28:
    concurrency-covr: 1132
    concurrency-covr-up: 0

[1718560863.652095] [INFO]:
round_29:
    concurrency-covr: 1132
    concurrency-covr-up: 0

[1718560912.382557] [INFO]:
round_30:
    concurrency-covr: 1132
    concurrency-covr-up: 0

[1718560962.078094] [INFO]:
round_31:
    concurrency-covr: 1132
    concurrency-covr-up: 0

[1718561011.11905] [INFO]:
round_32:
    concurrency-covr: 1132
    concurrency-covr-up: 0

[1718561063.25498] [INFO]:
round_33:
    concurrency-covr: 1183
    concurrency-covr-up: 51

[1718561141.242544] [INFO]:
round_34:
    concurrency-covr: 1206
    concurrency-covr-up: 23

[1718561191.696046] [INFO]:
round_35:
    concurrency-covr: 1291
    concurrency-covr-up: 85

[1718561242.00857] [INFO]:
round_36:
    concurrency-covr: 1291
    concurrency-covr-up: 0

[1718561286.199106] [INFO]:
round_37:
    concurrency-covr: 1337
    concurrency-covr-up: 46

[1718561361.263942] [INFO]:
round_38:
    concurrency-covr: 1337
    concurrency-covr-up: 0

[1718561405.550798] [INFO]:
round_39:
    concurrency-covr: 1337
    concurrency-covr-up: 0

[1718561457.959578] [INFO]:
round_40:
    concurrency-covr: 1337
    concurrency-covr-up: 0

[1718561510.161185] [INFO]:
round_41:
    concurrency-covr: 1337
    concurrency-covr-up: 0

[1718561565.642532] [INFO]:
round_42:
    concurrency-covr: 1337
    concurrency-covr-up: 0

[1718561635.762251] [INFO]:
round_43:
    concurrency-covr: 1337
    concurrency-covr-up: 0

[1718561679.186566] [INFO]:
round_44:
    concurrency-covr: 1337
    concurrency-covr-up: 0

[1718561729.785296] [INFO]:
round_45:
    concurrency-covr: 1337
    concurrency-covr-up: 0

[1718561787.855331] [INFO]:
round_46:
    concurrency-covr: 1337
    concurrency-covr-up: 0

[1718561832.129194] [INFO]:
round_47:
    concurrency-covr: 1337
    concurrency-covr-up: 0

[1718561884.743133] [INFO]:
round_48:
    concurrency-covr: 1337
    concurrency-covr-up: 0

[1718561936.086227] [INFO]:
round_49:
    concurrency-covr: 1337
    concurrency-covr-up: 0

[1718561989.603178] [INFO]:
round_50:
    concurrency-covr: 1337
    concurrency-covr-up: 0

[1718562040.960505] [INFO]:
round_51:
    concurrency-covr: 1337
    concurrency-covr-up: 0

[1718562097.733086] [INFO]:
round_52:
    concurrency-covr: 1337
    concurrency-covr-up: 0

[1718562142.183839] [INFO]:
round_53:
    concurrency-covr: 1337
    concurrency-covr-up: 0

[1718562194.548897] [INFO]:
round_54:
    concurrency-covr: 1393
    concurrency-covr-up: 56

[1718562276.339034] [INFO]:
round_55:
    concurrency-covr: 1410
    concurrency-covr-up: 17

[1718562327.772155] [INFO]:
round_56:
    concurrency-covr: 1410
    concurrency-covr-up: 0

[1718562371.601685] [INFO]:
round_57:
    concurrency-covr: 1410
    concurrency-covr-up: 0

[1718562421.825075] [INFO]:
round_58:
    concurrency-covr: 1452
    concurrency-covr-up: 42

[1718562496.990097] [INFO]:
round_59:
    concurrency-covr: 1452
    concurrency-covr-up: 0

[1718562541.770435] [INFO]:
round_60:
    concurrency-covr: 1452
    concurrency-covr-up: 0

[1718562590.167672] [INFO]:
round_61:
    concurrency-covr: 1452
    concurrency-covr-up: 0

[1718562640.749703] [INFO]:
round_62:
    concurrency-covr: 1452
    concurrency-covr-up: 0

[1718562692.48006] [INFO]:
round_63:
    concurrency-covr: 1457
    concurrency-covr-up: 5

[1718562752.593427] [INFO]:
round_64:
    concurrency-covr: 1457
    concurrency-covr-up: 0

[1718562823.229425] [INFO]:
round_65:
    concurrency-covr: 1457
    concurrency-covr-up: 0

[1718562867.077146] [INFO]:
round_66:
    concurrency-covr: 1457
    concurrency-covr-up: 0

[1718562946.025485] [INFO]:
round_67:
    concurrency-covr: 1457
    concurrency-covr-up: 0

[1718562990.654508] [INFO]:
round_68:
    concurrency-covr: 1465
    concurrency-covr-up: 8

[1718563069.129124] [INFO]:
round_69:
    concurrency-covr: 1465
    concurrency-covr-up: 0

[1718563113.670528] [INFO]:
round_70:
    concurrency-covr: 1465
    concurrency-covr-up: 0

[1718563165.641016] [INFO]:
round_71:
    concurrency-covr: 1465
    concurrency-covr-up: 0

[1718563245.26891] [INFO]:
round_72:
    concurrency-covr: 1465
    concurrency-covr-up: 0

[1718563290.003064] [INFO]:
round_73:
    concurrency-covr: 1465
    concurrency-covr-up: 0

[1718563342.453401] [INFO]:
round_74:
    concurrency-covr: 1465
    concurrency-covr-up: 0

[1718563391.356279] [INFO]:
round_75:
    concurrency-covr: 1465
    concurrency-covr-up: 0

[1718563444.951063] [INFO]:
round_76:
    concurrency-covr: 1465
    concurrency-covr-up: 0

[1718563499.914317] [INFO]:
round_77:
    concurrency-covr: 1465
    concurrency-covr-up: 0

[1718563553.720265] [INFO]:
round_78:
    concurrency-covr: 1465
    concurrency-covr-up: 0

[1718563609.943383] [INFO]:
round_79:
    concurrency-covr: 1465
    concurrency-covr-up: 0

[1718563680.279236] [INFO]:
round_80:
    concurrency-covr: 1471
    concurrency-covr-up: 6

[1718563751.088751] [INFO]:
round_81:
    concurrency-covr: 1471
    concurrency-covr-up: 0

[1718563822.216658] [INFO]:
round_82:
    concurrency-covr: 1471
    concurrency-covr-up: 0

[1718563866.969352] [INFO]:
round_83:
    concurrency-covr: 1471
    concurrency-covr-up: 0

[1718563916.675526] [INFO]:
round_84:
    concurrency-covr: 1471
    concurrency-covr-up: 0

[1718563995.209296] [INFO]:
round_85:
    concurrency-covr: 1471
    concurrency-covr-up: 0

[1718564066.064378] [INFO]:
round_86:
    concurrency-covr: 1471
    concurrency-covr-up: 0

[1718564111.011804] [INFO]:
round_87:
    concurrency-covr: 1471
    concurrency-covr-up: 0

[1718564160.791898] [INFO]:
round_88:
    concurrency-covr: 1471
    concurrency-covr-up: 0

[1718564215.667124] [INFO]:
round_89:
    concurrency-covr: 1471
    concurrency-covr-up: 0

[1718564272.429686] [INFO]:
round_90:
    concurrency-covr: 1471
    concurrency-covr-up: 0

[1718564331.272663] [INFO]:
round_91:
    concurrency-covr: 1471
    concurrency-covr-up: 0

[1718564402.230597] [INFO]:
round_92:
    concurrency-covr: 1471
    concurrency-covr-up: 0

[1718564446.63261] [INFO]:
round_93:
    concurrency-covr: 1471
    concurrency-covr-up: 0

[1718564499.829749] [INFO]:
round_94:
    concurrency-covr: 1475
    concurrency-covr-up: 4

[1718564555.78794] [INFO]:
round_95:
    concurrency-covr: 1475
    concurrency-covr-up: 0

[1718564607.825588] [INFO]:
round_96:
    concurrency-covr: 1475
    concurrency-covr-up: 0

[1718564678.423083] [INFO]:
round_97:
    concurrency-covr: 1475
    concurrency-covr-up: 0

[1718564749.233164] [INFO]:
round_98:
    concurrency-covr: 1479
    concurrency-covr-up: 4

[1718564820.352647] [INFO]:
round_99:
    concurrency-covr: 1479
    concurrency-covr-up: 0

[1718564865.269381] [INFO]:
round_100:
    concurrency-covr: 1479
    concurrency-covr-up: 0

[1718564918.25831] [INFO]:
round_101:
    concurrency-covr: 1479
    concurrency-covr-up: 0

[1718564971.827348] [INFO]:
round_102:
    concurrency-covr: 1484
    concurrency-covr-up: 5

[1718565050.451592] [INFO]:
round_103:
    concurrency-covr: 1484
    concurrency-covr-up: 0

[1718565096.221466] [INFO]:
round_104:
    concurrency-covr: 1484
    concurrency-covr-up: 0

[1718565148.126335] [INFO]:
round_105:
    concurrency-covr: 1487
    concurrency-covr-up: 3

[1718565227.237252] [INFO]:
round_106:
    concurrency-covr: 1493
    concurrency-covr-up: 6

[1718565298.521068] [INFO]:
round_107:
    concurrency-covr: 1493
    concurrency-covr-up: 0

[1718565350.924335] [INFO]:
round_108:
    concurrency-covr: 1493
    concurrency-covr-up: 0

[1718565395.369203] [INFO]:
round_109:
    concurrency-covr: 1496
    concurrency-covr-up: 3

[1718565475.149247] [INFO]:
round_110:
    concurrency-covr: 1496
    concurrency-covr-up: 0

[1718565546.205931] [INFO]:
round_111:
    concurrency-covr: 1496
    concurrency-covr-up: 0

[1718565590.502122] [INFO]:
round_112:
    concurrency-covr: 1496
    concurrency-covr-up: 0

[1718565641.062757] [INFO]:
round_113:
    concurrency-covr: 1496
    concurrency-covr-up: 0

[1718565694.105114] [INFO]:
round_114:
    concurrency-covr: 1496
    concurrency-covr-up: 0

[1718565749.63511] [INFO]:
round_115:
    concurrency-covr: 1496
    concurrency-covr-up: 0

[1718565803.244464] [INFO]:
round_116:
    concurrency-covr: 1496
    concurrency-covr-up: 0

[1718565866.720305] [INFO]:
round_117:
    concurrency-covr: 1512
    concurrency-covr-up: 16

[1718565938.216207] [INFO]:
round_118:
    concurrency-covr: 1512
    concurrency-covr-up: 0

[1718565982.462381] [INFO]:
round_119:
    concurrency-covr: 1516
    concurrency-covr-up: 4

[1718566042.721378] [INFO]:
round_120:
    concurrency-covr: 1570
    concurrency-covr-up: 54

[1718566107.782234] [INFO]:
round_121:
    concurrency-covr: 1570
    concurrency-covr-up: 0

[1718566153.341018] [INFO]:
round_122:
    concurrency-covr: 1579
    concurrency-covr-up: 9

[1718566229.526537] [INFO]:
round_123:
    concurrency-covr: 1579
    concurrency-covr-up: 0

[1718566275.193753] [INFO]:
round_124:
    concurrency-covr: 1586
    concurrency-covr-up: 7

[1718566353.8586] [INFO]:
round_125:
    concurrency-covr: 1586
    concurrency-covr-up: 0

[1718566398.542305] [INFO]:
round_126:
    concurrency-covr: 1586
    concurrency-covr-up: 0

[1718566452.808485] [INFO]:
round_127:
    concurrency-covr: 1586
    concurrency-covr-up: 0

[1718566505.184969] [INFO]:
round_128:
    concurrency-covr: 1589
    concurrency-covr-up: 3

[1718566565.087146] [INFO]:
round_129:
    concurrency-covr: 1589
    concurrency-covr-up: 0

[1718566610.655814] [INFO]:
round_130:
    concurrency-covr: 1595
    concurrency-covr-up: 6

[1718566689.541505] [INFO]:
round_131:
    concurrency-covr: 1595
    concurrency-covr-up: 0

[1718566761.339708] [INFO]:
round_132:
    concurrency-covr: 1595
    concurrency-covr-up: 0

[1718566806.1584] [INFO]:
round_133:
    concurrency-covr: 1595
    concurrency-covr-up: 0

[1718566859.382483] [INFO]:
round_134:
    concurrency-covr: 1595
    concurrency-covr-up: 0

[1718566912.799846] [INFO]:
round_135:
    concurrency-covr: 1595
    concurrency-covr-up: 0

[1718566965.950653] [INFO]:
round_136:
    concurrency-covr: 1624
    concurrency-covr-up: 29

[1718567046.472737] [INFO]:
round_137:
    concurrency-covr: 1624
    concurrency-covr-up: 0

[1718567091.331515] [INFO]:
round_138:
    concurrency-covr: 1624
    concurrency-covr-up: 0

[1718567154.7286] [INFO]:
round_139:
    concurrency-covr: 1639
    concurrency-covr-up: 15

[1718567233.962402] [INFO]:
round_140:
    concurrency-covr: 1639
    concurrency-covr-up: 0

[1718567286.638001] [INFO]:
round_141:
    concurrency-covr: 1639
    concurrency-covr-up: 0

[1718567332.552966] [INFO]:
round_142:
    concurrency-covr: 1639
    concurrency-covr-up: 0

[1718567388.095595] [INFO]:
round_143:
    concurrency-covr: 1639
    concurrency-covr-up: 0

[1718567451.031967] [INFO]:
round_144:
    concurrency-covr: 1639
    concurrency-covr-up: 0

[1718567528.359172] [INFO]:
round_145:
    concurrency-covr: 1639
    concurrency-covr-up: 0

[1718567574.065382] [INFO]:
round_146:
    concurrency-covr: 1639
    concurrency-covr-up: 0

[1718567653.643579] [INFO]:
round_147:
    concurrency-covr: 1639
    concurrency-covr-up: 0

[1718567725.636027] [INFO]:
round_148:
    concurrency-covr: 1641
    concurrency-covr-up: 2

[1718567797.174508] [INFO]:
round_149:
    concurrency-covr: 1641
    concurrency-covr-up: 0

[1718567869.016019] [INFO]:
round_150:
    concurrency-covr: 1641
    concurrency-covr-up: 0

[1718567913.796126] [INFO]:
round_151:
    concurrency-covr: 1641
    concurrency-covr-up: 0

[1718567967.558918] [INFO]:
round_152:
    concurrency-covr: 1641
    concurrency-covr-up: 0

[1718568026.954285] [INFO]:
round_153:
    concurrency-covr: 1641
    concurrency-covr-up: 0

[1718568077.393438] [INFO]:
round_154:
    concurrency-covr: 1641
    concurrency-covr-up: 0

[1718568156.698944] [INFO]:
round_155:
    concurrency-covr: 1641
    concurrency-covr-up: 0

[1718568202.272311] [INFO]:
round_156:
    concurrency-covr: 1641
    concurrency-covr-up: 0

[1718568258.393118] [INFO]:
round_157:
    concurrency-covr: 1641
    concurrency-covr-up: 0

[1718568314.267296] [INFO]:
round_158:
    concurrency-covr: 1644
    concurrency-covr-up: 3

[1718568372.592323] [INFO]:
round_159:
    concurrency-covr: 1644
    concurrency-covr-up: 0

[1718568417.969786] [INFO]:
round_160:
    concurrency-covr: 1644
    concurrency-covr-up: 0

[1718568470.875902] [INFO]:
round_161:
    concurrency-covr: 1644
    concurrency-covr-up: 0

[1718568524.714664] [INFO]:
round_162:
    concurrency-covr: 1644
    concurrency-covr-up: 0

[1718568610.679936] [INFO]:
round_163:
    concurrency-covr: 1650
    concurrency-covr-up: 6

[1718568683.284347] [INFO]:
round_164:
    concurrency-covr: 1650
    concurrency-covr-up: 0

[1718568728.68549] [INFO]:
round_165:
    concurrency-covr: 1656
    concurrency-covr-up: 6

[1718568808.152235] [INFO]:
round_166:
    concurrency-covr: 1656
    concurrency-covr-up: 0

[1718568880.628932] [INFO]:
round_167:
    concurrency-covr: 1656
    concurrency-covr-up: 0

[1718568926.143063] [INFO]:
round_168:
    concurrency-covr: 1656
    concurrency-covr-up: 0

[1718568980.80046] [INFO]:
round_169:
    concurrency-covr: 1656
    concurrency-covr-up: 0

[1718569029.915728] [INFO]:
round_170:
    concurrency-covr: 1656
    concurrency-covr-up: 0

[1718569090.544658] [INFO]:
round_171:
    concurrency-covr: 1656
    concurrency-covr-up: 0

[1718569143.882538] [INFO]:
round_172:
    concurrency-covr: 1656
    concurrency-covr-up: 0

[1718569196.549094] [INFO]:
round_173:
    concurrency-covr: 1657
    concurrency-covr-up: 1

[1718569276.78851] [INFO]:
round_174:
    concurrency-covr: 1657
    concurrency-covr-up: 0

[1718569349.684011] [INFO]:
round_175:
    concurrency-covr: 1657
    concurrency-covr-up: 0

[1718569394.926158] [INFO]:
round_176:
    concurrency-covr: 1657
    concurrency-covr-up: 0

[1718569473.608411] [INFO]:
round_177:
    concurrency-covr: 1657
    concurrency-covr-up: 0

[1718569519.169976] [INFO]:
round_178:
    concurrency-covr: 1657
    concurrency-covr-up: 0

[1718569579.826475] [INFO]:
round_179:
    concurrency-covr: 1657
    concurrency-covr-up: 0

[1718569632.622619] [INFO]:
round_180:
    concurrency-covr: 1657
    concurrency-covr-up: 0

[1718569689.934522] [INFO]:
round_181:
    concurrency-covr: 1657
    concurrency-covr-up: 0

[1718569743.976308] [INFO]:
round_182:
    concurrency-covr: 1657
    concurrency-covr-up: 0

[1718569796.560471] [INFO]:
round_183:
    concurrency-covr: 1657
    concurrency-covr-up: 0

[1718569874.275964] [INFO]:
round_184:
    concurrency-covr: 1657
    concurrency-covr-up: 0

[1718569919.803196] [INFO]:
round_185:
    concurrency-covr: 1657
    concurrency-covr-up: 0

[1718569996.193478] [INFO]:
round_186:
    concurrency-covr: 1657
    concurrency-covr-up: 0

[1718570069.188138] [INFO]:
round_187:
    concurrency-covr: 1657
    concurrency-covr-up: 0

[1718570115.85439] [INFO]:
round_188:
    concurrency-covr: 1657
    concurrency-covr-up: 0

[1718570168.563797] [INFO]:
round_189:
    concurrency-covr: 1657
    concurrency-covr-up: 0

[1718570226.155756] [INFO]:
round_190:
    concurrency-covr: 1657
    concurrency-covr-up: 0

[1718570278.615064] [INFO]:
round_191:
    concurrency-covr: 1657
    concurrency-covr-up: 0

[1718570330.709813] [INFO]:
round_192:
    concurrency-covr: 1657
    concurrency-covr-up: 0

[1718570382.535159] [INFO]:
round_193:
    concurrency-covr: 1657
    concurrency-covr-up: 0

[1718570463.913561] [INFO]:
round_194:
    concurrency-covr: 1657
    concurrency-covr-up: 0

[1718570510.241536] [INFO]:
round_195:
    concurrency-covr: 1657
    concurrency-covr-up: 0

[1718570570.235732] [INFO]:
round_196:
    concurrency-covr: 1657
    concurrency-covr-up: 0

[1718570626.144989] [INFO]:
round_197:
    concurrency-covr: 1657
    concurrency-covr-up: 0

[1718570706.660774] [INFO]:
round_198:
    concurrency-covr: 1664
    concurrency-covr-up: 7

[1718570779.970681] [INFO]:
round_199:
    concurrency-covr: 1664
    concurrency-covr-up: 0

[1718570852.782891] [INFO]:
round_200:
    concurrency-covr: 1664
    concurrency-covr-up: 0

[1718570898.474931] [INFO]:
round_201:
    concurrency-covr: 1664
    concurrency-covr-up: 0

[1718570949.856715] [INFO]:
round_202:
    concurrency-covr: 1664
    concurrency-covr-up: 0

[1718571003.514143] [INFO]:
round_203:
    concurrency-covr: 1664
    concurrency-covr-up: 0

[1718571064.253574] [INFO]:
round_204:
    concurrency-covr: 1664
    concurrency-covr-up: 0

[1718571117.648693] [INFO]:
round_205:
    concurrency-covr: 1664
    concurrency-covr-up: 0

[1718571171.155157] [INFO]:
round_206:
    concurrency-covr: 1664
    concurrency-covr-up: 0

[1718571228.038075] [INFO]:
round_207:
    concurrency-covr: 1664
    concurrency-covr-up: 0

[1718571308.123585] [INFO]:
round_208:
    concurrency-covr: 1664
    concurrency-covr-up: 0

[1718571354.515111] [INFO]:
round_209:
    concurrency-covr: 1664
    concurrency-covr-up: 0

[1718571409.214218] [INFO]:
round_210:
    concurrency-covr: 1664
    concurrency-covr-up: 0

[1718571472.229292] [INFO]:
round_211:
    concurrency-covr: 1664
    concurrency-covr-up: 0

[1718571525.432034] [INFO]:
round_212:
    concurrency-covr: 1664
    concurrency-covr-up: 0

[1718571603.235365] [INFO]:
round_213:
    concurrency-covr: 1664
    concurrency-covr-up: 0

[1718571650.194579] [INFO]:
round_214:
    concurrency-covr: 1664
    concurrency-covr-up: 0

[1718571706.588689] [INFO]:
round_215:
    concurrency-covr: 1668
    concurrency-covr-up: 4

[1718571787.464875] [INFO]:
round_216:
    concurrency-covr: 1668
    concurrency-covr-up: 0

[1718571835.108454] [INFO]:
round_217:
    concurrency-covr: 1668
    concurrency-covr-up: 0

[1718571891.510691] [INFO]:
round_218:
    concurrency-covr: 1728
    concurrency-covr-up: 60

[1718571957.518946] [INFO]:
round_219:
    concurrency-covr: 1728
    concurrency-covr-up: 0

[1718572031.429247] [INFO]:
round_220:
    concurrency-covr: 1728
    concurrency-covr-up: 0

[1718572105.089212] [INFO]:
round_221:
    concurrency-covr: 1728
    concurrency-covr-up: 0

[1718572151.524721] [INFO]:
round_222:
    concurrency-covr: 1728
    concurrency-covr-up: 0

[1718572241.390874] [INFO]:
round_223:
    concurrency-covr: 1728
    concurrency-covr-up: 0

[1718572288.224909] [INFO]:
round_224:
    concurrency-covr: 1728
    concurrency-covr-up: 0

[1718572340.337172] [INFO]:
round_225:
    concurrency-covr: 1728
    concurrency-covr-up: 0

[1718572394.51407] [INFO]:
round_226:
    concurrency-covr: 1728
    concurrency-covr-up: 0

[1718572454.826511] [INFO]:
round_227:
    concurrency-covr: 1728
    concurrency-covr-up: 0

[1718572507.783886] [INFO]:
round_228:
    concurrency-covr: 1728
    concurrency-covr-up: 0

[1718572597.665761] [INFO]:
round_229:
    concurrency-covr: 1733
    concurrency-covr-up: 5

[1718572671.108714] [INFO]:
round_230:
    concurrency-covr: 1733
    concurrency-covr-up: 0

[1718572718.068825] [INFO]:
round_231:
    concurrency-covr: 1733
    concurrency-covr-up: 0

[1718572771.918324] [INFO]:
round_232:
    concurrency-covr: 1733
    concurrency-covr-up: 0

[1718572848.995116] [INFO]:
round_233:
    concurrency-covr: 1733
    concurrency-covr-up: 0

[1718572908.198105] [INFO]:
round_234:
    concurrency-covr: 1735
    concurrency-covr-up: 2

[1718572992.950315] [INFO]:
round_235:
    concurrency-covr: 1735
    concurrency-covr-up: 0

[1718573039.393926] [INFO]:
round_236:
    concurrency-covr: 1735
    concurrency-covr-up: 0

[1718573097.898556] [INFO]:
round_237:
    concurrency-covr: 1735
    concurrency-covr-up: 0

[1718573154.907681] [INFO]:
round_238:
    concurrency-covr: 1735
    concurrency-covr-up: 0

[1718573208.491506] [INFO]:
round_239:
    concurrency-covr: 1735
    concurrency-covr-up: 0

[1718573262.553547] [INFO]:
round_240:
    concurrency-covr: 1735
    concurrency-covr-up: 0

[1718573326.117723] [INFO]:
round_241:
    concurrency-covr: 1735
    concurrency-covr-up: 0

[1718573382.995033] [INFO]:
round_242:
    concurrency-covr: 1735
    concurrency-covr-up: 0

[1718573446.962167] [INFO]:
round_243:
    concurrency-covr: 1735
    concurrency-covr-up: 0

[1718573505.524671] [INFO]:
round_244:
    concurrency-covr: 1735
    concurrency-covr-up: 0

[1718573592.595944] [INFO]:
round_245:
    concurrency-covr: 1735
    concurrency-covr-up: 0

[1718573640.119859] [INFO]:
round_246:
    concurrency-covr: 1735
    concurrency-covr-up: 0

[1718573700.140829] [INFO]:
round_247:
    concurrency-covr: 1735
    concurrency-covr-up: 0

[1718573760.341173] [INFO]:
round_248:
    concurrency-covr: 1735
    concurrency-covr-up: 0

[1718573844.608285] [INFO]:
round_249:
    concurrency-covr: 1747
    concurrency-covr-up: 12

[1718573918.620084] [INFO]:
round_250:
    concurrency-covr: 1747
    concurrency-covr-up: 0

[1718573975.289579] [INFO]:
round_251:
    concurrency-covr: 1747
    concurrency-covr-up: 0

[1718574022.941776] [INFO]:
round_252:
    concurrency-covr: 1747
    concurrency-covr-up: 0

[1718574076.304558] [INFO]:
round_253:
    concurrency-covr: 1751
    concurrency-covr-up: 4

[1718574165.053705] [INFO]:
round_254:
    concurrency-covr: 1751
    concurrency-covr-up: 0

[1718574211.965677] [INFO]:
round_255:
    concurrency-covr: 1751
    concurrency-covr-up: 0

[1718608744.308315] [INFO]:
round_256:
    concurrency-covr: 1751
    concurrency-covr-up: 0

[1718608799.592765] [INFO]:
round_257:
    concurrency-covr: 1751
    concurrency-covr-up: 0

[1718608868.581378] [INFO]:
round_258:
    concurrency-covr: 1751
    concurrency-covr-up: 0

[1718608925.574035] [INFO]:
round_259:
    concurrency-covr: 1751
    concurrency-covr-up: 0

[1718608975.967729] [INFO]:
round_260:
    concurrency-covr: 1751
    concurrency-covr-up: 0

[1718609026.244918] [INFO]:
round_261:
    concurrency-covr: 1753
    concurrency-covr-up: 2

[1718609095.778102] [INFO]:
round_262:
    concurrency-covr: 1753
    concurrency-covr-up: 0

[1718609165.025739] [INFO]:
round_263:
    concurrency-covr: 1756
    concurrency-covr-up: 3

[1718609214.625787] [INFO]:
round_264:
    concurrency-covr: 1760
    concurrency-covr-up: 4

[1718609264.717256] [INFO]:
round_265:
    concurrency-covr: 1760
    concurrency-covr-up: 0

[1718609334.129622] [INFO]:
round_266:
    concurrency-covr: 1760
    concurrency-covr-up: 0

[1718609383.607956] [INFO]:
round_267:
    concurrency-covr: 1762
    concurrency-covr-up: 2

[1718609433.246837] [INFO]:
round_268:
    concurrency-covr: 1762
    concurrency-covr-up: 0

[1718609491.883398] [INFO]:
round_269:
    concurrency-covr: 1785
    concurrency-covr-up: 23

[1718609550.749136] [INFO]:
round_270:
    concurrency-covr: 1785
    concurrency-covr-up: 0

[1718609594.708046] [INFO]:
round_271:
    concurrency-covr: 1785
    concurrency-covr-up: 0

[1718609652.262252] [INFO]:
round_272:
    concurrency-covr: 1785
    concurrency-covr-up: 0

[1718609702.336571] [INFO]:
round_273:
    concurrency-covr: 1792
    concurrency-covr-up: 7

[1718609771.893501] [INFO]:
round_274:
    concurrency-covr: 1792
    concurrency-covr-up: 0

[1718609841.435818] [INFO]:
round_275:
    concurrency-covr: 1792
    concurrency-covr-up: 0

[1718609885.485717] [INFO]:
round_276:
    concurrency-covr: 1792
    concurrency-covr-up: 0

[1718609944.154758] [INFO]:
round_277:
    concurrency-covr: 1792
    concurrency-covr-up: 0

[1718609988.07868] [INFO]:
round_278:
    concurrency-covr: 1792
    concurrency-covr-up: 0

[1718610062.753673] [INFO]:
round_279:
    concurrency-covr: 1792
    concurrency-covr-up: 0

[1718610132.078721] [INFO]:
round_280:
    concurrency-covr: 1792
    concurrency-covr-up: 0

[1718610182.313866] [INFO]:
round_281:
    concurrency-covr: 1792
    concurrency-covr-up: 0

[1718610226.403766] [INFO]:
round_282:
    concurrency-covr: 1793
    concurrency-covr-up: 1

[1718610284.454153] [INFO]:
round_283:
    concurrency-covr: 1793
    concurrency-covr-up: 0

[1718610334.840824] [INFO]:
round_284:
    concurrency-covr: 1793
    concurrency-covr-up: 0

[1718610403.967505] [INFO]:
round_285:
    concurrency-covr: 1793
    concurrency-covr-up: 0

[1718610454.165133] [INFO]:
round_286:
    concurrency-covr: 1793
    concurrency-covr-up: 0

[1718610503.924903] [INFO]:
round_287:
    concurrency-covr: 1793
    concurrency-covr-up: 0

[1718610553.795611] [INFO]:
round_288:
    concurrency-covr: 1793
    concurrency-covr-up: 0

[1718610597.994339] [INFO]:
round_289:
    concurrency-covr: 1793
    concurrency-covr-up: 0

[1718610649.954494] [INFO]:
round_290:
    concurrency-covr: 1795
    concurrency-covr-up: 2

[1718610724.667826] [INFO]:
round_291:
    concurrency-covr: 1795
    concurrency-covr-up: 0

[1718610769.027567] [INFO]:
round_292:
    concurrency-covr: 1795
    concurrency-covr-up: 0

[1718610843.877256] [INFO]:
round_293:
    concurrency-covr: 1795
    concurrency-covr-up: 0

[1718610894.076886] [INFO]:
round_294:
    concurrency-covr: 1795
    concurrency-covr-up: 0

[1718610963.781935] [INFO]:
round_295:
    concurrency-covr: 1795
    concurrency-covr-up: 0

[1718611007.753418] [INFO]:
round_296:
    concurrency-covr: 1795
    concurrency-covr-up: 0

[1718611059.922255] [INFO]:
round_297:
    concurrency-covr: 1795
    concurrency-covr-up: 0

[1718611108.363511] [INFO]:
round_298:
    concurrency-covr: 1795
    concurrency-covr-up: 0

[1718611187.173896] [INFO]:
round_299:
    concurrency-covr: 1795
    concurrency-covr-up: 0

[1718611237.806416] [INFO]:
round_300:
    concurrency-covr: 1816
    concurrency-covr-up: 21

[1718611307.592569] [INFO]:
round_301:
    concurrency-covr: 1816
    concurrency-covr-up: 0

[1718611377.810082] [INFO]:
round_302:
    concurrency-covr: 1816
    concurrency-covr-up: 0

[1718611447.519221] [INFO]:
round_303:
    concurrency-covr: 1864
    concurrency-covr-up: 48

[1718611497.863003] [INFO]:
round_304:
    concurrency-covr: 1866
    concurrency-covr-up: 2

[1718611567.890415] [INFO]:
round_305:
    concurrency-covr: 1866
    concurrency-covr-up: 0

[1718611611.572834] [INFO]:
round_306:
    concurrency-covr: 1866
    concurrency-covr-up: 0

[1718611687.255607] [INFO]:
round_307:
    concurrency-covr: 1873
    concurrency-covr-up: 7

[1718611757.07636] [INFO]:
round_308:
    concurrency-covr: 1875
    concurrency-covr-up: 2

[1718611807.872109] [INFO]:
round_309:
    concurrency-covr: 1875
    concurrency-covr-up: 0

[1718611877.94799] [INFO]:
round_310:
    concurrency-covr: 1875
    concurrency-covr-up: 0

[1718611948.092506] [INFO]:
round_311:
    concurrency-covr: 1875
    concurrency-covr-up: 0

[1718612016.886101] [INFO]:
round_312:
    concurrency-covr: 1875
    concurrency-covr-up: 0

[1718612067.151526] [INFO]:
round_313:
    concurrency-covr: 1878
    concurrency-covr-up: 3

[1718612117.579327] [INFO]:
round_314:
    concurrency-covr: 1878
    concurrency-covr-up: 0

[1718612187.358049] [INFO]:
round_315:
    concurrency-covr: 1878
    concurrency-covr-up: 0

[1718612247.31869] [INFO]:
round_316:
    concurrency-covr: 1878
    concurrency-covr-up: 0

[1718612297.976644] [INFO]:
round_317:
    concurrency-covr: 1878
    concurrency-covr-up: 0

[1718612367.921078] [INFO]:
round_318:
    concurrency-covr: 1878
    concurrency-covr-up: 0

[1718612419.048195] [INFO]:
round_319:
    concurrency-covr: 1878
    concurrency-covr-up: 0

[1718612489.002447] [INFO]:
round_320:
    concurrency-covr: 1878
    concurrency-covr-up: 0

[1718612559.166501] [INFO]:
round_321:
    concurrency-covr: 1878
    concurrency-covr-up: 0

[1718612609.454791] [INFO]:
round_322:
    concurrency-covr: 1878
    concurrency-covr-up: 0

[1718612679.70838] [INFO]:
round_323:
    concurrency-covr: 1878
    concurrency-covr-up: 0

[1718612749.962216] [INFO]:
round_324:
    concurrency-covr: 1879
    concurrency-covr-up: 1

[1718612800.454524] [INFO]:
round_325:
    concurrency-covr: 1879
    concurrency-covr-up: 0

[1718612851.850439] [INFO]:
round_326:
    concurrency-covr: 1879
    concurrency-covr-up: 0

[1718612895.433388] [INFO]:
round_327:
    concurrency-covr: 1879
    concurrency-covr-up: 0

[1718612945.587379] [INFO]:
round_328:
    concurrency-covr: 1879
    concurrency-covr-up: 0

[1718613020.866565] [INFO]:
round_329:
    concurrency-covr: 1879
    concurrency-covr-up: 0

[1718613090.324657] [INFO]:
round_330:
    concurrency-covr: 1881
    concurrency-covr-up: 2

[1718613179.702152] [INFO]:
round_331:
    concurrency-covr: 1881
    concurrency-covr-up: 0

[1718613223.277551] [INFO]:
round_332:
    concurrency-covr: 1881
    concurrency-covr-up: 0

[1718613299.594505] [INFO]:
round_333:
    concurrency-covr: 1886
    concurrency-covr-up: 5

[1718613369.875163] [INFO]:
round_334:
    concurrency-covr: 1886
    concurrency-covr-up: 0

[1718613440.554399] [INFO]:
round_335:
    concurrency-covr: 1886
    concurrency-covr-up: 0

[1718613484.394806] [INFO]:
round_336:
    concurrency-covr: 1892
    concurrency-covr-up: 6

[1718613544.13238] [INFO]:
round_337:
    concurrency-covr: 1892
    concurrency-covr-up: 0

[1718613614.555514] [INFO]:
round_338:
    concurrency-covr: 1903
    concurrency-covr-up: 11

[1718613684.835181] [INFO]:
round_339:
    concurrency-covr: 1903
    concurrency-covr-up: 0

[1718613735.686879] [INFO]:
round_340:
    concurrency-covr: 1903
    concurrency-covr-up: 0

[1718613779.652444] [INFO]:
round_341:
    concurrency-covr: 1909
    concurrency-covr-up: 6

[1718613865.028822] [INFO]:
round_342:
    concurrency-covr: 1909
    concurrency-covr-up: 0

[1718613935.909285] [INFO]:
round_343:
    concurrency-covr: 1909
    concurrency-covr-up: 0

[1718613987.149754] [INFO]:
round_344:
    concurrency-covr: 1909
    concurrency-covr-up: 0

[1718614057.595442] [INFO]:
round_345:
    concurrency-covr: 1912
    concurrency-covr-up: 3

[1718614128.153312] [INFO]:
round_346:
    concurrency-covr: 1912
    concurrency-covr-up: 0

[1718614173.157415] [INFO]:
round_347:
    concurrency-covr: 1922
    concurrency-covr-up: 10

[1718614248.670477] [INFO]:
round_348:
    concurrency-covr: 1922
    concurrency-covr-up: 0

[1718614318.778852] [INFO]:
round_349:
    concurrency-covr: 1923
    concurrency-covr-up: 1

[1718614396.263077] [INFO]:
round_350:
    concurrency-covr: 1923
    concurrency-covr-up: 0

[1718614466.726983] [INFO]:
round_351:
    concurrency-covr: 1923
    concurrency-covr-up: 0

[1718614510.859343] [INFO]:
round_352:
    concurrency-covr: 1923
    concurrency-covr-up: 0

[1718614590.24443] [INFO]:
round_353:
    concurrency-covr: 1923
    concurrency-covr-up: 0

[1718614660.982306] [INFO]:
round_354:
    concurrency-covr: 2017
    concurrency-covr-up: 94

[1718614712.919047] [INFO]:
round_355:
    concurrency-covr: 2017
    concurrency-covr-up: 0

[1718614783.895634] [INFO]:
round_356:
    concurrency-covr: 2019
    concurrency-covr-up: 2

[1718614854.955273] [INFO]:
round_357:
    concurrency-covr: 2038
    concurrency-covr-up: 19

[1718614926.117386] [INFO]:
round_358:
    concurrency-covr: 2038
    concurrency-covr-up: 0

[1718614996.966381] [INFO]:
round_359:
    concurrency-covr: 2038
    concurrency-covr-up: 0

[1718615040.93073] [INFO]:
round_360:
    concurrency-covr: 2043
    concurrency-covr-up: 5

[1718615120.501145] [INFO]:
round_361:
    concurrency-covr: 2055
    concurrency-covr-up: 12

[1718615191.362266] [INFO]:
round_362:
    concurrency-covr: 2055
    concurrency-covr-up: 0

[1718615262.409192] [INFO]:
round_363:
    concurrency-covr: 2055
    concurrency-covr-up: 0

[1718615314.119458] [INFO]:
round_364:
    concurrency-covr: 2060
    concurrency-covr-up: 5

[1718615385.311109] [INFO]:
round_365:
    concurrency-covr: 2060
    concurrency-covr-up: 0

[1718615456.217982] [INFO]:
round_366:
    concurrency-covr: 2060
    concurrency-covr-up: 0

[1718615550.395693] [INFO]:
round_367:
    concurrency-covr: 2060
    concurrency-covr-up: 0

[1718615611.167968] [INFO]:
round_368:
    concurrency-covr: 2063
    concurrency-covr-up: 3

[1718615688.289507] [INFO]:
round_369:
    concurrency-covr: 2063
    concurrency-covr-up: 0

[1718615759.148803] [INFO]:
round_370:
    concurrency-covr: 2063
    concurrency-covr-up: 0

[1718615829.970417] [INFO]:
round_371:
    concurrency-covr: 2063
    concurrency-covr-up: 0

[1718615900.484565] [INFO]:
round_372:
    concurrency-covr: 2066
    concurrency-covr-up: 3

[1718615952.459498] [INFO]:
round_373:
    concurrency-covr: 2066
    concurrency-covr-up: 0

[1718615996.416294] [INFO]:
round_374:
    concurrency-covr: 2066
    concurrency-covr-up: 0

[1718616047.785496] [INFO]:
round_375:
    concurrency-covr: 2066
    concurrency-covr-up: 0

[1718616135.436158] [INFO]:
round_376:
    concurrency-covr: 2073
    concurrency-covr-up: 7

[1718616206.386522] [INFO]:
round_377:
    concurrency-covr: 2075
    concurrency-covr-up: 2

[1718616277.748388] [INFO]:
round_378:
    concurrency-covr: 2075
    concurrency-covr-up: 0

[1718616329.09792] [INFO]:
round_379:
    concurrency-covr: 2075
    concurrency-covr-up: 0

[1718616399.698565] [INFO]:
round_380:
    concurrency-covr: 2105
    concurrency-covr-up: 30

[1718616470.694541] [INFO]:
round_381:
    concurrency-covr: 2105
    concurrency-covr-up: 0

[1718616541.879245] [INFO]:
round_382:
    concurrency-covr: 2105
    concurrency-covr-up: 0

[1718616593.096391] [INFO]:
round_383:
    concurrency-covr: 2106
    concurrency-covr-up: 1

[1718616663.898203] [INFO]:
round_384:
    concurrency-covr: 2106
    concurrency-covr-up: 0

[1718616735.351306] [INFO]:
round_385:
    concurrency-covr: 2107
    concurrency-covr-up: 1

[1718616806.553644] [INFO]:
round_386:
    concurrency-covr: 2109
    concurrency-covr-up: 2

[1718616877.748502] [INFO]:
round_387:
    concurrency-covr: 2109
    concurrency-covr-up: 0

[1718616923.041708] [INFO]:
round_388:
    concurrency-covr: 2109
    concurrency-covr-up: 0

[1718617007.794376] [INFO]:
round_389:
    concurrency-covr: 2113
    concurrency-covr-up: 4

[1718617078.900749] [INFO]:
round_390:
    concurrency-covr: 2113
    concurrency-covr-up: 0

[1718617131.094538] [INFO]:
round_391:
    concurrency-covr: 2113
    concurrency-covr-up: 0

[1718617201.146879] [INFO]:
round_392:
    concurrency-covr: 2114
    concurrency-covr-up: 1

[1718617278.966068] [INFO]:
round_393:
    concurrency-covr: 2128
    concurrency-covr-up: 14

[1718617330.298865] [INFO]:
round_394:
    concurrency-covr: 2136
    concurrency-covr-up: 8

[1718617401.737309] [INFO]:
round_395:
    concurrency-covr: 2136
    concurrency-covr-up: 0

[1718617453.948224] [INFO]:
round_396:
    concurrency-covr: 2138
    concurrency-covr-up: 2

[1718617524.72879] [INFO]:
round_397:
    concurrency-covr: 2139
    concurrency-covr-up: 1

[1718617596.026302] [INFO]:
round_398:
    concurrency-covr: 2139
    concurrency-covr-up: 0

[1718617641.349658] [INFO]:
round_399:
    concurrency-covr: 2139
    concurrency-covr-up: 0

[1718617697.366825] [INFO]:
round_400:
    concurrency-covr: 2139
    concurrency-covr-up: 0

[1718617756.328713] [INFO]:
round_401:
    concurrency-covr: 2160
    concurrency-covr-up: 21

[1718617827.937435] [INFO]:
round_402:
    concurrency-covr: 2160
    concurrency-covr-up: 0

[1718617880.444997] [INFO]:
round_403:
    concurrency-covr: 2160
    concurrency-covr-up: 0

[1718617925.760339] [INFO]:
round_404:
    concurrency-covr: 2160
    concurrency-covr-up: 0

[1718618001.836375] [INFO]:
round_405:
    concurrency-covr: 2164
    concurrency-covr-up: 4

[1718618073.464394] [INFO]:
round_406:
    concurrency-covr: 2165
    concurrency-covr-up: 1

[1718618145.118093] [INFO]:
round_407:
    concurrency-covr: 2165
    concurrency-covr-up: 0

[1718618215.392158] [INFO]:
round_408:
    concurrency-covr: 2165
    concurrency-covr-up: 0

[1718618293.405163] [INFO]:
round_409:
    concurrency-covr: 2165
    concurrency-covr-up: 0

[1718618338.674564] [INFO]:
round_410:
    concurrency-covr: 2165
    concurrency-covr-up: 0

[1718618417.951596] [INFO]:
round_411:
    concurrency-covr: 2165
    concurrency-covr-up: 0

[1718618489.446533] [INFO]:
round_412:
    concurrency-covr: 2165
    concurrency-covr-up: 0

[1718618535.223835] [INFO]:
round_413:
    concurrency-covr: 2165
    concurrency-covr-up: 0

[1718618614.51306] [INFO]:
round_414:
    concurrency-covr: 2165
    concurrency-covr-up: 0

[1718618660.236841] [INFO]:
round_415:
    concurrency-covr: 2165
    concurrency-covr-up: 0

[1718618740.40667] [INFO]:
round_416:
    concurrency-covr: 2165
    concurrency-covr-up: 0

[1718618785.021109] [INFO]:
round_417:
    concurrency-covr: 2165
    concurrency-covr-up: 0

[1718618842.19791] [INFO]:
round_418:
    concurrency-covr: 2165
    concurrency-covr-up: 0

[1718618895.476055] [INFO]:
round_419:
    concurrency-covr: 2165
    concurrency-covr-up: 0

[1718618977.797325] [INFO]:
round_420:
    concurrency-covr: 2165
    concurrency-covr-up: 0

[1718619049.596026] [INFO]:
round_421:
    concurrency-covr: 2189
    concurrency-covr-up: 24

[1718619121.565874] [INFO]:
round_422:
    concurrency-covr: 2192
    concurrency-covr-up: 3

[1718619193.661166] [INFO]:
round_423:
    concurrency-covr: 2192
    concurrency-covr-up: 0

[1718619265.133841] [INFO]:
round_424:
    concurrency-covr: 2192
    concurrency-covr-up: 0

[1718619336.761726] [INFO]:
round_425:
    concurrency-covr: 2192
    concurrency-covr-up: 0

[1718619382.439538] [INFO]:
round_426:
    concurrency-covr: 2194
    concurrency-covr-up: 2

[1718619439.596843] [INFO]:
round_427:
    concurrency-covr: 2194
    concurrency-covr-up: 0

[1718619484.956966] [INFO]:
round_428:
    concurrency-covr: 2197
    concurrency-covr-up: 3

[1718619567.833246] [INFO]:
round_429:
    concurrency-covr: 2199
    concurrency-covr-up: 2

[1718619639.442809] [INFO]:
round_430:
    concurrency-covr: 2199
    concurrency-covr-up: 0

[1718619711.095555] [INFO]:
round_431:
    concurrency-covr: 2199
    concurrency-covr-up: 0

[1718619783.441073] [INFO]:
round_432:
    concurrency-covr: 2199
    concurrency-covr-up: 0

[1718619854.91928] [INFO]:
round_433:
    concurrency-covr: 2199
    concurrency-covr-up: 0

[1718619899.983937] [INFO]:
round_434:
    concurrency-covr: 2199
    concurrency-covr-up: 0

[1718619979.372691] [INFO]:
round_435:
    concurrency-covr: 2199
    concurrency-covr-up: 0

[1718620051.537652] [INFO]:
round_436:
    concurrency-covr: 2199
    concurrency-covr-up: 0

[1718620124.054208] [INFO]:
round_437:
    concurrency-covr: 2199
    concurrency-covr-up: 0

[1718620196.12141] [INFO]:
round_438:
    concurrency-covr: 2200
    concurrency-covr-up: 1

[1718620249.326587] [INFO]:
round_439:
    concurrency-covr: 2200
    concurrency-covr-up: 0

[1718620321.5187] [INFO]:
round_440:
    concurrency-covr: 2200
    concurrency-covr-up: 0

[1718620393.400867] [INFO]:
round_441:
    concurrency-covr: 2200
    concurrency-covr-up: 0

[1718620465.796] [INFO]:
round_442:
    concurrency-covr: 2200
    concurrency-covr-up: 0

[1718620510.881004] [INFO]:
round_443:
    concurrency-covr: 2200
    concurrency-covr-up: 0

[1718620590.228559] [INFO]:
round_444:
    concurrency-covr: 2200
    concurrency-covr-up: 0

[1718620635.173894] [INFO]:
round_445:
    concurrency-covr: 2200
    concurrency-covr-up: 0

[1718620713.245113] [INFO]:
round_446:
    concurrency-covr: 2200
    concurrency-covr-up: 0

[1718620758.516066] [INFO]:
round_447:
    concurrency-covr: 2200
    concurrency-covr-up: 0

[1718620837.903841] [INFO]:
round_448:
    concurrency-covr: 2200
    concurrency-covr-up: 0

[1718620909.504982] [INFO]:
round_449:
    concurrency-covr: 2200
    concurrency-covr-up: 0

[1718620981.761796] [INFO]:
round_450:
    concurrency-covr: 2200
    concurrency-covr-up: 0

[1718621052.682577] [INFO]:
round_451:
    concurrency-covr: 2200
    concurrency-covr-up: 0

[1718621143.75053] [INFO]:
round_452:
    concurrency-covr: 2200
    concurrency-covr-up: 0

[1718621190.083302] [INFO]:
round_453:
    concurrency-covr: 2200
    concurrency-covr-up: 0

[1718621242.688734] [INFO]:
round_454:
    concurrency-covr: 2200
    concurrency-covr-up: 0

[1718621296.531055] [INFO]:
round_455:
    concurrency-covr: 2200
    concurrency-covr-up: 0

[1718621379.177507] [INFO]:
round_456:
    concurrency-covr: 2200
    concurrency-covr-up: 0

[1718621451.542385] [INFO]:
round_457:
    concurrency-covr: 2202
    concurrency-covr-up: 2

[1718621523.401296] [INFO]:
round_458:
    concurrency-covr: 2202
    concurrency-covr-up: 0

[1718621568.545903] [INFO]:
round_459:
    concurrency-covr: 2202
    concurrency-covr-up: 0

[1718621659.300175] [INFO]:
round_460:
    concurrency-covr: 2202
    concurrency-covr-up: 0

[1718621705.705107] [INFO]:
round_461:
    concurrency-covr: 2202
    concurrency-covr-up: 0

[1718621787.790114] [INFO]:
round_462:
    concurrency-covr: 2202
    concurrency-covr-up: 0

[1718622359.516277] [INFO]:
round_463:
    concurrency-covr: 2202
    concurrency-covr-up: 0

[1718622408.787452] [INFO]:
round_464:
    concurrency-covr: 2202
    concurrency-covr-up: 0

[1718622452.678498] [INFO]:
round_465:
    concurrency-covr: 2202
    concurrency-covr-up: 0

[1718622504.767786] [INFO]:
round_466:
    concurrency-covr: 2202
    concurrency-covr-up: 0

[1718622556.372652] [INFO]:
round_467:
    concurrency-covr: 2202
    concurrency-covr-up: 0

[1718622630.547738] [INFO]:
round_468:
    concurrency-covr: 2202
    concurrency-covr-up: 0

[1718622680.886062] [INFO]:
round_469:
    concurrency-covr: 2202
    concurrency-covr-up: 0

[1718622731.27397] [INFO]:
round_470:
    concurrency-covr: 2202
    concurrency-covr-up: 0

[1718622781.194547] [INFO]:
round_471:
    concurrency-covr: 2202
    concurrency-covr-up: 0

[1718622850.405247] [INFO]:
round_472:
    concurrency-covr: 2202
    concurrency-covr-up: 0

[1718622894.366172] [INFO]:
round_473:
    concurrency-covr: 2204
    concurrency-covr-up: 2

[1718622968.858206] [INFO]:
round_474:
    concurrency-covr: 2207
    concurrency-covr-up: 3

[1718623038.27945] [INFO]:
round_475:
    concurrency-covr: 2207
    concurrency-covr-up: 0

[1718623088.719978] [INFO]:
round_476:
    concurrency-covr: 2207
    concurrency-covr-up: 0

[1718623158.022374] [INFO]:
round_477:
    concurrency-covr: 2207
    concurrency-covr-up: 0

[1718623207.71139] [INFO]:
round_478:
    concurrency-covr: 2207
    concurrency-covr-up: 0

[1718623257.706105] [INFO]:
round_479:
    concurrency-covr: 2207
    concurrency-covr-up: 0

[1718623327.189115] [INFO]:
round_480:
    concurrency-covr: 2207
    concurrency-covr-up: 0

[1718623396.807069] [INFO]:
round_481:
    concurrency-covr: 2207
    concurrency-covr-up: 0

[1718623440.457067] [INFO]:
round_482:
    concurrency-covr: 2207
    concurrency-covr-up: 0

[1718623489.822877] [INFO]:
round_483:
    concurrency-covr: 2207
    concurrency-covr-up: 0

[1718623541.744796] [INFO]:
round_484:
    concurrency-covr: 2209
    concurrency-covr-up: 2

[1718623597.042609] [INFO]:
round_485:
    concurrency-covr: 2209
    concurrency-covr-up: 0

[1718623640.956632] [INFO]:
round_486:
    concurrency-covr: 2209
    concurrency-covr-up: 0

[1718623693.370772] [INFO]:
round_487:
    concurrency-covr: 2209
    concurrency-covr-up: 0

[1718623767.720206] [INFO]:
round_488:
    concurrency-covr: 2214
    concurrency-covr-up: 5

[1718623837.152266] [INFO]:
round_489:
    concurrency-covr: 2214
    concurrency-covr-up: 0

[1718623886.808031] [INFO]:
round_490:
    concurrency-covr: 2214
    concurrency-covr-up: 0

[1718623929.960149] [INFO]:
round_491:
    concurrency-covr: 2214
    concurrency-covr-up: 0

[1718623979.103996] [INFO]:
round_492:
    concurrency-covr: 2214
    concurrency-covr-up: 0

[1718624031.013245] [INFO]:
round_493:
    concurrency-covr: 2214
    concurrency-covr-up: 0

[1718624087.016218] [INFO]:
round_494:
    concurrency-covr: 2214
    concurrency-covr-up: 0

[1718624130.978712] [INFO]:
round_495:
    concurrency-covr: 2244
    concurrency-covr-up: 30

[1718624185.925146] [INFO]:
round_496:
    concurrency-covr: 2244
    concurrency-covr-up: 0

[1718624230.314799] [INFO]:
round_497:
    concurrency-covr: 2244
    concurrency-covr-up: 0

[1718624282.620585] [INFO]:
round_498:
    concurrency-covr: 2244
    concurrency-covr-up: 0

[1718624331.173791] [INFO]:
round_499:
    concurrency-covr: 2244
    concurrency-covr-up: 0

[1718624409.462744] [INFO]:
round_500:
    concurrency-covr: 2244
    concurrency-covr-up: 0

[1718624453.728187] [INFO]:
round_501:
    concurrency-covr: 2244
    concurrency-covr-up: 0

[1718624505.976043] [INFO]:
round_502:
    concurrency-covr: 2244
    concurrency-covr-up: 0

[1718624580.651079] [INFO]:
round_503:
    concurrency-covr: 2244
    concurrency-covr-up: 0

[1718624625.171657] [INFO]:
round_504:
    concurrency-covr: 2244
    concurrency-covr-up: 0

[1718624702.821033] [INFO]:
round_505:
    concurrency-covr: 2244
    concurrency-covr-up: 0

[1718624772.64066] [INFO]:
round_506:
    concurrency-covr: 2244
    concurrency-covr-up: 0

[1718624815.872938] [INFO]:
round_507:
    concurrency-covr: 2244
    concurrency-covr-up: 0

[1718624868.797632] [INFO]:
round_508:
    concurrency-covr: 2244
    concurrency-covr-up: 0

[1718624947.413021] [INFO]:
round_509:
    concurrency-covr: 2244
    concurrency-covr-up: 0

[1718625017.789102] [INFO]:
round_510:
    concurrency-covr: 2244
    concurrency-covr-up: 0

[1718625062.165476] [INFO]:
round_511:
    concurrency-covr: 2244
    concurrency-covr-up: 0

[1718625111.666146] [INFO]:
round_512:
    concurrency-covr: 2244
    concurrency-covr-up: 0

[1718625161.70353] [INFO]:
round_513:
    concurrency-covr: 2244
    concurrency-covr-up: 0

[1718625212.764634] [INFO]:
round_514:
    concurrency-covr: 2244
    concurrency-covr-up: 0

[1718625263.431383] [INFO]:
round_515:
    concurrency-covr: 2245
    concurrency-covr-up: 1

[1718625344.187455] [INFO]:
round_516:
    concurrency-covr: 2245
    concurrency-covr-up: 0

[1718625414.390265] [INFO]:
round_517:
    concurrency-covr: 2245
    concurrency-covr-up: 0

[1718625458.795181] [INFO]:
round_518:
    concurrency-covr: 2245
    concurrency-covr-up: 0

[1718625510.214621] [INFO]:
round_519:
    concurrency-covr: 2245
    concurrency-covr-up: 0

[1718625559.594446] [INFO]:
round_520:
    concurrency-covr: 2245
    concurrency-covr-up: 0

[1718625610.298551] [INFO]:
round_521:
    concurrency-covr: 2245
    concurrency-covr-up: 0

[1718625662.302743] [INFO]:
round_522:
    concurrency-covr: 2245
    concurrency-covr-up: 0

[1718625737.388187] [INFO]:
round_523:
    concurrency-covr: 2245
    concurrency-covr-up: 0

[1718625781.129094] [INFO]:
round_524:
    concurrency-covr: 2245
    concurrency-covr-up: 0

[1718625840.140391] [INFO]:
round_525:
    concurrency-covr: 2245
    concurrency-covr-up: 0

[1718625885.359891] [INFO]:
round_526:
    concurrency-covr: 2245
    concurrency-covr-up: 0

[1718625959.771333] [INFO]:
round_527:
    concurrency-covr: 2245
    concurrency-covr-up: 0

[1718626004.512604] [INFO]:
round_528:
    concurrency-covr: 2245
    concurrency-covr-up: 0

[1718626056.337761] [INFO]:
round_529:
    concurrency-covr: 2245
    concurrency-covr-up: 0

[1718626108.707666] [INFO]:
round_530:
    concurrency-covr: 2245
    concurrency-covr-up: 0

[1718626168.876618] [INFO]:
round_531:
    concurrency-covr: 2245
    concurrency-covr-up: 0

[1718626212.563166] [INFO]:
round_532:
    concurrency-covr: 2248
    concurrency-covr-up: 3

[1718626275.634282] [INFO]:
round_533:
    concurrency-covr: 2248
    concurrency-covr-up: 0

[1718626320.138823] [INFO]:
round_534:
    concurrency-covr: 2248
    concurrency-covr-up: 0

[1718626398.378549] [INFO]:
round_535:
    concurrency-covr: 2248
    concurrency-covr-up: 0

[1718626443.242054] [INFO]:
round_536:
    concurrency-covr: 2248
    concurrency-covr-up: 0

[1718626501.961733] [INFO]:
round_537:
    concurrency-covr: 2248
    concurrency-covr-up: 0

[1718626571.706786] [INFO]:
round_538:
    concurrency-covr: 2294
    concurrency-covr-up: 46

[1718626630.01464] [INFO]:
round_539:
    concurrency-covr: 2294
    concurrency-covr-up: 0

[1718626673.869246] [INFO]:
round_540:
    concurrency-covr: 2294
    concurrency-covr-up: 0

[1718626724.423209] [INFO]:
round_541:
    concurrency-covr: 2294
    concurrency-covr-up: 0

[1718626773.133104] [INFO]:
round_542:
    concurrency-covr: 2294
    concurrency-covr-up: 0

[1718626852.187957] [INFO]:
round_543:
    concurrency-covr: 2294
    concurrency-covr-up: 0

[1718626896.046493] [INFO]:
round_544:
    concurrency-covr: 2294
    concurrency-covr-up: 0

[1718626946.590135] [INFO]:
round_545:
    concurrency-covr: 2294
    concurrency-covr-up: 0

[1718626996.513403] [INFO]:
round_546:
    concurrency-covr: 2326
    concurrency-covr-up: 32

[1718627054.939586] [INFO]:
round_547:
    concurrency-covr: 2326
    concurrency-covr-up: 0

[1718627125.989328] [INFO]:
round_548:
    concurrency-covr: 2326
    concurrency-covr-up: 0

[1718627170.314416] [INFO]:
round_549:
    concurrency-covr: 2326
    concurrency-covr-up: 0

[1718627230.670743] [INFO]:
round_550:
    concurrency-covr: 2326
    concurrency-covr-up: 0

[1718627275.343535] [INFO]:
round_551:
    concurrency-covr: 2326
    concurrency-covr-up: 0

[1718627354.157428] [INFO]:
round_552:
    concurrency-covr: 2326
    concurrency-covr-up: 0

[1718627425.00982] [INFO]:
round_553:
    concurrency-covr: 2326
    concurrency-covr-up: 0

[1718627470.088898] [INFO]:
round_554:
    concurrency-covr: 2326
    concurrency-covr-up: 0

[1718627520.386758] [INFO]:
round_555:
    concurrency-covr: 2326
    concurrency-covr-up: 0

[1718627572.027399] [INFO]:
round_556:
    concurrency-covr: 2326
    concurrency-covr-up: 0

[1718627628.949726] [INFO]:
round_557:
    concurrency-covr: 2326
    concurrency-covr-up: 0

[1718627683.351862] [INFO]:
round_558:
    concurrency-covr: 2328
    concurrency-covr-up: 2

[1718627763.35191] [INFO]:
round_559:
    concurrency-covr: 2329
    concurrency-covr-up: 1

[1718627834.620103] [INFO]:
round_560:
    concurrency-covr: 2329
    concurrency-covr-up: 0

[1718627905.775322] [INFO]:
round_561:
    concurrency-covr: 2329
    concurrency-covr-up: 0

[1718627949.921608] [INFO]:
round_562:
    concurrency-covr: 2329
    concurrency-covr-up: 0

[1718628000.884441] [INFO]:
round_563:
    concurrency-covr: 2329
    concurrency-covr-up: 0

[1718628076.578327] [INFO]:
round_564:
    concurrency-covr: 2329
    concurrency-covr-up: 0

[1718628120.839605] [INFO]:
round_565:
    concurrency-covr: 2329
    concurrency-covr-up: 0

[1718628200.25911] [INFO]:
round_566:
    concurrency-covr: 2329
    concurrency-covr-up: 0

[1718628271.169649] [INFO]:
round_567:
    concurrency-covr: 2329
    concurrency-covr-up: 0

[1718628315.271356] [INFO]:
round_568:
    concurrency-covr: 2329
    concurrency-covr-up: 0

[1718628365.281552] [INFO]:
round_569:
    concurrency-covr: 2329
    concurrency-covr-up: 0

[1718628418.339645] [INFO]:
round_570:
    concurrency-covr: 2329
    concurrency-covr-up: 0

[1718628472.085455] [INFO]:
round_571:
    concurrency-covr: 2329
    concurrency-covr-up: 0

[1718628524.418823] [INFO]:
round_572:
    concurrency-covr: 2329
    concurrency-covr-up: 0

[1718628578.218522] [INFO]:
round_573:
    concurrency-covr: 2329
    concurrency-covr-up: 0

[1718628669.415528] [INFO]:
round_574:
    concurrency-covr: 2329
    concurrency-covr-up: 0

[1718628740.913652] [INFO]:
round_575:
    concurrency-covr: 2329
    concurrency-covr-up: 0

[1718628786.357648] [INFO]:
round_576:
    concurrency-covr: 2329
    concurrency-covr-up: 0

[1718628862.218146] [INFO]:
round_577:
    concurrency-covr: 2329
    concurrency-covr-up: 0

[1718628907.614096] [INFO]:
round_578:
    concurrency-covr: 2329
    concurrency-covr-up: 0

[1718628989.469693] [INFO]:
round_579:
    concurrency-covr: 2329
    concurrency-covr-up: 0

[1718629033.90796] [INFO]:
round_580:
    concurrency-covr: 2330
    concurrency-covr-up: 1

[1718629118.879789] [INFO]:
round_581:
    concurrency-covr: 2330
    concurrency-covr-up: 0

[1718629164.185608] [INFO]:
round_582:
    concurrency-covr: 2330
    concurrency-covr-up: 0

[1718629223.005538] [INFO]:
round_583:
    concurrency-covr: 2330
    concurrency-covr-up: 0

[1718629303.087242] [INFO]:
round_584:
    concurrency-covr: 2330
    concurrency-covr-up: 0

[1718629374.607316] [INFO]:
round_585:
    concurrency-covr: 2332
    concurrency-covr-up: 2

[1718629426.504407] [INFO]:
round_586:
    concurrency-covr: 2332
    concurrency-covr-up: 0

[1718629498.079264] [INFO]:
round_587:
    concurrency-covr: 2332
    concurrency-covr-up: 0

[1718629543.817124] [INFO]:
round_588:
    concurrency-covr: 2332
    concurrency-covr-up: 0

[1718629596.806328] [INFO]:
round_589:
    concurrency-covr: 2332
    concurrency-covr-up: 0

[1718629672.817476] [INFO]:
round_590:
    concurrency-covr: 2332
    concurrency-covr-up: 0

[1718629717.875175] [INFO]:
round_591:
    concurrency-covr: 2332
    concurrency-covr-up: 0

[1718629781.800684] [INFO]:
round_592:
    concurrency-covr: 2332
    concurrency-covr-up: 0

[1718629867.461309] [INFO]:
round_593:
    concurrency-covr: 2332
    concurrency-covr-up: 0

[1718629912.717334] [INFO]:
round_594:
    concurrency-covr: 2332
    concurrency-covr-up: 0

[1718629965.673199] [INFO]:
round_595:
    concurrency-covr: 2332
    concurrency-covr-up: 0

[1718630019.610181] [INFO]:
round_596:
    concurrency-covr: 2332
    concurrency-covr-up: 0

[1718630072.499341] [INFO]:
round_597:
    concurrency-covr: 2332
    concurrency-covr-up: 0

[1718630151.416193] [INFO]:
round_598:
    concurrency-covr: 2332
    concurrency-covr-up: 0

[1718630195.836489] [INFO]:
round_599:
    concurrency-covr: 2332
    concurrency-covr-up: 0

[1718630255.623472] [INFO]:
round_600:
    concurrency-covr: 2332
    concurrency-covr-up: 0

[1718630336.090359] [INFO]:
round_601:
    concurrency-covr: 2332
    concurrency-covr-up: 0

[1718630382.033039] [INFO]:
round_602:
    concurrency-covr: 2332
    concurrency-covr-up: 0

[1718630433.886295] [INFO]:
round_603:
    concurrency-covr: 2332
    concurrency-covr-up: 0

[1718630486.405081] [INFO]:
round_604:
    concurrency-covr: 2332
    concurrency-covr-up: 0

[1718630573.324642] [INFO]:
round_605:
    concurrency-covr: 2332
    concurrency-covr-up: 0

[1718630645.06706] [INFO]:
round_606:
    concurrency-covr: 2332
    concurrency-covr-up: 0

[1718630716.910195] [INFO]:
round_607:
    concurrency-covr: 2332
    concurrency-covr-up: 0

[1718630761.954027] [INFO]:
round_608:
    concurrency-covr: 2332
    concurrency-covr-up: 0

[1718630822.887652] [INFO]:
round_609:
    concurrency-covr: 2332
    concurrency-covr-up: 0

[1718630867.347418] [INFO]:
round_610:
    concurrency-covr: 2332
    concurrency-covr-up: 0

[1718630918.484288] [INFO]:
round_611:
    concurrency-covr: 2332
    concurrency-covr-up: 0

[1718630976.674871] [INFO]:
round_612:
    concurrency-covr: 2332
    concurrency-covr-up: 0

[1718631021.557887] [INFO]:
round_613:
    concurrency-covr: 2332
    concurrency-covr-up: 0

[1718631102.543147] [INFO]:
round_614:
    concurrency-covr: 2332
    concurrency-covr-up: 0

[1718631155.769506] [INFO]:
round_615:
    concurrency-covr: 2332
    concurrency-covr-up: 0

[1718631201.110396] [INFO]:
round_616:
    concurrency-covr: 2332
    concurrency-covr-up: 0

[1718631257.831719] [INFO]:
round_617:
    concurrency-covr: 2332
    concurrency-covr-up: 0

[1718631313.695682] [INFO]:
round_618:
    concurrency-covr: 2332
    concurrency-covr-up: 0

[1718631367.505002] [INFO]:
round_619:
    concurrency-covr: 2332
    concurrency-covr-up: 0

[1718631425.988265] [INFO]:
round_620:
    concurrency-covr: 2332
    concurrency-covr-up: 0

[1718631477.713132] [INFO]:
round_621:
    concurrency-covr: 2332
    concurrency-covr-up: 0

[1718631557.560877] [INFO]:
round_622:
    concurrency-covr: 2332
    concurrency-covr-up: 0

[1718631602.863135] [INFO]:
round_623:
    concurrency-covr: 2332
    concurrency-covr-up: 0

[1718631655.775171] [INFO]:
round_624:
    concurrency-covr: 2332
    concurrency-covr-up: 0

[1718631718.979784] [INFO]:
round_625:
    concurrency-covr: 2332
    concurrency-covr-up: 0

[1718631775.266124] [INFO]:
round_626:
    concurrency-covr: 2332
    concurrency-covr-up: 0

[1718631827.162213] [INFO]:
round_627:
    concurrency-covr: 2333
    concurrency-covr-up: 1

[1718631907.595548] [INFO]:
round_628:
    concurrency-covr: 2333
    concurrency-covr-up: 0

[1718631953.469524] [INFO]:
round_629:
    concurrency-covr: 2333
    concurrency-covr-up: 0

[1718632010.787109] [INFO]:
round_630:
    concurrency-covr: 2333
    concurrency-covr-up: 0

[1718632071.548131] [INFO]:
round_631:
    concurrency-covr: 2333
    concurrency-covr-up: 0

[1718632134.649863] [INFO]:
round_632:
    concurrency-covr: 2333
    concurrency-covr-up: 0

[1718632191.277379] [INFO]:
round_633:
    concurrency-covr: 2333
    concurrency-covr-up: 0

[1718632244.201942] [INFO]:
round_634:
    concurrency-covr: 2333
    concurrency-covr-up: 0

[1718632301.603161] [INFO]:
round_635:
    concurrency-covr: 2333
    concurrency-covr-up: 0

[1718632381.142517] [INFO]:
round_636:
    concurrency-covr: 2333
    concurrency-covr-up: 0

[1718632427.041914] [INFO]:
round_637:
    concurrency-covr: 2333
    concurrency-covr-up: 0

[1718632480.618958] [INFO]:
round_638:
    concurrency-covr: 2333
    concurrency-covr-up: 0

[1718632538.13594] [INFO]:
round_639:
    concurrency-covr: 2336
    concurrency-covr-up: 3

[1718632617.021638] [INFO]:
round_640:
    concurrency-covr: 2336
    concurrency-covr-up: 0

[1718632662.767416] [INFO]:
round_641:
    concurrency-covr: 2336
    concurrency-covr-up: 0

[1718632716.19669] [INFO]:
round_642:
    concurrency-covr: 2340
    concurrency-covr-up: 4

[1718632800.498417] [INFO]:
round_643:
    concurrency-covr: 2343
    concurrency-covr-up: 3

[1718632872.650771] [INFO]:
round_644:
    concurrency-covr: 2343
    concurrency-covr-up: 0

[1718632919.630342] [INFO]:
round_645:
    concurrency-covr: 2343
    concurrency-covr-up: 0

[1718632973.269368] [INFO]:
round_646:
    concurrency-covr: 2343
    concurrency-covr-up: 0

[1718633058.83625] [INFO]:
round_647:
    concurrency-covr: 2343
    concurrency-covr-up: 0

[1718633104.410281] [INFO]:
round_648:
    concurrency-covr: 2343
    concurrency-covr-up: 0

[1718633161.328531] [INFO]:
round_649:
    concurrency-covr: 2343
    concurrency-covr-up: 0

[1718633240.910523] [INFO]:
round_650:
    concurrency-covr: 2355
    concurrency-covr-up: 12

[1718633314.036588] [INFO]:
round_651:
    concurrency-covr: 2355
    concurrency-covr-up: 0

[1718633359.926598] [INFO]:
round_652:
    concurrency-covr: 2355
    concurrency-covr-up: 0

[1718633415.382427] [INFO]:
round_653:
    concurrency-covr: 2355
    concurrency-covr-up: 0

[1718633471.72863] [INFO]:
round_654:
    concurrency-covr: 2355
    concurrency-covr-up: 0

[1718633525.548121] [INFO]:
round_655:
    concurrency-covr: 2355
    concurrency-covr-up: 0

[1718633604.554262] [INFO]:
round_656:
    concurrency-covr: 2355
    concurrency-covr-up: 0

[1718633650.217656] [INFO]:
round_657:
    concurrency-covr: 2355
    concurrency-covr-up: 0

[1718633731.620647] [INFO]:
round_658:
    concurrency-covr: 2355
    concurrency-covr-up: 0

[1718633804.758182] [INFO]:
round_659:
    concurrency-covr: 2355
    concurrency-covr-up: 0

[1718633877.567335] [INFO]:
round_660:
    concurrency-covr: 2355
    concurrency-covr-up: 0

[1718633923.490125] [INFO]:
round_661:
    concurrency-covr: 2355
    concurrency-covr-up: 0

[1718634003.778414] [INFO]:
round_662:
    concurrency-covr: 2355
    concurrency-covr-up: 0

[1718634050.825437] [INFO]:
round_663:
    concurrency-covr: 2355
    concurrency-covr-up: 0

[1718634108.164539] [INFO]:
round_664:
    concurrency-covr: 2355
    concurrency-covr-up: 0

[1718634170.086408] [INFO]:
round_665:
    concurrency-covr: 2355
    concurrency-covr-up: 0

[1718634229.448413] [INFO]:
round_666:
    concurrency-covr: 2355
    concurrency-covr-up: 0

[1718634286.299963] [INFO]:
round_667:
    concurrency-covr: 2355
    concurrency-covr-up: 0

[1718634346.866221] [INFO]:
round_668:
    concurrency-covr: 2356
    concurrency-covr-up: 1

[1718634428.055337] [INFO]:
round_669:
    concurrency-covr: 2356
    concurrency-covr-up: 0

[1718634474.626236] [INFO]:
round_670:
    concurrency-covr: 2356
    concurrency-covr-up: 0

[1718634531.72257] [INFO]:
round_671:
    concurrency-covr: 2356
    concurrency-covr-up: 0

[1718634588.276355] [INFO]:
round_672:
    concurrency-covr: 2356
    concurrency-covr-up: 0

[1718634654.076527] [INFO]:
round_673:
    concurrency-covr: 2356
    concurrency-covr-up: 0

[1718634734.61359] [INFO]:
round_674:
    concurrency-covr: 2356
    concurrency-covr-up: 0

[1718634808.116597] [INFO]:
round_675:
    concurrency-covr: 2356
    concurrency-covr-up: 0

[1718634855.005697] [INFO]:
round_676:
    concurrency-covr: 2356
    concurrency-covr-up: 0

[1718634917.843461] [INFO]:
round_677:
    concurrency-covr: 2356
    concurrency-covr-up: 0

[1718634976.808012] [INFO]:
round_678:
    concurrency-covr: 2356
    concurrency-covr-up: 0

[1718635034.90304] [INFO]:
round_679:
    concurrency-covr: 2356
    concurrency-covr-up: 0

[1718635091.98729] [INFO]:
round_680:
    concurrency-covr: 2356
    concurrency-covr-up: 0

[1718635161.933791] [INFO]:
round_681:
    concurrency-covr: 2356
    concurrency-covr-up: 0

[1718635227.337636] [INFO]:
round_682:
    concurrency-covr: 2356
    concurrency-covr-up: 0

[1718635316.412862] [INFO]:
round_683:
    concurrency-covr: 2356
    concurrency-covr-up: 0

[1718635364.469115] [INFO]:
round_684:
    concurrency-covr: 2356
    concurrency-covr-up: 0

[1718635420.470477] [INFO]:
round_685:
    concurrency-covr: 2356
    concurrency-covr-up: 0

[1718635504.459233] [INFO]:
round_686:
    concurrency-covr: 2356
    concurrency-covr-up: 0

[1718635551.277229] [INFO]:
round_687:
    concurrency-covr: 2356
    concurrency-covr-up: 0

[1718635604.689326] [INFO]:
round_688:
    concurrency-covr: 2356
    concurrency-covr-up: 0

[1718635685.780901] [INFO]:
round_689:
    concurrency-covr: 2356
    concurrency-covr-up: 0

[1718635733.258231] [INFO]:
round_690:
    concurrency-covr: 2356
    concurrency-covr-up: 0

[1718635789.699708] [INFO]:
round_691:
    concurrency-covr: 2356
    concurrency-covr-up: 0

[1718635852.94814] [INFO]:
round_692:
    concurrency-covr: 2356
    concurrency-covr-up: 0

[1718635907.029593] [INFO]:
round_693:
    concurrency-covr: 2356
    concurrency-covr-up: 0

[1718635968.121695] [INFO]:
round_694:
    concurrency-covr: 2356
    concurrency-covr-up: 0

[1718636021.892602] [INFO]:
round_695:
    concurrency-covr: 2356
    concurrency-covr-up: 0

[1718636079.998384] [INFO]:
round_696:
    concurrency-covr: 2356
    concurrency-covr-up: 0

[1718636134.146649] [INFO]:
round_697:
    concurrency-covr: 2356
    concurrency-covr-up: 0

[1718636215.520938] [INFO]:
round_698:
    concurrency-covr: 2356
    concurrency-covr-up: 0

[1718636263.208469] [INFO]:
round_699:
    concurrency-covr: 2356
    concurrency-covr-up: 0

[1718636320.451667] [INFO]:
round_700:
    concurrency-covr: 2356
    concurrency-covr-up: 0

[1718636407.01708] [INFO]:
round_701:
    concurrency-covr: 2356
    concurrency-covr-up: 0

[1718636454.16161] [INFO]:
round_702:
    concurrency-covr: 2356
    concurrency-covr-up: 0

[1718636515.372588] [INFO]:
round_703:
    concurrency-covr: 2358
    concurrency-covr-up: 2

[1718636596.163958] [INFO]:
round_704:
    concurrency-covr: 2358
    concurrency-covr-up: 0

[1718636643.452913] [INFO]:
round_705:
    concurrency-covr: 2358
    concurrency-covr-up: 0

[1718636698.235566] [INFO]:
round_706:
    concurrency-covr: 2358
    concurrency-covr-up: 0

[1718636757.777229] [INFO]:
round_707:
    concurrency-covr: 2358
    concurrency-covr-up: 0

[1718636818.476895] [INFO]:
round_708:
    concurrency-covr: 2358
    concurrency-covr-up: 0

[1718636873.626081] [INFO]:
round_709:
    concurrency-covr: 2358
    concurrency-covr-up: 0

[1718636927.137049] [INFO]:
round_710:
    concurrency-covr: 2358
    concurrency-covr-up: 0

[1718636982.508998] [INFO]:
round_711:
    concurrency-covr: 2358
    concurrency-covr-up: 0

[1718637037.360746] [INFO]:
round_712:
    concurrency-covr: 2358
    concurrency-covr-up: 0

[1718637088.708541] [INFO]:
round_713:
    concurrency-covr: 2358
    concurrency-covr-up: 0

[1718637173.404388] [INFO]:
round_714:
    concurrency-covr: 2358
    concurrency-covr-up: 0

[1718637247.719116] [INFO]:
round_715:
    concurrency-covr: 2359
    concurrency-covr-up: 1

[1718637321.819251] [INFO]:
round_716:
    concurrency-covr: 2359
    concurrency-covr-up: 0

[1718637369.02447] [INFO]:
round_717:
    concurrency-covr: 2359
    concurrency-covr-up: 0

[1718637428.90683] [INFO]:
round_718:
    concurrency-covr: 2359
    concurrency-covr-up: 0

[1718637483.645291] [INFO]:
round_719:
    concurrency-covr: 2359
    concurrency-covr-up: 0

[1718637567.579156] [INFO]:
round_720:
    concurrency-covr: 2359
    concurrency-covr-up: 0

[1718637613.871945] [INFO]:
round_721:
    concurrency-covr: 2359
    concurrency-covr-up: 0

[1718637669.032208] [INFO]:
round_722:
    concurrency-covr: 2359
    concurrency-covr-up: 0

[1718637724.793297] [INFO]:
round_723:
    concurrency-covr: 2359
    concurrency-covr-up: 0

[1718637779.124841] [INFO]:
round_724:
    concurrency-covr: 2359
    concurrency-covr-up: 0

[1718637833.824993] [INFO]:
round_725:
    concurrency-covr: 2361
    concurrency-covr-up: 2

[1718637921.615975] [INFO]:
round_726:
    concurrency-covr: 2361
    concurrency-covr-up: 0

[1718637996.868142] [INFO]:
round_727:
    concurrency-covr: 2361
    concurrency-covr-up: 0

[1718638071.226144] [INFO]:
round_728:
    concurrency-covr: 2362
    concurrency-covr-up: 1

[1718638144.423987] [INFO]:
round_729:
    concurrency-covr: 2362
    concurrency-covr-up: 0

[1718638208.883976] [INFO]:
round_730:
    concurrency-covr: 2362
    concurrency-covr-up: 0

[1718638264.745536] [INFO]:
round_731:
    concurrency-covr: 2362
    concurrency-covr-up: 0

[1718638331.696162] [INFO]:
round_732:
    concurrency-covr: 2362
    concurrency-covr-up: 0

[1718638384.831987] [INFO]:
round_733:
    concurrency-covr: 2362
    concurrency-covr-up: 0

[1718638476.210605] [INFO]:
round_734:
    concurrency-covr: 2371
    concurrency-covr-up: 9

[1718638551.218898] [INFO]:
round_735:
    concurrency-covr: 2371
    concurrency-covr-up: 0

[1718638599.116878] [INFO]:
round_736:
    concurrency-covr: 2371
    concurrency-covr-up: 0

[1718638683.764582] [INFO]:
round_737:
    concurrency-covr: 2371
    concurrency-covr-up: 0

[1718638731.600227] [INFO]:
round_738:
    concurrency-covr: 2371
    concurrency-covr-up: 0

[1718638792.138789] [INFO]:
round_739:
    concurrency-covr: 2371
    concurrency-covr-up: 0

[1718638874.526742] [INFO]:
round_740:
    concurrency-covr: 2371
    concurrency-covr-up: 0

[1718638922.423449] [INFO]:
round_741:
    concurrency-covr: 2371
    concurrency-covr-up: 0

[1718639007.47079] [INFO]:
round_742:
    concurrency-covr: 2373
    concurrency-covr-up: 2

[1718639082.747459] [INFO]:
round_743:
    concurrency-covr: 2373
    concurrency-covr-up: 0

[1718639131.758538] [INFO]:
round_744:
    concurrency-covr: 2375
    concurrency-covr-up: 2

[1718639213.576755] [INFO]:
round_745:
    concurrency-covr: 2375
    concurrency-covr-up: 0

[1718639261.5787] [INFO]:
round_746:
    concurrency-covr: 2375
    concurrency-covr-up: 0

[1718639315.171489] [INFO]:
round_747:
    concurrency-covr: 2375
    concurrency-covr-up: 0

[1718639370.891333] [INFO]:
round_748:
    concurrency-covr: 2375
    concurrency-covr-up: 0

[1718639448.042638] [INFO]:
round_749:
    concurrency-covr: 2377
    concurrency-covr-up: 2

[1718639540.164338] [INFO]:
round_750:
    concurrency-covr: 2377
    concurrency-covr-up: 0

[1718639616.144556] [INFO]:
round_751:
    concurrency-covr: 2377
    concurrency-covr-up: 0

[1718639690.729291] [INFO]:
round_752:
    concurrency-covr: 2377
    concurrency-covr-up: 0

[1718639738.432061] [INFO]:
round_753:
    concurrency-covr: 2377
    concurrency-covr-up: 0

[1718639792.933498] [INFO]:
round_754:
    concurrency-covr: 2377
    concurrency-covr-up: 0

[1718639885.720089] [INFO]:
round_755:
    concurrency-covr: 2377
    concurrency-covr-up: 0

[1718639961.458004] [INFO]:
round_756:
    concurrency-covr: 2377
    concurrency-covr-up: 0

[1718640011.414498] [INFO]:
round_757:
    concurrency-covr: 2377
    concurrency-covr-up: 0

[1718640067.657549] [INFO]:
round_758:
    concurrency-covr: 2377
    concurrency-covr-up: 0

[1718640125.114532] [INFO]:
round_759:
    concurrency-covr: 2377
    concurrency-covr-up: 0

[1718640186.712189] [INFO]:
round_760:
    concurrency-covr: 2377
    concurrency-covr-up: 0

[1718640247.722639] [INFO]:
round_761:
    concurrency-covr: 2377
    concurrency-covr-up: 0

[1718640336.621949] [INFO]:
round_762:
    concurrency-covr: 2377
    concurrency-covr-up: 0

[1718640570.468431] [INFO]:
round_763:
    concurrency-covr: 2377
    concurrency-covr-up: 0

[1718640620.022427] [INFO]:
round_764:
    concurrency-covr: 2377
    concurrency-covr-up: 0

[1718640663.710546] [INFO]:
round_765:
    concurrency-covr: 2377
    concurrency-covr-up: 0

[1718640719.142695] [INFO]:
round_766:
    concurrency-covr: 2377
    concurrency-covr-up: 0

[1718640762.889737] [INFO]:
round_767:
    concurrency-covr: 2377
    concurrency-covr-up: 0

[1718640818.245889] [INFO]:
round_768:
    concurrency-covr: 2377
    concurrency-covr-up: 0

[1718640862.117266] [INFO]:
round_769:
    concurrency-covr: 2377
    concurrency-covr-up: 0

[1718640917.175177] [INFO]:
round_770:
    concurrency-covr: 2377
    concurrency-covr-up: 0

[1718640960.918314] [INFO]:
round_771:
    concurrency-covr: 2377
    concurrency-covr-up: 0

[1718641035.432467] [INFO]:
round_772:
    concurrency-covr: 2377
    concurrency-covr-up: 0

[1718641078.390474] [INFO]:
round_773:
    concurrency-covr: 2377
    concurrency-covr-up: 0

[1718641134.354258] [INFO]:
round_774:
    concurrency-covr: 2377
    concurrency-covr-up: 0

[1718641184.479538] [INFO]:
round_775:
    concurrency-covr: 2377
    concurrency-covr-up: 0

[1718641234.095681] [INFO]:
round_776:
    concurrency-covr: 2377
    concurrency-covr-up: 0

[1718641277.991082] [INFO]:
round_777:
    concurrency-covr: 2377
    concurrency-covr-up: 0

[1718641330.061055] [INFO]:
round_778:
    concurrency-covr: 2377
    concurrency-covr-up: 0

[1718641382.145181] [INFO]:
round_779:
    concurrency-covr: 2377
    concurrency-covr-up: 0

[1718641431.347058] [INFO]:
round_780:
    concurrency-covr: 2377
    concurrency-covr-up: 0

[1718641483.24416] [INFO]:
round_781:
    concurrency-covr: 2377
    concurrency-covr-up: 0

[1718641531.805772] [INFO]:
round_782:
    concurrency-covr: 2377
    concurrency-covr-up: 0

[1718641581.607453] [INFO]:
round_783:
    concurrency-covr: 2377
    concurrency-covr-up: 0

[1718641636.164972] [INFO]:
round_784:
    concurrency-covr: 2377
    concurrency-covr-up: 0

[1718641679.927224] [INFO]:
round_785:
    concurrency-covr: 2378
    concurrency-covr-up: 1

[1718641757.743907] [INFO]:
round_786:
    concurrency-covr: 2378
    concurrency-covr-up: 0

[1718641801.912532] [INFO]:
round_787:
    concurrency-covr: 2378
    concurrency-covr-up: 0

[1718641853.81346] [INFO]:
round_788:
    concurrency-covr: 2378
    concurrency-covr-up: 0

[1718641903.366934] [INFO]:
round_789:
    concurrency-covr: 2378
    concurrency-covr-up: 0

[1718641955.680043] [INFO]:
round_790:
    concurrency-covr: 2378
    concurrency-covr-up: 0

[1718642007.615427] [INFO]:
round_791:
    concurrency-covr: 2378
    concurrency-covr-up: 0

[1718642058.979946] [INFO]:
round_792:
    concurrency-covr: 2378
    concurrency-covr-up: 0

[1718642109.341953] [INFO]:
round_793:
    concurrency-covr: 2378
    concurrency-covr-up: 0

[1718642161.153433] [INFO]:
round_794:
    concurrency-covr: 2378
    concurrency-covr-up: 0

[1718642210.396736] [INFO]:
round_795:
    concurrency-covr: 2378
    concurrency-covr-up: 0

[1718642259.492027] [INFO]:
round_796:
    concurrency-covr: 2378
    concurrency-covr-up: 0

[1718642308.744393] [INFO]:
round_797:
    concurrency-covr: 2378
    concurrency-covr-up: 0

[1718642358.313482] [INFO]:
round_798:
    concurrency-covr: 2378
    concurrency-covr-up: 0

[1718642407.718876] [INFO]:
round_799:
    concurrency-covr: 2378
    concurrency-covr-up: 0

[1718642466.196856] [INFO]:
round_800:
    concurrency-covr: 2378
    concurrency-covr-up: 0

[1718642510.124211] [INFO]:
round_801:
    concurrency-covr: 2378
    concurrency-covr-up: 0

[1718642562.508825] [INFO]:
round_802:
    concurrency-covr: 2378
    concurrency-covr-up: 0

[1718642610.915022] [INFO]:
round_803:
    concurrency-covr: 2378
    concurrency-covr-up: 0

[1718642666.331827] [INFO]:
round_804:
    concurrency-covr: 2378
    concurrency-covr-up: 0

[1718642715.982895] [INFO]:
round_805:
    concurrency-covr: 2378
    concurrency-covr-up: 0

[1718642765.29469] [INFO]:
round_806:
    concurrency-covr: 2378
    concurrency-covr-up: 0

[1718642818.561345] [INFO]:
round_807:
    concurrency-covr: 2378
    concurrency-covr-up: 0

[1718642871.129405] [INFO]:
round_808:
    concurrency-covr: 2378
    concurrency-covr-up: 0

[1718642929.705469] [INFO]:
round_809:
    concurrency-covr: 2378
    concurrency-covr-up: 0

[1718642974.245295] [INFO]:
round_810:
    concurrency-covr: 2386
    concurrency-covr-up: 8

[1718643029.849587] [INFO]:
round_811:
    concurrency-covr: 2386
    concurrency-covr-up: 0

[1718643073.327593] [INFO]:
round_812:
    concurrency-covr: 2386
    concurrency-covr-up: 0

[1718643128.73168] [INFO]:
round_813:
    concurrency-covr: 2386
    concurrency-covr-up: 0

[1718643178.751489] [INFO]:
round_814:
    concurrency-covr: 2386
    concurrency-covr-up: 0

[1718643230.572117] [INFO]:
round_815:
    concurrency-covr: 2386
    concurrency-covr-up: 0

[1718643282.680035] [INFO]:
round_816:
    concurrency-covr: 2386
    concurrency-covr-up: 0

[1718643332.065885] [INFO]:
round_817:
    concurrency-covr: 2386
    concurrency-covr-up: 0

[1718643385.706485] [INFO]:
round_818:
    concurrency-covr: 2386
    concurrency-covr-up: 0

[1718643437.458814] [INFO]:
round_819:
    concurrency-covr: 2386
    concurrency-covr-up: 0

[1718643490.183164] [INFO]:
round_820:
    concurrency-covr: 2386
    concurrency-covr-up: 0

[1718643571.568482] [INFO]:
round_821:
    concurrency-covr: 2386
    concurrency-covr-up: 0

[1718643616.146786] [INFO]:
round_822:
    concurrency-covr: 2386
    concurrency-covr-up: 0

[1718643703.398564] [INFO]:
round_823:
    concurrency-covr: 2386
    concurrency-covr-up: 0

[1718643747.251096] [INFO]:
round_824:
    concurrency-covr: 2386
    concurrency-covr-up: 0

[1718643799.743241] [INFO]:
round_825:
    concurrency-covr: 2386
    concurrency-covr-up: 0

[1718643878.796095] [INFO]:
round_826:
    concurrency-covr: 2386
    concurrency-covr-up: 0

[1718643923.54769] [INFO]:
round_827:
    concurrency-covr: 2386
    concurrency-covr-up: 0

[1718643978.271501] [INFO]:
round_828:
    concurrency-covr: 2386
    concurrency-covr-up: 0

[1718644030.571902] [INFO]:
round_829:
    concurrency-covr: 2386
    concurrency-covr-up: 0

[1718644079.862434] [INFO]:
round_830:
    concurrency-covr: 2386
    concurrency-covr-up: 0

[1718644133.484775] [INFO]:
round_831:
    concurrency-covr: 2386
    concurrency-covr-up: 0

[1718644185.880058] [INFO]:
round_832:
    concurrency-covr: 2386
    concurrency-covr-up: 0

[1718644235.628155] [INFO]:
round_833:
    concurrency-covr: 2386
    concurrency-covr-up: 0

[1718644317.31791] [INFO]:
round_834:
    concurrency-covr: 2386
    concurrency-covr-up: 0

[1718644362.215014] [INFO]:
round_835:
    concurrency-covr: 2386
    concurrency-covr-up: 0

[1718644414.598627] [INFO]:
round_836:
    concurrency-covr: 2386
    concurrency-covr-up: 0

[1718644467.073438] [INFO]:
round_837:
    concurrency-covr: 2386
    concurrency-covr-up: 0

[1718644519.686159] [INFO]:
round_838:
    concurrency-covr: 2386
    concurrency-covr-up: 0

[1718644573.475558] [INFO]:
round_839:
    concurrency-covr: 2386
    concurrency-covr-up: 0

[1718644625.296626] [INFO]:
round_840:
    concurrency-covr: 2386
    concurrency-covr-up: 0

[1718644681.359293] [INFO]:
round_841:
    concurrency-covr: 2386
    concurrency-covr-up: 0

[1718644756.945452] [INFO]:
round_842:
    concurrency-covr: 2386
    concurrency-covr-up: 0

[1718644800.596337] [INFO]:
round_843:
    concurrency-covr: 2386
    concurrency-covr-up: 0

[1718644854.601909] [INFO]:
round_844:
    concurrency-covr: 2386
    concurrency-covr-up: 0

[1718644907.448406] [INFO]:
round_845:
    concurrency-covr: 2386
    concurrency-covr-up: 0

[1718644957.326458] [INFO]:
round_846:
    concurrency-covr: 2394
    concurrency-covr-up: 8

[1718645036.216493] [INFO]:
round_847:
    concurrency-covr: 2394
    concurrency-covr-up: 0

[1718645081.145375] [INFO]:
round_848:
    concurrency-covr: 2394
    concurrency-covr-up: 0

[1718645133.117011] [INFO]:
round_849:
    concurrency-covr: 2394
    concurrency-covr-up: 0

[1718645194.934435] [INFO]:
round_850:
    concurrency-covr: 2394
    concurrency-covr-up: 0

[1718645246.517637] [INFO]:
round_851:
    concurrency-covr: 2394
    concurrency-covr-up: 0

[1718645297.438778] [INFO]:
round_852:
    concurrency-covr: 2394
    concurrency-covr-up: 0

[1718645350.469363] [INFO]:
round_853:
    concurrency-covr: 2394
    concurrency-covr-up: 0

[1718645429.649546] [INFO]:
round_854:
    concurrency-covr: 2394
    concurrency-covr-up: 0

[1718645474.691383] [INFO]:
round_855:
    concurrency-covr: 2394
    concurrency-covr-up: 0

[1718645527.57546] [INFO]:
round_856:
    concurrency-covr: 2394
    concurrency-covr-up: 0

[1718645579.994068] [INFO]:
round_857:
    concurrency-covr: 2394
    concurrency-covr-up: 0

[1718645633.675749] [INFO]:
round_858:
    concurrency-covr: 2394
    concurrency-covr-up: 0

[1718645689.788509] [INFO]:
round_859:
    concurrency-covr: 2394
    concurrency-covr-up: 0

[1718645742.286354] [INFO]:
round_860:
    concurrency-covr: 2394
    concurrency-covr-up: 0

[1718645792.923564] [INFO]:
round_861:
    concurrency-covr: 2394
    concurrency-covr-up: 0

[1718645844.734667] [INFO]:
round_862:
    concurrency-covr: 2394
    concurrency-covr-up: 0

[1718645895.419693] [INFO]:
round_863:
    concurrency-covr: 2394
    concurrency-covr-up: 0

[1718645947.060137] [INFO]:
round_864:
    concurrency-covr: 2395
    concurrency-covr-up: 1

[1718646026.921883] [INFO]:
round_865:
    concurrency-covr: 2408
    concurrency-covr-up: 13

[1718646098.418413] [INFO]:
round_866:
    concurrency-covr: 2408
    concurrency-covr-up: 0

[1718646143.847112] [INFO]:
round_867:
    concurrency-covr: 2408
    concurrency-covr-up: 0

[1718646192.971036] [INFO]:
round_868:
    concurrency-covr: 2408
    concurrency-covr-up: 0

[1718646243.327768] [INFO]:
round_869:
    concurrency-covr: 2408
    concurrency-covr-up: 0

[1718646297.652887] [INFO]:
round_870:
    concurrency-covr: 2408
    concurrency-covr-up: 0

[1718646349.454489] [INFO]:
round_871:
    concurrency-covr: 2408
    concurrency-covr-up: 0

[1718646410.939264] [INFO]:
round_872:
    concurrency-covr: 2408
    concurrency-covr-up: 0

[1718646455.293246] [INFO]:
round_873:
    concurrency-covr: 2408
    concurrency-covr-up: 0

[1718646518.217744] [INFO]:
round_874:
    concurrency-covr: 2408
    concurrency-covr-up: 0

[1718646569.436284] [INFO]:
round_875:
    concurrency-covr: 2408
    concurrency-covr-up: 0

[1718646651.135206] [INFO]:
round_876:
    concurrency-covr: 2408
    concurrency-covr-up: 0

[1718646696.43126] [INFO]:
round_877:
    concurrency-covr: 2408
    concurrency-covr-up: 0

[1718646772.875674] [INFO]:
round_878:
    concurrency-covr: 2408
    concurrency-covr-up: 0

[1718646818.459567] [INFO]:
round_879:
    concurrency-covr: 2408
    concurrency-covr-up: 0

[1718646883.425096] [INFO]:
round_880:
    concurrency-covr: 2408
    concurrency-covr-up: 0

[1718646936.350975] [INFO]:
round_881:
    concurrency-covr: 2408
    concurrency-covr-up: 0

[1718647024.496485] [INFO]:
round_882:
    concurrency-covr: 2408
    concurrency-covr-up: 0

[1718647070.042044] [INFO]:
round_883:
    concurrency-covr: 2408
    concurrency-covr-up: 0

[1718647126.040659] [INFO]:
round_884:
    concurrency-covr: 2408
    concurrency-covr-up: 0

[1718647178.955851] [INFO]:
round_885:
    concurrency-covr: 2408
    concurrency-covr-up: 0

[1718647258.480255] [INFO]:
round_886:
    concurrency-covr: 2408
    concurrency-covr-up: 0

[1718647303.320144] [INFO]:
round_887:
    concurrency-covr: 2408
    concurrency-covr-up: 0

[1718647357.280994] [INFO]:
round_888:
    concurrency-covr: 2408
    concurrency-covr-up: 0

[1718647409.700019] [INFO]:
round_889:
    concurrency-covr: 2408
    concurrency-covr-up: 0

[1718647466.41238] [INFO]:
round_890:
    concurrency-covr: 2408
    concurrency-covr-up: 0

[1718647519.942083] [INFO]:
round_891:
    concurrency-covr: 2408
    concurrency-covr-up: 0

[1718647571.994611] [INFO]:
round_892:
    concurrency-covr: 2408
    concurrency-covr-up: 0

[1718647652.264061] [INFO]:
round_893:
    concurrency-covr: 2408
    concurrency-covr-up: 0

[1718647698.13525] [INFO]:
round_894:
    concurrency-covr: 2408
    concurrency-covr-up: 0

[1718647751.291385] [INFO]:
round_895:
    concurrency-covr: 2408
    concurrency-covr-up: 0

[1718647811.058512] [INFO]:
round_896:
    concurrency-covr: 2408
    concurrency-covr-up: 0

[1718647863.44988] [INFO]:
round_897:
    concurrency-covr: 2408
    concurrency-covr-up: 0

[1718647946.24523] [INFO]:
round_898:
    concurrency-covr: 2408
    concurrency-covr-up: 0

[1718647990.550749] [INFO]:
round_899:
    concurrency-covr: 2408
    concurrency-covr-up: 0

[1718648041.264418] [INFO]:
round_900:
    concurrency-covr: 2408
    concurrency-covr-up: 0

[1718648100.060901] [INFO]:
round_901:
    concurrency-covr: 2408
    concurrency-covr-up: 0

[1718648153.913756] [INFO]:
round_902:
    concurrency-covr: 2408
    concurrency-covr-up: 0

[1718648212.89262] [INFO]:
round_903:
    concurrency-covr: 2408
    concurrency-covr-up: 0

[1718648258.505759] [INFO]:
round_904:
    concurrency-covr: 2408
    concurrency-covr-up: 0

[1718648315.480953] [INFO]:
round_905:
    concurrency-covr: 2408
    concurrency-covr-up: 0

[1718648372.313378] [INFO]:
round_906:
    concurrency-covr: 2408
    concurrency-covr-up: 0

[1718648422.112499] [INFO]:
round_907:
    concurrency-covr: 2408
    concurrency-covr-up: 0

[1718648476.799975] [INFO]:
round_908:
    concurrency-covr: 2408
    concurrency-covr-up: 0

[1718648564.04955] [INFO]:
round_909:
    concurrency-covr: 2408
    concurrency-covr-up: 0

[1718648625.201255] [INFO]:
round_910:
    concurrency-covr: 2408
    concurrency-covr-up: 0

[1718648678.448736] [INFO]:
round_911:
    concurrency-covr: 2408
    concurrency-covr-up: 0

[1718648735.057173] [INFO]:
round_912:
    concurrency-covr: 2408
    concurrency-covr-up: 0

[1718648788.661831] [INFO]:
round_913:
    concurrency-covr: 2408
    concurrency-covr-up: 0

[1718648871.832127] [INFO]:
round_914:
    concurrency-covr: 2408
    concurrency-covr-up: 0

[1718648918.028868] [INFO]:
round_915:
    concurrency-covr: 2408
    concurrency-covr-up: 0

[1718648971.820312] [INFO]:
round_916:
    concurrency-covr: 2408
    concurrency-covr-up: 0

[1718649025.956588] [INFO]:
round_917:
    concurrency-covr: 2408
    concurrency-covr-up: 0

[1718649078.540117] [INFO]:
round_918:
    concurrency-covr: 2409
    concurrency-covr-up: 1

[1718649158.29157] [INFO]:
round_919:
    concurrency-covr: 2409
    concurrency-covr-up: 0

[1718649204.195719] [INFO]:
round_920:
    concurrency-covr: 2409
    concurrency-covr-up: 0

[1718649262.423847] [INFO]:
round_921:
    concurrency-covr: 2410
    concurrency-covr-up: 1

[1718649334.866378] [INFO]:
round_922:
    concurrency-covr: 2410
    concurrency-covr-up: 0

[1718649380.512946] [INFO]:
round_923:
    concurrency-covr: 2410
    concurrency-covr-up: 0

