[1720865869.95822] [INFO]:
round_1:
    concurrency-covr: 0
    concurrency-covr-up: 0

[1720865935.082621] [INFO]:
round_2:
    concurrency-covr: 0
    concurrency-covr-up: 0

[1720865999.282299] [INFO]:
round_3:
    concurrency-covr: 0
    concurrency-covr-up: 0

[1720866033.950574] [INFO]:
round_4:
    concurrency-covr: 0
    concurrency-covr-up: 0

[1720866103.297708] [INFO]:
round_5:
    concurrency-covr: 0
    concurrency-covr-up: 0

[1720866167.189092] [INFO]:
round_6:
    concurrency-covr: 0
    concurrency-covr-up: 0

[1720866231.132933] [INFO]:
round_7:
    concurrency-covr: 0
    concurrency-covr-up: 0

[1720866295.346425] [INFO]:
round_8:
    concurrency-covr: 0
    concurrency-covr-up: 0

[1720866329.37905] [INFO]:
round_9:
    concurrency-covr: 0
    concurrency-covr-up: 0

[1720866391.486127] [INFO]:
round_10:
    concurrency-covr: 0
    concurrency-covr-up: 0

[1720866455.893258] [INFO]:
round_11:
    concurrency-covr: 0
    concurrency-covr-up: 0

[1720866519.337068] [INFO]:
round_12:
    concurrency-covr: 0
    concurrency-covr-up: 0

[1720866583.218049] [INFO]:
round_13:
    concurrency-covr: 0
    concurrency-covr-up: 0

[1720866647.869563] [INFO]:
round_14:
    concurrency-covr: 0
    concurrency-covr-up: 0

[1720866682.232788] [INFO]:
round_15:
    concurrency-covr: 0
    concurrency-covr-up: 0

[1720866751.708497] [INFO]:
round_16:
    concurrency-covr: 0
    concurrency-covr-up: 0

[1720866786.253597] [INFO]:
round_17:
    concurrency-covr: 0
    concurrency-covr-up: 0

[1720866855.234631] [INFO]:
round_18:
    concurrency-covr: 0
    concurrency-covr-up: 0

[1720866919.164621] [INFO]:
round_19:
    concurrency-covr: 0
    concurrency-covr-up: 0

[1720866983.168524] [INFO]:
round_20:
    concurrency-covr: 0
    concurrency-covr-up: 0

[1720867052.643745] [INFO]:
round_21:
    concurrency-covr: 0
    concurrency-covr-up: 0

[1720867119.434504] [INFO]:
round_22:
    concurrency-covr: 0
    concurrency-covr-up: 0

[1720867153.829805] [INFO]:
round_23:
    concurrency-covr: 0
    concurrency-covr-up: 0

[1720867189.333423] [INFO]:
round_24:
    concurrency-covr: 0
    concurrency-covr-up: 0

[1720867255.280186] [INFO]:
round_25:
    concurrency-covr: 0
    concurrency-covr-up: 0

[1720867289.681281] [INFO]:
round_26:
    concurrency-covr: 0
    concurrency-covr-up: 0

[1720867359.242775] [INFO]:
round_27:
    concurrency-covr: 0
    concurrency-covr-up: 0

[1720867423.418665] [INFO]:
round_28:
    concurrency-covr: 0
    concurrency-covr-up: 0

[1720867487.754905] [INFO]:
round_29:
    concurrency-covr: 0
    concurrency-covr-up: 0

[1720867551.49891] [INFO]:
round_30:
    concurrency-covr: 0
    concurrency-covr-up: 0

[1720867615.50827] [INFO]:
round_31:
    concurrency-covr: 0
    concurrency-covr-up: 0

[1720867680.242085] [INFO]:
round_32:
    concurrency-covr: 0
    concurrency-covr-up: 0

[1720867714.969058] [INFO]:
round_33:
    concurrency-covr: 0
    concurrency-covr-up: 0

[1720867783.355099] [INFO]:
round_34:
    concurrency-covr: 0
    concurrency-covr-up: 0

[1720867818.665895] [INFO]:
round_35:
    concurrency-covr: 0
    concurrency-covr-up: 0

[1720867887.58716] [INFO]:
round_36:
    concurrency-covr: 0
    concurrency-covr-up: 0

[1720867951.327873] [INFO]:
round_37:
    concurrency-covr: 0
    concurrency-covr-up: 0

[1720867986.908967] [INFO]:
round_38:
    concurrency-covr: 0
    concurrency-covr-up: 0

[1720868055.515513] [INFO]:
round_39:
    concurrency-covr: 0
    concurrency-covr-up: 0

[1720868091.436948] [INFO]:
round_40:
    concurrency-covr: 0
    concurrency-covr-up: 0

[1720868159.343876] [INFO]:
round_41:
    concurrency-covr: 0
    concurrency-covr-up: 0

[1720868223.666144] [INFO]:
round_42:
    concurrency-covr: 0
    concurrency-covr-up: 0

[1720868287.462572] [INFO]:
round_43:
    concurrency-covr: 0
    concurrency-covr-up: 0

[1720868357.472529] [INFO]:
round_44:
    concurrency-covr: 0
    concurrency-covr-up: 0

[1720868428.291667] [INFO]:
round_45:
    concurrency-covr: 316
    concurrency-covr-up: 316

[1720868498.146093] [INFO]:
round_46:
    concurrency-covr: 316
    concurrency-covr-up: 0

[1720868568.010056] [INFO]:
round_47:
    concurrency-covr: 316
    concurrency-covr-up: 0

[1720868639.728223] [INFO]:
round_48:
    concurrency-covr: 316
    concurrency-covr-up: 0

[1720868709.724469] [INFO]:
round_49:
    concurrency-covr: 316
    concurrency-covr-up: 0

[1720868775.663223] [INFO]:
round_50:
    concurrency-covr: 316
    concurrency-covr-up: 0

[1720868839.736794] [INFO]:
round_51:
    concurrency-covr: 316
    concurrency-covr-up: 0

[1720868903.47149] [INFO]:
round_52:
    concurrency-covr: 316
    concurrency-covr-up: 0

[1720868938.93312] [INFO]:
round_53:
    concurrency-covr: 316
    concurrency-covr-up: 0

[1720869007.556045] [INFO]:
round_54:
    concurrency-covr: 316
    concurrency-covr-up: 0

[1720869071.619524] [INFO]:
round_55:
    concurrency-covr: 316
    concurrency-covr-up: 0

[1720869107.35006] [INFO]:
round_56:
    concurrency-covr: 316
    concurrency-covr-up: 0

[1720869175.62513] [INFO]:
round_57:
    concurrency-covr: 316
    concurrency-covr-up: 0

[1720869211.368721] [INFO]:
round_58:
    concurrency-covr: 316
    concurrency-covr-up: 0

[1720869247.260635] [INFO]:
round_59:
    concurrency-covr: 316
    concurrency-covr-up: 0

[1720869311.614545] [INFO]:
round_60:
    concurrency-covr: 316
    concurrency-covr-up: 0

[1720869347.642767] [INFO]:
round_61:
    concurrency-covr: 316
    concurrency-covr-up: 0

[1720869418.798308] [INFO]:
round_62:
    concurrency-covr: 316
    concurrency-covr-up: 0

[1720869487.568996] [INFO]:
round_63:
    concurrency-covr: 316
    concurrency-covr-up: 0

[1720869558.09342] [INFO]:
round_64:
    concurrency-covr: 316
    concurrency-covr-up: 0

[1720869594.466621] [INFO]:
round_65:
    concurrency-covr: 316
    concurrency-covr-up: 0

[1720869663.755142] [INFO]:
round_66:
    concurrency-covr: 316
    concurrency-covr-up: 0

[1720869727.816794] [INFO]:
round_67:
    concurrency-covr: 316
    concurrency-covr-up: 0

[1720869764.528072] [INFO]:
round_68:
    concurrency-covr: 316
    concurrency-covr-up: 0

[1720869831.990943] [INFO]:
round_69:
    concurrency-covr: 316
    concurrency-covr-up: 0

[1720869867.584728] [INFO]:
round_70:
    concurrency-covr: 316
    concurrency-covr-up: 0

[1720869903.258004] [INFO]:
round_71:
    concurrency-covr: 316
    concurrency-covr-up: 0

[1720869974.791918] [INFO]:
round_72:
    concurrency-covr: 316
    concurrency-covr-up: 0

[1720870040.02255] [INFO]:
round_73:
    concurrency-covr: 316
    concurrency-covr-up: 0

[1720870111.668561] [INFO]:
round_74:
    concurrency-covr: 316
    concurrency-covr-up: 0

[1720870182.87805] [INFO]:
round_75:
    concurrency-covr: 316
    concurrency-covr-up: 0

[1720870253.665009] [INFO]:
round_76:
    concurrency-covr: 316
    concurrency-covr-up: 0

[1720870324.178607] [INFO]:
round_77:
    concurrency-covr: 316
    concurrency-covr-up: 0

[1720870395.744801] [INFO]:
round_78:
    concurrency-covr: 316
    concurrency-covr-up: 0

[1720870441.387515] [INFO]:
round_79:
    concurrency-covr: 316
    concurrency-covr-up: 0

[1720870512.197532] [INFO]:
round_80:
    concurrency-covr: 316
    concurrency-covr-up: 0

[1720870554.653978] [INFO]:
round_81:
    concurrency-covr: 316
    concurrency-covr-up: 0

[1720870625.015452] [INFO]:
round_82:
    concurrency-covr: 316
    concurrency-covr-up: 0

[1720870701.996677] [INFO]:
round_83:
    concurrency-covr: 316
    concurrency-covr-up: 0

[1720870772.342784] [INFO]:
round_84:
    concurrency-covr: 316
    concurrency-covr-up: 0

[1720870865.90007] [INFO]:
round_85:
    concurrency-covr: 316
    concurrency-covr-up: 0

[1720870936.783509] [INFO]:
round_86:
    concurrency-covr: 316
    concurrency-covr-up: 0

[1720870977.203411] [INFO]:
round_87:
    concurrency-covr: 316
    concurrency-covr-up: 0

[1720871049.756843] [INFO]:
round_88:
    concurrency-covr: 316
    concurrency-covr-up: 0

[1720871121.987814] [INFO]:
round_89:
    concurrency-covr: 316
    concurrency-covr-up: 0

[1720871192.561485] [INFO]:
round_90:
    concurrency-covr: 316
    concurrency-covr-up: 0

[1720871229.213041] [INFO]:
round_91:
    concurrency-covr: 316
    concurrency-covr-up: 0

[1720871265.706053] [INFO]:
round_92:
    concurrency-covr: 316
    concurrency-covr-up: 0

[1720871302.800903] [INFO]:
round_93:
    concurrency-covr: 316
    concurrency-covr-up: 0

[1720871373.84549] [INFO]:
round_94:
    concurrency-covr: 316
    concurrency-covr-up: 0

[1720871410.725653] [INFO]:
round_95:
    concurrency-covr: 316
    concurrency-covr-up: 0

[1720871480.336958] [INFO]:
round_96:
    concurrency-covr: 316
    concurrency-covr-up: 0

[1720871553.285085] [INFO]:
round_97:
    concurrency-covr: 316
    concurrency-covr-up: 0

[1720871590.263952] [INFO]:
round_98:
    concurrency-covr: 1019
    concurrency-covr-up: 703

[1720871661.465113] [INFO]:
round_99:
    concurrency-covr: 1019
    concurrency-covr-up: 0

[1720871732.323837] [INFO]:
round_100:
    concurrency-covr: 1019
    concurrency-covr-up: 0

[1720871804.448755] [INFO]:
round_101:
    concurrency-covr: 1505
    concurrency-covr-up: 486

[1720871843.911918] [INFO]:
round_102:
    concurrency-covr: 1865
    concurrency-covr-up: 360

[1720871882.264166] [INFO]:
round_103:
    concurrency-covr: 1865
    concurrency-covr-up: 0

[1720871952.85325] [INFO]:
round_104:
    concurrency-covr: 1865
    concurrency-covr-up: 0

[1720872024.867013] [INFO]:
round_105:
    concurrency-covr: 1865
    concurrency-covr-up: 0

[1720872096.056379] [INFO]:
round_106:
    concurrency-covr: 1865
    concurrency-covr-up: 0

[1720872160.313699] [INFO]:
round_107:
    concurrency-covr: 1865
    concurrency-covr-up: 0

[1720872224.070592] [INFO]:
round_108:
    concurrency-covr: 1865
    concurrency-covr-up: 0

[1720872288.242135] [INFO]:
round_109:
    concurrency-covr: 1865
    concurrency-covr-up: 0

[1720872352.692978] [INFO]:
round_110:
    concurrency-covr: 1865
    concurrency-covr-up: 0

[1720872424.313677] [INFO]:
round_111:
    concurrency-covr: 1865
    concurrency-covr-up: 0

[1720872460.30029] [INFO]:
round_112:
    concurrency-covr: 1865
    concurrency-covr-up: 0

[1720872496.167397] [INFO]:
round_113:
    concurrency-covr: 1865
    concurrency-covr-up: 0

[1720872560.306353] [INFO]:
round_114:
    concurrency-covr: 1865
    concurrency-covr-up: 0

[1720872624.62017] [INFO]:
round_115:
    concurrency-covr: 1865
    concurrency-covr-up: 0

[1720872696.716504] [INFO]:
round_116:
    concurrency-covr: 1865
    concurrency-covr-up: 0

[1720872768.278895] [INFO]:
round_117:
    concurrency-covr: 2239
    concurrency-covr-up: 374

[1720872832.40685] [INFO]:
round_118:
    concurrency-covr: 2239
    concurrency-covr-up: 0

[1720872897.584296] [INFO]:
round_119:
    concurrency-covr: 2565
    concurrency-covr-up: 326

[1720872968.521091] [INFO]:
round_120:
    concurrency-covr: 2565
    concurrency-covr-up: 0

[1720873005.748589] [INFO]:
round_121:
    concurrency-covr: 2565
    concurrency-covr-up: 0

[1720873072.413194] [INFO]:
round_122:
    concurrency-covr: 2964
    concurrency-covr-up: 399

[1720873144.211958] [INFO]:
round_123:
    concurrency-covr: 2964
    concurrency-covr-up: 0

[1720873208.616291] [INFO]:
round_124:
    concurrency-covr: 2964
    concurrency-covr-up: 0

[1720873280.978272] [INFO]:
round_125:
    concurrency-covr: 2964
    concurrency-covr-up: 0

[1720873352.16116] [INFO]:
round_126:
    concurrency-covr: 2964
    concurrency-covr-up: 0

[1720873389.159861] [INFO]:
round_127:
    concurrency-covr: 2964
    concurrency-covr-up: 0

[1720873426.76745] [INFO]:
round_128:
    concurrency-covr: 3468
    concurrency-covr-up: 504

[1720873498.466305] [INFO]:
round_129:
    concurrency-covr: 3468
    concurrency-covr-up: 0

[1720873535.814173] [INFO]:
round_130:
    concurrency-covr: 3468
    concurrency-covr-up: 0

[1720873600.559593] [INFO]:
round_131:
    concurrency-covr: 3468
    concurrency-covr-up: 0

[1720873672.472391] [INFO]:
round_132:
    concurrency-covr: 3468
    concurrency-covr-up: 0

[1720873744.539768] [INFO]:
round_133:
    concurrency-covr: 3468
    concurrency-covr-up: 0

[1720873816.607945] [INFO]:
round_134:
    concurrency-covr: 3468
    concurrency-covr-up: 0

[1720873854.904042] [INFO]:
round_135:
    concurrency-covr: 3874
    concurrency-covr-up: 406

[1720873920.785409] [INFO]:
round_136:
    concurrency-covr: 3874
    concurrency-covr-up: 0

[1720873992.392893] [INFO]:
round_137:
    concurrency-covr: 4326
    concurrency-covr-up: 452

[1720874064.808871] [INFO]:
round_138:
    concurrency-covr: 4326
    concurrency-covr-up: 0

[1720874103.305511] [INFO]:
round_139:
    concurrency-covr: 4326
    concurrency-covr-up: 0

[1720874175.682142] [INFO]:
round_140:
    concurrency-covr: 4326
    concurrency-covr-up: 0

[1720874246.719186] [INFO]:
round_141:
    concurrency-covr: 4326
    concurrency-covr-up: 0

[1720874285.217939] [INFO]:
round_142:
    concurrency-covr: 4326
    concurrency-covr-up: 0

[1720874352.71434] [INFO]:
round_143:
    concurrency-covr: 4880
    concurrency-covr-up: 554

[1720874389.479227] [INFO]:
round_144:
    concurrency-covr: 4880
    concurrency-covr-up: 0

[1720874456.751723] [INFO]:
round_145:
    concurrency-covr: 4880
    concurrency-covr-up: 0

[1720874528.380847] [INFO]:
round_146:
    concurrency-covr: 5395
    concurrency-covr-up: 515

[1720874567.118894] [INFO]:
round_147:
    concurrency-covr: 6192
    concurrency-covr-up: 797

[1720874605.82991] [INFO]:
round_148:
    concurrency-covr: 6192
    concurrency-covr-up: 0

[1720874677.208421] [INFO]:
round_149:
    concurrency-covr: 6192
    concurrency-covr-up: 0

[1720874752.518288] [INFO]:
round_150:
    concurrency-covr: 6192
    concurrency-covr-up: 0

[1720874824.86702] [INFO]:
round_151:
    concurrency-covr: 6192
    concurrency-covr-up: 0

[1720874897.014289] [INFO]:
round_152:
    concurrency-covr: 6695
    concurrency-covr-up: 503

[1720874969.858233] [INFO]:
round_153:
    concurrency-covr: 6695
    concurrency-covr-up: 0

[1720875006.975749] [INFO]:
round_154:
    concurrency-covr: 6695
    concurrency-covr-up: 0

[1720875072.428947] [INFO]:
round_155:
    concurrency-covr: 6695
    concurrency-covr-up: 0

[1720875144.829965] [INFO]:
round_156:
    concurrency-covr: 6695
    concurrency-covr-up: 0

[1720875216.58146] [INFO]:
round_157:
    concurrency-covr: 6695
    concurrency-covr-up: 0

[1720875253.949784] [INFO]:
round_158:
    concurrency-covr: 6695
    concurrency-covr-up: 0

[1720875326.739315] [INFO]:
round_159:
    concurrency-covr: 6695
    concurrency-covr-up: 0

[1720875364.44337] [INFO]:
round_160:
    concurrency-covr: 6695
    concurrency-covr-up: 0

[1720875402.220896] [INFO]:
round_161:
    concurrency-covr: 7067
    concurrency-covr-up: 372

[1720875475.00412] [INFO]:
round_162:
    concurrency-covr: 7446
    concurrency-covr-up: 379

[1720875544.804906] [INFO]:
round_163:
    concurrency-covr: 7446
    concurrency-covr-up: 0

[1720875618.04467] [INFO]:
round_164:
    concurrency-covr: 7446
    concurrency-covr-up: 0

[1720875689.01713] [INFO]:
round_165:
    concurrency-covr: 7986
    concurrency-covr-up: 540

[1720875727.474462] [INFO]:
round_166:
    concurrency-covr: 7986
    concurrency-covr-up: 0

[1720875765.613218] [INFO]:
round_167:
    concurrency-covr: 7986
    concurrency-covr-up: 0

[1720875837.800051] [INFO]:
round_168:
    concurrency-covr: 7986
    concurrency-covr-up: 0

[1720875876.531421] [INFO]:
round_169:
    concurrency-covr: 8718
    concurrency-covr-up: 732

[1720875948.210916] [INFO]:
round_170:
    concurrency-covr: 9131
    concurrency-covr-up: 413

[1720875996.273096] [INFO]:
round_171:
    concurrency-covr: 9131
    concurrency-covr-up: 0

[1720876069.502536] [INFO]:
round_172:
    concurrency-covr: 9131
    concurrency-covr-up: 0

[1720876142.171223] [INFO]:
round_173:
    concurrency-covr: 9131
    concurrency-covr-up: 0

[1720876215.185892] [INFO]:
round_174:
    concurrency-covr: 9131
    concurrency-covr-up: 0

[1720876288.06916] [INFO]:
round_175:
    concurrency-covr: 9668
    concurrency-covr-up: 537

[1720876326.900928] [INFO]:
round_176:
    concurrency-covr: 9668
    concurrency-covr-up: 0

[1720876365.940022] [INFO]:
round_177:
    concurrency-covr: 9668
    concurrency-covr-up: 0

[1720876437.495235] [INFO]:
round_178:
    concurrency-covr: 10461
    concurrency-covr-up: 793

[1720876484.572641] [INFO]:
round_179:
    concurrency-covr: 10461
    concurrency-covr-up: 0

[1720876557.388577] [INFO]:
round_180:
    concurrency-covr: 10461
    concurrency-covr-up: 0

[1720876630.666473] [INFO]:
round_181:
    concurrency-covr: 10461
    concurrency-covr-up: 0

[1720876702.055928] [INFO]:
round_182:
    concurrency-covr: 10986
    concurrency-covr-up: 525

[1720876774.914207] [INFO]:
round_183:
    concurrency-covr: 11429
    concurrency-covr-up: 443

[1720876814.734255] [INFO]:
round_184:
    concurrency-covr: 11864
    concurrency-covr-up: 435

[1720876886.495379] [INFO]:
round_185:
    concurrency-covr: 11864
    concurrency-covr-up: 0

[1720876965.51537] [INFO]:
round_186:
    concurrency-covr: 12345
    concurrency-covr-up: 481

[1720877038.857908] [INFO]:
round_187:
    concurrency-covr: 12345
    concurrency-covr-up: 0

[1720877078.92478] [INFO]:
round_188:
    concurrency-covr: 12917
    concurrency-covr-up: 572

[1720877152.571375] [INFO]:
round_189:
    concurrency-covr: 12917
    concurrency-covr-up: 0

[1720877185.496683] [INFO]:
round_190:
    concurrency-covr: 13258
    concurrency-covr-up: 341

[1720877257.309003] [INFO]:
round_191:
    concurrency-covr: 13258
    concurrency-covr-up: 0

[1720877331.129523] [INFO]:
round_192:
    concurrency-covr: 13258
    concurrency-covr-up: 0

[1720877404.852503] [INFO]:
round_193:
    concurrency-covr: 13258
    concurrency-covr-up: 0

[1720877476.4173] [INFO]:
round_194:
    concurrency-covr: 13740
    concurrency-covr-up: 482

[1720877515.079169] [INFO]:
round_195:
    concurrency-covr: 14763
    concurrency-covr-up: 1023

[1720877553.16778] [INFO]:
round_196:
    concurrency-covr: 15235
    concurrency-covr-up: 472

[1720877627.34522] [INFO]:
round_197:
    concurrency-covr: 15687
    concurrency-covr-up: 452

[1720877700.747485] [INFO]:
round_198:
    concurrency-covr: 16217
    concurrency-covr-up: 530

[1720877774.115015] [INFO]:
round_199:
    concurrency-covr: 16217
    concurrency-covr-up: 0

[1720877847.984917] [INFO]:
round_200:
    concurrency-covr: 16538
    concurrency-covr-up: 321

[1720877921.681613] [INFO]:
round_201:
    concurrency-covr: 16878
    concurrency-covr-up: 340

[1720877961.211967] [INFO]:
round_202:
    concurrency-covr: 17260
    concurrency-covr-up: 382

[1720878034.415048] [INFO]:
round_203:
    concurrency-covr: 17260
    concurrency-covr-up: 0

[1720878107.801817] [INFO]:
round_204:
    concurrency-covr: 17260
    concurrency-covr-up: 0

[1720878181.361017] [INFO]:
round_205:
    concurrency-covr: 17260
    concurrency-covr-up: 0

[1720878255.34404] [INFO]:
round_206:
    concurrency-covr: 17603
    concurrency-covr-up: 343

[1720878294.478059] [INFO]:
round_207:
    concurrency-covr: 17932
    concurrency-covr-up: 329

[1720878367.539899] [INFO]:
round_208:
    concurrency-covr: 17932
    concurrency-covr-up: 0

[1720878441.033257] [INFO]:
round_209:
    concurrency-covr: 17932
    concurrency-covr-up: 0

[1720878514.105394] [INFO]:
round_210:
    concurrency-covr: 18365
    concurrency-covr-up: 433

[1720878587.430742] [INFO]:
round_211:
    concurrency-covr: 18365
    concurrency-covr-up: 0

[1720878660.952988] [INFO]:
round_212:
    concurrency-covr: 18664
    concurrency-covr-up: 299

[1720878733.946601] [INFO]:
round_213:
    concurrency-covr: 18664
    concurrency-covr-up: 0

[1720878807.547695] [INFO]:
round_214:
    concurrency-covr: 18664
    concurrency-covr-up: 0

[1720878880.953141] [INFO]:
round_215:
    concurrency-covr: 18664
    concurrency-covr-up: 0

[1720878954.001928] [INFO]:
round_216:
    concurrency-covr: 19497
    concurrency-covr-up: 833

[1720878992.314097] [INFO]:
round_217:
    concurrency-covr: 20386
    concurrency-covr-up: 889

[1720879066.058932] [INFO]:
round_218:
    concurrency-covr: 20739
    concurrency-covr-up: 353

[1720879140.11806] [INFO]:
round_219:
    concurrency-covr: 21077
    concurrency-covr-up: 338

[1720879213.318877] [INFO]:
round_220:
    concurrency-covr: 21432
    concurrency-covr-up: 355

[1720879287.732293] [INFO]:
round_221:
    concurrency-covr: 21432
    concurrency-covr-up: 0

[1720879361.139291] [INFO]:
round_222:
    concurrency-covr: 21432
    concurrency-covr-up: 0

[1720879434.59851] [INFO]:
round_223:
    concurrency-covr: 21765
    concurrency-covr-up: 333

[1720879473.812483] [INFO]:
round_224:
    concurrency-covr: 21765
    concurrency-covr-up: 0

[1720879547.199701] [INFO]:
round_225:
    concurrency-covr: 22047
    concurrency-covr-up: 282

[1720879620.792544] [INFO]:
round_226:
    concurrency-covr: 22460
    concurrency-covr-up: 413

[1720879694.869839] [INFO]:
round_227:
    concurrency-covr: 22813
    concurrency-covr-up: 353

[1720879768.310581] [INFO]:
round_228:
    concurrency-covr: 23147
    concurrency-covr-up: 334

[1720879842.471164] [INFO]:
round_229:
    concurrency-covr: 23147
    concurrency-covr-up: 0

[1720879916.136614] [INFO]:
round_230:
    concurrency-covr: 23521
    concurrency-covr-up: 374

[1720879990.125128] [INFO]:
round_231:
    concurrency-covr: 23871
    concurrency-covr-up: 350

[1720880029.670719] [INFO]:
round_232:
    concurrency-covr: 24194
    concurrency-covr-up: 323

[1720880103.867985] [INFO]:
round_233:
    concurrency-covr: 24535
    concurrency-covr-up: 341

[1720880178.191043] [INFO]:
round_234:
    concurrency-covr: 24535
    concurrency-covr-up: 0

[1720880251.782601] [INFO]:
round_235:
    concurrency-covr: 24535
    concurrency-covr-up: 0

[1720880325.370003] [INFO]:
round_236:
    concurrency-covr: 24873
    concurrency-covr-up: 338

[1720880365.568908] [INFO]:
round_237:
    concurrency-covr: 25199
    concurrency-covr-up: 326

[1720880405.812665] [INFO]:
round_238:
    concurrency-covr: 25199
    concurrency-covr-up: 0

[1720880480.402674] [INFO]:
round_239:
    concurrency-covr: 25199
    concurrency-covr-up: 0

[1720880554.683327] [INFO]:
round_240:
    concurrency-covr: 25936
    concurrency-covr-up: 737

[1720880595.262894] [INFO]:
round_241:
    concurrency-covr: 26240
    concurrency-covr-up: 304

[1720880635.251642] [INFO]:
round_242:
    concurrency-covr: 26240
    concurrency-covr-up: 0

[1720880709.452013] [INFO]:
round_243:
    concurrency-covr: 26590
    concurrency-covr-up: 350

[1720880783.560979] [INFO]:
round_244:
    concurrency-covr: 26590
    concurrency-covr-up: 0

[1720880823.860853] [INFO]:
round_245:
    concurrency-covr: 26590
    concurrency-covr-up: 0

[1720880897.610119] [INFO]:
round_246:
    concurrency-covr: 26590
    concurrency-covr-up: 0

[1720880938.092779] [INFO]:
round_247:
    concurrency-covr: 26872
    concurrency-covr-up: 282

[1720880978.987431] [INFO]:
round_248:
    concurrency-covr: 26872
    concurrency-covr-up: 0

[1720881019.682209] [INFO]:
round_249:
    concurrency-covr: 27213
    concurrency-covr-up: 341

[1720881094.547487] [INFO]:
round_250:
    concurrency-covr: 27536
    concurrency-covr-up: 323

[1720881135.443547] [INFO]:
round_251:
    concurrency-covr: 27877
    concurrency-covr-up: 341

[1720881209.173638] [INFO]:
round_252:
    concurrency-covr: 28240
    concurrency-covr-up: 363

[1720881282.900084] [INFO]:
round_253:
    concurrency-covr: 28586
    concurrency-covr-up: 346

[1720881357.724294] [INFO]:
round_254:
    concurrency-covr: 28912
    concurrency-covr-up: 326

[1720881431.623887] [INFO]:
round_255:
    concurrency-covr: 29666
    concurrency-covr-up: 754

[1720881505.989445] [INFO]:
round_256:
    concurrency-covr: 29666
    concurrency-covr-up: 0

[1720881580.526971] [INFO]:
round_257:
    concurrency-covr: 29968
    concurrency-covr-up: 302

[1720881652.921122] [INFO]:
round_258:
    concurrency-covr: 29968
    concurrency-covr-up: 0

[1720881702.834202] [INFO]:
round_259:
    concurrency-covr: 30291
    concurrency-covr-up: 323

[1720881777.185748] [INFO]:
round_260:
    concurrency-covr: 30610
    concurrency-covr-up: 319

[1720881818.692951] [INFO]:
round_261:
    concurrency-covr: 30610
    concurrency-covr-up: 0

[1720881893.377169] [INFO]:
round_262:
    concurrency-covr: 30927
    concurrency-covr-up: 317

[1720881968.369685] [INFO]:
round_263:
    concurrency-covr: 31273
    concurrency-covr-up: 346

[1720882002.815169] [INFO]:
round_264:
    concurrency-covr: 31604
    concurrency-covr-up: 331

[1720882077.957538] [INFO]:
round_265:
    concurrency-covr: 31604
    concurrency-covr-up: 0

[1720882152.867194] [INFO]:
round_266:
    concurrency-covr: 31859
    concurrency-covr-up: 255

[1720882227.752172] [INFO]:
round_267:
    concurrency-covr: 32166
    concurrency-covr-up: 307

[1720882270.18333] [INFO]:
round_268:
    concurrency-covr: 32596
    concurrency-covr-up: 430

[1720882345.253439] [INFO]:
round_269:
    concurrency-covr: 32596
    concurrency-covr-up: 0

[1720882419.82103] [INFO]:
round_270:
    concurrency-covr: 32596
    concurrency-covr-up: 0

[1720882493.834093] [INFO]:
round_271:
    concurrency-covr: 32893
    concurrency-covr-up: 297

[1720882532.854977] [INFO]:
round_272:
    concurrency-covr: 33190
    concurrency-covr-up: 297

[1720882572.05859] [INFO]:
round_273:
    concurrency-covr: 33190
    concurrency-covr-up: 0

[1720882646.39776] [INFO]:
round_274:
    concurrency-covr: 33479
    concurrency-covr-up: 289

[1720882720.492581] [INFO]:
round_275:
    concurrency-covr: 33761
    concurrency-covr-up: 282

[1720882763.139786] [INFO]:
round_276:
    concurrency-covr: 34048
    concurrency-covr-up: 287

[1720882837.804937] [INFO]:
round_277:
    concurrency-covr: 34048
    concurrency-covr-up: 0

[1720882905.695932] [INFO]:
round_278:
    concurrency-covr: 34318
    concurrency-covr-up: 270

[1720882980.928604] [INFO]:
round_279:
    concurrency-covr: 34318
    concurrency-covr-up: 0

[1720883020.457978] [INFO]:
round_280:
    concurrency-covr: 34318
    concurrency-covr-up: 0

[1720883093.411654] [INFO]:
round_281:
    concurrency-covr: 34318
    concurrency-covr-up: 0

[1720883133.548234] [INFO]:
round_282:
    concurrency-covr: 34600
    concurrency-covr-up: 282

[1720883173.169481] [INFO]:
round_283:
    concurrency-covr: 34929
    concurrency-covr-up: 329

[1720883199.005193] [INFO]:
round_284:
    concurrency-covr: 35178
    concurrency-covr-up: 249

[1720883273.329346] [INFO]:
round_285:
    concurrency-covr: 35178
    concurrency-covr-up: 0

[1720883347.892291] [INFO]:
round_286:
    concurrency-covr: 35521
    concurrency-covr-up: 343

[1720883422.261689] [INFO]:
round_287:
    concurrency-covr: 35521
    concurrency-covr-up: 0

[1720883462.418862] [INFO]:
round_288:
    concurrency-covr: 35521
    concurrency-covr-up: 0

[1720883537.008434] [INFO]:
round_289:
    concurrency-covr: 35816
    concurrency-covr-up: 295

[1720883571.212605] [INFO]:
round_290:
    concurrency-covr: 35816
    concurrency-covr-up: 0

[1720883605.110044] [INFO]:
round_291:
    concurrency-covr: 36113
    concurrency-covr-up: 297

[1720883679.894414] [INFO]:
round_292:
    concurrency-covr: 36113
    concurrency-covr-up: 0

[1720883720.798205] [INFO]:
round_293:
    concurrency-covr: 36113
    concurrency-covr-up: 0

[1720883795.98392] [INFO]:
round_294:
    concurrency-covr: 36407
    concurrency-covr-up: 294

[1720883836.752581] [INFO]:
round_295:
    concurrency-covr: 36711
    concurrency-covr-up: 304

[1720883872.02164] [INFO]:
round_296:
    concurrency-covr: 37015
    concurrency-covr-up: 304

[1720883946.949657] [INFO]:
round_297:
    concurrency-covr: 37285
    concurrency-covr-up: 270

[1720884022.198807] [INFO]:
round_298:
    concurrency-covr: 37599
    concurrency-covr-up: 314

[1720884097.546591] [INFO]:
round_299:
    concurrency-covr: 37599
    concurrency-covr-up: 0

[1720884172.633356] [INFO]:
round_300:
    concurrency-covr: 37599
    concurrency-covr-up: 0

[1720884247.84918] [INFO]:
round_301:
    concurrency-covr: 37599
    concurrency-covr-up: 0

[1720886055.413043] [INFO]:
round_302:
    concurrency-covr: 37599
    concurrency-covr-up: 0

[1720886119.366517] [INFO]:
round_303:
    concurrency-covr: 37599
    concurrency-covr-up: 0

[1720886183.391448] [INFO]:
round_304:
    concurrency-covr: 37599
    concurrency-covr-up: 0

[1720886218.091317] [INFO]:
round_305:
    concurrency-covr: 37599
    concurrency-covr-up: 0

[1720886287.484817] [INFO]:
round_306:
    concurrency-covr: 37599
    concurrency-covr-up: 0

[1720886351.465668] [INFO]:
round_307:
    concurrency-covr: 37599
    concurrency-covr-up: 0

[1720886415.387851] [INFO]:
round_308:
    concurrency-covr: 37599
    concurrency-covr-up: 0

[1720886479.495334] [INFO]:
round_309:
    concurrency-covr: 37599
    concurrency-covr-up: 0

[1720886543.438998] [INFO]:
round_310:
    concurrency-covr: 37599
    concurrency-covr-up: 0

[1720886607.577015] [INFO]:
round_311:
    concurrency-covr: 37599
    concurrency-covr-up: 0

[1720886671.490396] [INFO]:
round_312:
    concurrency-covr: 37599
    concurrency-covr-up: 0

[1720886705.950584] [INFO]:
round_313:
    concurrency-covr: 37599
    concurrency-covr-up: 0

[1720886775.693846] [INFO]:
round_314:
    concurrency-covr: 37599
    concurrency-covr-up: 0

[1720886810.428674] [INFO]:
round_315:
    concurrency-covr: 37599
    concurrency-covr-up: 0

[1720886845.017736] [INFO]:
round_316:
    concurrency-covr: 37599
    concurrency-covr-up: 0

[1720886880.373395] [INFO]:
round_317:
    concurrency-covr: 37599
    concurrency-covr-up: 0

[1720886943.458281] [INFO]:
round_318:
    concurrency-covr: 37599
    concurrency-covr-up: 0

[1720887013.841313] [INFO]:
round_319:
    concurrency-covr: 37599
    concurrency-covr-up: 0

[1720887048.928554] [INFO]:
round_320:
    concurrency-covr: 37599
    concurrency-covr-up: 0

[1720887084.247131] [INFO]:
round_321:
    concurrency-covr: 37599
    concurrency-covr-up: 0

[1720887120.668791] [INFO]:
round_322:
    concurrency-covr: 37599
    concurrency-covr-up: 0

[1720887190.91367] [INFO]:
round_323:
    concurrency-covr: 37599
    concurrency-covr-up: 0

[1720887255.489052] [INFO]:
round_324:
    concurrency-covr: 37599
    concurrency-covr-up: 0

[1720887289.802331] [INFO]:
round_325:
    concurrency-covr: 37599
    concurrency-covr-up: 0

[1720887359.562152] [INFO]:
round_326:
    concurrency-covr: 37599
    concurrency-covr-up: 0

[1720887429.74248] [INFO]:
round_327:
    concurrency-covr: 37599
    concurrency-covr-up: 0

[1720887495.539444] [INFO]:
round_328:
    concurrency-covr: 37599
    concurrency-covr-up: 0

[1720887565.21541] [INFO]:
round_329:
    concurrency-covr: 37599
    concurrency-covr-up: 0

[1720887631.733634] [INFO]:
round_330:
    concurrency-covr: 37599
    concurrency-covr-up: 0

[1720887666.552567] [INFO]:
round_331:
    concurrency-covr: 37599
    concurrency-covr-up: 0

[1720887701.497425] [INFO]:
round_332:
    concurrency-covr: 37599
    concurrency-covr-up: 0

[1720887767.622927] [INFO]:
round_333:
    concurrency-covr: 37599
    concurrency-covr-up: 0

[1720887807.581791] [INFO]:
round_334:
    concurrency-covr: 37599
    concurrency-covr-up: 0

[1720887872.153034] [INFO]:
round_335:
    concurrency-covr: 37599
    concurrency-covr-up: 0

[1720887907.601763] [INFO]:
round_336:
    concurrency-covr: 37599
    concurrency-covr-up: 0

[1720887943.908879] [INFO]:
round_337:
    concurrency-covr: 37599
    concurrency-covr-up: 0

[1720888007.64129] [INFO]:
round_338:
    concurrency-covr: 37599
    concurrency-covr-up: 0

[1720888043.463129] [INFO]:
round_339:
    concurrency-covr: 37599
    concurrency-covr-up: 0

[1720888111.75455] [INFO]:
round_340:
    concurrency-covr: 37599
    concurrency-covr-up: 0

[1720888147.998201] [INFO]:
round_341:
    concurrency-covr: 37599
    concurrency-covr-up: 0

[1720888184.243245] [INFO]:
round_342:
    concurrency-covr: 37599
    concurrency-covr-up: 0

[1720888254.364807] [INFO]:
round_343:
    concurrency-covr: 37599
    concurrency-covr-up: 0

[1720888290.384365] [INFO]:
round_344:
    concurrency-covr: 37599
    concurrency-covr-up: 0

[1720888325.354452] [INFO]:
round_345:
    concurrency-covr: 37901
    concurrency-covr-up: 302

[1720888360.304013] [INFO]:
round_346:
    concurrency-covr: 37901
    concurrency-covr-up: 0

[1720888395.39915] [INFO]:
round_347:
    concurrency-covr: 37901
    concurrency-covr-up: 0

[1720888463.973781] [INFO]:
round_348:
    concurrency-covr: 37901
    concurrency-covr-up: 0

[1720888527.684791] [INFO]:
round_349:
    concurrency-covr: 37901
    concurrency-covr-up: 0

[1720888563.10014] [INFO]:
round_350:
    concurrency-covr: 37901
    concurrency-covr-up: 0

[1720888598.4786] [INFO]:
round_351:
    concurrency-covr: 37901
    concurrency-covr-up: 0

[1720888633.742891] [INFO]:
round_352:
    concurrency-covr: 37901
    concurrency-covr-up: 0

[1720888669.170252] [INFO]:
round_353:
    concurrency-covr: 37901
    concurrency-covr-up: 0

[1720888704.698625] [INFO]:
round_354:
    concurrency-covr: 37901
    concurrency-covr-up: 0

[1720888774.519604] [INFO]:
round_355:
    concurrency-covr: 38249
    concurrency-covr-up: 348

[1720888839.754731] [INFO]:
round_356:
    concurrency-covr: 38249
    concurrency-covr-up: 0

[1720888909.908545] [INFO]:
round_357:
    concurrency-covr: 38249
    concurrency-covr-up: 0

[1720888975.781452] [INFO]:
round_358:
    concurrency-covr: 38249
    concurrency-covr-up: 0

[1720889012.281464] [INFO]:
round_359:
    concurrency-covr: 38249
    concurrency-covr-up: 0

[1720889049.016701] [INFO]:
round_360:
    concurrency-covr: 38249
    concurrency-covr-up: 0

[1720889120.05805] [INFO]:
round_361:
    concurrency-covr: 38249
    concurrency-covr-up: 0

[1720889156.213064] [INFO]:
round_362:
    concurrency-covr: 38249
    concurrency-covr-up: 0

[1720889192.691889] [INFO]:
round_363:
    concurrency-covr: 38249
    concurrency-covr-up: 0

[1720889229.260052] [INFO]:
round_364:
    concurrency-covr: 38249
    concurrency-covr-up: 0

[1720889266.030013] [INFO]:
round_365:
    concurrency-covr: 38249
    concurrency-covr-up: 0

[1720889336.432358] [INFO]:
round_366:
    concurrency-covr: 38249
    concurrency-covr-up: 0

[1720889380.040347] [INFO]:
round_367:
    concurrency-covr: 38249
    concurrency-covr-up: 0

[1720889415.30206] [INFO]:
round_368:
    concurrency-covr: 38249
    concurrency-covr-up: 0

[1720889480.033] [INFO]:
round_369:
    concurrency-covr: 38249
    concurrency-covr-up: 0

[1720889515.421343] [INFO]:
round_370:
    concurrency-covr: 38249
    concurrency-covr-up: 0

[1720889586.808941] [INFO]:
round_371:
    concurrency-covr: 38249
    concurrency-covr-up: 0

[1720889622.451998] [INFO]:
round_372:
    concurrency-covr: 38249
    concurrency-covr-up: 0

[1720889658.169281] [INFO]:
round_373:
    concurrency-covr: 38249
    concurrency-covr-up: 0

[1720889729.711244] [INFO]:
round_374:
    concurrency-covr: 38249
    concurrency-covr-up: 0

[1720889771.14471] [INFO]:
round_375:
    concurrency-covr: 38249
    concurrency-covr-up: 0

[1720889839.945413] [INFO]:
round_376:
    concurrency-covr: 38249
    concurrency-covr-up: 0

[1720889876.174506] [INFO]:
round_377:
    concurrency-covr: 38249
    concurrency-covr-up: 0

[1720889947.868056] [INFO]:
round_378:
    concurrency-covr: 38249
    concurrency-covr-up: 0

[1720889983.92078] [INFO]:
round_379:
    concurrency-covr: 38249
    concurrency-covr-up: 0

[1720890020.618409] [INFO]:
round_380:
    concurrency-covr: 38249
    concurrency-covr-up: 0

[1720890092.386056] [INFO]:
round_381:
    concurrency-covr: 38249
    concurrency-covr-up: 0

[1720890162.651547] [INFO]:
round_382:
    concurrency-covr: 39087
    concurrency-covr-up: 838

[1720890205.60749] [INFO]:
round_383:
    concurrency-covr: 39087
    concurrency-covr-up: 0

[1720890276.449751] [INFO]:
round_384:
    concurrency-covr: 39087
    concurrency-covr-up: 0

[1720890352.07138] [INFO]:
round_385:
    concurrency-covr: 39087
    concurrency-covr-up: 0

[1720890416.409703] [INFO]:
round_386:
    concurrency-covr: 39087
    concurrency-covr-up: 0

[1720890453.320041] [INFO]:
round_387:
    concurrency-covr: 39087
    concurrency-covr-up: 0

[1720890490.166019] [INFO]:
round_388:
    concurrency-covr: 39087
    concurrency-covr-up: 0

[1720890527.150923] [INFO]:
round_389:
    concurrency-covr: 39087
    concurrency-covr-up: 0

[1720890564.585222] [INFO]:
round_390:
    concurrency-covr: 39087
    concurrency-covr-up: 0

[1720890632.492797] [INFO]:
round_391:
    concurrency-covr: 39087
    concurrency-covr-up: 0

[1720890704.535892] [INFO]:
round_392:
    concurrency-covr: 39087
    concurrency-covr-up: 0

[1720890742.318547] [INFO]:
round_393:
    concurrency-covr: 39087
    concurrency-covr-up: 0

[1720890780.154254] [INFO]:
round_394:
    concurrency-covr: 39087
    concurrency-covr-up: 0

[1720890817.982865] [INFO]:
round_395:
    concurrency-covr: 39087
    concurrency-covr-up: 0

[1720890855.612618] [INFO]:
round_396:
    concurrency-covr: 39087
    concurrency-covr-up: 0

[1720890891.656624] [INFO]:
round_397:
    concurrency-covr: 39087
    concurrency-covr-up: 0

[1720890928.046038] [INFO]:
round_398:
    concurrency-covr: 39087
    concurrency-covr-up: 0

[1720890998.872867] [INFO]:
round_399:
    concurrency-covr: 39087
    concurrency-covr-up: 0

[1720891035.51938] [INFO]:
round_400:
    concurrency-covr: 39087
    concurrency-covr-up: 0

[1720891083.128428] [INFO]:
round_401:
    concurrency-covr: 39087
    concurrency-covr-up: 0

[1720891154.62661] [INFO]:
round_402:
    concurrency-covr: 39416
    concurrency-covr-up: 329

[1720891191.701271] [INFO]:
round_403:
    concurrency-covr: 39416
    concurrency-covr-up: 0

[1720891262.685327] [INFO]:
round_404:
    concurrency-covr: 39416
    concurrency-covr-up: 0

[1720891334.648995] [INFO]:
round_405:
    concurrency-covr: 39416
    concurrency-covr-up: 0

[1720891371.653686] [INFO]:
round_406:
    concurrency-covr: 39416
    concurrency-covr-up: 0

[1720891408.65701] [INFO]:
round_407:
    concurrency-covr: 39416
    concurrency-covr-up: 0

[1720891445.953694] [INFO]:
round_408:
    concurrency-covr: 39742
    concurrency-covr-up: 326

[1720891483.641954] [INFO]:
round_409:
    concurrency-covr: 39742
    concurrency-covr-up: 0

[1720891521.686142] [INFO]:
round_410:
    concurrency-covr: 39742
    concurrency-covr-up: 0

[1720891594.288747] [INFO]:
round_411:
    concurrency-covr: 39742
    concurrency-covr-up: 0

[1720891632.143248] [INFO]:
round_412:
    concurrency-covr: 39742
    concurrency-covr-up: 0

[1720891670.565584] [INFO]:
round_413:
    concurrency-covr: 39742
    concurrency-covr-up: 0

[1720891708.18467] [INFO]:
round_414:
    concurrency-covr: 39742
    concurrency-covr-up: 0

[1720891745.958291] [INFO]:
round_415:
    concurrency-covr: 39742
    concurrency-covr-up: 0

[1720891818.500643] [INFO]:
round_416:
    concurrency-covr: 39742
    concurrency-covr-up: 0

[1720891856.907311] [INFO]:
round_417:
    concurrency-covr: 40255
    concurrency-covr-up: 513

[1720891927.468283] [INFO]:
round_418:
    concurrency-covr: 40255
    concurrency-covr-up: 0

[1720891971.991522] [INFO]:
round_419:
    concurrency-covr: 40255
    concurrency-covr-up: 0

[1720892043.253604] [INFO]:
round_420:
    concurrency-covr: 40255
    concurrency-covr-up: 0

[1720892082.272046] [INFO]:
round_421:
    concurrency-covr: 40561
    concurrency-covr-up: 306

[1720892121.202267] [INFO]:
round_422:
    concurrency-covr: 40561
    concurrency-covr-up: 0

[1720892192.422873] [INFO]:
round_423:
    concurrency-covr: 40561
    concurrency-covr-up: 0

[1720892265.509853] [INFO]:
round_424:
    concurrency-covr: 40561
    concurrency-covr-up: 0

[1720936354.061642] [INFO]:
round_425:
    concurrency-covr: 40561
    concurrency-covr-up: 0

[1720936389.1679] [INFO]:
round_426:
    concurrency-covr: 40561
    concurrency-covr-up: 0

[1720936422.895778] [INFO]:
round_427:
    concurrency-covr: 40561
    concurrency-covr-up: 0

[1720936456.958336] [INFO]:
round_428:
    concurrency-covr: 40561
    concurrency-covr-up: 0

[1720936522.134956] [INFO]:
round_429:
    concurrency-covr: 40561
    concurrency-covr-up: 0

[1720936556.020651] [INFO]:
round_430:
    concurrency-covr: 40561
    concurrency-covr-up: 0

[1720936590.423984] [INFO]:
round_431:
    concurrency-covr: 40561
    concurrency-covr-up: 0

[1720936624.590617] [INFO]:
round_432:
    concurrency-covr: 40561
    concurrency-covr-up: 0

[1720936658.774489] [INFO]:
round_433:
    concurrency-covr: 40561
    concurrency-covr-up: 0

[1720936693.140577] [INFO]:
round_434:
    concurrency-covr: 40561
    concurrency-covr-up: 0

[1720936727.477469] [INFO]:
round_435:
    concurrency-covr: 40561
    concurrency-covr-up: 0

[1720936761.925533] [INFO]:
round_436:
    concurrency-covr: 40561
    concurrency-covr-up: 0

[1720936826.34752] [INFO]:
round_437:
    concurrency-covr: 40561
    concurrency-covr-up: 0

[1720936890.849487] [INFO]:
round_438:
    concurrency-covr: 40561
    concurrency-covr-up: 0

[1720936925.521189] [INFO]:
round_439:
    concurrency-covr: 40561
    concurrency-covr-up: 0

[1720936960.500053] [INFO]:
round_440:
    concurrency-covr: 40561
    concurrency-covr-up: 0

[1720936995.628784] [INFO]:
round_441:
    concurrency-covr: 40561
    concurrency-covr-up: 0

[1720937030.724473] [INFO]:
round_442:
    concurrency-covr: 40561
    concurrency-covr-up: 0

[1720937065.954278] [INFO]:
round_443:
    concurrency-covr: 40561
    concurrency-covr-up: 0

[1720937101.44766] [INFO]:
round_444:
    concurrency-covr: 40561
    concurrency-covr-up: 0

[1720937170.200396] [INFO]:
round_445:
    concurrency-covr: 40561
    concurrency-covr-up: 0

[1720937204.527463] [INFO]:
round_446:
    concurrency-covr: 40822
    concurrency-covr-up: 261

[1720937238.930188] [INFO]:
round_447:
    concurrency-covr: 40822
    concurrency-covr-up: 0

[1720937273.495619] [INFO]:
round_448:
    concurrency-covr: 40822
    concurrency-covr-up: 0

[1720937338.408392] [INFO]:
round_449:
    concurrency-covr: 40822
    concurrency-covr-up: 0

[1720937372.734774] [INFO]:
round_450:
    concurrency-covr: 40822
    concurrency-covr-up: 0

[1720937407.222305] [INFO]:
round_451:
    concurrency-covr: 40822
    concurrency-covr-up: 0

[1720937441.958106] [INFO]:
round_452:
    concurrency-covr: 41522
    concurrency-covr-up: 700

[1720937506.381799] [INFO]:
round_453:
    concurrency-covr: 41522
    concurrency-covr-up: 0

[1720937541.082871] [INFO]:
round_454:
    concurrency-covr: 41522
    concurrency-covr-up: 0

[1720937610.434823] [INFO]:
round_455:
    concurrency-covr: 41522
    concurrency-covr-up: 0

[1720937645.839219] [INFO]:
round_456:
    concurrency-covr: 41522
    concurrency-covr-up: 0

[1720937716.327369] [INFO]:
round_457:
    concurrency-covr: 41522
    concurrency-covr-up: 0

[1720937751.776065] [INFO]:
round_458:
    concurrency-covr: 41522
    concurrency-covr-up: 0

[1720937787.407254] [INFO]:
round_459:
    concurrency-covr: 41522
    concurrency-covr-up: 0

[1720937822.949569] [INFO]:
round_460:
    concurrency-covr: 41522
    concurrency-covr-up: 0

[1720937858.797325] [INFO]:
round_461:
    concurrency-covr: 41522
    concurrency-covr-up: 0

[1720937894.724388] [INFO]:
round_462:
    concurrency-covr: 41802
    concurrency-covr-up: 280

[1720937962.499545] [INFO]:
round_463:
    concurrency-covr: 41802
    concurrency-covr-up: 0

[1720937998.730946] [INFO]:
round_464:
    concurrency-covr: 41802
    concurrency-covr-up: 0

[1720938066.310939] [INFO]:
round_465:
    concurrency-covr: 41802
    concurrency-covr-up: 0

[1720938136.457203] [INFO]:
round_466:
    concurrency-covr: 41802
    concurrency-covr-up: 0

[1720938177.678267] [INFO]:
round_467:
    concurrency-covr: 41802
    concurrency-covr-up: 0

[1720938213.989726] [INFO]:
round_468:
    concurrency-covr: 41802
    concurrency-covr-up: 0

[1720938248.768931] [INFO]:
round_469:
    concurrency-covr: 41802
    concurrency-covr-up: 0

[1720938314.578046] [INFO]:
round_470:
    concurrency-covr: 41802
    concurrency-covr-up: 0

[1720938378.550218] [INFO]:
round_471:
    concurrency-covr: 41802
    concurrency-covr-up: 0

[1720938448.748575] [INFO]:
round_472:
    concurrency-covr: 41802
    concurrency-covr-up: 0

[1720938518.873832] [INFO]:
round_473:
    concurrency-covr: 42000
    concurrency-covr-up: 198

[1720938555.716617] [INFO]:
round_474:
    concurrency-covr: 42000
    concurrency-covr-up: 0

[1720938591.587691] [INFO]:
round_475:
    concurrency-covr: 42000
    concurrency-covr-up: 0

[1720938658.692518] [INFO]:
round_476:
    concurrency-covr: 42000
    concurrency-covr-up: 0

[1720938694.315349] [INFO]:
round_477:
    concurrency-covr: 42000
    concurrency-covr-up: 0

[1720938762.71258] [INFO]:
round_478:
    concurrency-covr: 42000
    concurrency-covr-up: 0

[1720938798.363684] [INFO]:
round_479:
    concurrency-covr: 42000
    concurrency-covr-up: 0

[1720938866.694971] [INFO]:
round_480:
    concurrency-covr: 42000
    concurrency-covr-up: 0

[1720938902.67971] [INFO]:
round_481:
    concurrency-covr: 42000
    concurrency-covr-up: 0

[1720938973.729574] [INFO]:
round_482:
    concurrency-covr: 42000
    concurrency-covr-up: 0

[1720939044.77383] [INFO]:
round_483:
    concurrency-covr: 42000
    concurrency-covr-up: 0

[1720939080.932169] [INFO]:
round_484:
    concurrency-covr: 42000
    concurrency-covr-up: 0

[1720939117.546577] [INFO]:
round_485:
    concurrency-covr: 42000
    concurrency-covr-up: 0

[1720939186.724971] [INFO]:
round_486:
    concurrency-covr: 42000
    concurrency-covr-up: 0

[1720939223.073951] [INFO]:
round_487:
    concurrency-covr: 42380
    concurrency-covr-up: 380

[1720939259.783376] [INFO]:
round_488:
    concurrency-covr: 42380
    concurrency-covr-up: 0

[1720939296.383026] [INFO]:
round_489:
    concurrency-covr: 42380
    concurrency-covr-up: 0

[1720939367.898871] [INFO]:
round_490:
    concurrency-covr: 42380
    concurrency-covr-up: 0

[1720939434.900041] [INFO]:
round_491:
    concurrency-covr: 42380
    concurrency-covr-up: 0

[1720939472.190576] [INFO]:
round_492:
    concurrency-covr: 42380
    concurrency-covr-up: 0

[1720939509.196949] [INFO]:
round_493:
    concurrency-covr: 42380
    concurrency-covr-up: 0

[1720939544.943743] [INFO]:
round_494:
    concurrency-covr: 42380
    concurrency-covr-up: 0

[1720939580.410205] [INFO]:
round_495:
    concurrency-covr: 42380
    concurrency-covr-up: 0

[1720939615.914547] [INFO]:
round_496:
    concurrency-covr: 42380
    concurrency-covr-up: 0

[1720939651.897758] [INFO]:
round_497:
    concurrency-covr: 42704
    concurrency-covr-up: 324

[1720939687.900032] [INFO]:
round_498:
    concurrency-covr: 42704
    concurrency-covr-up: 0

[1720939758.168878] [INFO]:
round_499:
    concurrency-covr: 42704
    concurrency-covr-up: 0

[1720939838.379234] [INFO]:
round_500:
    concurrency-covr: 42704
    concurrency-covr-up: 0

[1720939874.54372] [INFO]:
round_501:
    concurrency-covr: 42704
    concurrency-covr-up: 0

[1720939938.915769] [INFO]:
round_502:
    concurrency-covr: 42704
    concurrency-covr-up: 0

[1720939975.156162] [INFO]:
round_503:
    concurrency-covr: 42704
    concurrency-covr-up: 0

[1720940011.454431] [INFO]:
round_504:
    concurrency-covr: 43088
    concurrency-covr-up: 384

[1720940083.343333] [INFO]:
round_505:
    concurrency-covr: 43088
    concurrency-covr-up: 0

[1720940147.052378] [INFO]:
round_506:
    concurrency-covr: 43088
    concurrency-covr-up: 0

[1720940210.808159] [INFO]:
round_507:
    concurrency-covr: 43438
    concurrency-covr-up: 350

[1720940281.623222] [INFO]:
round_508:
    concurrency-covr: 43438
    concurrency-covr-up: 0

[1720940318.459081] [INFO]:
round_509:
    concurrency-covr: 43891
    concurrency-covr-up: 453

[1720940390.159699] [INFO]:
round_510:
    concurrency-covr: 43891
    concurrency-covr-up: 0

[1720940460.751911] [INFO]:
round_511:
    concurrency-covr: 43891
    concurrency-covr-up: 0

[1720940530.988167] [INFO]:
round_512:
    concurrency-covr: 43891
    concurrency-covr-up: 0

[1720940601.54833] [INFO]:
round_513:
    concurrency-covr: 43891
    concurrency-covr-up: 0

[1720940639.08677] [INFO]:
round_514:
    concurrency-covr: 43891
    concurrency-covr-up: 0

[1720940676.945793] [INFO]:
round_515:
    concurrency-covr: 43891
    concurrency-covr-up: 0

[1720940712.812395] [INFO]:
round_516:
    concurrency-covr: 43891
    concurrency-covr-up: 0

[1720940750.271331] [INFO]:
round_517:
    concurrency-covr: 43891
    concurrency-covr-up: 0

[1720940787.429137] [INFO]:
round_518:
    concurrency-covr: 43891
    concurrency-covr-up: 0

[1720940825.156435] [INFO]:
round_519:
    concurrency-covr: 43891
    concurrency-covr-up: 0

[1720940895.995175] [INFO]:
round_520:
    concurrency-covr: 43891
    concurrency-covr-up: 0

[1720940976.340081] [INFO]:
round_521:
    concurrency-covr: 43891
    concurrency-covr-up: 0

[1720941013.288675] [INFO]:
round_522:
    concurrency-covr: 43891
    concurrency-covr-up: 0

[1720941083.771751] [INFO]:
round_523:
    concurrency-covr: 43891
    concurrency-covr-up: 0

[1720941127.372629] [INFO]:
round_524:
    concurrency-covr: 43891
    concurrency-covr-up: 0

[1720941163.520896] [INFO]:
round_525:
    concurrency-covr: 43891
    concurrency-covr-up: 0

[1720941199.400136] [INFO]:
round_526:
    concurrency-covr: 43891
    concurrency-covr-up: 0

[1720941235.801132] [INFO]:
round_527:
    concurrency-covr: 43891
    concurrency-covr-up: 0

[1720941272.632995] [INFO]:
round_528:
    concurrency-covr: 43891
    concurrency-covr-up: 0

[1720941343.316376] [INFO]:
round_529:
    concurrency-covr: 43891
    concurrency-covr-up: 0

[1720941411.352995] [INFO]:
round_530:
    concurrency-covr: 43891
    concurrency-covr-up: 0

[1720941483.301339] [INFO]:
round_531:
    concurrency-covr: 43891
    concurrency-covr-up: 0

[1720941520.016104] [INFO]:
round_532:
    concurrency-covr: 43891
    concurrency-covr-up: 0

[1720941557.087433] [INFO]:
round_533:
    concurrency-covr: 43891
    concurrency-covr-up: 0

[1720941594.209698] [INFO]:
round_534:
    concurrency-covr: 43891
    concurrency-covr-up: 0

[1720941631.475223] [INFO]:
round_535:
    concurrency-covr: 43891
    concurrency-covr-up: 0

[1720941699.078684] [INFO]:
round_536:
    concurrency-covr: 43891
    concurrency-covr-up: 0

[1720941736.658967] [INFO]:
round_537:
    concurrency-covr: 43891
    concurrency-covr-up: 0

[1720941773.832254] [INFO]:
round_538:
    concurrency-covr: 43891
    concurrency-covr-up: 0

[1720941811.26097] [INFO]:
round_539:
    concurrency-covr: 43891
    concurrency-covr-up: 0

[1720941883.850195] [INFO]:
round_540:
    concurrency-covr: 43891
    concurrency-covr-up: 0

[1720941931.260857] [INFO]:
round_541:
    concurrency-covr: 43891
    concurrency-covr-up: 0

[1720941969.226593] [INFO]:
round_542:
    concurrency-covr: 43891
    concurrency-covr-up: 0

[1720942007.699317] [INFO]:
round_543:
    concurrency-covr: 43891
    concurrency-covr-up: 0

[1720942045.809391] [INFO]:
round_544:
    concurrency-covr: 43891
    concurrency-covr-up: 0

[1720942084.919054] [INFO]:
round_545:
    concurrency-covr: 43891
    concurrency-covr-up: 0

[1720942158.376164] [INFO]:
round_546:
    concurrency-covr: 43891
    concurrency-covr-up: 0

[1720942196.711064] [INFO]:
round_547:
    concurrency-covr: 43891
    concurrency-covr-up: 0

[1720942235.25758] [INFO]:
round_548:
    concurrency-covr: 43891
    concurrency-covr-up: 0

[1720942273.446125] [INFO]:
round_549:
    concurrency-covr: 43891
    concurrency-covr-up: 0

[1720942309.888431] [INFO]:
round_550:
    concurrency-covr: 43891
    concurrency-covr-up: 0

[1720942348.486898] [INFO]:
round_551:
    concurrency-covr: 43891
    concurrency-covr-up: 0

[1720942421.662082] [INFO]:
round_552:
    concurrency-covr: 43891
    concurrency-covr-up: 0

[1720942459.97325] [INFO]:
round_553:
    concurrency-covr: 43891
    concurrency-covr-up: 0

[1720942496.863405] [INFO]:
round_554:
    concurrency-covr: 43891
    concurrency-covr-up: 0

[1720942569.739832] [INFO]:
round_555:
    concurrency-covr: 43891
    concurrency-covr-up: 0

[1720942606.851835] [INFO]:
round_556:
    concurrency-covr: 43891
    concurrency-covr-up: 0

[1720942646.007891] [INFO]:
round_557:
    concurrency-covr: 43891
    concurrency-covr-up: 0

[1720942683.019432] [INFO]:
round_558:
    concurrency-covr: 43891
    concurrency-covr-up: 0

[1720942722.302025] [INFO]:
round_559:
    concurrency-covr: 43891
    concurrency-covr-up: 0

[1720943448.100835] [INFO]:
round_560:
    concurrency-covr: 43891
    concurrency-covr-up: 0

[1720943512.817897] [INFO]:
round_561:
    concurrency-covr: 43891
    concurrency-covr-up: 0

[1720943547.136369] [INFO]:
round_562:
    concurrency-covr: 43891
    concurrency-covr-up: 0

[1720943608.867773] [INFO]:
round_563:
    concurrency-covr: 43891
    concurrency-covr-up: 0

[1720943642.880864] [INFO]:
round_564:
    concurrency-covr: 43891
    concurrency-covr-up: 0

[1720943705.387743] [INFO]:
round_565:
    concurrency-covr: 43891
    concurrency-covr-up: 0

[1720943768.885367] [INFO]:
round_566:
    concurrency-covr: 43891
    concurrency-covr-up: 0

[1720943832.841054] [INFO]:
round_567:
    concurrency-covr: 43891
    concurrency-covr-up: 0

[1720943897.136247] [INFO]:
round_568:
    concurrency-covr: 43891
    concurrency-covr-up: 0

[1720943961.496632] [INFO]:
round_569:
    concurrency-covr: 43891
    concurrency-covr-up: 0

[1720944025.714394] [INFO]:
round_570:
    concurrency-covr: 43891
    concurrency-covr-up: 0

[1720944095.621854] [INFO]:
round_571:
    concurrency-covr: 43891
    concurrency-covr-up: 0

[1720944160.92233] [INFO]:
round_572:
    concurrency-covr: 43891
    concurrency-covr-up: 0

[1720944224.947588] [INFO]:
round_573:
    concurrency-covr: 43891
    concurrency-covr-up: 0

[1720944289.02577] [INFO]:
round_574:
    concurrency-covr: 43891
    concurrency-covr-up: 0

[1720944328.968999] [INFO]:
round_575:
    concurrency-covr: 43891
    concurrency-covr-up: 0

[1720944362.844004] [INFO]:
round_576:
    concurrency-covr: 43891
    concurrency-covr-up: 0

[1720944425.078719] [INFO]:
round_577:
    concurrency-covr: 43891
    concurrency-covr-up: 0

[1720944489.349993] [INFO]:
round_578:
    concurrency-covr: 43891
    concurrency-covr-up: 0

[1720944553.053986] [INFO]:
round_579:
    concurrency-covr: 43891
    concurrency-covr-up: 0

[1720944617.500214] [INFO]:
round_580:
    concurrency-covr: 43891
    concurrency-covr-up: 0

[1720944651.835313] [INFO]:
round_581:
    concurrency-covr: 43891
    concurrency-covr-up: 0

[1720944686.051295] [INFO]:
round_582:
    concurrency-covr: 43891
    concurrency-covr-up: 0

[1720944753.101123] [INFO]:
round_583:
    concurrency-covr: 43891
    concurrency-covr-up: 0

[1720944817.061461] [INFO]:
round_584:
    concurrency-covr: 43891
    concurrency-covr-up: 0

[1720944851.577123] [INFO]:
round_585:
    concurrency-covr: 43891
    concurrency-covr-up: 0

[1720944971.728961] [INFO]:
round_586:
    concurrency-covr: 43891
    concurrency-covr-up: 0

[1720945020.766006] [INFO]:
round_587:
    concurrency-covr: 43891
    concurrency-covr-up: 0

[1720945090.269048] [INFO]:
round_588:
    concurrency-covr: 43891
    concurrency-covr-up: 0

[1720945153.319846] [INFO]:
round_589:
    concurrency-covr: 43891
    concurrency-covr-up: 0

[1720945217.989553] [INFO]:
round_590:
    concurrency-covr: 43891
    concurrency-covr-up: 0

[1720945281.063999] [INFO]:
round_591:
    concurrency-covr: 43891
    concurrency-covr-up: 0

[1720945315.748755] [INFO]:
round_592:
    concurrency-covr: 43891
    concurrency-covr-up: 0

[1720945386.8119] [INFO]:
round_593:
    concurrency-covr: 43891
    concurrency-covr-up: 0

[1720945421.444842] [INFO]:
round_594:
    concurrency-covr: 43891
    concurrency-covr-up: 0

[1720945489.471824] [INFO]:
round_595:
    concurrency-covr: 44178
    concurrency-covr-up: 287

[1720945524.40025] [INFO]:
round_596:
    concurrency-covr: 44178
    concurrency-covr-up: 0

[1720945559.077173] [INFO]:
round_597:
    concurrency-covr: 44178
    concurrency-covr-up: 0

[1720945625.231121] [INFO]:
round_598:
    concurrency-covr: 44178
    concurrency-covr-up: 0

[1720945689.096568] [INFO]:
round_599:
    concurrency-covr: 44178
    concurrency-covr-up: 0

[1720945758.746474] [INFO]:
round_600:
    concurrency-covr: 44178
    concurrency-covr-up: 0

[1720945793.816162] [INFO]:
round_601:
    concurrency-covr: 44178
    concurrency-covr-up: 0

[1720945829.057345] [INFO]:
round_602:
    concurrency-covr: 44178
    concurrency-covr-up: 0

[1720945897.365023] [INFO]:
round_603:
    concurrency-covr: 44178
    concurrency-covr-up: 0

[1720945932.882123] [INFO]:
round_604:
    concurrency-covr: 44178
    concurrency-covr-up: 0

[1720946002.413497] [INFO]:
round_605:
    concurrency-covr: 44178
    concurrency-covr-up: 0

[1720946072.452522] [INFO]:
round_606:
    concurrency-covr: 44178
    concurrency-covr-up: 0

[1720946137.525326] [INFO]:
round_607:
    concurrency-covr: 44178
    concurrency-covr-up: 0

[1720946208.13037] [INFO]:
round_608:
    concurrency-covr: 44178
    concurrency-covr-up: 0

[1720946279.112276] [INFO]:
round_609:
    concurrency-covr: 44178
    concurrency-covr-up: 0

[1720946345.083944] [INFO]:
round_610:
    concurrency-covr: 44178
    concurrency-covr-up: 0

[1720946409.308766] [INFO]:
round_611:
    concurrency-covr: 44178
    concurrency-covr-up: 0

[1720946443.891149] [INFO]:
round_612:
    concurrency-covr: 44178
    concurrency-covr-up: 0

[1720946478.334553] [INFO]:
round_613:
    concurrency-covr: 44178
    concurrency-covr-up: 0

[1720946513.053162] [INFO]:
round_614:
    concurrency-covr: 44178
    concurrency-covr-up: 0

[1720946577.790552] [INFO]:
round_615:
    concurrency-covr: 44178
    concurrency-covr-up: 0

[1720946647.509992] [INFO]:
round_616:
    concurrency-covr: 44178
    concurrency-covr-up: 0

[1720946682.39719] [INFO]:
round_617:
    concurrency-covr: 44178
    concurrency-covr-up: 0

[1720946752.19164] [INFO]:
round_618:
    concurrency-covr: 44480
    concurrency-covr-up: 302

[1720946787.387161] [INFO]:
round_619:
    concurrency-covr: 44480
    concurrency-covr-up: 0

[1720946857.914628] [INFO]:
round_620:
    concurrency-covr: 44831
    concurrency-covr-up: 351

[1720946921.382618] [INFO]:
round_621:
    concurrency-covr: 44831
    concurrency-covr-up: 0

[1720946957.032596] [INFO]:
round_622:
    concurrency-covr: 44831
    concurrency-covr-up: 0

[1720947027.247468] [INFO]:
round_623:
    concurrency-covr: 44831
    concurrency-covr-up: 0

[1720947069.451357] [INFO]:
round_624:
    concurrency-covr: 44831
    concurrency-covr-up: 0

[1720947105.042784] [INFO]:
round_625:
    concurrency-covr: 44831
    concurrency-covr-up: 0

[1720947169.473207] [INFO]:
round_626:
    concurrency-covr: 44831
    concurrency-covr-up: 0

[1720947233.378696] [INFO]:
round_627:
    concurrency-covr: 45237
    concurrency-covr-up: 406

[1720947303.795602] [INFO]:
round_628:
    concurrency-covr: 45237
    concurrency-covr-up: 0

[1720947340.076035] [INFO]:
round_629:
    concurrency-covr: 45619
    concurrency-covr-up: 382

[1720947409.733912] [INFO]:
round_630:
    concurrency-covr: 45619
    concurrency-covr-up: 0

[1720947480.930235] [INFO]:
round_631:
    concurrency-covr: 45619
    concurrency-covr-up: 0

[1720947550.998161] [INFO]:
round_632:
    concurrency-covr: 45619
    concurrency-covr-up: 0

[1720947592.653332] [INFO]:
round_633:
    concurrency-covr: 45619
    concurrency-covr-up: 0

[1720947662.474614] [INFO]:
round_634:
    concurrency-covr: 45619
    concurrency-covr-up: 0

[1720947706.454175] [INFO]:
round_635:
    concurrency-covr: 45619
    concurrency-covr-up: 0

[1720947776.405966] [INFO]:
round_636:
    concurrency-covr: 45619
    concurrency-covr-up: 0

[1720947811.339902] [INFO]:
round_637:
    concurrency-covr: 45619
    concurrency-covr-up: 0

[1720947881.163329] [INFO]:
round_638:
    concurrency-covr: 45619
    concurrency-covr-up: 0

[1720947951.393452] [INFO]:
round_639:
    concurrency-covr: 45619
    concurrency-covr-up: 0

[1720947994.587917] [INFO]:
round_640:
    concurrency-covr: 45619
    concurrency-covr-up: 0

[1720948057.657688] [INFO]:
round_641:
    concurrency-covr: 45619
    concurrency-covr-up: 0

[1720948128.863314] [INFO]:
round_642:
    concurrency-covr: 45619
    concurrency-covr-up: 0

[1720948164.803761] [INFO]:
round_643:
    concurrency-covr: 45619
    concurrency-covr-up: 0

[1720948200.728821] [INFO]:
round_644:
    concurrency-covr: 45619
    concurrency-covr-up: 0

[1720948265.764792] [INFO]:
round_645:
    concurrency-covr: 45619
    concurrency-covr-up: 0

[1720948301.642112] [INFO]:
round_646:
    concurrency-covr: 45619
    concurrency-covr-up: 0

[1720948364.678942] [INFO]:
round_647:
    concurrency-covr: 45994
    concurrency-covr-up: 375

[1720948401.091513] [INFO]:
round_648:
    concurrency-covr: 45994
    concurrency-covr-up: 0

[1720948437.282108] [INFO]:
round_649:
    concurrency-covr: 46471
    concurrency-covr-up: 477

[1720948505.60861] [INFO]:
round_650:
    concurrency-covr: 46936
    concurrency-covr-up: 465

[1720948569.369843] [INFO]:
round_651:
    concurrency-covr: 46936
    concurrency-covr-up: 0

[1720948639.438008] [INFO]:
round_652:
    concurrency-covr: 46936
    concurrency-covr-up: 0

[1720948713.95803] [INFO]:
round_653:
    concurrency-covr: 46936
    concurrency-covr-up: 0

[1720948785.880167] [INFO]:
round_654:
    concurrency-covr: 47452
    concurrency-covr-up: 516

[1720948856.096663] [INFO]:
round_655:
    concurrency-covr: 47452
    concurrency-covr-up: 0

[1720948927.608296] [INFO]:
round_656:
    concurrency-covr: 47452
    concurrency-covr-up: 0

[1720948998.324394] [INFO]:
round_657:
    concurrency-covr: 47452
    concurrency-covr-up: 0

[1720949069.116007] [INFO]:
round_658:
    concurrency-covr: 47800
    concurrency-covr-up: 348

[1720949149.143215] [INFO]:
round_659:
    concurrency-covr: 47800
    concurrency-covr-up: 0

[1720949195.055233] [INFO]:
round_660:
    concurrency-covr: 48100
    concurrency-covr-up: 300

[1720949266.56771] [INFO]:
round_661:
    concurrency-covr: 48100
    concurrency-covr-up: 0

[1720949337.791115] [INFO]:
round_662:
    concurrency-covr: 48100
    concurrency-covr-up: 0

[1720949408.190748] [INFO]:
round_663:
    concurrency-covr: 48100
    concurrency-covr-up: 0

[1720949478.462528] [INFO]:
round_664:
    concurrency-covr: 48100
    concurrency-covr-up: 0

[1720949514.187637] [INFO]:
round_665:
    concurrency-covr: 48356
    concurrency-covr-up: 256

[1720949584.549132] [INFO]:
round_666:
    concurrency-covr: 48719
    concurrency-covr-up: 363

[1720949626.956325] [INFO]:
round_667:
    concurrency-covr: 48719
    concurrency-covr-up: 0

[1720949698.360396] [INFO]:
round_668:
    concurrency-covr: 48719
    concurrency-covr-up: 0

[1720949768.885022] [INFO]:
round_669:
    concurrency-covr: 48719
    concurrency-covr-up: 0

[1720949845.919055] [INFO]:
round_670:
    concurrency-covr: 48719
    concurrency-covr-up: 0

[1720949918.015144] [INFO]:
round_671:
    concurrency-covr: 48719
    concurrency-covr-up: 0

[1720949954.101357] [INFO]:
round_672:
    concurrency-covr: 48719
    concurrency-covr-up: 0

[1720950024.414422] [INFO]:
round_673:
    concurrency-covr: 48719
    concurrency-covr-up: 0

[1720950095.050342] [INFO]:
round_674:
    concurrency-covr: 49065
    concurrency-covr-up: 346

[1720950161.928794] [INFO]:
round_675:
    concurrency-covr: 49065
    concurrency-covr-up: 0

[1720950225.605148] [INFO]:
round_676:
    concurrency-covr: 49566
    concurrency-covr-up: 501

[1720950296.371071] [INFO]:
round_677:
    concurrency-covr: 49566
    concurrency-covr-up: 0

[1720950334.174372] [INFO]:
round_678:
    concurrency-covr: 49566
    concurrency-covr-up: 0

[1720950401.676585] [INFO]:
round_679:
    concurrency-covr: 49566
    concurrency-covr-up: 0

[1720950465.790389] [INFO]:
round_680:
    concurrency-covr: 49566
    concurrency-covr-up: 0

[1720950503.545616] [INFO]:
round_681:
    concurrency-covr: 49566
    concurrency-covr-up: 0

[1720950574.064809] [INFO]:
round_682:
    concurrency-covr: 49566
    concurrency-covr-up: 0

[1720950653.439074] [INFO]:
round_683:
    concurrency-covr: 49967
    concurrency-covr-up: 401

[1720950724.493875] [INFO]:
round_684:
    concurrency-covr: 49967
    concurrency-covr-up: 0

[1720950802.404221] [INFO]:
round_685:
    concurrency-covr: 49967
    concurrency-covr-up: 0

[1720950874.082501] [INFO]:
round_686:
    concurrency-covr: 49967
    concurrency-covr-up: 0

[1720950946.130838] [INFO]:
round_687:
    concurrency-covr: 50286
    concurrency-covr-up: 319

[1720951017.888377] [INFO]:
round_688:
    concurrency-covr: 50286
    concurrency-covr-up: 0

[1720951088.531593] [INFO]:
round_689:
    concurrency-covr: 50286
    concurrency-covr-up: 0

[1720951166.880638] [INFO]:
round_690:
    concurrency-covr: 50286
    concurrency-covr-up: 0

[1720951205.180816] [INFO]:
round_691:
    concurrency-covr: 50286
    concurrency-covr-up: 0

[1720951276.193296] [INFO]:
round_692:
    concurrency-covr: 50286
    concurrency-covr-up: 0

[1720951318.480873] [INFO]:
round_693:
    concurrency-covr: 50286
    concurrency-covr-up: 0

[1720951354.962338] [INFO]:
round_694:
    concurrency-covr: 50286
    concurrency-covr-up: 0

[1720951426.327333] [INFO]:
round_695:
    concurrency-covr: 50286
    concurrency-covr-up: 0

[1720951502.89242] [INFO]:
round_696:
    concurrency-covr: 50824
    concurrency-covr-up: 538

[1720951573.96688] [INFO]:
round_697:
    concurrency-covr: 51215
    concurrency-covr-up: 391

[1720951654.877141] [INFO]:
round_698:
    concurrency-covr: 51573
    concurrency-covr-up: 358

[1720951727.050266] [INFO]:
round_699:
    concurrency-covr: 51918
    concurrency-covr-up: 345

[1720951798.14237] [INFO]:
round_700:
    concurrency-covr: 52275
    concurrency-covr-up: 357

[1720951879.566943] [INFO]:
round_701:
    concurrency-covr: 52275
    concurrency-covr-up: 0

[1720951951.824191] [INFO]:
round_702:
    concurrency-covr: 52762
    concurrency-covr-up: 487

[1720952018.157984] [INFO]:
round_703:
    concurrency-covr: 52762
    concurrency-covr-up: 0

[1720952089.08988] [INFO]:
round_704:
    concurrency-covr: 52762
    concurrency-covr-up: 0

[1720952166.644722] [INFO]:
round_705:
    concurrency-covr: 52762
    concurrency-covr-up: 0

[1720952245.832304] [INFO]:
round_706:
    concurrency-covr: 52762
    concurrency-covr-up: 0

[1720952282.767326] [INFO]:
round_707:
    concurrency-covr: 52762
    concurrency-covr-up: 0

[1720952319.972939] [INFO]:
round_708:
    concurrency-covr: 52762
    concurrency-covr-up: 0

[1720952392.473186] [INFO]:
round_709:
    concurrency-covr: 52762
    concurrency-covr-up: 0

[1720952463.416565] [INFO]:
round_710:
    concurrency-covr: 52762
    concurrency-covr-up: 0

[1720952542.289565] [INFO]:
round_711:
    concurrency-covr: 52762
    concurrency-covr-up: 0

[1720952588.640292] [INFO]:
round_712:
    concurrency-covr: 52762
    concurrency-covr-up: 0

[1720952634.489491] [INFO]:
round_713:
    concurrency-covr: 52762
    concurrency-covr-up: 0

[1720952672.421634] [INFO]:
round_714:
    concurrency-covr: 52762
    concurrency-covr-up: 0

[1720952743.421742] [INFO]:
round_715:
    concurrency-covr: 53139
    concurrency-covr-up: 377

[1720952818.282497] [INFO]:
round_716:
    concurrency-covr: 53139
    concurrency-covr-up: 0

[1720952891.128405] [INFO]:
round_717:
    concurrency-covr: 53139
    concurrency-covr-up: 0

[1720952963.674518] [INFO]:
round_718:
    concurrency-covr: 53139
    concurrency-covr-up: 0

[1720953039.739158] [INFO]:
round_719:
    concurrency-covr: 53139
    concurrency-covr-up: 0

[1720953117.860555] [INFO]:
round_720:
    concurrency-covr: 53497
    concurrency-covr-up: 358

[1720953190.459584] [INFO]:
round_721:
    concurrency-covr: 53862
    concurrency-covr-up: 365

[1720953262.362845] [INFO]:
round_722:
    concurrency-covr: 53862
    concurrency-covr-up: 0

[1720953344.045131] [INFO]:
round_723:
    concurrency-covr: 54460
    concurrency-covr-up: 598

[1720953415.437707] [INFO]:
round_724:
    concurrency-covr: 54460
    concurrency-covr-up: 0

[1720953495.888226] [INFO]:
round_725:
    concurrency-covr: 54460
    concurrency-covr-up: 0

[1720953575.91647] [INFO]:
round_726:
    concurrency-covr: 54460
    concurrency-covr-up: 0

[1720953647.39234] [INFO]:
round_727:
    concurrency-covr: 54937
    concurrency-covr-up: 477

[1720953693.679737] [INFO]:
round_728:
    concurrency-covr: 54937
    concurrency-covr-up: 0

[1720953764.890674] [INFO]:
round_729:
    concurrency-covr: 54937
    concurrency-covr-up: 0

[1720953842.397959] [INFO]:
round_730:
    concurrency-covr: 54937
    concurrency-covr-up: 0

[1720953914.010943] [INFO]:
round_731:
    concurrency-covr: 54937
    concurrency-covr-up: 0

[1720953957.199936] [INFO]:
round_732:
    concurrency-covr: 55387
    concurrency-covr-up: 450

[1720953993.899259] [INFO]:
round_733:
    concurrency-covr: 55888
    concurrency-covr-up: 501

[1720954066.542344] [INFO]:
round_734:
    concurrency-covr: 55888
    concurrency-covr-up: 0

[1720954138.303694] [INFO]:
round_735:
    concurrency-covr: 55888
    concurrency-covr-up: 0

[1720954228.558918] [INFO]:
round_736:
    concurrency-covr: 55888
    concurrency-covr-up: 0

[1720954301.114142] [INFO]:
round_737:
    concurrency-covr: 55888
    concurrency-covr-up: 0

[1720954374.258397] [INFO]:
round_738:
    concurrency-covr: 56205
    concurrency-covr-up: 317

[1720954445.814785] [INFO]:
round_739:
    concurrency-covr: 56205
    concurrency-covr-up: 0

[1720954523.272179] [INFO]:
round_740:
    concurrency-covr: 56205
    concurrency-covr-up: 0

[1720954601.737242] [INFO]:
round_741:
    concurrency-covr: 56205
    concurrency-covr-up: 0

[1720954673.78861] [INFO]:
round_742:
    concurrency-covr: 56635
    concurrency-covr-up: 430

[1720954719.386848] [INFO]:
round_743:
    concurrency-covr: 57003
    concurrency-covr-up: 368

[1720954792.816226] [INFO]:
round_744:
    concurrency-covr: 57606
    concurrency-covr-up: 603

[1720954864.843771] [INFO]:
round_745:
    concurrency-covr: 57895
    concurrency-covr-up: 289

[1720954936.722449] [INFO]:
round_746:
    concurrency-covr: 58172
    concurrency-covr-up: 277

[1720955009.436482] [INFO]:
round_747:
    concurrency-covr: 58547
    concurrency-covr-up: 375

[1720955086.318684] [INFO]:
round_748:
    concurrency-covr: 58779
    concurrency-covr-up: 232

[1720955150.143618] [INFO]:
round_749:
    concurrency-covr: 58779
    concurrency-covr-up: 0

[1720955223.170103] [INFO]:
round_750:
    concurrency-covr: 58779
    concurrency-covr-up: 0

[1720955295.771634] [INFO]:
round_751:
    concurrency-covr: 58779
    concurrency-covr-up: 0

[1720955368.301498] [INFO]:
round_752:
    concurrency-covr: 58779
    concurrency-covr-up: 0

[1720955446.672588] [INFO]:
round_753:
    concurrency-covr: 58779
    concurrency-covr-up: 0

[1720955518.450184] [INFO]:
round_754:
    concurrency-covr: 58779
    concurrency-covr-up: 0

[1720955597.761308] [INFO]:
round_755:
    concurrency-covr: 58779
    concurrency-covr-up: 0

[1720955637.378931] [INFO]:
round_756:
    concurrency-covr: 58779
    concurrency-covr-up: 0

[1720955709.583137] [INFO]:
round_757:
    concurrency-covr: 58779
    concurrency-covr-up: 0

[1720955789.124131] [INFO]:
round_758:
    concurrency-covr: 58779
    concurrency-covr-up: 0

[1720955828.713651] [INFO]:
round_759:
    concurrency-covr: 58779
    concurrency-covr-up: 0

[1720955868.322963] [INFO]:
round_760:
    concurrency-covr: 58779
    concurrency-covr-up: 0

